09-30 09:38:26 com_github_MitjaNemec_ReplicateLayout.action_replicate_layout 392:Plugin executed on: 'win32'
09-30 09:38:26 com_github_MitjaNemec_ReplicateLayout.action_replicate_layout 393:Plugin executed with python version: '3.11.5 (main, Jul 16 2024, 08:01:06) [MSC v.1939 64 bit (AMD64)]'
09-30 09:38:26 com_github_MitjaNemec_ReplicateLayout.action_replicate_layout 394:KiCad build version: 8.0.4
09-30 09:38:26 com_github_MitjaNemec_ReplicateLayout.action_replicate_layout 395:Plugin version: 3.0.3
09-30 09:38:26 com_github_MitjaNemec_ReplicateLayout.action_replicate_layout 396:Frame repr: <wx._core.Frame object at 0x000002E6B126B400>
09-30 09:38:26 com_github_MitjaNemec_ReplicateLayout.action_replicate_layout 420:Preparing replicator with R112 as a reference
09-30 09:38:26 com_github_MitjaNemec_ReplicateLayout.replicate_layout 117:getting a list of all footprints on board
09-30 09:38:26 com_github_MitjaNemec_ReplicateLayout.action_replicate_layout 468:source anchor footprint is 'R112'
Located on: ['button2']
With filenames: ['button.kicad_sch']
With sheet_id:['button2']
09-30 09:38:26 com_github_MitjaNemec_ReplicateLayout.action_replicate_layout 475:Corresponding footprints are 
[('R112', ['button2']), ('R109', ['button1']), ('R88', ['button6']), ('R85', ['button5']), ('R82', ['button4']), ('R94', ['APPSmicro']), ('R57', ['button3']), ('R91', ['button7'])]
09-30 09:38:26 com_github_MitjaNemec_ReplicateLayout.action_replicate_layout 487:Showing dialog
09-30 09:38:26 com_github_MitjaNemec_ReplicateLayout.replicate_layout 472:constructing a list of sheets suitable for replication on level:'button2', file:'button.kicad_sch'
09-30 09:38:26 com_github_MitjaNemec_ReplicateLayout.replicate_layout 509:suitable sheets are:[['APPSmicro'], ['button1'], ['button3'], ['button4'], ['button5'], ['button6'], ['button7']]
09-30 09:38:27 com_github_MitjaNemec_ReplicateLayout.replicate_layout 1507:Level selected: ['button2']
09-30 09:38:27 com_github_MitjaNemec_ReplicateLayout.replicate_layout 1331:Filtering list of tracks
09-30 09:38:27 com_github_MitjaNemec_ReplicateLayout.action_replicate_layout 493:Toolbar position: wx.Point(1874, 1190)
09-30 09:38:27 com_github_MitjaNemec_ReplicateLayout.action_replicate_layout 498:Dialog position: wx.Point(1435, 1190)
09-30 09:38:48 com_github_MitjaNemec_ReplicateLayout.replicate_layout 472:constructing a list of sheets suitable for replication on level:'button2', file:'button.kicad_sch'
09-30 09:38:48 com_github_MitjaNemec_ReplicateLayout.replicate_layout 509:suitable sheets are:[['APPSmicro'], ['button1'], ['button3'], ['button4'], ['button5'], ['button6'], ['button7']]
09-30 09:38:48 com_github_MitjaNemec_ReplicateLayout.action_replicate_layout 240:Replicating layout
09-30 09:38:48 com_github_MitjaNemec_ReplicateLayout.replicate_layout 288:Starting replication of sheets: [['APPSmicro'], ['button1'], ['button3'], ['button4'], ['button5'], ['button6'], ['button7']]
on level: ['button2']
with tracks=True, zone=True, text=True, text=True, intersecting=False, remove=False, locked footprints=False, group_only=False
09-30 09:38:48 root 332:updating GUI message: 'Preparing for replication'
09-30 09:38:48 root 337:updating GUI with: 0
09-30 09:38:48 com_github_MitjaNemec_ReplicateLayout.replicate_layout 358:Getting the list of source footprints
09-30 09:38:48 com_github_MitjaNemec_ReplicateLayout.replicate_layout 368:Getting the list of all the remaining footprints
09-30 09:38:48 com_github_MitjaNemec_ReplicateLayout.replicate_layout 375:Getting source tracks
09-30 09:38:48 com_github_MitjaNemec_ReplicateLayout.replicate_layout 1331:Filtering list of tracks
09-30 09:38:48 com_github_MitjaNemec_ReplicateLayout.replicate_layout 379:Getting source zones
09-30 09:38:48 root 337:updating GUI with: 50
09-30 09:38:48 com_github_MitjaNemec_ReplicateLayout.replicate_layout 383:Getting source text items
09-30 09:38:48 com_github_MitjaNemec_ReplicateLayout.replicate_layout 387:Getting source drawing items
09-30 09:38:48 root 332:updating GUI message: 'Replicating footprints'
09-30 09:38:48 root 337:updating GUI with: 0
09-30 09:38:48 com_github_MitjaNemec_ReplicateLayout.replicate_layout 861:Replicating footprints
09-30 09:38:48 com_github_MitjaNemec_ReplicateLayout.replicate_layout 868:Replicating footprints on sheet ['APPSmicro']
09-30 09:38:48 com_github_MitjaNemec_ReplicateLayout.replicate_layout 985:Src text UUid:af8994b7-7c0a-4dbc-8fbd-911d051bdcea
09-30 09:38:48 com_github_MitjaNemec_ReplicateLayout.replicate_layout 986:Dst text UUid:bde6f64b-cc10-429d-9e9e-0997e0ef1e6c
09-30 09:38:48 com_github_MitjaNemec_ReplicateLayout.replicate_layout 985:Src text UUid:948e05e3-956f-4623-aea4-bc40770faf62
09-30 09:38:48 com_github_MitjaNemec_ReplicateLayout.replicate_layout 986:Dst text UUid:f12fa270-109d-4699-98c1-e7115fd6687f
09-30 09:38:48 com_github_MitjaNemec_ReplicateLayout.replicate_layout 985:Src text UUid:a257b4b7-6182-4716-8ada-260fad95e789
09-30 09:38:48 com_github_MitjaNemec_ReplicateLayout.replicate_layout 986:Dst text UUid:264c7894-80fc-4630-969f-d365f9408bf5
09-30 09:38:48 com_github_MitjaNemec_ReplicateLayout.replicate_layout 985:Src text UUid:ea6487d1-e6dd-4494-91cd-e90d814740a9
09-30 09:38:48 com_github_MitjaNemec_ReplicateLayout.replicate_layout 986:Dst text UUid:12645e5d-46b1-413f-93ab-7e5bf1de5192
09-30 09:38:48 com_github_MitjaNemec_ReplicateLayout.replicate_layout 985:Src text UUid:0641c388-c92c-4249-845b-e4effb33c614
09-30 09:38:48 com_github_MitjaNemec_ReplicateLayout.replicate_layout 986:Dst text UUid:2614bdad-f728-46c4-84c5-0ab272f8129d
09-30 09:38:48 com_github_MitjaNemec_ReplicateLayout.replicate_layout 985:Src text UUid:b148f5e6-33fa-4bc4-8d40-c21a3f9998f9
09-30 09:38:48 com_github_MitjaNemec_ReplicateLayout.replicate_layout 986:Dst text UUid:c0c60017-d552-4022-b62b-7648f92f829c
09-30 09:38:48 com_github_MitjaNemec_ReplicateLayout.replicate_layout 985:Src text UUid:8ad5ba35-b80e-4523-8b2b-c0695aa315e6
09-30 09:38:48 com_github_MitjaNemec_ReplicateLayout.replicate_layout 986:Dst text UUid:faa0aa3d-abdb-4861-91de-fe323d025b10
09-30 09:38:48 com_github_MitjaNemec_ReplicateLayout.replicate_layout 985:Src text UUid:9f90bbb1-3606-4e9a-917e-5a9acbd24718
09-30 09:38:48 com_github_MitjaNemec_ReplicateLayout.replicate_layout 986:Dst text UUid:5c320c27-cbce-483e-89bb-47af98c46da8
09-30 09:38:48 com_github_MitjaNemec_ReplicateLayout.replicate_layout 985:Src text UUid:3dd8aef6-f636-4d43-9126-87f1ba4a7779
09-30 09:38:48 com_github_MitjaNemec_ReplicateLayout.replicate_layout 986:Dst text UUid:e955f812-345f-400d-af4a-91ab8441d3ce
09-30 09:38:48 com_github_MitjaNemec_ReplicateLayout.replicate_layout 985:Src text UUid:f937e043-dbf2-4029-ace5-17f1d5810313
09-30 09:38:48 com_github_MitjaNemec_ReplicateLayout.replicate_layout 986:Dst text UUid:83e72c39-b6e1-4546-88ee-406a1fc2e829
09-30 09:38:48 com_github_MitjaNemec_ReplicateLayout.replicate_layout 985:Src text UUid:809ad623-d115-4dc2-b39f-7b7319ac4934
09-30 09:38:48 com_github_MitjaNemec_ReplicateLayout.replicate_layout 986:Dst text UUid:fccb58ca-1bcf-4fac-a2e6-5abf7e5abc67
09-30 09:38:48 com_github_MitjaNemec_ReplicateLayout.replicate_layout 985:Src text UUid:3fd1f426-662c-4507-a21d-fc1aa991d505
09-30 09:38:48 com_github_MitjaNemec_ReplicateLayout.replicate_layout 986:Dst text UUid:08071bfb-6783-45de-919d-ce76f3af852b
09-30 09:38:48 com_github_MitjaNemec_ReplicateLayout.replicate_layout 985:Src text UUid:225e48b2-76a0-4abc-a0c5-c4daf0932409
09-30 09:38:48 com_github_MitjaNemec_ReplicateLayout.replicate_layout 986:Dst text UUid:cc6193dc-0cce-4445-8222-f907194c3342
09-30 09:38:48 com_github_MitjaNemec_ReplicateLayout.replicate_layout 985:Src text UUid:3a6886dc-05be-431b-be7d-081661c6d1a8
09-30 09:38:48 com_github_MitjaNemec_ReplicateLayout.replicate_layout 986:Dst text UUid:b4044f24-620c-409f-8992-0c4fc1486a7a
09-30 09:38:48 com_github_MitjaNemec_ReplicateLayout.replicate_layout 985:Src text UUid:9749a4e7-b167-4898-a275-929253cda92b
09-30 09:38:48 com_github_MitjaNemec_ReplicateLayout.replicate_layout 986:Dst text UUid:977847f6-68e0-4cbd-8455-611b74203649
09-30 09:38:48 com_github_MitjaNemec_ReplicateLayout.replicate_layout 868:Replicating footprints on sheet ['button1']
09-30 09:38:48 com_github_MitjaNemec_ReplicateLayout.replicate_layout 985:Src text UUid:af8994b7-7c0a-4dbc-8fbd-911d051bdcea
09-30 09:38:48 com_github_MitjaNemec_ReplicateLayout.replicate_layout 986:Dst text UUid:ecca6fd8-c5be-4e0b-82fa-08f1f3c416d3
09-30 09:38:48 com_github_MitjaNemec_ReplicateLayout.replicate_layout 985:Src text UUid:948e05e3-956f-4623-aea4-bc40770faf62
09-30 09:38:48 com_github_MitjaNemec_ReplicateLayout.replicate_layout 986:Dst text UUid:39288d5d-4c46-4c01-a346-fad6633e6cb9
09-30 09:38:48 com_github_MitjaNemec_ReplicateLayout.replicate_layout 985:Src text UUid:a257b4b7-6182-4716-8ada-260fad95e789
09-30 09:38:48 com_github_MitjaNemec_ReplicateLayout.replicate_layout 986:Dst text UUid:1370f554-fc23-4ee4-bf50-73cc8dc10c8f
09-30 09:38:48 com_github_MitjaNemec_ReplicateLayout.replicate_layout 985:Src text UUid:ea6487d1-e6dd-4494-91cd-e90d814740a9
09-30 09:38:48 com_github_MitjaNemec_ReplicateLayout.replicate_layout 986:Dst text UUid:17cde82e-ac2f-4e86-ba2c-064762413730
09-30 09:38:48 com_github_MitjaNemec_ReplicateLayout.replicate_layout 985:Src text UUid:0641c388-c92c-4249-845b-e4effb33c614
09-30 09:38:48 com_github_MitjaNemec_ReplicateLayout.replicate_layout 986:Dst text UUid:1a7481eb-3571-400a-8c96-8b4c28bb8425
09-30 09:38:48 com_github_MitjaNemec_ReplicateLayout.replicate_layout 985:Src text UUid:b148f5e6-33fa-4bc4-8d40-c21a3f9998f9
09-30 09:38:48 com_github_MitjaNemec_ReplicateLayout.replicate_layout 986:Dst text UUid:d2a66a07-15cb-43bb-abb5-c659a36aa8d1
09-30 09:38:48 com_github_MitjaNemec_ReplicateLayout.replicate_layout 985:Src text UUid:8ad5ba35-b80e-4523-8b2b-c0695aa315e6
09-30 09:38:48 com_github_MitjaNemec_ReplicateLayout.replicate_layout 986:Dst text UUid:f792d6ba-fe14-4096-8172-74561bc7cc44
09-30 09:38:48 com_github_MitjaNemec_ReplicateLayout.replicate_layout 985:Src text UUid:9f90bbb1-3606-4e9a-917e-5a9acbd24718
09-30 09:38:48 com_github_MitjaNemec_ReplicateLayout.replicate_layout 986:Dst text UUid:f3e7664b-e6a6-4e6f-a1df-13a4db958f26
09-30 09:38:48 com_github_MitjaNemec_ReplicateLayout.replicate_layout 985:Src text UUid:3dd8aef6-f636-4d43-9126-87f1ba4a7779
09-30 09:38:48 com_github_MitjaNemec_ReplicateLayout.replicate_layout 986:Dst text UUid:2461eda0-0a31-4eac-b2c9-cc3c496b25db
09-30 09:38:48 com_github_MitjaNemec_ReplicateLayout.replicate_layout 985:Src text UUid:f937e043-dbf2-4029-ace5-17f1d5810313
09-30 09:38:48 com_github_MitjaNemec_ReplicateLayout.replicate_layout 986:Dst text UUid:fa6abe61-641b-4b4d-93c6-73cbf39b8574
09-30 09:38:48 com_github_MitjaNemec_ReplicateLayout.replicate_layout 985:Src text UUid:809ad623-d115-4dc2-b39f-7b7319ac4934
09-30 09:38:48 com_github_MitjaNemec_ReplicateLayout.replicate_layout 986:Dst text UUid:f7313184-d16f-42ec-9694-a0ca407c80c9
09-30 09:38:48 com_github_MitjaNemec_ReplicateLayout.replicate_layout 985:Src text UUid:3fd1f426-662c-4507-a21d-fc1aa991d505
09-30 09:38:48 com_github_MitjaNemec_ReplicateLayout.replicate_layout 986:Dst text UUid:668c10ae-1063-4b6f-924e-083a2da12a9f
09-30 09:38:48 com_github_MitjaNemec_ReplicateLayout.replicate_layout 985:Src text UUid:225e48b2-76a0-4abc-a0c5-c4daf0932409
09-30 09:38:48 com_github_MitjaNemec_ReplicateLayout.replicate_layout 986:Dst text UUid:2185cfe1-b3d9-45b8-a38b-b641e0193023
09-30 09:38:48 com_github_MitjaNemec_ReplicateLayout.replicate_layout 985:Src text UUid:3a6886dc-05be-431b-be7d-081661c6d1a8
09-30 09:38:48 com_github_MitjaNemec_ReplicateLayout.replicate_layout 986:Dst text UUid:78d3bade-53eb-4d8d-b5d0-6c330356cede
09-30 09:38:48 com_github_MitjaNemec_ReplicateLayout.replicate_layout 985:Src text UUid:9749a4e7-b167-4898-a275-929253cda92b
09-30 09:38:48 com_github_MitjaNemec_ReplicateLayout.replicate_layout 986:Dst text UUid:550a587b-33ee-4ebc-851a-e6fd7142aa87
09-30 09:38:48 com_github_MitjaNemec_ReplicateLayout.replicate_layout 868:Replicating footprints on sheet ['button3']
09-30 09:38:48 com_github_MitjaNemec_ReplicateLayout.replicate_layout 985:Src text UUid:af8994b7-7c0a-4dbc-8fbd-911d051bdcea
09-30 09:38:48 com_github_MitjaNemec_ReplicateLayout.replicate_layout 986:Dst text UUid:f189c8e6-c2a6-4ab0-ab1b-74fa81afdd9f
09-30 09:38:48 com_github_MitjaNemec_ReplicateLayout.replicate_layout 985:Src text UUid:948e05e3-956f-4623-aea4-bc40770faf62
09-30 09:38:48 com_github_MitjaNemec_ReplicateLayout.replicate_layout 986:Dst text UUid:5dcf02f2-2dc8-494c-9ed3-e3f0af8c9696
09-30 09:38:48 com_github_MitjaNemec_ReplicateLayout.replicate_layout 985:Src text UUid:a257b4b7-6182-4716-8ada-260fad95e789
09-30 09:38:48 com_github_MitjaNemec_ReplicateLayout.replicate_layout 986:Dst text UUid:2206dc8c-44f2-4b62-aee9-e06871f12f55
09-30 09:38:48 com_github_MitjaNemec_ReplicateLayout.replicate_layout 985:Src text UUid:ea6487d1-e6dd-4494-91cd-e90d814740a9
09-30 09:38:48 com_github_MitjaNemec_ReplicateLayout.replicate_layout 986:Dst text UUid:4da84c95-db55-4375-9937-b00385185789
09-30 09:38:48 com_github_MitjaNemec_ReplicateLayout.replicate_layout 985:Src text UUid:0641c388-c92c-4249-845b-e4effb33c614
09-30 09:38:48 com_github_MitjaNemec_ReplicateLayout.replicate_layout 986:Dst text UUid:66b7bd89-9c6c-452b-8e51-29b659405c30
09-30 09:38:48 com_github_MitjaNemec_ReplicateLayout.replicate_layout 985:Src text UUid:b148f5e6-33fa-4bc4-8d40-c21a3f9998f9
09-30 09:38:48 com_github_MitjaNemec_ReplicateLayout.replicate_layout 986:Dst text UUid:6b758ace-0d02-4e25-b451-89575cc297a3
09-30 09:38:48 com_github_MitjaNemec_ReplicateLayout.replicate_layout 985:Src text UUid:8ad5ba35-b80e-4523-8b2b-c0695aa315e6
09-30 09:38:48 com_github_MitjaNemec_ReplicateLayout.replicate_layout 986:Dst text UUid:277c00bc-1c6f-4799-af6c-204a0ac4564b
09-30 09:38:48 com_github_MitjaNemec_ReplicateLayout.replicate_layout 985:Src text UUid:9f90bbb1-3606-4e9a-917e-5a9acbd24718
09-30 09:38:48 com_github_MitjaNemec_ReplicateLayout.replicate_layout 986:Dst text UUid:fee5be11-f145-4924-9f23-623e69de684e
09-30 09:38:48 com_github_MitjaNemec_ReplicateLayout.replicate_layout 985:Src text UUid:3dd8aef6-f636-4d43-9126-87f1ba4a7779
09-30 09:38:48 com_github_MitjaNemec_ReplicateLayout.replicate_layout 986:Dst text UUid:323bd633-4162-44b5-ba8a-2437f737c8b7
09-30 09:38:48 com_github_MitjaNemec_ReplicateLayout.replicate_layout 985:Src text UUid:f937e043-dbf2-4029-ace5-17f1d5810313
09-30 09:38:48 com_github_MitjaNemec_ReplicateLayout.replicate_layout 986:Dst text UUid:9df7302c-8685-430b-bf25-4c1010a08ac2
09-30 09:38:48 com_github_MitjaNemec_ReplicateLayout.replicate_layout 985:Src text UUid:809ad623-d115-4dc2-b39f-7b7319ac4934
09-30 09:38:48 com_github_MitjaNemec_ReplicateLayout.replicate_layout 986:Dst text UUid:1d814c62-dc52-4872-82df-f589a9cab868
09-30 09:38:48 com_github_MitjaNemec_ReplicateLayout.replicate_layout 985:Src text UUid:3fd1f426-662c-4507-a21d-fc1aa991d505
09-30 09:38:48 com_github_MitjaNemec_ReplicateLayout.replicate_layout 986:Dst text UUid:5dfe9816-c328-41ca-b52f-090d9da338b7
09-30 09:38:48 com_github_MitjaNemec_ReplicateLayout.replicate_layout 985:Src text UUid:225e48b2-76a0-4abc-a0c5-c4daf0932409
09-30 09:38:48 com_github_MitjaNemec_ReplicateLayout.replicate_layout 986:Dst text UUid:20db9e38-a5d3-493d-90b6-cc51bd35184a
09-30 09:38:48 com_github_MitjaNemec_ReplicateLayout.replicate_layout 985:Src text UUid:3a6886dc-05be-431b-be7d-081661c6d1a8
09-30 09:38:48 com_github_MitjaNemec_ReplicateLayout.replicate_layout 986:Dst text UUid:776913dc-a71c-4aa2-815a-754900884685
09-30 09:38:48 com_github_MitjaNemec_ReplicateLayout.replicate_layout 985:Src text UUid:9749a4e7-b167-4898-a275-929253cda92b
09-30 09:38:48 com_github_MitjaNemec_ReplicateLayout.replicate_layout 986:Dst text UUid:2ac29f00-2b16-40be-9aeb-5a5336f09e49
09-30 09:38:48 com_github_MitjaNemec_ReplicateLayout.replicate_layout 868:Replicating footprints on sheet ['button4']
09-30 09:38:48 com_github_MitjaNemec_ReplicateLayout.replicate_layout 985:Src text UUid:af8994b7-7c0a-4dbc-8fbd-911d051bdcea
09-30 09:38:48 com_github_MitjaNemec_ReplicateLayout.replicate_layout 986:Dst text UUid:6cf43b67-2b65-460c-82fb-160a5e13ef47
09-30 09:38:48 com_github_MitjaNemec_ReplicateLayout.replicate_layout 985:Src text UUid:948e05e3-956f-4623-aea4-bc40770faf62
09-30 09:38:48 com_github_MitjaNemec_ReplicateLayout.replicate_layout 986:Dst text UUid:558086cb-dc65-4f0d-a149-f88e18dd403f
09-30 09:38:48 com_github_MitjaNemec_ReplicateLayout.replicate_layout 985:Src text UUid:a257b4b7-6182-4716-8ada-260fad95e789
09-30 09:38:48 com_github_MitjaNemec_ReplicateLayout.replicate_layout 986:Dst text UUid:3a9377f6-2d52-405b-97c7-b8265cfbb6b9
09-30 09:38:48 com_github_MitjaNemec_ReplicateLayout.replicate_layout 985:Src text UUid:ea6487d1-e6dd-4494-91cd-e90d814740a9
09-30 09:38:48 com_github_MitjaNemec_ReplicateLayout.replicate_layout 986:Dst text UUid:2e5e2dd3-8e91-46f5-ab21-ea4150849654
09-30 09:38:48 com_github_MitjaNemec_ReplicateLayout.replicate_layout 985:Src text UUid:0641c388-c92c-4249-845b-e4effb33c614
09-30 09:38:48 com_github_MitjaNemec_ReplicateLayout.replicate_layout 986:Dst text UUid:019ff6a0-f0ed-4fec-8bf3-6d54c3c3991b
09-30 09:38:48 com_github_MitjaNemec_ReplicateLayout.replicate_layout 985:Src text UUid:b148f5e6-33fa-4bc4-8d40-c21a3f9998f9
09-30 09:38:48 com_github_MitjaNemec_ReplicateLayout.replicate_layout 986:Dst text UUid:7f3948df-a7fc-4bfa-a3ed-09b4d028a005
09-30 09:38:48 com_github_MitjaNemec_ReplicateLayout.replicate_layout 985:Src text UUid:8ad5ba35-b80e-4523-8b2b-c0695aa315e6
09-30 09:38:48 com_github_MitjaNemec_ReplicateLayout.replicate_layout 986:Dst text UUid:7e96ee36-c3fd-47c4-860a-5db8ccb3ecd6
09-30 09:38:48 com_github_MitjaNemec_ReplicateLayout.replicate_layout 985:Src text UUid:9f90bbb1-3606-4e9a-917e-5a9acbd24718
09-30 09:38:48 com_github_MitjaNemec_ReplicateLayout.replicate_layout 986:Dst text UUid:fade1943-639d-4bd0-95af-ca4601bbbffa
09-30 09:38:48 com_github_MitjaNemec_ReplicateLayout.replicate_layout 985:Src text UUid:3dd8aef6-f636-4d43-9126-87f1ba4a7779
09-30 09:38:48 com_github_MitjaNemec_ReplicateLayout.replicate_layout 986:Dst text UUid:5cf35396-964d-48f0-9407-152c6473d0bd
09-30 09:38:48 com_github_MitjaNemec_ReplicateLayout.replicate_layout 985:Src text UUid:f937e043-dbf2-4029-ace5-17f1d5810313
09-30 09:38:48 com_github_MitjaNemec_ReplicateLayout.replicate_layout 986:Dst text UUid:bbca4b2d-8547-460e-81f3-f4428f00c044
09-30 09:38:48 com_github_MitjaNemec_ReplicateLayout.replicate_layout 985:Src text UUid:809ad623-d115-4dc2-b39f-7b7319ac4934
09-30 09:38:48 com_github_MitjaNemec_ReplicateLayout.replicate_layout 986:Dst text UUid:7cd9cca9-ed2f-4d70-9629-9058f1fd4e2b
09-30 09:38:48 com_github_MitjaNemec_ReplicateLayout.replicate_layout 985:Src text UUid:3fd1f426-662c-4507-a21d-fc1aa991d505
09-30 09:38:48 com_github_MitjaNemec_ReplicateLayout.replicate_layout 986:Dst text UUid:5c6c7295-39e5-46c7-a088-2bdc56f902e6
09-30 09:38:48 com_github_MitjaNemec_ReplicateLayout.replicate_layout 985:Src text UUid:225e48b2-76a0-4abc-a0c5-c4daf0932409
09-30 09:38:48 com_github_MitjaNemec_ReplicateLayout.replicate_layout 986:Dst text UUid:87a02c25-bcb5-4b24-b4ec-f66a5c2902af
09-30 09:38:48 com_github_MitjaNemec_ReplicateLayout.replicate_layout 985:Src text UUid:3a6886dc-05be-431b-be7d-081661c6d1a8
09-30 09:38:48 com_github_MitjaNemec_ReplicateLayout.replicate_layout 986:Dst text UUid:505f8588-92f1-41e8-8a02-6fa1eda3a29e
09-30 09:38:48 com_github_MitjaNemec_ReplicateLayout.replicate_layout 985:Src text UUid:9749a4e7-b167-4898-a275-929253cda92b
09-30 09:38:48 com_github_MitjaNemec_ReplicateLayout.replicate_layout 986:Dst text UUid:db615b31-f7bf-493b-b423-eccde6cba35c
09-30 09:38:48 com_github_MitjaNemec_ReplicateLayout.replicate_layout 868:Replicating footprints on sheet ['button5']
09-30 09:38:48 com_github_MitjaNemec_ReplicateLayout.replicate_layout 985:Src text UUid:af8994b7-7c0a-4dbc-8fbd-911d051bdcea
09-30 09:38:48 com_github_MitjaNemec_ReplicateLayout.replicate_layout 986:Dst text UUid:ac10382b-385b-411d-8ea8-3573b662837a
09-30 09:38:48 com_github_MitjaNemec_ReplicateLayout.replicate_layout 985:Src text UUid:948e05e3-956f-4623-aea4-bc40770faf62
09-30 09:38:48 com_github_MitjaNemec_ReplicateLayout.replicate_layout 986:Dst text UUid:28a9fbbb-a88e-441a-b20d-35741a78358a
09-30 09:38:48 com_github_MitjaNemec_ReplicateLayout.replicate_layout 985:Src text UUid:a257b4b7-6182-4716-8ada-260fad95e789
09-30 09:38:48 com_github_MitjaNemec_ReplicateLayout.replicate_layout 986:Dst text UUid:b16acbf8-2e25-44eb-9e2a-70837b07fcfb
09-30 09:38:48 com_github_MitjaNemec_ReplicateLayout.replicate_layout 985:Src text UUid:ea6487d1-e6dd-4494-91cd-e90d814740a9
09-30 09:38:48 com_github_MitjaNemec_ReplicateLayout.replicate_layout 986:Dst text UUid:4ee4130d-e90e-4a04-a122-19a2d40d077a
09-30 09:38:48 com_github_MitjaNemec_ReplicateLayout.replicate_layout 985:Src text UUid:0641c388-c92c-4249-845b-e4effb33c614
09-30 09:38:48 com_github_MitjaNemec_ReplicateLayout.replicate_layout 986:Dst text UUid:d06ba94c-96bc-4f81-b554-adf1d27437ef
09-30 09:38:48 com_github_MitjaNemec_ReplicateLayout.replicate_layout 985:Src text UUid:b148f5e6-33fa-4bc4-8d40-c21a3f9998f9
09-30 09:38:48 com_github_MitjaNemec_ReplicateLayout.replicate_layout 986:Dst text UUid:09bb0c89-532d-4339-9b44-485358752408
09-30 09:38:48 com_github_MitjaNemec_ReplicateLayout.replicate_layout 985:Src text UUid:8ad5ba35-b80e-4523-8b2b-c0695aa315e6
09-30 09:38:48 com_github_MitjaNemec_ReplicateLayout.replicate_layout 986:Dst text UUid:4575bde9-dfc1-4905-a280-f8e0a22c3ec0
09-30 09:38:48 com_github_MitjaNemec_ReplicateLayout.replicate_layout 985:Src text UUid:9f90bbb1-3606-4e9a-917e-5a9acbd24718
09-30 09:38:48 com_github_MitjaNemec_ReplicateLayout.replicate_layout 986:Dst text UUid:1565b914-10d2-473c-97cd-22e8a01e53fd
09-30 09:38:48 com_github_MitjaNemec_ReplicateLayout.replicate_layout 985:Src text UUid:3dd8aef6-f636-4d43-9126-87f1ba4a7779
09-30 09:38:48 com_github_MitjaNemec_ReplicateLayout.replicate_layout 986:Dst text UUid:df61e737-413a-48d1-befd-760fe1d6f1ce
09-30 09:38:48 com_github_MitjaNemec_ReplicateLayout.replicate_layout 985:Src text UUid:f937e043-dbf2-4029-ace5-17f1d5810313
09-30 09:38:48 com_github_MitjaNemec_ReplicateLayout.replicate_layout 986:Dst text UUid:23a6cc44-f78a-473a-a6e0-7f798b6da7b0
09-30 09:38:48 com_github_MitjaNemec_ReplicateLayout.replicate_layout 985:Src text UUid:809ad623-d115-4dc2-b39f-7b7319ac4934
09-30 09:38:48 com_github_MitjaNemec_ReplicateLayout.replicate_layout 986:Dst text UUid:9e9c3ddd-53d1-44bb-8b7d-6340c1f96e2d
09-30 09:38:48 com_github_MitjaNemec_ReplicateLayout.replicate_layout 985:Src text UUid:3fd1f426-662c-4507-a21d-fc1aa991d505
09-30 09:38:48 com_github_MitjaNemec_ReplicateLayout.replicate_layout 986:Dst text UUid:3af4d920-3034-4db6-9359-c636965bbd44
09-30 09:38:48 com_github_MitjaNemec_ReplicateLayout.replicate_layout 985:Src text UUid:225e48b2-76a0-4abc-a0c5-c4daf0932409
09-30 09:38:48 com_github_MitjaNemec_ReplicateLayout.replicate_layout 986:Dst text UUid:17a82cd9-d8b8-4501-8c44-c482f1a6e443
09-30 09:38:48 com_github_MitjaNemec_ReplicateLayout.replicate_layout 985:Src text UUid:3a6886dc-05be-431b-be7d-081661c6d1a8
09-30 09:38:48 com_github_MitjaNemec_ReplicateLayout.replicate_layout 986:Dst text UUid:3d15d371-130e-4b89-9d93-b77d06d79c02
09-30 09:38:48 com_github_MitjaNemec_ReplicateLayout.replicate_layout 985:Src text UUid:9749a4e7-b167-4898-a275-929253cda92b
09-30 09:38:48 com_github_MitjaNemec_ReplicateLayout.replicate_layout 986:Dst text UUid:c52fb32b-9485-484f-b164-115bec485088
09-30 09:38:48 com_github_MitjaNemec_ReplicateLayout.replicate_layout 868:Replicating footprints on sheet ['button6']
09-30 09:38:48 com_github_MitjaNemec_ReplicateLayout.replicate_layout 985:Src text UUid:af8994b7-7c0a-4dbc-8fbd-911d051bdcea
09-30 09:38:48 com_github_MitjaNemec_ReplicateLayout.replicate_layout 986:Dst text UUid:8ce81450-5d6b-46f2-8e2e-2e9b3dfd1438
09-30 09:38:48 com_github_MitjaNemec_ReplicateLayout.replicate_layout 985:Src text UUid:948e05e3-956f-4623-aea4-bc40770faf62
09-30 09:38:48 com_github_MitjaNemec_ReplicateLayout.replicate_layout 986:Dst text UUid:1ecac593-3460-4757-b81b-b59c40a81f11
09-30 09:38:48 com_github_MitjaNemec_ReplicateLayout.replicate_layout 985:Src text UUid:a257b4b7-6182-4716-8ada-260fad95e789
09-30 09:38:48 com_github_MitjaNemec_ReplicateLayout.replicate_layout 986:Dst text UUid:27681ed0-3f82-4b44-9047-235614824980
09-30 09:38:48 root 337:updating GUI with: 77
09-30 09:38:48 com_github_MitjaNemec_ReplicateLayout.replicate_layout 985:Src text UUid:ea6487d1-e6dd-4494-91cd-e90d814740a9
09-30 09:38:48 com_github_MitjaNemec_ReplicateLayout.replicate_layout 986:Dst text UUid:270cdd3f-ba2c-4f3c-a390-f3660f257df2
09-30 09:38:48 com_github_MitjaNemec_ReplicateLayout.replicate_layout 985:Src text UUid:0641c388-c92c-4249-845b-e4effb33c614
09-30 09:38:48 com_github_MitjaNemec_ReplicateLayout.replicate_layout 986:Dst text UUid:3e004a48-5e1c-483d-b370-87ee148cc9ae
09-30 09:38:48 com_github_MitjaNemec_ReplicateLayout.replicate_layout 985:Src text UUid:b148f5e6-33fa-4bc4-8d40-c21a3f9998f9
09-30 09:38:48 com_github_MitjaNemec_ReplicateLayout.replicate_layout 986:Dst text UUid:1796aee5-40f6-4ce1-983e-da2c3bf27359
09-30 09:38:48 com_github_MitjaNemec_ReplicateLayout.replicate_layout 985:Src text UUid:8ad5ba35-b80e-4523-8b2b-c0695aa315e6
09-30 09:38:48 com_github_MitjaNemec_ReplicateLayout.replicate_layout 986:Dst text UUid:162e4554-cd71-4c39-982a-5227f59d0c8b
09-30 09:38:48 com_github_MitjaNemec_ReplicateLayout.replicate_layout 985:Src text UUid:9f90bbb1-3606-4e9a-917e-5a9acbd24718
09-30 09:38:48 com_github_MitjaNemec_ReplicateLayout.replicate_layout 986:Dst text UUid:33761cda-b7df-48eb-a7be-93868d967125
09-30 09:38:48 com_github_MitjaNemec_ReplicateLayout.replicate_layout 985:Src text UUid:3dd8aef6-f636-4d43-9126-87f1ba4a7779
09-30 09:38:48 com_github_MitjaNemec_ReplicateLayout.replicate_layout 986:Dst text UUid:2e31fe4a-30b9-4ea1-9762-ecd13ecb29ce
09-30 09:38:48 com_github_MitjaNemec_ReplicateLayout.replicate_layout 985:Src text UUid:f937e043-dbf2-4029-ace5-17f1d5810313
09-30 09:38:48 com_github_MitjaNemec_ReplicateLayout.replicate_layout 986:Dst text UUid:eac535b4-85a7-45c6-80ed-4f606e256ed7
09-30 09:38:48 com_github_MitjaNemec_ReplicateLayout.replicate_layout 985:Src text UUid:809ad623-d115-4dc2-b39f-7b7319ac4934
09-30 09:38:48 com_github_MitjaNemec_ReplicateLayout.replicate_layout 986:Dst text UUid:b9485ac0-ec9d-4ec3-931f-88322d4cff5e
09-30 09:38:48 com_github_MitjaNemec_ReplicateLayout.replicate_layout 985:Src text UUid:3fd1f426-662c-4507-a21d-fc1aa991d505
09-30 09:38:48 com_github_MitjaNemec_ReplicateLayout.replicate_layout 986:Dst text UUid:a2efae0f-de7d-4e64-9215-9914b540fe1e
09-30 09:38:48 com_github_MitjaNemec_ReplicateLayout.replicate_layout 985:Src text UUid:225e48b2-76a0-4abc-a0c5-c4daf0932409
09-30 09:38:48 com_github_MitjaNemec_ReplicateLayout.replicate_layout 986:Dst text UUid:99fb89b4-f194-4f64-8021-177a5a692eda
09-30 09:38:48 com_github_MitjaNemec_ReplicateLayout.replicate_layout 985:Src text UUid:3a6886dc-05be-431b-be7d-081661c6d1a8
09-30 09:38:48 com_github_MitjaNemec_ReplicateLayout.replicate_layout 986:Dst text UUid:81c69a93-327d-4dc9-bce7-118931c6843d
09-30 09:38:48 com_github_MitjaNemec_ReplicateLayout.replicate_layout 985:Src text UUid:9749a4e7-b167-4898-a275-929253cda92b
09-30 09:38:48 com_github_MitjaNemec_ReplicateLayout.replicate_layout 986:Dst text UUid:e7927680-9d33-44b1-b24f-4e6ebfcdaf77
09-30 09:38:48 com_github_MitjaNemec_ReplicateLayout.replicate_layout 868:Replicating footprints on sheet ['button7']
09-30 09:38:48 com_github_MitjaNemec_ReplicateLayout.replicate_layout 985:Src text UUid:af8994b7-7c0a-4dbc-8fbd-911d051bdcea
09-30 09:38:48 com_github_MitjaNemec_ReplicateLayout.replicate_layout 986:Dst text UUid:1c5e40ee-2dea-4ec5-8ded-e257da3893f7
09-30 09:38:48 com_github_MitjaNemec_ReplicateLayout.replicate_layout 985:Src text UUid:948e05e3-956f-4623-aea4-bc40770faf62
09-30 09:38:48 com_github_MitjaNemec_ReplicateLayout.replicate_layout 986:Dst text UUid:6cfc0025-565f-4d50-86fe-c2e26946b98b
09-30 09:38:48 com_github_MitjaNemec_ReplicateLayout.replicate_layout 985:Src text UUid:a257b4b7-6182-4716-8ada-260fad95e789
09-30 09:38:48 com_github_MitjaNemec_ReplicateLayout.replicate_layout 986:Dst text UUid:ff953ac4-b322-43a0-badf-9e94866c3761
09-30 09:38:48 com_github_MitjaNemec_ReplicateLayout.replicate_layout 985:Src text UUid:ea6487d1-e6dd-4494-91cd-e90d814740a9
09-30 09:38:48 com_github_MitjaNemec_ReplicateLayout.replicate_layout 986:Dst text UUid:0280eff1-5cae-44d9-8c60-52960b21f1f2
09-30 09:38:48 com_github_MitjaNemec_ReplicateLayout.replicate_layout 985:Src text UUid:0641c388-c92c-4249-845b-e4effb33c614
09-30 09:38:48 com_github_MitjaNemec_ReplicateLayout.replicate_layout 986:Dst text UUid:45f23b5b-3359-4a45-a8c9-30a1ea982228
09-30 09:38:48 com_github_MitjaNemec_ReplicateLayout.replicate_layout 985:Src text UUid:b148f5e6-33fa-4bc4-8d40-c21a3f9998f9
09-30 09:38:48 com_github_MitjaNemec_ReplicateLayout.replicate_layout 986:Dst text UUid:851e6630-9060-4431-b3f2-fb4e44f7baed
09-30 09:38:48 com_github_MitjaNemec_ReplicateLayout.replicate_layout 985:Src text UUid:8ad5ba35-b80e-4523-8b2b-c0695aa315e6
09-30 09:38:48 com_github_MitjaNemec_ReplicateLayout.replicate_layout 986:Dst text UUid:101e6518-521b-43a2-8267-0ea088935271
09-30 09:38:48 com_github_MitjaNemec_ReplicateLayout.replicate_layout 985:Src text UUid:9f90bbb1-3606-4e9a-917e-5a9acbd24718
09-30 09:38:48 com_github_MitjaNemec_ReplicateLayout.replicate_layout 986:Dst text UUid:0e0f06e1-c6da-4ea5-a093-04688e595216
09-30 09:38:48 com_github_MitjaNemec_ReplicateLayout.replicate_layout 985:Src text UUid:3dd8aef6-f636-4d43-9126-87f1ba4a7779
09-30 09:38:48 com_github_MitjaNemec_ReplicateLayout.replicate_layout 986:Dst text UUid:da90b89d-9c72-45d2-9f8e-dbaacc9d9c6c
09-30 09:38:48 com_github_MitjaNemec_ReplicateLayout.replicate_layout 985:Src text UUid:f937e043-dbf2-4029-ace5-17f1d5810313
09-30 09:38:48 com_github_MitjaNemec_ReplicateLayout.replicate_layout 986:Dst text UUid:e0e00578-f87e-48a7-8e82-29dbd28f3225
09-30 09:38:48 com_github_MitjaNemec_ReplicateLayout.replicate_layout 985:Src text UUid:809ad623-d115-4dc2-b39f-7b7319ac4934
09-30 09:38:48 com_github_MitjaNemec_ReplicateLayout.replicate_layout 986:Dst text UUid:ba5ef546-d4c5-4850-a879-e1d57f142108
09-30 09:38:48 com_github_MitjaNemec_ReplicateLayout.replicate_layout 985:Src text UUid:3fd1f426-662c-4507-a21d-fc1aa991d505
09-30 09:38:48 com_github_MitjaNemec_ReplicateLayout.replicate_layout 986:Dst text UUid:37b1da96-5b54-4dc4-bd33-a1ed2b9cb4f8
09-30 09:38:48 com_github_MitjaNemec_ReplicateLayout.replicate_layout 985:Src text UUid:225e48b2-76a0-4abc-a0c5-c4daf0932409
09-30 09:38:48 com_github_MitjaNemec_ReplicateLayout.replicate_layout 986:Dst text UUid:aa5b8202-1b73-49d2-bb18-23fe3c744148
09-30 09:38:48 com_github_MitjaNemec_ReplicateLayout.replicate_layout 985:Src text UUid:3a6886dc-05be-431b-be7d-081661c6d1a8
09-30 09:38:48 com_github_MitjaNemec_ReplicateLayout.replicate_layout 986:Dst text UUid:8474485e-3bc5-40ed-92d0-811880879ef9
09-30 09:38:48 com_github_MitjaNemec_ReplicateLayout.replicate_layout 985:Src text UUid:9749a4e7-b167-4898-a275-929253cda92b
09-30 09:38:48 com_github_MitjaNemec_ReplicateLayout.replicate_layout 986:Dst text UUid:951e6f99-af6c-4386-9fd3-95b0525b0749
09-30 09:38:48 root 332:updating GUI message: 'Replicating tracks'
09-30 09:38:48 com_github_MitjaNemec_ReplicateLayout.replicate_layout 1009:Replicating tracks
09-30 09:38:48 com_github_MitjaNemec_ReplicateLayout.replicate_layout 1015:Replicating tracks on sheet ['APPSmicro']
09-30 09:38:48 com_github_MitjaNemec_ReplicateLayout.replicate_layout 776:Significant difference between src net: ['', 'button2'] and dst net: ['', 'APPSmicro'], with src_net_depth=2, dst_net_depth=2, src_fp_depth=1, dst_fp_depth=1, match level 0.56
09-30 09:38:48 com_github_MitjaNemec_ReplicateLayout.replicate_layout 776:Significant difference between src net: ['', 'button2_raw'] and dst net: ['', 'APPSmicro_raw'], with src_net_depth=2, dst_net_depth=2, src_fp_depth=1, dst_fp_depth=1, match level 0.71
09-30 09:38:48 com_github_MitjaNemec_ReplicateLayout.replicate_layout 776:Significant difference between src net: ['', 'button2_raw'] and dst net: ['', 'APPSmicro_raw'], with src_net_depth=2, dst_net_depth=2, src_fp_depth=1, dst_fp_depth=1, match level 0.71
09-30 09:38:48 com_github_MitjaNemec_ReplicateLayout.replicate_layout 776:Significant difference between src net: ['', 'button2'] and dst net: ['', 'APPSmicro'], with src_net_depth=2, dst_net_depth=2, src_fp_depth=1, dst_fp_depth=1, match level 0.56
09-30 09:38:48 com_github_MitjaNemec_ReplicateLayout.replicate_layout 776:Significant difference between src net: ['', 'button2_raw'] and dst net: ['', 'APPSmicro_raw'], with src_net_depth=2, dst_net_depth=2, src_fp_depth=1, dst_fp_depth=1, match level 0.71
09-30 09:38:48 com_github_MitjaNemec_ReplicateLayout.replicate_layout 792:Net pairs for sheet ['APPSmicro'] :[('/button2_raw', '/APPSmicro_raw'), ('GND', 'GND'), ('/button2', '/APPSmicro'), ('+3V3', '+3V3'), ('Net-(D43-K)', 'Net-(D37-K)')]
09-30 09:38:48 com_github_MitjaNemec_ReplicateLayout.replicate_layout 1015:Replicating tracks on sheet ['button1']
09-30 09:38:48 com_github_MitjaNemec_ReplicateLayout.replicate_layout 792:Net pairs for sheet ['button1'] :[('/button2', '/button1'), ('GND', 'GND'), ('Net-(D43-K)', 'Net-(D42-K)'), ('+3V3', '+3V3'), ('/button2_raw', '/button1_raw')]
09-30 09:38:48 com_github_MitjaNemec_ReplicateLayout.replicate_layout 1015:Replicating tracks on sheet ['button3']
09-30 09:38:48 com_github_MitjaNemec_ReplicateLayout.replicate_layout 792:Net pairs for sheet ['button3'] :[('Net-(D43-K)', 'Net-(D20-K)'), ('GND', 'GND'), ('/button2', '/button3'), ('/button2_raw', '/button3_raw'), ('+3V3', '+3V3')]
09-30 09:38:48 com_github_MitjaNemec_ReplicateLayout.replicate_layout 1015:Replicating tracks on sheet ['button4']
09-30 09:38:48 com_github_MitjaNemec_ReplicateLayout.replicate_layout 792:Net pairs for sheet ['button4'] :[('/button2', '/button4'), ('GND', 'GND'), ('/button2_raw', '/button4_raw'), ('+3V3', '+3V3'), ('Net-(D43-K)', 'Net-(D33-K)')]
09-30 09:38:48 com_github_MitjaNemec_ReplicateLayout.replicate_layout 1015:Replicating tracks on sheet ['button5']
09-30 09:38:48 com_github_MitjaNemec_ReplicateLayout.replicate_layout 792:Net pairs for sheet ['button5'] :[('/button2', '/button5'), ('GND', 'GND'), ('/button2_raw', '/button5_raw'), ('+3V3', '+3V3'), ('Net-(D43-K)', 'Net-(D34-K)')]
09-30 09:38:48 com_github_MitjaNemec_ReplicateLayout.replicate_layout 1015:Replicating tracks on sheet ['button6']
09-30 09:38:48 com_github_MitjaNemec_ReplicateLayout.replicate_layout 792:Net pairs for sheet ['button6'] :[('Net-(D43-K)', 'Net-(D35-K)'), ('GND', 'GND'), ('/button2', '/button6'), ('+3V3', '+3V3'), ('/button2_raw', '/button6_raw')]
09-30 09:38:48 com_github_MitjaNemec_ReplicateLayout.replicate_layout 1015:Replicating tracks on sheet ['button7']
09-30 09:38:48 com_github_MitjaNemec_ReplicateLayout.replicate_layout 792:Net pairs for sheet ['button7'] :[('/button2', '/button7'), ('GND', 'GND'), ('/button2_raw', '/button7_raw'), ('+3V3', '+3V3'), ('Net-(D43-K)', 'Net-(D36-K)')]
09-30 09:38:48 root 332:updating GUI message: 'Replicating zones'
09-30 09:38:48 com_github_MitjaNemec_ReplicateLayout.replicate_layout 1079:Replicating zones
09-30 09:38:48 com_github_MitjaNemec_ReplicateLayout.replicate_layout 1086:Replicating zones on sheet ['APPSmicro']
09-30 09:38:48 com_github_MitjaNemec_ReplicateLayout.replicate_layout 776:Significant difference between src net: ['', 'button2'] and dst net: ['', 'APPSmicro'], with src_net_depth=2, dst_net_depth=2, src_fp_depth=1, dst_fp_depth=1, match level 0.56
09-30 09:38:48 com_github_MitjaNemec_ReplicateLayout.replicate_layout 776:Significant difference between src net: ['', 'button2_raw'] and dst net: ['', 'APPSmicro_raw'], with src_net_depth=2, dst_net_depth=2, src_fp_depth=1, dst_fp_depth=1, match level 0.71
09-30 09:38:48 com_github_MitjaNemec_ReplicateLayout.replicate_layout 776:Significant difference between src net: ['', 'button2_raw'] and dst net: ['', 'APPSmicro_raw'], with src_net_depth=2, dst_net_depth=2, src_fp_depth=1, dst_fp_depth=1, match level 0.71
09-30 09:38:48 com_github_MitjaNemec_ReplicateLayout.replicate_layout 776:Significant difference between src net: ['', 'button2'] and dst net: ['', 'APPSmicro'], with src_net_depth=2, dst_net_depth=2, src_fp_depth=1, dst_fp_depth=1, match level 0.56
09-30 09:38:48 com_github_MitjaNemec_ReplicateLayout.replicate_layout 776:Significant difference between src net: ['', 'button2_raw'] and dst net: ['', 'APPSmicro_raw'], with src_net_depth=2, dst_net_depth=2, src_fp_depth=1, dst_fp_depth=1, match level 0.71
09-30 09:38:48 com_github_MitjaNemec_ReplicateLayout.replicate_layout 792:Net pairs for sheet ['APPSmicro'] :[('/button2_raw', '/APPSmicro_raw'), ('GND', 'GND'), ('/button2', '/APPSmicro'), ('+3V3', '+3V3'), ('Net-(D43-K)', 'Net-(D37-K)')]
09-30 09:38:48 com_github_MitjaNemec_ReplicateLayout.replicate_layout 1086:Replicating zones on sheet ['button1']
09-30 09:38:48 com_github_MitjaNemec_ReplicateLayout.replicate_layout 792:Net pairs for sheet ['button1'] :[('/button2', '/button1'), ('GND', 'GND'), ('Net-(D43-K)', 'Net-(D42-K)'), ('+3V3', '+3V3'), ('/button2_raw', '/button1_raw')]
09-30 09:38:48 com_github_MitjaNemec_ReplicateLayout.replicate_layout 1086:Replicating zones on sheet ['button3']
09-30 09:38:48 com_github_MitjaNemec_ReplicateLayout.replicate_layout 792:Net pairs for sheet ['button3'] :[('Net-(D43-K)', 'Net-(D20-K)'), ('GND', 'GND'), ('/button2', '/button3'), ('/button2_raw', '/button3_raw'), ('+3V3', '+3V3')]
09-30 09:38:48 com_github_MitjaNemec_ReplicateLayout.replicate_layout 1086:Replicating zones on sheet ['button4']
09-30 09:38:48 com_github_MitjaNemec_ReplicateLayout.replicate_layout 792:Net pairs for sheet ['button4'] :[('/button2', '/button4'), ('GND', 'GND'), ('/button2_raw', '/button4_raw'), ('+3V3', '+3V3'), ('Net-(D43-K)', 'Net-(D33-K)')]
09-30 09:38:48 com_github_MitjaNemec_ReplicateLayout.replicate_layout 1086:Replicating zones on sheet ['button5']
09-30 09:38:48 com_github_MitjaNemec_ReplicateLayout.replicate_layout 792:Net pairs for sheet ['button5'] :[('/button2', '/button5'), ('GND', 'GND'), ('/button2_raw', '/button5_raw'), ('+3V3', '+3V3'), ('Net-(D43-K)', 'Net-(D34-K)')]
09-30 09:38:48 root 337:updating GUI with: 71
09-30 09:38:48 com_github_MitjaNemec_ReplicateLayout.replicate_layout 1086:Replicating zones on sheet ['button6']
09-30 09:38:48 com_github_MitjaNemec_ReplicateLayout.replicate_layout 792:Net pairs for sheet ['button6'] :[('Net-(D43-K)', 'Net-(D35-K)'), ('GND', 'GND'), ('/button2', '/button6'), ('+3V3', '+3V3'), ('/button2_raw', '/button6_raw')]
09-30 09:38:48 com_github_MitjaNemec_ReplicateLayout.replicate_layout 1086:Replicating zones on sheet ['button7']
09-30 09:38:48 com_github_MitjaNemec_ReplicateLayout.replicate_layout 792:Net pairs for sheet ['button7'] :[('/button2', '/button7'), ('GND', 'GND'), ('/button2_raw', '/button7_raw'), ('+3V3', '+3V3'), ('Net-(D43-K)', 'Net-(D36-K)')]
09-30 09:38:48 root 332:updating GUI message: 'Replicating text'
09-30 09:38:48 com_github_MitjaNemec_ReplicateLayout.replicate_layout 1168:Replicating text
09-30 09:38:48 com_github_MitjaNemec_ReplicateLayout.replicate_layout 1175:Replicating text on sheet ['APPSmicro']
09-30 09:38:48 com_github_MitjaNemec_ReplicateLayout.replicate_layout 1175:Replicating text on sheet ['button1']
09-30 09:38:48 com_github_MitjaNemec_ReplicateLayout.replicate_layout 1175:Replicating text on sheet ['button3']
09-30 09:38:48 com_github_MitjaNemec_ReplicateLayout.replicate_layout 1175:Replicating text on sheet ['button4']
09-30 09:38:48 com_github_MitjaNemec_ReplicateLayout.replicate_layout 1175:Replicating text on sheet ['button5']
09-30 09:38:48 com_github_MitjaNemec_ReplicateLayout.replicate_layout 1175:Replicating text on sheet ['button6']
09-30 09:38:48 com_github_MitjaNemec_ReplicateLayout.replicate_layout 1175:Replicating text on sheet ['button7']
09-30 09:38:48 root 332:updating GUI message: 'Replicating drawings'
09-30 09:38:48 com_github_MitjaNemec_ReplicateLayout.replicate_layout 1219:Replicating drawings
09-30 09:38:48 com_github_MitjaNemec_ReplicateLayout.replicate_layout 1225:Replicating drawings on sheet ['APPSmicro']
09-30 09:38:48 com_github_MitjaNemec_ReplicateLayout.replicate_layout 1225:Replicating drawings on sheet ['button1']
09-30 09:38:48 com_github_MitjaNemec_ReplicateLayout.replicate_layout 1225:Replicating drawings on sheet ['button3']
09-30 09:38:48 com_github_MitjaNemec_ReplicateLayout.replicate_layout 1225:Replicating drawings on sheet ['button4']
09-30 09:38:48 com_github_MitjaNemec_ReplicateLayout.replicate_layout 1225:Replicating drawings on sheet ['button5']
09-30 09:38:48 com_github_MitjaNemec_ReplicateLayout.replicate_layout 1225:Replicating drawings on sheet ['button6']
09-30 09:38:48 com_github_MitjaNemec_ReplicateLayout.replicate_layout 1225:Replicating drawings on sheet ['button7']
09-30 09:38:48 com_github_MitjaNemec_ReplicateLayout.action_replicate_layout 256:Replication complete
09-30 09:38:48 com_github_MitjaNemec_ReplicateLayout.action_replicate_layout 259:Letting the user know there are some issues with replicated design
09-30 09:38:48 com_github_MitjaNemec_ReplicateLayout.action_replicate_layout 263:Looks like the design has an exotic connectivity that the plugin might not handle properly
 Make sure that you check the connectivity around:
Footprint R94, pad 1
Footprint C97, pad 1
Footprint R94, pad 2
Footprint R93, pad 1
Footprint R95, pad 2

