02-15 09:34:25 com_github_MitjaNemec_PlaceFootprints.action_place_footprints 647:Plugin executed on: 'win32'
02-15 09:34:25 com_github_MitjaNemec_PlaceFootprints.action_place_footprints 648:Plugin executed with python version: '3.11.5 (main, Dec 24 2024, 05:27:06) [MSC v.1942 64 bit (AMD64)]'
02-15 09:34:25 com_github_MitjaNemec_PlaceFootprints.action_place_footprints 649:KiCad build version: 8.0.8
02-15 09:34:25 com_github_MitjaNemec_PlaceFootprints.action_place_footprints 650:Plugin version: 3.0.0
02-15 09:34:25 com_github_MitjaNemec_PlaceFootprints.action_place_footprints 651:Frame repr: <wx._core.Frame object at 0x00000194C85A8430>
02-15 09:34:26 com_github_MitjaNemec_PlaceFootprints.place_footprints 121:getting a list of all footprints on board
02-15 09:34:26 com_github_MitjaNemec_PlaceFootprints.place_footprints 156:Footprint R76 on root level
02-15 09:34:26 com_github_MitjaNemec_PlaceFootprints.place_footprints 156:Footprint R75 on root level
02-15 09:34:26 com_github_MitjaNemec_PlaceFootprints.place_footprints 156:Footprint R34 on root level
02-15 09:34:26 com_github_MitjaNemec_PlaceFootprints.place_footprints 156:Footprint R33 on root level
02-15 09:34:26 com_github_MitjaNemec_PlaceFootprints.place_footprints 156:Footprint R32 on root level
02-15 09:34:26 com_github_MitjaNemec_PlaceFootprints.place_footprints 156:Footprint R11 on root level
02-15 09:34:26 com_github_MitjaNemec_PlaceFootprints.place_footprints 156:Footprint R5 on root level
02-15 09:34:26 com_github_MitjaNemec_PlaceFootprints.place_footprints 156:Footprint C97 on root level
02-15 09:34:26 com_github_MitjaNemec_PlaceFootprints.place_footprints 156:Footprint C96 on root level
02-15 09:34:26 com_github_MitjaNemec_PlaceFootprints.place_footprints 156:Footprint C95 on root level
02-15 09:34:26 com_github_MitjaNemec_PlaceFootprints.place_footprints 156:Footprint C59 on root level
02-15 09:34:26 com_github_MitjaNemec_PlaceFootprints.place_footprints 156:Footprint C58 on root level
02-15 09:34:26 com_github_MitjaNemec_PlaceFootprints.place_footprints 156:Footprint C57 on root level
02-15 09:34:26 com_github_MitjaNemec_PlaceFootprints.place_footprints 156:Footprint C52 on root level
02-15 09:34:26 com_github_MitjaNemec_PlaceFootprints.place_footprints 156:Footprint U1 on root level
02-15 09:34:26 com_github_MitjaNemec_PlaceFootprints.place_footprints 156:Footprint J2 on root level
02-15 09:34:26 com_github_MitjaNemec_PlaceFootprints.place_footprints 156:Footprint C21 on root level
02-15 09:34:26 com_github_MitjaNemec_PlaceFootprints.place_footprints 156:Footprint C20 on root level
02-15 09:34:26 com_github_MitjaNemec_PlaceFootprints.place_footprints 156:Footprint H1 on root level
02-15 09:34:26 com_github_MitjaNemec_PlaceFootprints.place_footprints 156:Footprint J13 on root level
02-15 09:34:26 com_github_MitjaNemec_PlaceFootprints.place_footprints 156:Footprint H3 on root level
02-15 09:34:26 com_github_MitjaNemec_PlaceFootprints.place_footprints 156:Footprint J11 on root level
02-15 09:34:26 com_github_MitjaNemec_PlaceFootprints.place_footprints 156:Footprint H2 on root level
02-15 09:34:26 com_github_MitjaNemec_PlaceFootprints.place_footprints 156:Footprint R3 on root level
02-15 09:34:26 com_github_MitjaNemec_PlaceFootprints.place_footprints 156:Footprint J12 on root level
02-15 09:34:26 com_github_MitjaNemec_PlaceFootprints.place_footprints 156:Footprint H4 on root level
02-15 09:34:26 com_github_MitjaNemec_PlaceFootprints.place_footprints 156:Footprint R4 on root level
02-15 09:34:26 com_github_MitjaNemec_PlaceFootprints.place_footprints 156:Footprint J10 on root level
02-15 09:34:26 com_github_MitjaNemec_PlaceFootprints.place_footprints 156:Footprint J9 on root level
02-15 09:34:26 com_github_MitjaNemec_PlaceFootprints.place_footprints 156:Footprint J1 on root level
