11-17 06:08:20 com_github_MitjaNemec_ReplicateLayout.action_replicate_layout 392:Plugin executed on: 'win32'
11-17 06:08:20 com_github_MitjaNemec_ReplicateLayout.action_replicate_layout 393:Plugin executed with python version: '3.11.5 (main, Jul 16 2024, 08:01:06) [MSC v.1939 64 bit (AMD64)]'
11-17 06:08:20 com_github_MitjaNemec_ReplicateLayout.action_replicate_layout 394:KiCad build version: 8.0.4
11-17 06:08:20 com_github_MitjaNemec_ReplicateLayout.action_replicate_layout 395:Plugin version: 3.0.3
11-17 06:08:20 com_github_MitjaNemec_ReplicateLayout.action_replicate_layout 396:Frame repr: <wx._core.Frame object at 0x000001152C80DBD0>
11-17 06:08:20 com_github_MitjaNemec_ReplicateLayout.action_replicate_layout 420:Preparing replicator with U11 as a reference
11-17 06:08:20 com_github_MitjaNemec_ReplicateLayout.replicate_layout 117:getting a list of all footprints on board
11-17 06:08:20 com_github_MitjaNemec_ReplicateLayout.action_replicate_layout 468:source anchor footprint is 'U11'
Located on: ['Isense_OCP', 'IsenseNode2']
With filenames: ['Isense_OCP.kicad_sch', 'IsenseNode.kicad_sch']
With sheet_id:['Isense_OCP', 'IsenseNode2']
11-17 06:08:20 com_github_MitjaNemec_ReplicateLayout.action_replicate_layout 475:Corresponding footprints are 
[('U9', ['Isense_OCP', 'IsenseNode']), ('U11', ['Isense_OCP', 'IsenseNode2']), ('U10', ['Isense_OCP', 'IsenseNode1']), ('U12', ['Isense_OCP', 'IsenseNode3'])]
11-17 06:08:20 com_github_MitjaNemec_ReplicateLayout.action_replicate_layout 487:Showing dialog
11-17 06:08:20 com_github_MitjaNemec_ReplicateLayout.replicate_layout 472:constructing a list of sheets suitable for replication on level:'IsenseNode2', file:'IsenseNode.kicad_sch'
11-17 06:08:20 com_github_MitjaNemec_ReplicateLayout.replicate_layout 509:suitable sheets are:[['Isense_OCP', 'IsenseNode'], ['Isense_OCP', 'IsenseNode1'], ['Isense_OCP', 'IsenseNode3']]
11-17 06:08:20 com_github_MitjaNemec_ReplicateLayout.replicate_layout 1507:Level selected: ['Isense_OCP', 'IsenseNode2']
11-17 06:08:20 com_github_MitjaNemec_ReplicateLayout.replicate_layout 1331:Filtering list of tracks
11-17 06:08:20 com_github_MitjaNemec_ReplicateLayout.action_replicate_layout 493:Toolbar position: wx.Point(3405, 85)
11-17 06:08:20 com_github_MitjaNemec_ReplicateLayout.action_replicate_layout 498:Dialog position: wx.Point(2966, 85)
11-17 06:08:22 com_github_MitjaNemec_ReplicateLayout.action_replicate_layout 321:User canceled the dialog
