02-18 03:12:05 com_github_MitjaNemec_ReplicateLayout.action_replicate_layout 392:Plugin executed on: 'win32'
02-18 03:12:05 com_github_MitjaNemec_ReplicateLayout.action_replicate_layout 393:Plugin executed with python version: '3.11.5 (main, Dec 24 2024, 05:27:06) [MSC v.1942 64 bit (AMD64)]'
02-18 03:12:05 com_github_MitjaNemec_ReplicateLayout.action_replicate_layout 394:KiCad build version: 8.0.8
02-18 03:12:05 com_github_MitjaNemec_ReplicateLayout.action_replicate_layout 395:Plugin version: 3.0.3
02-18 03:12:05 com_github_MitjaNemec_ReplicateLayout.action_replicate_layout 396:Frame repr: <wx._core.Frame object at 0x0000021A61E5BBE0>
02-18 03:12:05 com_github_MitjaNemec_ReplicateLayout.action_replicate_layout 420:Preparing replicator with U3 as a reference
02-18 03:12:05 com_github_MitjaNemec_ReplicateLayout.replicate_layout 117:getting a list of all footprints on board
02-18 03:12:05 com_github_MitjaNemec_ReplicateLayout.action_replicate_layout 468:source anchor footprint is 'U3'
Located on: ['Isense&motT_OCP&OTP', 'IsenseNode']
With filenames: ['Isense_OCP.kicad_sch', 'IsenseNode.kicad_sch']
With sheet_id:['Isense&motT_OCP&OTP', 'IsenseNode']
02-18 03:12:05 com_github_MitjaNemec_ReplicateLayout.action_replicate_layout 475:Corresponding footprints are 
[('U8', ['Isense&motT_OCP&OTP', 'IsenseNode2']), ('U7', ['Isense&motT_OCP&OTP', 'IsenseNode1']), ('U3', ['Isense&motT_OCP&OTP', 'IsenseNode']), ('U9', ['Isense&motT_OCP&OTP', 'IsenseNode3'])]
02-18 03:12:05 com_github_MitjaNemec_ReplicateLayout.action_replicate_layout 487:Showing dialog
02-18 03:12:05 com_github_MitjaNemec_ReplicateLayout.replicate_layout 472:constructing a list of sheets suitable for replication on level:'IsenseNode', file:'IsenseNode.kicad_sch'
02-18 03:12:05 com_github_MitjaNemec_ReplicateLayout.replicate_layout 509:suitable sheets are:[['Isense&motT_OCP&OTP', 'IsenseNode1'], ['Isense&motT_OCP&OTP', 'IsenseNode2'], ['Isense&motT_OCP&OTP', 'IsenseNode3']]
02-18 03:12:05 com_github_MitjaNemec_ReplicateLayout.replicate_layout 1507:Level selected: ['Isense&motT_OCP&OTP', 'IsenseNode']
02-18 03:12:05 com_github_MitjaNemec_ReplicateLayout.replicate_layout 1331:Filtering list of tracks
02-18 03:12:05 com_github_MitjaNemec_ReplicateLayout.action_replicate_layout 493:Toolbar position: wx.Point(1467, 131)
02-18 03:12:05 com_github_MitjaNemec_ReplicateLayout.action_replicate_layout 498:Dialog position: wx.Point(1028, 131)
02-18 03:12:10 com_github_MitjaNemec_ReplicateLayout.replicate_layout 472:constructing a list of sheets suitable for replication on level:'IsenseNode', file:'IsenseNode.kicad_sch'
02-18 03:12:10 com_github_MitjaNemec_ReplicateLayout.replicate_layout 509:suitable sheets are:[['Isense&motT_OCP&OTP', 'IsenseNode1'], ['Isense&motT_OCP&OTP', 'IsenseNode2'], ['Isense&motT_OCP&OTP', 'IsenseNode3']]
02-18 03:12:10 com_github_MitjaNemec_ReplicateLayout.action_replicate_layout 240:Replicating layout
02-18 03:12:10 com_github_MitjaNemec_ReplicateLayout.replicate_layout 288:Starting replication of sheets: [['Isense&motT_OCP&OTP', 'IsenseNode1'], ['Isense&motT_OCP&OTP', 'IsenseNode2'], ['Isense&motT_OCP&OTP', 'IsenseNode3']]
on level: ['Isense&motT_OCP&OTP', 'IsenseNode']
with tracks=True, zone=True, text=True, text=True, intersecting=False, remove=True, locked footprints=False, group_only=False
02-18 03:12:10 root 332:updating GUI message: 'Preparing for replication'
02-18 03:12:10 root 337:updating GUI with: 0
02-18 03:12:10 com_github_MitjaNemec_ReplicateLayout.replicate_layout 358:Getting the list of source footprints
02-18 03:12:10 com_github_MitjaNemec_ReplicateLayout.replicate_layout 368:Getting the list of all the remaining footprints
02-18 03:12:10 com_github_MitjaNemec_ReplicateLayout.replicate_layout 375:Getting source tracks
02-18 03:12:10 com_github_MitjaNemec_ReplicateLayout.replicate_layout 1331:Filtering list of tracks
02-18 03:12:10 com_github_MitjaNemec_ReplicateLayout.replicate_layout 379:Getting source zones
02-18 03:12:10 com_github_MitjaNemec_ReplicateLayout.replicate_layout 383:Getting source text items
02-18 03:12:10 root 337:updating GUI with: 66
02-18 03:12:10 com_github_MitjaNemec_ReplicateLayout.replicate_layout 387:Getting source drawing items
02-18 03:12:10 com_github_MitjaNemec_ReplicateLayout.replicate_layout 320:Removing tracks and zones, before footprint placement
02-18 03:12:10 root 332:updating GUI message: 'Removing zones and tracks'
02-18 03:12:10 com_github_MitjaNemec_ReplicateLayout.replicate_layout 1277:Remove bounding box top:129548750, bottom:141895000, Left:170505000, Right:177198750
02-18 03:12:10 root 337:updating GUI with: 33
02-18 03:12:10 com_github_MitjaNemec_ReplicateLayout.replicate_layout 1277:Remove bounding box top:171763750, bottom:178457500, Left:112548750, Right:124895000
02-18 03:12:10 com_github_MitjaNemec_ReplicateLayout.replicate_layout 1277:Remove bounding box top:117598750, bottom:124292500, Left:171256250, Right:183602500
02-18 03:12:10 root 332:updating GUI message: 'Replicating footprints'
02-18 03:12:10 root 337:updating GUI with: 0
02-18 03:12:10 com_github_MitjaNemec_ReplicateLayout.replicate_layout 861:Replicating footprints
02-18 03:12:10 com_github_MitjaNemec_ReplicateLayout.replicate_layout 868:Replicating footprints on sheet ['Isense&motT_OCP&OTP', 'IsenseNode1']
02-18 03:12:10 com_github_MitjaNemec_ReplicateLayout.replicate_layout 985:Src text UUid:8eba41d1-8c83-43bf-ab17-a12ae5fe00ab
02-18 03:12:10 com_github_MitjaNemec_ReplicateLayout.replicate_layout 986:Dst text UUid:e384d1f6-bbd7-4430-ae25-172be6d41aba
02-18 03:12:10 com_github_MitjaNemec_ReplicateLayout.replicate_layout 985:Src text UUid:4c6d05bb-3833-4821-868c-927ad49c6e32
02-18 03:12:10 com_github_MitjaNemec_ReplicateLayout.replicate_layout 986:Dst text UUid:daa67c16-26bc-4622-b6ac-7b5f38d51466
02-18 03:12:10 com_github_MitjaNemec_ReplicateLayout.replicate_layout 985:Src text UUid:ad571601-c04e-4240-9d9e-8b8b4d7c29cb
02-18 03:12:10 com_github_MitjaNemec_ReplicateLayout.replicate_layout 986:Dst text UUid:9e8d3e7a-53cf-4d28-9a3a-f592944b3971
02-18 03:12:10 com_github_MitjaNemec_ReplicateLayout.replicate_layout 985:Src text UUid:7273836d-0303-4d47-ad74-0ed8be75eec0
02-18 03:12:10 com_github_MitjaNemec_ReplicateLayout.replicate_layout 986:Dst text UUid:a6d68d86-37f7-4056-84d4-15a467fa356a
02-18 03:12:10 com_github_MitjaNemec_ReplicateLayout.replicate_layout 985:Src text UUid:516df78c-834a-47f3-9224-e70c539105dd
02-18 03:12:10 com_github_MitjaNemec_ReplicateLayout.replicate_layout 986:Dst text UUid:486644ca-10c8-40e8-941a-b897c92c3a92
02-18 03:12:10 com_github_MitjaNemec_ReplicateLayout.replicate_layout 985:Src text UUid:70ab601b-19d4-4df0-b16c-63829df48b54
02-18 03:12:10 com_github_MitjaNemec_ReplicateLayout.replicate_layout 986:Dst text UUid:22bad300-00d7-4a9f-a1e2-c353ad684a1d
02-18 03:12:10 com_github_MitjaNemec_ReplicateLayout.replicate_layout 985:Src text UUid:f05496b6-1698-4e85-af0a-38b00ffedd0f
02-18 03:12:10 com_github_MitjaNemec_ReplicateLayout.replicate_layout 986:Dst text UUid:6e286fe3-de70-4f41-8ea9-1d1a5847fbc1
02-18 03:12:10 com_github_MitjaNemec_ReplicateLayout.replicate_layout 985:Src text UUid:c13b7cb9-1e40-4dae-a2b0-af322836837a
02-18 03:12:10 com_github_MitjaNemec_ReplicateLayout.replicate_layout 986:Dst text UUid:e4e0c839-744e-4929-8562-906e32653bcf
02-18 03:12:10 com_github_MitjaNemec_ReplicateLayout.replicate_layout 985:Src text UUid:9c4a3a23-78e4-46e6-b117-19362421024e
02-18 03:12:10 com_github_MitjaNemec_ReplicateLayout.replicate_layout 986:Dst text UUid:e02a1b4a-d1f3-422e-a92a-3d06cb301c9c
02-18 03:12:10 com_github_MitjaNemec_ReplicateLayout.replicate_layout 985:Src text UUid:cc552ede-8c88-4abf-b74b-48adf14f009b
02-18 03:12:10 com_github_MitjaNemec_ReplicateLayout.replicate_layout 986:Dst text UUid:c601bdf7-d62c-4eea-b440-8f1b1109be8c
02-18 03:12:10 com_github_MitjaNemec_ReplicateLayout.replicate_layout 985:Src text UUid:7f337cb6-37dc-4f0c-b105-79a79972aeda
02-18 03:12:10 com_github_MitjaNemec_ReplicateLayout.replicate_layout 986:Dst text UUid:b0146dad-d03d-421e-891f-141d607c0d78
02-18 03:12:10 com_github_MitjaNemec_ReplicateLayout.replicate_layout 985:Src text UUid:50bcbc0c-0c1d-4dcf-a06f-fa4eda3180ca
02-18 03:12:10 com_github_MitjaNemec_ReplicateLayout.replicate_layout 986:Dst text UUid:b927ba13-048b-4200-97f5-5fe0ab074840
02-18 03:12:10 com_github_MitjaNemec_ReplicateLayout.replicate_layout 985:Src text UUid:89d2b7a8-42d6-42ec-ac34-20034498f123
02-18 03:12:10 com_github_MitjaNemec_ReplicateLayout.replicate_layout 986:Dst text UUid:3268e088-e56b-4446-92b0-4fb43f7384c0
02-18 03:12:10 com_github_MitjaNemec_ReplicateLayout.replicate_layout 985:Src text UUid:bbca8a8a-2dc4-4fb4-bd86-35577c3193b3
02-18 03:12:10 com_github_MitjaNemec_ReplicateLayout.replicate_layout 986:Dst text UUid:89513a00-60b3-49e6-831a-763a7a69152c
02-18 03:12:10 com_github_MitjaNemec_ReplicateLayout.replicate_layout 985:Src text UUid:5ef3f19f-5549-4d22-8a63-f8620f0eee11
02-18 03:12:10 com_github_MitjaNemec_ReplicateLayout.replicate_layout 986:Dst text UUid:0dadb8ee-8808-4dfd-b855-dd1de8062611
02-18 03:12:10 com_github_MitjaNemec_ReplicateLayout.replicate_layout 985:Src text UUid:29cb2a93-9019-4369-add0-068f5e05cf4a
02-18 03:12:10 com_github_MitjaNemec_ReplicateLayout.replicate_layout 986:Dst text UUid:6480c5cd-7fbe-4cc0-97c2-790b66f05a13
02-18 03:12:10 com_github_MitjaNemec_ReplicateLayout.replicate_layout 985:Src text UUid:89c2b639-9ffd-480d-a88d-afba724ae3a6
02-18 03:12:10 com_github_MitjaNemec_ReplicateLayout.replicate_layout 986:Dst text UUid:81c7c601-d13b-49e3-9cee-7c117ab01cc1
02-18 03:12:10 com_github_MitjaNemec_ReplicateLayout.replicate_layout 985:Src text UUid:e7145153-f01b-4453-8148-e260bdcdb02c
02-18 03:12:10 com_github_MitjaNemec_ReplicateLayout.replicate_layout 986:Dst text UUid:c1eacf39-aaa1-4ddd-99a1-339c8f50b01f
02-18 03:12:10 com_github_MitjaNemec_ReplicateLayout.replicate_layout 985:Src text UUid:36c02150-49a7-4ce1-aae1-2f4356f0bcfa
02-18 03:12:10 com_github_MitjaNemec_ReplicateLayout.replicate_layout 986:Dst text UUid:74cb873a-2bb6-4f50-914b-ae04f4f756c9
02-18 03:12:10 com_github_MitjaNemec_ReplicateLayout.replicate_layout 985:Src text UUid:5654e8a6-62f8-472c-9cd7-7a37a3776914
02-18 03:12:10 com_github_MitjaNemec_ReplicateLayout.replicate_layout 986:Dst text UUid:c81795e8-dfb1-4fe2-9639-564e3cdf41a9
02-18 03:12:10 com_github_MitjaNemec_ReplicateLayout.replicate_layout 985:Src text UUid:137cb20f-fb23-4e8b-b395-d9f141bdf7ee
02-18 03:12:10 com_github_MitjaNemec_ReplicateLayout.replicate_layout 986:Dst text UUid:58b07615-b482-4e6d-80bf-e6b8379afe37
02-18 03:12:10 com_github_MitjaNemec_ReplicateLayout.replicate_layout 868:Replicating footprints on sheet ['Isense&motT_OCP&OTP', 'IsenseNode2']
02-18 03:12:10 com_github_MitjaNemec_ReplicateLayout.replicate_layout 985:Src text UUid:8eba41d1-8c83-43bf-ab17-a12ae5fe00ab
02-18 03:12:10 com_github_MitjaNemec_ReplicateLayout.replicate_layout 986:Dst text UUid:d0383c8c-a1ca-43aa-aa89-f9e6c9dc8d74
02-18 03:12:10 com_github_MitjaNemec_ReplicateLayout.replicate_layout 985:Src text UUid:4c6d05bb-3833-4821-868c-927ad49c6e32
02-18 03:12:10 com_github_MitjaNemec_ReplicateLayout.replicate_layout 986:Dst text UUid:b807deb5-0d91-4d9f-9a4d-7d75474390eb
02-18 03:12:10 com_github_MitjaNemec_ReplicateLayout.replicate_layout 985:Src text UUid:ad571601-c04e-4240-9d9e-8b8b4d7c29cb
02-18 03:12:10 com_github_MitjaNemec_ReplicateLayout.replicate_layout 986:Dst text UUid:93285fbc-61a0-4b17-aacc-703f1dd6e0a7
02-18 03:12:10 com_github_MitjaNemec_ReplicateLayout.replicate_layout 985:Src text UUid:7273836d-0303-4d47-ad74-0ed8be75eec0
02-18 03:12:10 com_github_MitjaNemec_ReplicateLayout.replicate_layout 986:Dst text UUid:f649cf3d-ef75-40d9-b2bc-d2243680aab9
02-18 03:12:10 com_github_MitjaNemec_ReplicateLayout.replicate_layout 985:Src text UUid:516df78c-834a-47f3-9224-e70c539105dd
02-18 03:12:10 com_github_MitjaNemec_ReplicateLayout.replicate_layout 986:Dst text UUid:2903725e-9c9a-402c-8102-0e822dc286db
02-18 03:12:10 com_github_MitjaNemec_ReplicateLayout.replicate_layout 985:Src text UUid:70ab601b-19d4-4df0-b16c-63829df48b54
02-18 03:12:10 com_github_MitjaNemec_ReplicateLayout.replicate_layout 986:Dst text UUid:c2c7cae8-01c1-4865-ab59-8f59fc094800
02-18 03:12:10 com_github_MitjaNemec_ReplicateLayout.replicate_layout 985:Src text UUid:f05496b6-1698-4e85-af0a-38b00ffedd0f
02-18 03:12:10 com_github_MitjaNemec_ReplicateLayout.replicate_layout 986:Dst text UUid:1256ba4e-6717-472b-b640-f67c5e639af4
02-18 03:12:10 com_github_MitjaNemec_ReplicateLayout.replicate_layout 985:Src text UUid:c13b7cb9-1e40-4dae-a2b0-af322836837a
02-18 03:12:10 com_github_MitjaNemec_ReplicateLayout.replicate_layout 986:Dst text UUid:706283c5-e401-4557-8f0e-5eb3247faf07
02-18 03:12:10 com_github_MitjaNemec_ReplicateLayout.replicate_layout 985:Src text UUid:9c4a3a23-78e4-46e6-b117-19362421024e
02-18 03:12:10 com_github_MitjaNemec_ReplicateLayout.replicate_layout 986:Dst text UUid:29ce62f7-fd25-41c1-aee0-0637a6756324
02-18 03:12:10 com_github_MitjaNemec_ReplicateLayout.replicate_layout 985:Src text UUid:cc552ede-8c88-4abf-b74b-48adf14f009b
02-18 03:12:10 com_github_MitjaNemec_ReplicateLayout.replicate_layout 986:Dst text UUid:85704b31-556b-496e-8a85-e58085c82faf
02-18 03:12:10 com_github_MitjaNemec_ReplicateLayout.replicate_layout 985:Src text UUid:7f337cb6-37dc-4f0c-b105-79a79972aeda
02-18 03:12:10 com_github_MitjaNemec_ReplicateLayout.replicate_layout 986:Dst text UUid:18f62d52-a5a2-448c-b8da-58e9c8bfd526
02-18 03:12:10 com_github_MitjaNemec_ReplicateLayout.replicate_layout 985:Src text UUid:50bcbc0c-0c1d-4dcf-a06f-fa4eda3180ca
02-18 03:12:10 com_github_MitjaNemec_ReplicateLayout.replicate_layout 986:Dst text UUid:4bbafb9a-5874-41ea-90e2-c50d97447eeb
02-18 03:12:10 com_github_MitjaNemec_ReplicateLayout.replicate_layout 985:Src text UUid:89d2b7a8-42d6-42ec-ac34-20034498f123
02-18 03:12:10 com_github_MitjaNemec_ReplicateLayout.replicate_layout 986:Dst text UUid:4c6d632c-e8ff-4b4a-9962-0c2baf878145
02-18 03:12:10 com_github_MitjaNemec_ReplicateLayout.replicate_layout 985:Src text UUid:bbca8a8a-2dc4-4fb4-bd86-35577c3193b3
02-18 03:12:10 com_github_MitjaNemec_ReplicateLayout.replicate_layout 986:Dst text UUid:ce776bd2-ef98-47d6-91d5-a84004e08914
02-18 03:12:10 com_github_MitjaNemec_ReplicateLayout.replicate_layout 985:Src text UUid:5ef3f19f-5549-4d22-8a63-f8620f0eee11
02-18 03:12:10 com_github_MitjaNemec_ReplicateLayout.replicate_layout 986:Dst text UUid:1ad359eb-7acf-4087-ac89-7d6bc9f54203
02-18 03:12:10 com_github_MitjaNemec_ReplicateLayout.replicate_layout 985:Src text UUid:29cb2a93-9019-4369-add0-068f5e05cf4a
02-18 03:12:10 com_github_MitjaNemec_ReplicateLayout.replicate_layout 986:Dst text UUid:3c3a8e61-7fdc-4c5d-bf81-bd170dca81a6
02-18 03:12:10 com_github_MitjaNemec_ReplicateLayout.replicate_layout 985:Src text UUid:89c2b639-9ffd-480d-a88d-afba724ae3a6
02-18 03:12:10 com_github_MitjaNemec_ReplicateLayout.replicate_layout 986:Dst text UUid:1044660d-4fc9-4ac6-87e1-a4535adad0a3
02-18 03:12:10 com_github_MitjaNemec_ReplicateLayout.replicate_layout 985:Src text UUid:e7145153-f01b-4453-8148-e260bdcdb02c
02-18 03:12:10 com_github_MitjaNemec_ReplicateLayout.replicate_layout 986:Dst text UUid:8587c6fb-0577-4413-88c6-44a7ef3482aa
02-18 03:12:10 com_github_MitjaNemec_ReplicateLayout.replicate_layout 985:Src text UUid:36c02150-49a7-4ce1-aae1-2f4356f0bcfa
02-18 03:12:10 com_github_MitjaNemec_ReplicateLayout.replicate_layout 986:Dst text UUid:3263d89a-d290-4bd2-b7af-4954b5cdb9a8
02-18 03:12:10 com_github_MitjaNemec_ReplicateLayout.replicate_layout 985:Src text UUid:5654e8a6-62f8-472c-9cd7-7a37a3776914
02-18 03:12:10 com_github_MitjaNemec_ReplicateLayout.replicate_layout 986:Dst text UUid:f4ced7b0-e60b-4341-9efb-2dd9e2d08696
02-18 03:12:10 com_github_MitjaNemec_ReplicateLayout.replicate_layout 985:Src text UUid:137cb20f-fb23-4e8b-b395-d9f141bdf7ee
02-18 03:12:10 com_github_MitjaNemec_ReplicateLayout.replicate_layout 986:Dst text UUid:35f8b6ca-6252-4835-9d99-2adbce66cf8b
02-18 03:12:10 com_github_MitjaNemec_ReplicateLayout.replicate_layout 868:Replicating footprints on sheet ['Isense&motT_OCP&OTP', 'IsenseNode3']
02-18 03:12:10 com_github_MitjaNemec_ReplicateLayout.replicate_layout 985:Src text UUid:8eba41d1-8c83-43bf-ab17-a12ae5fe00ab
02-18 03:12:10 com_github_MitjaNemec_ReplicateLayout.replicate_layout 986:Dst text UUid:f7ae67b6-d1ce-464f-b52f-7f61bdc950e1
02-18 03:12:10 com_github_MitjaNemec_ReplicateLayout.replicate_layout 985:Src text UUid:4c6d05bb-3833-4821-868c-927ad49c6e32
02-18 03:12:10 com_github_MitjaNemec_ReplicateLayout.replicate_layout 986:Dst text UUid:3e676e34-e642-4e70-b5ff-6c27103db848
02-18 03:12:10 com_github_MitjaNemec_ReplicateLayout.replicate_layout 985:Src text UUid:ad571601-c04e-4240-9d9e-8b8b4d7c29cb
02-18 03:12:10 com_github_MitjaNemec_ReplicateLayout.replicate_layout 986:Dst text UUid:88ab6c64-5d48-40db-a5f7-44095e7d360f
02-18 03:12:10 com_github_MitjaNemec_ReplicateLayout.replicate_layout 985:Src text UUid:7273836d-0303-4d47-ad74-0ed8be75eec0
02-18 03:12:10 com_github_MitjaNemec_ReplicateLayout.replicate_layout 986:Dst text UUid:45e09c65-27e9-4541-a64c-783d90b176fe
02-18 03:12:10 com_github_MitjaNemec_ReplicateLayout.replicate_layout 985:Src text UUid:516df78c-834a-47f3-9224-e70c539105dd
02-18 03:12:10 com_github_MitjaNemec_ReplicateLayout.replicate_layout 986:Dst text UUid:e208aa99-b802-4085-a2cc-7c84bfa9a73f
02-18 03:12:10 com_github_MitjaNemec_ReplicateLayout.replicate_layout 985:Src text UUid:70ab601b-19d4-4df0-b16c-63829df48b54
02-18 03:12:10 com_github_MitjaNemec_ReplicateLayout.replicate_layout 986:Dst text UUid:acd1b5b7-e249-4476-9156-ea0de2221bb7
02-18 03:12:10 com_github_MitjaNemec_ReplicateLayout.replicate_layout 985:Src text UUid:f05496b6-1698-4e85-af0a-38b00ffedd0f
02-18 03:12:10 com_github_MitjaNemec_ReplicateLayout.replicate_layout 986:Dst text UUid:1c262c06-a933-46b9-814c-c79c4fbe1663
02-18 03:12:10 com_github_MitjaNemec_ReplicateLayout.replicate_layout 985:Src text UUid:c13b7cb9-1e40-4dae-a2b0-af322836837a
02-18 03:12:10 com_github_MitjaNemec_ReplicateLayout.replicate_layout 986:Dst text UUid:3ea4a380-38b3-4df5-b2af-f8523e41c2a9
02-18 03:12:10 com_github_MitjaNemec_ReplicateLayout.replicate_layout 985:Src text UUid:9c4a3a23-78e4-46e6-b117-19362421024e
02-18 03:12:10 com_github_MitjaNemec_ReplicateLayout.replicate_layout 986:Dst text UUid:6b736c17-57fe-4aa1-aeb9-901d419c5d98
02-18 03:12:10 com_github_MitjaNemec_ReplicateLayout.replicate_layout 985:Src text UUid:cc552ede-8c88-4abf-b74b-48adf14f009b
02-18 03:12:10 com_github_MitjaNemec_ReplicateLayout.replicate_layout 986:Dst text UUid:3a1bd281-cd95-4965-9f21-6d020bcf3935
02-18 03:12:10 com_github_MitjaNemec_ReplicateLayout.replicate_layout 985:Src text UUid:7f337cb6-37dc-4f0c-b105-79a79972aeda
02-18 03:12:10 com_github_MitjaNemec_ReplicateLayout.replicate_layout 986:Dst text UUid:e403898b-ad98-4fb2-a378-185edfbec4d7
02-18 03:12:10 com_github_MitjaNemec_ReplicateLayout.replicate_layout 985:Src text UUid:50bcbc0c-0c1d-4dcf-a06f-fa4eda3180ca
02-18 03:12:10 com_github_MitjaNemec_ReplicateLayout.replicate_layout 986:Dst text UUid:04ce69d3-b1b8-4b9b-ad1d-557cb7bd9334
02-18 03:12:10 com_github_MitjaNemec_ReplicateLayout.replicate_layout 985:Src text UUid:89d2b7a8-42d6-42ec-ac34-20034498f123
02-18 03:12:10 com_github_MitjaNemec_ReplicateLayout.replicate_layout 986:Dst text UUid:786c5488-3664-41d2-8cd3-103db3d296c2
02-18 03:12:10 com_github_MitjaNemec_ReplicateLayout.replicate_layout 985:Src text UUid:bbca8a8a-2dc4-4fb4-bd86-35577c3193b3
02-18 03:12:10 com_github_MitjaNemec_ReplicateLayout.replicate_layout 986:Dst text UUid:081f0e76-9b2e-41f6-a1cf-0a110f17c06d
02-18 03:12:10 com_github_MitjaNemec_ReplicateLayout.replicate_layout 985:Src text UUid:5ef3f19f-5549-4d22-8a63-f8620f0eee11
02-18 03:12:10 com_github_MitjaNemec_ReplicateLayout.replicate_layout 986:Dst text UUid:777b273a-aedb-41dd-9a78-e8ffd08627cd
02-18 03:12:10 com_github_MitjaNemec_ReplicateLayout.replicate_layout 985:Src text UUid:29cb2a93-9019-4369-add0-068f5e05cf4a
02-18 03:12:10 com_github_MitjaNemec_ReplicateLayout.replicate_layout 986:Dst text UUid:b0276207-670a-42da-a54b-eada80c5c822
02-18 03:12:10 com_github_MitjaNemec_ReplicateLayout.replicate_layout 985:Src text UUid:89c2b639-9ffd-480d-a88d-afba724ae3a6
02-18 03:12:10 com_github_MitjaNemec_ReplicateLayout.replicate_layout 986:Dst text UUid:29d6a932-9d55-4720-b84a-098fdf577830
02-18 03:12:10 com_github_MitjaNemec_ReplicateLayout.replicate_layout 985:Src text UUid:e7145153-f01b-4453-8148-e260bdcdb02c
02-18 03:12:10 com_github_MitjaNemec_ReplicateLayout.replicate_layout 986:Dst text UUid:1916a44d-19cf-43f5-8dff-12927dac78ed
02-18 03:12:10 com_github_MitjaNemec_ReplicateLayout.replicate_layout 985:Src text UUid:36c02150-49a7-4ce1-aae1-2f4356f0bcfa
02-18 03:12:10 com_github_MitjaNemec_ReplicateLayout.replicate_layout 986:Dst text UUid:8d808860-fd29-49ec-a316-36171dfb696c
02-18 03:12:10 com_github_MitjaNemec_ReplicateLayout.replicate_layout 985:Src text UUid:5654e8a6-62f8-472c-9cd7-7a37a3776914
02-18 03:12:10 com_github_MitjaNemec_ReplicateLayout.replicate_layout 986:Dst text UUid:3d4b1c32-76e4-406f-952b-a7779f56e698
02-18 03:12:10 com_github_MitjaNemec_ReplicateLayout.replicate_layout 985:Src text UUid:137cb20f-fb23-4e8b-b395-d9f141bdf7ee
02-18 03:12:10 com_github_MitjaNemec_ReplicateLayout.replicate_layout 986:Dst text UUid:638b6b04-a2b7-4189-8c0c-85db2e1ef25b
02-18 03:12:10 com_github_MitjaNemec_ReplicateLayout.replicate_layout 328:Removing tracks and zones, after footprint placement
02-18 03:12:10 root 332:updating GUI message: 'Removing zones and tracks'
02-18 03:12:10 com_github_MitjaNemec_ReplicateLayout.replicate_layout 1277:Remove bounding box top:135845000, bottom:141895000, Left:170505000, Right:176695000
02-18 03:12:10 root 337:updating GUI with: 33
02-18 03:12:10 com_github_MitjaNemec_ReplicateLayout.replicate_layout 1277:Remove bounding box top:172267500, bottom:178457500, Left:118845000, Right:124895000
02-18 03:12:10 com_github_MitjaNemec_ReplicateLayout.replicate_layout 1277:Remove bounding box top:118102500, bottom:124292500, Left:177552500, Right:183602500
02-18 03:12:10 root 332:updating GUI message: 'Replicating tracks'
02-18 03:12:10 root 337:updating GUI with: 0
02-18 03:12:10 com_github_MitjaNemec_ReplicateLayout.replicate_layout 1009:Replicating tracks
02-18 03:12:10 com_github_MitjaNemec_ReplicateLayout.replicate_layout 1015:Replicating tracks on sheet ['Isense&motT_OCP&OTP', 'IsenseNode1']
02-18 03:12:10 com_github_MitjaNemec_ReplicateLayout.replicate_layout 792:Net pairs for sheet ['Isense&motT_OCP&OTP', 'IsenseNode1'] :[('/Isense&motT_OCP&OTP/IsenseNode/IN-', '/Isense&motT_OCP&OTP/IsenseNode1/IN-'), ('/Isense&motT_OCP&OTP/Isense_DC', '/Isense&motT_OCP&OTP/Isense_U'), ('Net-(U3-+)', 'Net-(U7-+)'), ('/Isense&motT_OCP&OTP/IsenseNode/IN+', '/Isense&motT_OCP&OTP/IsenseNode1/IN+'), ('Net-(U3--)', 'Net-(U7--)'), ('/Isense&motT_OCP&OTP/Vref_1.65V', '/Isense&motT_OCP&OTP/Vref_1.65V'), ('+5V', '+5V'), ('Net-(U3-V+)', 'Net-(U7-V+)'), ('GND', 'GND')]
02-18 03:12:10 com_github_MitjaNemec_ReplicateLayout.replicate_layout 1015:Replicating tracks on sheet ['Isense&motT_OCP&OTP', 'IsenseNode2']
02-18 03:12:10 com_github_MitjaNemec_ReplicateLayout.replicate_layout 792:Net pairs for sheet ['Isense&motT_OCP&OTP', 'IsenseNode2'] :[('/Isense&motT_OCP&OTP/IsenseNode/IN+', '/Isense&motT_OCP&OTP/IsenseNode2/IN+'), ('/Isense&motT_OCP&OTP/Vref_1.65V', '/Isense&motT_OCP&OTP/Vref_1.65V'), ('Net-(U3-V+)', 'Net-(U8-V+)'), ('+5V', '+5V'), ('/Isense&motT_OCP&OTP/Isense_DC', '/Isense&motT_OCP&OTP/Isense_V'), ('Net-(U3--)', 'Net-(U8--)'), ('/Isense&motT_OCP&OTP/IsenseNode/IN-', '/Isense&motT_OCP&OTP/IsenseNode2/IN-'), ('GND', 'GND'), ('Net-(U3-+)', 'Net-(U8-+)')]
02-18 03:12:10 com_github_MitjaNemec_ReplicateLayout.replicate_layout 1015:Replicating tracks on sheet ['Isense&motT_OCP&OTP', 'IsenseNode3']
02-18 03:12:10 com_github_MitjaNemec_ReplicateLayout.replicate_layout 792:Net pairs for sheet ['Isense&motT_OCP&OTP', 'IsenseNode3'] :[('/Isense&motT_OCP&OTP/Vref_1.65V', '/Isense&motT_OCP&OTP/Vref_1.65V'), ('Net-(U3--)', 'Net-(U9--)'), ('/Isense&motT_OCP&OTP/IsenseNode/IN-', '/Isense&motT_OCP&OTP/IsenseNode3/IN-'), ('+5V', '+5V'), ('/Isense&motT_OCP&OTP/Isense_DC', '/Isense&motT_OCP&OTP/Isense_W'), ('Net-(U3-V+)', 'Net-(U9-V+)'), ('Net-(U3-+)', 'Net-(U9-+)'), ('GND', 'GND'), ('/Isense&motT_OCP&OTP/IsenseNode/IN+', '/Isense&motT_OCP&OTP/IsenseNode3/IN+')]
02-18 03:12:10 root 332:updating GUI message: 'Replicating zones'
02-18 03:12:10 com_github_MitjaNemec_ReplicateLayout.replicate_layout 1079:Replicating zones
02-18 03:12:10 com_github_MitjaNemec_ReplicateLayout.replicate_layout 1086:Replicating zones on sheet ['Isense&motT_OCP&OTP', 'IsenseNode1']
02-18 03:12:10 com_github_MitjaNemec_ReplicateLayout.replicate_layout 792:Net pairs for sheet ['Isense&motT_OCP&OTP', 'IsenseNode1'] :[('/Isense&motT_OCP&OTP/IsenseNode/IN-', '/Isense&motT_OCP&OTP/IsenseNode1/IN-'), ('/Isense&motT_OCP&OTP/Isense_DC', '/Isense&motT_OCP&OTP/Isense_U'), ('Net-(U3-+)', 'Net-(U7-+)'), ('/Isense&motT_OCP&OTP/IsenseNode/IN+', '/Isense&motT_OCP&OTP/IsenseNode1/IN+'), ('Net-(U3--)', 'Net-(U7--)'), ('/Isense&motT_OCP&OTP/Vref_1.65V', '/Isense&motT_OCP&OTP/Vref_1.65V'), ('+5V', '+5V'), ('Net-(U3-V+)', 'Net-(U7-V+)'), ('GND', 'GND')]
02-18 03:12:10 com_github_MitjaNemec_ReplicateLayout.replicate_layout 1086:Replicating zones on sheet ['Isense&motT_OCP&OTP', 'IsenseNode2']
02-18 03:12:10 com_github_MitjaNemec_ReplicateLayout.replicate_layout 792:Net pairs for sheet ['Isense&motT_OCP&OTP', 'IsenseNode2'] :[('/Isense&motT_OCP&OTP/IsenseNode/IN+', '/Isense&motT_OCP&OTP/IsenseNode2/IN+'), ('/Isense&motT_OCP&OTP/Vref_1.65V', '/Isense&motT_OCP&OTP/Vref_1.65V'), ('Net-(U3-V+)', 'Net-(U8-V+)'), ('+5V', '+5V'), ('/Isense&motT_OCP&OTP/Isense_DC', '/Isense&motT_OCP&OTP/Isense_V'), ('Net-(U3--)', 'Net-(U8--)'), ('/Isense&motT_OCP&OTP/IsenseNode/IN-', '/Isense&motT_OCP&OTP/IsenseNode2/IN-'), ('GND', 'GND'), ('Net-(U3-+)', 'Net-(U8-+)')]
02-18 03:12:10 com_github_MitjaNemec_ReplicateLayout.replicate_layout 1086:Replicating zones on sheet ['Isense&motT_OCP&OTP', 'IsenseNode3']
02-18 03:12:10 com_github_MitjaNemec_ReplicateLayout.replicate_layout 792:Net pairs for sheet ['Isense&motT_OCP&OTP', 'IsenseNode3'] :[('/Isense&motT_OCP&OTP/Vref_1.65V', '/Isense&motT_OCP&OTP/Vref_1.65V'), ('Net-(U3--)', 'Net-(U9--)'), ('/Isense&motT_OCP&OTP/IsenseNode/IN-', '/Isense&motT_OCP&OTP/IsenseNode3/IN-'), ('+5V', '+5V'), ('/Isense&motT_OCP&OTP/Isense_DC', '/Isense&motT_OCP&OTP/Isense_W'), ('Net-(U3-V+)', 'Net-(U9-V+)'), ('Net-(U3-+)', 'Net-(U9-+)'), ('GND', 'GND'), ('/Isense&motT_OCP&OTP/IsenseNode/IN+', '/Isense&motT_OCP&OTP/IsenseNode3/IN+')]
02-18 03:12:10 root 332:updating GUI message: 'Replicating text'
02-18 03:12:10 com_github_MitjaNemec_ReplicateLayout.replicate_layout 1168:Replicating text
02-18 03:12:10 com_github_MitjaNemec_ReplicateLayout.replicate_layout 1175:Replicating text on sheet ['Isense&motT_OCP&OTP', 'IsenseNode1']
02-18 03:12:10 com_github_MitjaNemec_ReplicateLayout.replicate_layout 1175:Replicating text on sheet ['Isense&motT_OCP&OTP', 'IsenseNode2']
02-18 03:12:10 com_github_MitjaNemec_ReplicateLayout.replicate_layout 1175:Replicating text on sheet ['Isense&motT_OCP&OTP', 'IsenseNode3']
02-18 03:12:10 root 332:updating GUI message: 'Replicating drawings'
02-18 03:12:10 com_github_MitjaNemec_ReplicateLayout.replicate_layout 1219:Replicating drawings
02-18 03:12:10 com_github_MitjaNemec_ReplicateLayout.replicate_layout 1225:Replicating drawings on sheet ['Isense&motT_OCP&OTP', 'IsenseNode1']
02-18 03:12:10 com_github_MitjaNemec_ReplicateLayout.replicate_layout 1225:Replicating drawings on sheet ['Isense&motT_OCP&OTP', 'IsenseNode2']
02-18 03:12:10 com_github_MitjaNemec_ReplicateLayout.replicate_layout 1225:Replicating drawings on sheet ['Isense&motT_OCP&OTP', 'IsenseNode3']
02-18 03:12:11 com_github_MitjaNemec_ReplicateLayout.action_replicate_layout 256:Replication complete
