10-24 21:45:22 com_github_MitjaNemec_PlaceFootprints.action_place_footprints 647:Plugin executed on: 'win32'
10-24 21:45:22 com_github_MitjaNemec_PlaceFootprints.action_place_footprints 648:Plugin executed with python version: '3.11.5 (main, Jul 16 2024, 08:01:06) [MSC v.1939 64 bit (AMD64)]'
10-24 21:45:22 com_github_MitjaNemec_PlaceFootprints.action_place_footprints 649:KiCad build version: 8.0.4
10-24 21:45:22 com_github_MitjaNemec_PlaceFootprints.action_place_footprints 650:Plugin version: 3.0.0
10-24 21:45:22 com_github_MitjaNemec_PlaceFootprints.action_place_footprints 651:Frame repr: <wx._core.Frame object at 0x0000018463A48310>
10-24 21:45:22 com_github_MitjaNemec_PlaceFootprints.place_footprints 121:getting a list of all footprints on board
10-24 21:45:22 com_github_MitjaNemec_PlaceFootprints.place_footprints 156:Footprint J16 on root level
10-24 21:45:22 com_github_MitjaNemec_PlaceFootprints.place_footprints 156:Footprint H4 on root level
10-24 21:45:22 com_github_MitjaNemec_PlaceFootprints.place_footprints 156:Footprint H3 on root level
10-24 21:45:22 com_github_MitjaNemec_PlaceFootprints.place_footprints 156:Footprint H2 on root level
10-24 21:45:22 com_github_MitjaNemec_PlaceFootprints.place_footprints 156:Footprint H1 on root level
10-24 21:45:22 com_github_MitjaNemec_PlaceFootprints.place_footprints 156:Footprint J2 on root level
10-24 21:45:22 com_github_MitjaNemec_PlaceFootprints.place_footprints 156:Footprint R3 on root level
10-24 21:45:22 com_github_MitjaNemec_PlaceFootprints.place_footprints 156:Footprint R2 on root level
10-24 21:45:22 com_github_MitjaNemec_PlaceFootprints.place_footprints 156:Footprint R1 on root level
10-24 21:45:22 com_github_MitjaNemec_PlaceFootprints.place_footprints 156:Footprint J15 on root level
10-24 21:45:22 com_github_MitjaNemec_PlaceFootprints.place_footprints 156:Footprint J14 on root level
10-24 21:45:22 com_github_MitjaNemec_PlaceFootprints.place_footprints 156:Footprint J13 on root level
10-24 21:45:22 com_github_MitjaNemec_PlaceFootprints.place_footprints 156:Footprint J12 on root level
10-24 21:45:22 com_github_MitjaNemec_PlaceFootprints.place_footprints 156:Footprint J10 on root level
10-24 21:45:22 com_github_MitjaNemec_PlaceFootprints.place_footprints 156:Footprint J9 on root level
10-24 21:45:22 com_github_MitjaNemec_PlaceFootprints.place_footprints 156:Footprint J8 on root level
10-24 21:45:22 com_github_MitjaNemec_PlaceFootprints.place_footprints 156:Footprint J7 on root level
10-24 21:45:22 com_github_MitjaNemec_PlaceFootprints.place_footprints 156:Footprint J6 on root level
10-24 21:45:22 com_github_MitjaNemec_PlaceFootprints.place_footprints 156:Footprint J5 on root level
10-24 21:45:22 com_github_MitjaNemec_PlaceFootprints.place_footprints 156:Footprint J4 on root level
10-24 21:45:22 com_github_MitjaNemec_PlaceFootprints.place_footprints 156:Footprint J3 on root level
10-24 21:45:22 com_github_MitjaNemec_PlaceFootprints.place_footprints 156:Footprint J1 on root level
10-24 21:45:22 com_github_MitjaNemec_PlaceFootprints.place_footprints 156:Footprint J11 on root level
10-24 21:45:24 com_github_MitjaNemec_PlaceFootprints.action_place_footprints 830:Reference designator is: J
10-24 21:45:24 com_github_MitjaNemec_PlaceFootprints.action_place_footprints 831:Reference number is: 16
10-24 21:45:24 com_github_MitjaNemec_PlaceFootprints.action_place_footprints 863:Sorted and filtered list:
['J1', 'J2', 'J3', 'J4', 'J5', 'J6', 'J7', 'J8', 'J9', 'J10', 'J11', 'J12', 'J13', 'J14', 'J15', 'J16']
10-24 21:45:24 com_github_MitjaNemec_PlaceFootprints.action_place_footprints 359:wx.Colour(240, 240, 240, 255)
