03-19 01:49:29 com_github_MitjaNemec_ReplicateLayout.action_replicate_layout 392:Plugin executed on: 'win32'
03-19 01:49:29 com_github_MitjaNemec_ReplicateLayout.action_replicate_layout 393:Plugin executed with python version: '3.11.5 (main, Dec 24 2024, 05:27:06) [MSC v.1942 64 bit (AMD64)]'
03-19 01:49:29 com_github_MitjaNemec_ReplicateLayout.action_replicate_layout 394:KiCad build version: 8.0.8
03-19 01:49:29 com_github_MitjaNemec_ReplicateLayout.action_replicate_layout 395:Plugin version: 3.0.3
03-19 01:49:29 com_github_MitjaNemec_ReplicateLayout.action_replicate_layout 396:Frame repr: <wx._core.Frame object at 0x0000027FB9954F70>
03-19 01:49:29 com_github_MitjaNemec_ReplicateLayout.action_replicate_layout 420:Preparing replicator with RV8 as a reference
03-19 01:49:29 com_github_MitjaNemec_ReplicateLayout.replicate_layout 117:getting a list of all footprints on board
03-19 01:49:29 com_github_MitjaNemec_ReplicateLayout.action_replicate_layout 468:source anchor footprint is 'RV8'
Located on: ['BrightLight', 'brakelight']
With filenames: ['AboveLight.kicad_sch', 'buck.kicad_sch']
With sheet_id:['BrightLight', 'brakelight']
03-19 01:49:29 com_github_MitjaNemec_ReplicateLayout.action_replicate_layout 475:Corresponding footprints are 
[('RV8', ['BrightLight', 'brakelight']), ('RV7', ['BrightLight', 'TSSI green']), ('RV6', ['BrightLight', 'TSSI red'])]
03-19 01:49:29 com_github_MitjaNemec_ReplicateLayout.action_replicate_layout 487:Showing dialog
03-19 01:49:29 com_github_MitjaNemec_ReplicateLayout.replicate_layout 472:constructing a list of sheets suitable for replication on level:'brakelight', file:'buck.kicad_sch'
03-19 01:49:29 com_github_MitjaNemec_ReplicateLayout.replicate_layout 509:suitable sheets are:[['BrightLight', 'TSSI green'], ['BrightLight', 'TSSI red']]
03-19 01:49:29 com_github_MitjaNemec_ReplicateLayout.replicate_layout 1507:Level selected: ['BrightLight', 'brakelight']
03-19 01:49:29 com_github_MitjaNemec_ReplicateLayout.replicate_layout 1331:Filtering list of tracks
03-19 01:49:29 com_github_MitjaNemec_ReplicateLayout.action_replicate_layout 493:Toolbar position: wx.Point(1876, 1178)
03-19 01:49:29 com_github_MitjaNemec_ReplicateLayout.action_replicate_layout 498:Dialog position: wx.Point(1437, 1178)
03-19 01:49:32 com_github_MitjaNemec_ReplicateLayout.replicate_layout 472:constructing a list of sheets suitable for replication on level:'brakelight', file:'buck.kicad_sch'
03-19 01:49:32 com_github_MitjaNemec_ReplicateLayout.replicate_layout 509:suitable sheets are:[['BrightLight', 'TSSI green'], ['BrightLight', 'TSSI red']]
03-19 01:49:32 com_github_MitjaNemec_ReplicateLayout.replicate_layout 1507:Level selected: ['BrightLight', 'brakelight']
03-19 01:49:41 com_github_MitjaNemec_ReplicateLayout.replicate_layout 472:constructing a list of sheets suitable for replication on level:'brakelight', file:'buck.kicad_sch'
03-19 01:49:41 com_github_MitjaNemec_ReplicateLayout.replicate_layout 509:suitable sheets are:[['BrightLight', 'TSSI green'], ['BrightLight', 'TSSI red']]
03-19 01:49:41 com_github_MitjaNemec_ReplicateLayout.action_replicate_layout 240:Replicating layout
03-19 01:49:41 com_github_MitjaNemec_ReplicateLayout.replicate_layout 288:Starting replication of sheets: [['BrightLight', 'TSSI green'], ['BrightLight', 'TSSI red']]
on level: ['BrightLight', 'brakelight']
with tracks=False, zone=True, text=True, text=True, intersecting=False, remove=False, locked footprints=False, group_only=False
03-19 01:49:41 root 332:updating GUI message: 'Preparing for replication'
03-19 01:49:41 root 337:updating GUI with: 0
03-19 01:49:41 com_github_MitjaNemec_ReplicateLayout.replicate_layout 358:Getting the list of source footprints
03-19 01:49:41 com_github_MitjaNemec_ReplicateLayout.replicate_layout 368:Getting the list of all the remaining footprints
03-19 01:49:41 com_github_MitjaNemec_ReplicateLayout.replicate_layout 375:Getting source tracks
03-19 01:49:41 com_github_MitjaNemec_ReplicateLayout.replicate_layout 1331:Filtering list of tracks
03-19 01:49:41 com_github_MitjaNemec_ReplicateLayout.replicate_layout 379:Getting source zones
03-19 01:49:41 com_github_MitjaNemec_ReplicateLayout.replicate_layout 383:Getting source text items
03-19 01:49:41 com_github_MitjaNemec_ReplicateLayout.replicate_layout 387:Getting source drawing items
03-19 01:49:41 root 337:updating GUI with: 83
03-19 01:49:41 root 332:updating GUI message: 'Replicating footprints'
03-19 01:49:41 com_github_MitjaNemec_ReplicateLayout.replicate_layout 861:Replicating footprints
03-19 01:49:41 com_github_MitjaNemec_ReplicateLayout.replicate_layout 868:Replicating footprints on sheet ['BrightLight', 'TSSI green']
03-19 01:49:41 com_github_MitjaNemec_ReplicateLayout.replicate_layout 985:Src text UUid:ad7b8852-0875-440a-a4ef-402ce646014a
03-19 01:49:41 com_github_MitjaNemec_ReplicateLayout.replicate_layout 986:Dst text UUid:84a59952-7800-4d4a-8f30-6d9b12be970a
03-19 01:49:41 com_github_MitjaNemec_ReplicateLayout.replicate_layout 985:Src text UUid:7f8d05f6-4c9f-4a0c-a566-e920c655cf01
03-19 01:49:41 com_github_MitjaNemec_ReplicateLayout.replicate_layout 986:Dst text UUid:50fc19b7-664f-46d6-8362-028c3d2b4b63
03-19 01:49:41 com_github_MitjaNemec_ReplicateLayout.replicate_layout 985:Src text UUid:b5bc7d47-7bf7-4d24-bff2-c76c78dbb8ed
03-19 01:49:41 com_github_MitjaNemec_ReplicateLayout.replicate_layout 986:Dst text UUid:e77469f0-4802-4828-9a5c-b706ef355267
03-19 01:49:41 com_github_MitjaNemec_ReplicateLayout.replicate_layout 985:Src text UUid:17b663bc-ae92-4ea1-ae26-56c87d4a77fd
03-19 01:49:41 com_github_MitjaNemec_ReplicateLayout.replicate_layout 986:Dst text UUid:22bd8157-c25f-44db-9728-caf6ebb95503
03-19 01:49:41 com_github_MitjaNemec_ReplicateLayout.replicate_layout 985:Src text UUid:2cfc0e38-4931-434b-bca0-c8a43f535a01
03-19 01:49:41 com_github_MitjaNemec_ReplicateLayout.replicate_layout 986:Dst text UUid:0e8ef7fe-f967-4a84-ac37-aa47f94f95e3
03-19 01:49:41 com_github_MitjaNemec_ReplicateLayout.replicate_layout 985:Src text UUid:9efe896d-44c5-4b2c-a454-9dfbc51d7e0b
03-19 01:49:41 com_github_MitjaNemec_ReplicateLayout.replicate_layout 986:Dst text UUid:cec93f0a-bada-468d-9088-e3c88375afb6
03-19 01:49:41 com_github_MitjaNemec_ReplicateLayout.replicate_layout 985:Src text UUid:eb555a77-b4ca-42e1-8e91-444be9f8aa7a
03-19 01:49:41 com_github_MitjaNemec_ReplicateLayout.replicate_layout 986:Dst text UUid:78ac5a8a-b855-46f5-b77d-26b3d315abfe
03-19 01:49:41 com_github_MitjaNemec_ReplicateLayout.replicate_layout 985:Src text UUid:eb5e17a8-bf89-425a-9bdc-00eb8e0fa759
03-19 01:49:41 com_github_MitjaNemec_ReplicateLayout.replicate_layout 986:Dst text UUid:d96b9638-617c-403d-8fee-820a33bb5ef4
03-19 01:49:41 com_github_MitjaNemec_ReplicateLayout.replicate_layout 985:Src text UUid:054488ec-c224-4634-9a33-c6259a63e1ef
03-19 01:49:41 com_github_MitjaNemec_ReplicateLayout.replicate_layout 986:Dst text UUid:4641983b-e99c-4daf-a9ed-3f51e922a90e
03-19 01:49:41 root 337:updating GUI with: 10
03-19 01:49:41 com_github_MitjaNemec_ReplicateLayout.replicate_layout 985:Src text UUid:b124a262-f06d-40a7-8c5e-a9aea3cb6afb
03-19 01:49:41 com_github_MitjaNemec_ReplicateLayout.replicate_layout 986:Dst text UUid:b9cb7d23-802e-42da-93ad-05605f677fbd
03-19 01:49:41 com_github_MitjaNemec_ReplicateLayout.replicate_layout 985:Src text UUid:bbec33d2-6938-459e-af43-45d69a0a5f06
03-19 01:49:41 com_github_MitjaNemec_ReplicateLayout.replicate_layout 986:Dst text UUid:23403c17-fb2a-4611-9726-4f71d6b62e3a
03-19 01:49:41 com_github_MitjaNemec_ReplicateLayout.replicate_layout 985:Src text UUid:10ac4bbb-ae4b-4997-be69-38b6de5e4305
03-19 01:49:41 com_github_MitjaNemec_ReplicateLayout.replicate_layout 986:Dst text UUid:cc75761f-a234-41b7-b7b9-2e1705bed0f8
03-19 01:49:41 com_github_MitjaNemec_ReplicateLayout.replicate_layout 985:Src text UUid:e78020e4-6fa9-4ece-9a97-433de848b99b
03-19 01:49:41 com_github_MitjaNemec_ReplicateLayout.replicate_layout 986:Dst text UUid:f241c0f0-6dbe-4118-aa54-ec5a43361556
03-19 01:49:41 com_github_MitjaNemec_ReplicateLayout.replicate_layout 985:Src text UUid:71317357-ff85-4055-a0b5-f5bec407da97
03-19 01:49:41 com_github_MitjaNemec_ReplicateLayout.replicate_layout 986:Dst text UUid:ac48ffa1-8046-4e58-88cf-e0213c1aaa2f
03-19 01:49:41 com_github_MitjaNemec_ReplicateLayout.replicate_layout 985:Src text UUid:2bcdb555-573b-4e85-9e62-bd956b34e441
03-19 01:49:41 com_github_MitjaNemec_ReplicateLayout.replicate_layout 986:Dst text UUid:b98f45ef-c57f-47c6-8ca8-2b2c738e0410
03-19 01:49:41 com_github_MitjaNemec_ReplicateLayout.replicate_layout 985:Src text UUid:d9fd0a76-c003-462f-be0b-4db449790714
03-19 01:49:41 com_github_MitjaNemec_ReplicateLayout.replicate_layout 986:Dst text UUid:6f237ef2-6315-4eb3-8c61-c3e8a4e4eabc
03-19 01:49:41 com_github_MitjaNemec_ReplicateLayout.replicate_layout 985:Src text UUid:67af99af-82aa-47fc-ae41-79cfabc039c5
03-19 01:49:41 com_github_MitjaNemec_ReplicateLayout.replicate_layout 986:Dst text UUid:75cee34f-c74c-4d91-9481-079e8d93b20e
03-19 01:49:41 com_github_MitjaNemec_ReplicateLayout.replicate_layout 985:Src text UUid:ccc1bdfe-2b03-42b4-9d97-1f9e7519a1ea
03-19 01:49:41 com_github_MitjaNemec_ReplicateLayout.replicate_layout 986:Dst text UUid:61f12662-ca90-46ec-8b85-2346c2fcadba
03-19 01:49:41 com_github_MitjaNemec_ReplicateLayout.replicate_layout 985:Src text UUid:e89f14a2-ac55-4eff-b43e-5076595aa23d
03-19 01:49:41 com_github_MitjaNemec_ReplicateLayout.replicate_layout 986:Dst text UUid:11ccff59-5e5e-478f-899a-e47f9ec4f654
03-19 01:49:41 com_github_MitjaNemec_ReplicateLayout.replicate_layout 985:Src text UUid:0c7816d9-ae61-45df-a234-20129680ef7c
03-19 01:49:41 com_github_MitjaNemec_ReplicateLayout.replicate_layout 986:Dst text UUid:dc2b029a-9733-4992-a16f-4e938df25997
03-19 01:49:41 com_github_MitjaNemec_ReplicateLayout.replicate_layout 985:Src text UUid:5feb17d0-ce0d-4ded-afdb-fb8ff2faeb09
03-19 01:49:41 com_github_MitjaNemec_ReplicateLayout.replicate_layout 986:Dst text UUid:cf0b531f-8b70-45bb-aac3-7d0aff9d647e
03-19 01:49:41 com_github_MitjaNemec_ReplicateLayout.replicate_layout 985:Src text UUid:85733a06-aacf-41e9-a912-a1c3e2c3db53
03-19 01:49:41 com_github_MitjaNemec_ReplicateLayout.replicate_layout 986:Dst text UUid:04401582-cd48-4cdb-93e3-ccd1f4017799
03-19 01:49:41 com_github_MitjaNemec_ReplicateLayout.replicate_layout 985:Src text UUid:578ee6ca-cc46-4adf-b403-9bfb6a95f961
03-19 01:49:41 com_github_MitjaNemec_ReplicateLayout.replicate_layout 986:Dst text UUid:a1764fe9-4288-466c-a5ea-6f3e306d6058
03-19 01:49:41 com_github_MitjaNemec_ReplicateLayout.replicate_layout 985:Src text UUid:2394bcfd-8688-432d-b93b-f1c0b64d460a
03-19 01:49:41 com_github_MitjaNemec_ReplicateLayout.replicate_layout 986:Dst text UUid:88ad8ba5-f350-40de-99ef-187163d5388c
03-19 01:49:41 com_github_MitjaNemec_ReplicateLayout.replicate_layout 985:Src text UUid:517b5640-1c79-4ac2-ad13-2168265605f2
03-19 01:49:41 com_github_MitjaNemec_ReplicateLayout.replicate_layout 986:Dst text UUid:984a7bbd-5bca-4348-81ac-3b016ce3317f
03-19 01:49:41 com_github_MitjaNemec_ReplicateLayout.replicate_layout 985:Src text UUid:316b428f-cfc8-4e95-956f-3b3c24a76906
03-19 01:49:41 com_github_MitjaNemec_ReplicateLayout.replicate_layout 986:Dst text UUid:3bd41f80-72c9-4146-b507-1ae6fc0d87ae
03-19 01:49:41 com_github_MitjaNemec_ReplicateLayout.replicate_layout 985:Src text UUid:dca5c5a8-92db-485c-a201-fa47f56a324c
03-19 01:49:41 com_github_MitjaNemec_ReplicateLayout.replicate_layout 986:Dst text UUid:29768e05-3e17-4eae-95cb-19a62d9152c7
03-19 01:49:41 com_github_MitjaNemec_ReplicateLayout.replicate_layout 985:Src text UUid:1cfc3339-1d6d-4075-9bb4-8c55b1d306b7
03-19 01:49:41 com_github_MitjaNemec_ReplicateLayout.replicate_layout 986:Dst text UUid:3260c005-7a4a-4a86-ac75-6f8648f6cd91
03-19 01:49:41 com_github_MitjaNemec_ReplicateLayout.replicate_layout 985:Src text UUid:2543d7e4-e298-4e1e-aac5-169d77536815
03-19 01:49:41 com_github_MitjaNemec_ReplicateLayout.replicate_layout 986:Dst text UUid:bdf38b30-203c-4b8a-b155-1cf8f2e95bf8
03-19 01:49:41 com_github_MitjaNemec_ReplicateLayout.replicate_layout 985:Src text UUid:33142e25-a79c-4e11-b424-04a81450bec0
03-19 01:49:41 com_github_MitjaNemec_ReplicateLayout.replicate_layout 986:Dst text UUid:ca6dc7a0-3f42-4c1c-8b3e-af1ad69f3d00
03-19 01:49:41 com_github_MitjaNemec_ReplicateLayout.replicate_layout 985:Src text UUid:39b9d1af-9a04-4fc2-8aa4-9a1372deb63c
03-19 01:49:41 com_github_MitjaNemec_ReplicateLayout.replicate_layout 986:Dst text UUid:205349e1-7549-4fed-baaa-c6ed3ac93f2b
03-19 01:49:41 com_github_MitjaNemec_ReplicateLayout.replicate_layout 985:Src text UUid:c79ea536-881d-4756-97f6-287b660adeef
03-19 01:49:41 com_github_MitjaNemec_ReplicateLayout.replicate_layout 986:Dst text UUid:fcc24433-30f6-435c-9d45-18479745682f
03-19 01:49:41 com_github_MitjaNemec_ReplicateLayout.replicate_layout 985:Src text UUid:968dbb32-e6cc-449d-b336-87acdeb816b6
03-19 01:49:41 com_github_MitjaNemec_ReplicateLayout.replicate_layout 986:Dst text UUid:05760f5b-ea3e-4099-a92b-18e014219995
03-19 01:49:41 com_github_MitjaNemec_ReplicateLayout.replicate_layout 985:Src text UUid:b84fb353-ac9c-4959-abf8-1db6b8fe7637
03-19 01:49:41 com_github_MitjaNemec_ReplicateLayout.replicate_layout 986:Dst text UUid:31c769ae-42db-4074-b3b0-3e128e79d529
03-19 01:49:41 com_github_MitjaNemec_ReplicateLayout.replicate_layout 985:Src text UUid:d1425328-5118-4c0b-84a2-5ae41e5c3c23
03-19 01:49:41 com_github_MitjaNemec_ReplicateLayout.replicate_layout 986:Dst text UUid:21fc2021-2c3f-4cc0-a196-1a1144ea9c3d
03-19 01:49:41 com_github_MitjaNemec_ReplicateLayout.replicate_layout 985:Src text UUid:a2df45ca-fcb9-44be-9b9e-dceff16c42c0
03-19 01:49:41 com_github_MitjaNemec_ReplicateLayout.replicate_layout 986:Dst text UUid:13a2289e-8953-4ed0-9daa-8ac90673c941
03-19 01:49:41 com_github_MitjaNemec_ReplicateLayout.replicate_layout 985:Src text UUid:6b4a99e8-8d42-4db2-b084-f4c9d310037d
03-19 01:49:41 com_github_MitjaNemec_ReplicateLayout.replicate_layout 986:Dst text UUid:cc35f59e-7c24-427d-8830-21d4db147036
03-19 01:49:41 com_github_MitjaNemec_ReplicateLayout.replicate_layout 985:Src text UUid:5c9280f4-9c48-43c6-b068-efa8ad8759d1
03-19 01:49:41 com_github_MitjaNemec_ReplicateLayout.replicate_layout 986:Dst text UUid:33ec932c-8d2a-4270-9b39-584aa9f3e0d1
03-19 01:49:41 com_github_MitjaNemec_ReplicateLayout.replicate_layout 985:Src text UUid:4101de06-6317-4c5d-a7ea-6ff4cf9e668c
03-19 01:49:41 com_github_MitjaNemec_ReplicateLayout.replicate_layout 986:Dst text UUid:04396e99-e412-43e0-a870-c26b9adddc14
03-19 01:49:41 com_github_MitjaNemec_ReplicateLayout.replicate_layout 985:Src text UUid:94281405-1c0b-4d34-8702-28f965d6dead
03-19 01:49:41 com_github_MitjaNemec_ReplicateLayout.replicate_layout 986:Dst text UUid:b8aec541-f4fb-450a-a5ec-753b0254405f
03-19 01:49:41 com_github_MitjaNemec_ReplicateLayout.replicate_layout 985:Src text UUid:319107c9-0f5d-4ba2-b3ca-5feb0813b8b5
03-19 01:49:41 com_github_MitjaNemec_ReplicateLayout.replicate_layout 986:Dst text UUid:93ff0ac4-b5bb-4f2a-9048-8b50986fa265
03-19 01:49:41 com_github_MitjaNemec_ReplicateLayout.replicate_layout 985:Src text UUid:2f1efeea-a52c-4d96-baa0-5341377ecf58
03-19 01:49:41 com_github_MitjaNemec_ReplicateLayout.replicate_layout 986:Dst text UUid:b5b37f9b-a311-44e6-bfa0-ed0daadb499d
03-19 01:49:41 com_github_MitjaNemec_ReplicateLayout.replicate_layout 985:Src text UUid:deb74a21-17e6-4e4d-9043-bf5d29a77c70
03-19 01:49:41 com_github_MitjaNemec_ReplicateLayout.replicate_layout 986:Dst text UUid:bf58389b-2625-4f58-9892-5d33adfe5b4e
03-19 01:49:41 com_github_MitjaNemec_ReplicateLayout.replicate_layout 985:Src text UUid:f6252b24-6604-4747-a96d-b42dd5133946
03-19 01:49:41 com_github_MitjaNemec_ReplicateLayout.replicate_layout 986:Dst text UUid:8b73e3b6-8abb-4829-b042-ca22dfcc6424
03-19 01:49:41 com_github_MitjaNemec_ReplicateLayout.replicate_layout 985:Src text UUid:917b608f-2f40-48ca-a5ab-704e93b7ec07
03-19 01:49:41 com_github_MitjaNemec_ReplicateLayout.replicate_layout 986:Dst text UUid:6903e75a-5fce-48a6-acc5-800a71724081
03-19 01:49:41 com_github_MitjaNemec_ReplicateLayout.replicate_layout 985:Src text UUid:d2c9094d-f8af-464c-b999-7c535182f1cf
03-19 01:49:41 com_github_MitjaNemec_ReplicateLayout.replicate_layout 986:Dst text UUid:991279c5-a0b1-4ffb-ac68-5c08ed0f0fc2
03-19 01:49:41 com_github_MitjaNemec_ReplicateLayout.replicate_layout 985:Src text UUid:6db62f82-b8a7-4737-ac9e-0e04e883588f
03-19 01:49:41 com_github_MitjaNemec_ReplicateLayout.replicate_layout 986:Dst text UUid:74790aba-a629-42ef-9c79-80747c978757
03-19 01:49:41 com_github_MitjaNemec_ReplicateLayout.replicate_layout 985:Src text UUid:b8a6904b-4ba0-4a2c-a970-45e1856eaefe
03-19 01:49:41 com_github_MitjaNemec_ReplicateLayout.replicate_layout 986:Dst text UUid:7217f79a-de23-4f3d-9823-4f047cad6047
03-19 01:49:41 com_github_MitjaNemec_ReplicateLayout.replicate_layout 985:Src text UUid:68b23f33-8048-4e15-ae4d-79a4c9e1d2b3
03-19 01:49:41 com_github_MitjaNemec_ReplicateLayout.replicate_layout 986:Dst text UUid:4eb98047-a093-4063-ba86-63606e11a7dc
03-19 01:49:41 com_github_MitjaNemec_ReplicateLayout.replicate_layout 985:Src text UUid:077da561-3ccb-4639-86fe-6f64a536c97f
03-19 01:49:41 com_github_MitjaNemec_ReplicateLayout.replicate_layout 986:Dst text UUid:a099db66-a959-42d9-bfff-261e9dae8770
03-19 01:49:41 com_github_MitjaNemec_ReplicateLayout.replicate_layout 985:Src text UUid:5f3e883b-a950-418a-817a-638d03e82b3f
03-19 01:49:41 com_github_MitjaNemec_ReplicateLayout.replicate_layout 986:Dst text UUid:f0b4e036-a961-4575-9b87-a2c7da6a76fd
03-19 01:49:41 com_github_MitjaNemec_ReplicateLayout.replicate_layout 985:Src text UUid:fa5aab0c-09b3-4047-b206-83f1ff2243f2
03-19 01:49:41 com_github_MitjaNemec_ReplicateLayout.replicate_layout 986:Dst text UUid:a6b3ab06-43fa-408e-8a82-5ad5b97dec8e
03-19 01:49:41 com_github_MitjaNemec_ReplicateLayout.replicate_layout 985:Src text UUid:0147c515-f738-4e05-b125-69562f9a7ca7
03-19 01:49:41 com_github_MitjaNemec_ReplicateLayout.replicate_layout 986:Dst text UUid:7e80a776-d38c-48f5-b78e-99eee4a1ee79
03-19 01:49:41 com_github_MitjaNemec_ReplicateLayout.replicate_layout 985:Src text UUid:4a182d09-37e7-4163-a6de-0eccac384b46
03-19 01:49:41 com_github_MitjaNemec_ReplicateLayout.replicate_layout 986:Dst text UUid:d5220463-7b44-4e0a-b87a-08c4f0cbd3c7
03-19 01:49:41 com_github_MitjaNemec_ReplicateLayout.replicate_layout 985:Src text UUid:4e99ae66-29fc-4290-b863-246b27defd7c
03-19 01:49:41 com_github_MitjaNemec_ReplicateLayout.replicate_layout 986:Dst text UUid:07339a33-6ba1-41ca-a9b5-0d75c3cf16ba
03-19 01:49:41 com_github_MitjaNemec_ReplicateLayout.replicate_layout 985:Src text UUid:603a8f3f-8380-4837-a723-278baa7ce53f
03-19 01:49:41 com_github_MitjaNemec_ReplicateLayout.replicate_layout 986:Dst text UUid:120b12ba-bb5e-43ab-b3f8-7d3cefd18cb2
03-19 01:49:41 com_github_MitjaNemec_ReplicateLayout.replicate_layout 985:Src text UUid:7209b771-4979-4982-aac0-3bd11c8acb55
03-19 01:49:41 com_github_MitjaNemec_ReplicateLayout.replicate_layout 986:Dst text UUid:f658578c-3289-4fd7-aa63-7f1d52799241
03-19 01:49:41 com_github_MitjaNemec_ReplicateLayout.replicate_layout 985:Src text UUid:616dac98-0dc3-4d7d-ad6a-3ac68496e22a
03-19 01:49:41 com_github_MitjaNemec_ReplicateLayout.replicate_layout 986:Dst text UUid:2f9617f9-bac1-43d0-bec1-c111b55c597d
03-19 01:49:41 com_github_MitjaNemec_ReplicateLayout.replicate_layout 985:Src text UUid:25707c31-6643-40bf-bfcc-4e2f336249df
03-19 01:49:41 com_github_MitjaNemec_ReplicateLayout.replicate_layout 986:Dst text UUid:edef489e-e96c-40b8-9fcf-bbfc412950dd
03-19 01:49:41 com_github_MitjaNemec_ReplicateLayout.replicate_layout 985:Src text UUid:3759bf79-90ed-41fe-8b87-2362b965511c
03-19 01:49:41 com_github_MitjaNemec_ReplicateLayout.replicate_layout 986:Dst text UUid:996ea9ec-58f4-41e3-a663-c786c5499f6b
03-19 01:49:41 com_github_MitjaNemec_ReplicateLayout.replicate_layout 868:Replicating footprints on sheet ['BrightLight', 'TSSI red']
03-19 01:49:41 com_github_MitjaNemec_ReplicateLayout.replicate_layout 985:Src text UUid:ad7b8852-0875-440a-a4ef-402ce646014a
03-19 01:49:41 com_github_MitjaNemec_ReplicateLayout.replicate_layout 986:Dst text UUid:10fbb965-aa9d-41b2-8828-3f1f1e64cf5e
03-19 01:49:41 com_github_MitjaNemec_ReplicateLayout.replicate_layout 985:Src text UUid:7f8d05f6-4c9f-4a0c-a566-e920c655cf01
03-19 01:49:41 com_github_MitjaNemec_ReplicateLayout.replicate_layout 986:Dst text UUid:250954b2-3345-4c90-a9da-619cb83bf231
03-19 01:49:41 com_github_MitjaNemec_ReplicateLayout.replicate_layout 985:Src text UUid:b5bc7d47-7bf7-4d24-bff2-c76c78dbb8ed
03-19 01:49:41 com_github_MitjaNemec_ReplicateLayout.replicate_layout 986:Dst text UUid:086589f3-d0c1-49ec-814d-be3476a4d64f
03-19 01:49:41 com_github_MitjaNemec_ReplicateLayout.replicate_layout 985:Src text UUid:17b663bc-ae92-4ea1-ae26-56c87d4a77fd
03-19 01:49:41 com_github_MitjaNemec_ReplicateLayout.replicate_layout 986:Dst text UUid:4b7f06d9-c844-43eb-ab89-b5acafa3434e
03-19 01:49:41 com_github_MitjaNemec_ReplicateLayout.replicate_layout 985:Src text UUid:2cfc0e38-4931-434b-bca0-c8a43f535a01
03-19 01:49:41 com_github_MitjaNemec_ReplicateLayout.replicate_layout 986:Dst text UUid:0597cddb-7a9a-45f3-8286-fd70ad825bc9
03-19 01:49:41 com_github_MitjaNemec_ReplicateLayout.replicate_layout 985:Src text UUid:9efe896d-44c5-4b2c-a454-9dfbc51d7e0b
03-19 01:49:41 com_github_MitjaNemec_ReplicateLayout.replicate_layout 986:Dst text UUid:80b50d4c-d166-4af8-90a4-03f22f7ea737
03-19 01:49:41 com_github_MitjaNemec_ReplicateLayout.replicate_layout 985:Src text UUid:eb555a77-b4ca-42e1-8e91-444be9f8aa7a
03-19 01:49:41 com_github_MitjaNemec_ReplicateLayout.replicate_layout 986:Dst text UUid:b0da6104-7a4e-4830-aebc-75f0baec051d
03-19 01:49:41 com_github_MitjaNemec_ReplicateLayout.replicate_layout 985:Src text UUid:eb5e17a8-bf89-425a-9bdc-00eb8e0fa759
03-19 01:49:41 com_github_MitjaNemec_ReplicateLayout.replicate_layout 986:Dst text UUid:70a8a0dc-a206-448b-841e-5ec72452f1eb
03-19 01:49:41 com_github_MitjaNemec_ReplicateLayout.replicate_layout 985:Src text UUid:054488ec-c224-4634-9a33-c6259a63e1ef
03-19 01:49:41 com_github_MitjaNemec_ReplicateLayout.replicate_layout 986:Dst text UUid:c77b1f84-a0c9-4820-bc58-c39b7ac0a90c
03-19 01:49:41 com_github_MitjaNemec_ReplicateLayout.replicate_layout 985:Src text UUid:b124a262-f06d-40a7-8c5e-a9aea3cb6afb
03-19 01:49:41 com_github_MitjaNemec_ReplicateLayout.replicate_layout 986:Dst text UUid:a5c8ecee-4685-4109-a442-fb64f81fc620
03-19 01:49:41 com_github_MitjaNemec_ReplicateLayout.replicate_layout 985:Src text UUid:bbec33d2-6938-459e-af43-45d69a0a5f06
03-19 01:49:41 com_github_MitjaNemec_ReplicateLayout.replicate_layout 986:Dst text UUid:0c206660-61d9-48c5-b918-f8634b41f7a8
03-19 01:49:41 com_github_MitjaNemec_ReplicateLayout.replicate_layout 985:Src text UUid:10ac4bbb-ae4b-4997-be69-38b6de5e4305
03-19 01:49:41 com_github_MitjaNemec_ReplicateLayout.replicate_layout 986:Dst text UUid:f1272c24-8627-4505-b781-9d60cc0d5fa9
03-19 01:49:41 com_github_MitjaNemec_ReplicateLayout.replicate_layout 985:Src text UUid:e78020e4-6fa9-4ece-9a97-433de848b99b
03-19 01:49:41 com_github_MitjaNemec_ReplicateLayout.replicate_layout 986:Dst text UUid:fcb0287c-7daf-4dd1-bc62-00176d439b2e
03-19 01:49:41 com_github_MitjaNemec_ReplicateLayout.replicate_layout 985:Src text UUid:71317357-ff85-4055-a0b5-f5bec407da97
03-19 01:49:41 com_github_MitjaNemec_ReplicateLayout.replicate_layout 986:Dst text UUid:767039ab-92e5-471b-b20d-4742a2c50abe
03-19 01:49:41 com_github_MitjaNemec_ReplicateLayout.replicate_layout 985:Src text UUid:2bcdb555-573b-4e85-9e62-bd956b34e441
03-19 01:49:41 com_github_MitjaNemec_ReplicateLayout.replicate_layout 986:Dst text UUid:041604fc-fce3-4f8f-b767-96d4014a231b
03-19 01:49:41 com_github_MitjaNemec_ReplicateLayout.replicate_layout 985:Src text UUid:d9fd0a76-c003-462f-be0b-4db449790714
03-19 01:49:41 com_github_MitjaNemec_ReplicateLayout.replicate_layout 986:Dst text UUid:d588d2fc-d61b-4a77-a7cd-0e0e840a2f79
03-19 01:49:41 com_github_MitjaNemec_ReplicateLayout.replicate_layout 985:Src text UUid:67af99af-82aa-47fc-ae41-79cfabc039c5
03-19 01:49:41 com_github_MitjaNemec_ReplicateLayout.replicate_layout 986:Dst text UUid:8e93f167-f069-4cc4-a59c-cf8f34e6600b
03-19 01:49:41 com_github_MitjaNemec_ReplicateLayout.replicate_layout 985:Src text UUid:ccc1bdfe-2b03-42b4-9d97-1f9e7519a1ea
03-19 01:49:41 com_github_MitjaNemec_ReplicateLayout.replicate_layout 986:Dst text UUid:e4f9158e-bd75-465e-80a7-ca0ec12e8a1c
03-19 01:49:41 com_github_MitjaNemec_ReplicateLayout.replicate_layout 985:Src text UUid:e89f14a2-ac55-4eff-b43e-5076595aa23d
03-19 01:49:41 com_github_MitjaNemec_ReplicateLayout.replicate_layout 986:Dst text UUid:92d99312-160a-46f3-9cd8-ea344587066f
03-19 01:49:41 com_github_MitjaNemec_ReplicateLayout.replicate_layout 985:Src text UUid:0c7816d9-ae61-45df-a234-20129680ef7c
03-19 01:49:41 com_github_MitjaNemec_ReplicateLayout.replicate_layout 986:Dst text UUid:ff133a77-a4ce-478b-a79f-d44284435abf
03-19 01:49:41 com_github_MitjaNemec_ReplicateLayout.replicate_layout 985:Src text UUid:5feb17d0-ce0d-4ded-afdb-fb8ff2faeb09
03-19 01:49:41 com_github_MitjaNemec_ReplicateLayout.replicate_layout 986:Dst text UUid:0ca3696c-c1e2-46dc-bac4-1ae1ff5ad438
03-19 01:49:41 root 337:updating GUI with: 70
03-19 01:49:41 com_github_MitjaNemec_ReplicateLayout.replicate_layout 985:Src text UUid:85733a06-aacf-41e9-a912-a1c3e2c3db53
03-19 01:49:41 com_github_MitjaNemec_ReplicateLayout.replicate_layout 986:Dst text UUid:e77ca512-f98e-4bb1-9cba-8e22653c20a4
03-19 01:49:41 com_github_MitjaNemec_ReplicateLayout.replicate_layout 985:Src text UUid:578ee6ca-cc46-4adf-b403-9bfb6a95f961
03-19 01:49:41 com_github_MitjaNemec_ReplicateLayout.replicate_layout 986:Dst text UUid:11a7f4c6-9f4b-4cf9-b6ab-195763c86102
03-19 01:49:41 com_github_MitjaNemec_ReplicateLayout.replicate_layout 985:Src text UUid:2394bcfd-8688-432d-b93b-f1c0b64d460a
03-19 01:49:41 com_github_MitjaNemec_ReplicateLayout.replicate_layout 986:Dst text UUid:c6e332c3-162b-4dc7-858a-e129f27cb4f3
03-19 01:49:41 com_github_MitjaNemec_ReplicateLayout.replicate_layout 985:Src text UUid:517b5640-1c79-4ac2-ad13-2168265605f2
03-19 01:49:41 com_github_MitjaNemec_ReplicateLayout.replicate_layout 986:Dst text UUid:f4df5318-5e44-497f-b60a-ad2e16e22d92
03-19 01:49:41 com_github_MitjaNemec_ReplicateLayout.replicate_layout 985:Src text UUid:316b428f-cfc8-4e95-956f-3b3c24a76906
03-19 01:49:41 com_github_MitjaNemec_ReplicateLayout.replicate_layout 986:Dst text UUid:86ca409e-0d4e-4ab2-b470-2fe3d912188e
03-19 01:49:41 com_github_MitjaNemec_ReplicateLayout.replicate_layout 985:Src text UUid:dca5c5a8-92db-485c-a201-fa47f56a324c
03-19 01:49:41 com_github_MitjaNemec_ReplicateLayout.replicate_layout 986:Dst text UUid:47f1e340-320a-4fcf-b519-dfb0a3964fa9
03-19 01:49:41 com_github_MitjaNemec_ReplicateLayout.replicate_layout 985:Src text UUid:1cfc3339-1d6d-4075-9bb4-8c55b1d306b7
03-19 01:49:41 com_github_MitjaNemec_ReplicateLayout.replicate_layout 986:Dst text UUid:f2230cf0-9f5c-4047-a99f-df98e3ce5c8e
03-19 01:49:41 com_github_MitjaNemec_ReplicateLayout.replicate_layout 985:Src text UUid:2543d7e4-e298-4e1e-aac5-169d77536815
03-19 01:49:41 com_github_MitjaNemec_ReplicateLayout.replicate_layout 986:Dst text UUid:5484ce57-5107-425a-8864-4c4c19fd32e3
03-19 01:49:41 com_github_MitjaNemec_ReplicateLayout.replicate_layout 985:Src text UUid:33142e25-a79c-4e11-b424-04a81450bec0
03-19 01:49:41 com_github_MitjaNemec_ReplicateLayout.replicate_layout 986:Dst text UUid:51d20515-351d-4fa3-87e2-68fc3761b01c
03-19 01:49:41 com_github_MitjaNemec_ReplicateLayout.replicate_layout 985:Src text UUid:39b9d1af-9a04-4fc2-8aa4-9a1372deb63c
03-19 01:49:41 com_github_MitjaNemec_ReplicateLayout.replicate_layout 986:Dst text UUid:4ea2d098-1a3b-4e09-a089-0c716febda75
03-19 01:49:41 com_github_MitjaNemec_ReplicateLayout.replicate_layout 985:Src text UUid:c79ea536-881d-4756-97f6-287b660adeef
03-19 01:49:41 com_github_MitjaNemec_ReplicateLayout.replicate_layout 986:Dst text UUid:b510a8e0-76fd-447d-8505-182b69781444
03-19 01:49:41 com_github_MitjaNemec_ReplicateLayout.replicate_layout 985:Src text UUid:968dbb32-e6cc-449d-b336-87acdeb816b6
03-19 01:49:41 com_github_MitjaNemec_ReplicateLayout.replicate_layout 986:Dst text UUid:001d8a6c-19f5-4c18-9ba0-ed17bca86468
03-19 01:49:41 com_github_MitjaNemec_ReplicateLayout.replicate_layout 985:Src text UUid:b84fb353-ac9c-4959-abf8-1db6b8fe7637
03-19 01:49:41 com_github_MitjaNemec_ReplicateLayout.replicate_layout 986:Dst text UUid:291b1a85-0045-4514-80fe-4029cc6b89f4
03-19 01:49:41 com_github_MitjaNemec_ReplicateLayout.replicate_layout 985:Src text UUid:d1425328-5118-4c0b-84a2-5ae41e5c3c23
03-19 01:49:41 com_github_MitjaNemec_ReplicateLayout.replicate_layout 986:Dst text UUid:3bee027a-1d2f-4510-ba9d-d8719c24eb37
03-19 01:49:41 com_github_MitjaNemec_ReplicateLayout.replicate_layout 985:Src text UUid:a2df45ca-fcb9-44be-9b9e-dceff16c42c0
03-19 01:49:41 com_github_MitjaNemec_ReplicateLayout.replicate_layout 986:Dst text UUid:efc0f384-0e50-41e7-8f64-b8a05d4bb11c
03-19 01:49:41 com_github_MitjaNemec_ReplicateLayout.replicate_layout 985:Src text UUid:6b4a99e8-8d42-4db2-b084-f4c9d310037d
03-19 01:49:41 com_github_MitjaNemec_ReplicateLayout.replicate_layout 986:Dst text UUid:ab8aeee3-5e2e-4bc1-a02b-d9b0f08f7cf9
03-19 01:49:41 com_github_MitjaNemec_ReplicateLayout.replicate_layout 985:Src text UUid:5c9280f4-9c48-43c6-b068-efa8ad8759d1
03-19 01:49:41 com_github_MitjaNemec_ReplicateLayout.replicate_layout 986:Dst text UUid:1d3e0bf7-a027-4ae9-bbfa-02be15d434fc
03-19 01:49:41 com_github_MitjaNemec_ReplicateLayout.replicate_layout 985:Src text UUid:4101de06-6317-4c5d-a7ea-6ff4cf9e668c
03-19 01:49:41 com_github_MitjaNemec_ReplicateLayout.replicate_layout 986:Dst text UUid:a358d9e5-becf-4eba-95cc-70114efc0ce2
03-19 01:49:41 com_github_MitjaNemec_ReplicateLayout.replicate_layout 985:Src text UUid:94281405-1c0b-4d34-8702-28f965d6dead
03-19 01:49:41 com_github_MitjaNemec_ReplicateLayout.replicate_layout 986:Dst text UUid:fbc0f038-8cb2-449d-a0e3-f17e3d7dd7b0
03-19 01:49:41 com_github_MitjaNemec_ReplicateLayout.replicate_layout 985:Src text UUid:319107c9-0f5d-4ba2-b3ca-5feb0813b8b5
03-19 01:49:41 com_github_MitjaNemec_ReplicateLayout.replicate_layout 986:Dst text UUid:d3655ee2-7978-4b07-931b-c45e0e54e873
03-19 01:49:41 com_github_MitjaNemec_ReplicateLayout.replicate_layout 985:Src text UUid:2f1efeea-a52c-4d96-baa0-5341377ecf58
03-19 01:49:41 com_github_MitjaNemec_ReplicateLayout.replicate_layout 986:Dst text UUid:35efa611-55a3-4dc7-8d0b-c867cc662d9f
03-19 01:49:41 com_github_MitjaNemec_ReplicateLayout.replicate_layout 985:Src text UUid:deb74a21-17e6-4e4d-9043-bf5d29a77c70
03-19 01:49:41 com_github_MitjaNemec_ReplicateLayout.replicate_layout 986:Dst text UUid:a5a947f8-c00f-4229-b453-8e9e4a622bdb
03-19 01:49:41 com_github_MitjaNemec_ReplicateLayout.replicate_layout 985:Src text UUid:f6252b24-6604-4747-a96d-b42dd5133946
03-19 01:49:41 com_github_MitjaNemec_ReplicateLayout.replicate_layout 986:Dst text UUid:195c5519-922e-4ce2-8aed-39d847915a98
03-19 01:49:41 com_github_MitjaNemec_ReplicateLayout.replicate_layout 985:Src text UUid:917b608f-2f40-48ca-a5ab-704e93b7ec07
03-19 01:49:41 com_github_MitjaNemec_ReplicateLayout.replicate_layout 986:Dst text UUid:cdfb5b68-fec4-4852-919f-d365fb9e85c5
03-19 01:49:41 com_github_MitjaNemec_ReplicateLayout.replicate_layout 985:Src text UUid:d2c9094d-f8af-464c-b999-7c535182f1cf
03-19 01:49:41 com_github_MitjaNemec_ReplicateLayout.replicate_layout 986:Dst text UUid:8a566d52-60a7-483a-b726-2646ebd7abb3
03-19 01:49:41 com_github_MitjaNemec_ReplicateLayout.replicate_layout 985:Src text UUid:6db62f82-b8a7-4737-ac9e-0e04e883588f
03-19 01:49:41 com_github_MitjaNemec_ReplicateLayout.replicate_layout 986:Dst text UUid:efdbcaff-80b4-49c5-b49e-f3157172ca6d
03-19 01:49:41 com_github_MitjaNemec_ReplicateLayout.replicate_layout 985:Src text UUid:b8a6904b-4ba0-4a2c-a970-45e1856eaefe
03-19 01:49:41 com_github_MitjaNemec_ReplicateLayout.replicate_layout 986:Dst text UUid:0e9d1bf0-3c3e-447f-bef4-fd855e56e33d
03-19 01:49:41 com_github_MitjaNemec_ReplicateLayout.replicate_layout 985:Src text UUid:68b23f33-8048-4e15-ae4d-79a4c9e1d2b3
03-19 01:49:41 com_github_MitjaNemec_ReplicateLayout.replicate_layout 986:Dst text UUid:4c77c2fb-2fe4-485d-8efa-512a09f01510
03-19 01:49:41 com_github_MitjaNemec_ReplicateLayout.replicate_layout 985:Src text UUid:077da561-3ccb-4639-86fe-6f64a536c97f
03-19 01:49:41 com_github_MitjaNemec_ReplicateLayout.replicate_layout 986:Dst text UUid:d06fed0c-07af-4376-b18c-8894cd367f4f
03-19 01:49:41 com_github_MitjaNemec_ReplicateLayout.replicate_layout 985:Src text UUid:5f3e883b-a950-418a-817a-638d03e82b3f
03-19 01:49:41 com_github_MitjaNemec_ReplicateLayout.replicate_layout 986:Dst text UUid:1c081a8b-4711-4014-99b7-6b3f032b471b
03-19 01:49:41 com_github_MitjaNemec_ReplicateLayout.replicate_layout 985:Src text UUid:fa5aab0c-09b3-4047-b206-83f1ff2243f2
03-19 01:49:41 com_github_MitjaNemec_ReplicateLayout.replicate_layout 986:Dst text UUid:46eb67e6-0643-4408-a15d-6361bc54abe3
03-19 01:49:41 com_github_MitjaNemec_ReplicateLayout.replicate_layout 985:Src text UUid:0147c515-f738-4e05-b125-69562f9a7ca7
03-19 01:49:41 com_github_MitjaNemec_ReplicateLayout.replicate_layout 986:Dst text UUid:e5b7e893-e835-4c31-867d-9409bb21e4b9
03-19 01:49:41 com_github_MitjaNemec_ReplicateLayout.replicate_layout 985:Src text UUid:4a182d09-37e7-4163-a6de-0eccac384b46
03-19 01:49:41 com_github_MitjaNemec_ReplicateLayout.replicate_layout 986:Dst text UUid:51233ddd-1db8-4e0d-a086-b42c14314609
03-19 01:49:41 com_github_MitjaNemec_ReplicateLayout.replicate_layout 985:Src text UUid:4e99ae66-29fc-4290-b863-246b27defd7c
03-19 01:49:41 com_github_MitjaNemec_ReplicateLayout.replicate_layout 986:Dst text UUid:4aff52c2-e253-4c3a-8936-082b25be4f1e
03-19 01:49:41 com_github_MitjaNemec_ReplicateLayout.replicate_layout 985:Src text UUid:603a8f3f-8380-4837-a723-278baa7ce53f
03-19 01:49:41 com_github_MitjaNemec_ReplicateLayout.replicate_layout 986:Dst text UUid:6d8be107-3321-4154-bb9e-aed6ae5f6a43
03-19 01:49:41 com_github_MitjaNemec_ReplicateLayout.replicate_layout 985:Src text UUid:7209b771-4979-4982-aac0-3bd11c8acb55
03-19 01:49:41 com_github_MitjaNemec_ReplicateLayout.replicate_layout 986:Dst text UUid:6f109014-c467-45d1-86af-7adb0f5e79cc
03-19 01:49:41 com_github_MitjaNemec_ReplicateLayout.replicate_layout 985:Src text UUid:616dac98-0dc3-4d7d-ad6a-3ac68496e22a
03-19 01:49:41 com_github_MitjaNemec_ReplicateLayout.replicate_layout 986:Dst text UUid:044c0a67-f2a8-4f12-a870-6d3ef35a49b0
03-19 01:49:41 com_github_MitjaNemec_ReplicateLayout.replicate_layout 985:Src text UUid:25707c31-6643-40bf-bfcc-4e2f336249df
03-19 01:49:41 com_github_MitjaNemec_ReplicateLayout.replicate_layout 986:Dst text UUid:d30834b7-5d0b-4a33-a9b6-3a40181e8420
03-19 01:49:41 com_github_MitjaNemec_ReplicateLayout.replicate_layout 985:Src text UUid:3759bf79-90ed-41fe-8b87-2362b965511c
03-19 01:49:41 com_github_MitjaNemec_ReplicateLayout.replicate_layout 986:Dst text UUid:f823ff6e-49c8-4caf-9af0-35f5a1569a9f
03-19 01:49:41 root 332:updating GUI message: 'Replicating zones'
03-19 01:49:41 com_github_MitjaNemec_ReplicateLayout.replicate_layout 1079:Replicating zones
03-19 01:49:41 com_github_MitjaNemec_ReplicateLayout.replicate_layout 1086:Replicating zones on sheet ['BrightLight', 'TSSI green']
03-19 01:49:41 com_github_MitjaNemec_ReplicateLayout.replicate_layout 776:Significant difference between src net: ['', 'BRAKE_LIGHT-'] and dst net: ['', 'TSSI_GREEN-'], with src_net_depth=2, dst_net_depth=2, src_fp_depth=2, dst_fp_depth=2, match level 0.63
03-19 01:49:41 com_github_MitjaNemec_ReplicateLayout.replicate_layout 776:Significant difference between src net: ['', 'BRAKE_LIGHT-'] and dst net: ['', 'TSSI_GREEN-'], with src_net_depth=2, dst_net_depth=2, src_fp_depth=2, dst_fp_depth=2, match level 0.63
03-19 01:49:41 com_github_MitjaNemec_ReplicateLayout.replicate_layout 776:Significant difference between src net: ['', 'BRAKE_LIGHT+'] and dst net: ['', 'TSSI_GREEN+'], with src_net_depth=2, dst_net_depth=2, src_fp_depth=2, dst_fp_depth=2, match level 0.63
03-19 01:49:41 com_github_MitjaNemec_ReplicateLayout.replicate_layout 776:Significant difference between src net: ['', 'BRAKE_LIGHT+'] and dst net: ['', 'TSSI_GREEN+'], with src_net_depth=2, dst_net_depth=2, src_fp_depth=2, dst_fp_depth=2, match level 0.63
03-19 01:49:41 com_github_MitjaNemec_ReplicateLayout.replicate_layout 776:Significant difference between src net: ['', 'BRAKE_LIGHT-'] and dst net: ['', 'TSSI_GREEN-'], with src_net_depth=2, dst_net_depth=2, src_fp_depth=2, dst_fp_depth=2, match level 0.63
03-19 01:49:41 com_github_MitjaNemec_ReplicateLayout.replicate_layout 776:Significant difference between src net: ['', 'BRAKE_LIGHT+'] and dst net: ['', 'TSSI_GREEN+'], with src_net_depth=2, dst_net_depth=2, src_fp_depth=2, dst_fp_depth=2, match level 0.63
03-19 01:49:41 com_github_MitjaNemec_ReplicateLayout.replicate_layout 776:Significant difference between src net: ['', 'BSPD', 'brakeLightOn'] and dst net: ['', 'BrightLight', 'TSSI green', 'enable'], with src_net_depth=3, dst_net_depth=4, src_fp_depth=2, dst_fp_depth=2, match level 0.76
03-19 01:49:41 com_github_MitjaNemec_ReplicateLayout.replicate_layout 792:Net pairs for sheet ['BrightLight', 'TSSI green'] :[('Net-(D36-K)', 'Net-(D34-K)'), ('Net-(D37-K)', 'Net-(D35-K)'), ('Net-(D32-K)', 'Net-(D30-K)'), ('/BRAKE_LIGHT+', '/TSSI_GREEN+'), ('VBUS', 'VBUS'), ('/BSPD/brakeLightOn', '/BrightLight/TSSI green/enable'), ('Net-(U9-THR)', 'Net-(U8-THR)'), ('Net-(U9-Q)', 'Net-(U8-Q)'), ('Net-(D33-A)', 'Net-(D31-A)'), ('Net-(U20-SET)', 'Net-(U19-SET)'), ('Net-(U9-CV)', 'Net-(U8-CV)'), ('GND', 'GND'), ('Net-(D36-A)', 'Net-(D34-A)'), ('Net-(D37-A)', 'Net-(D35-A)'), ('/BRAKE_LIGHT-', '/TSSI_GREEN-'), ('unconnected-(U20-NC-Pad7)', 'unconnected-(U19-NC-Pad7)'), ('', ''), ('Net-(U20-CTRL)', 'Net-(U19-CTRL)'), ('+5V', '+5V')]
03-19 01:49:41 com_github_MitjaNemec_ReplicateLayout.replicate_layout 1086:Replicating zones on sheet ['BrightLight', 'TSSI red']
03-19 01:49:41 com_github_MitjaNemec_ReplicateLayout.replicate_layout 776:Significant difference between src net: ['', 'BRAKE_LIGHT-'] and dst net: ['', 'TSSI_RED-'], with src_net_depth=2, dst_net_depth=2, src_fp_depth=2, dst_fp_depth=2, match level 0.64
03-19 01:49:41 com_github_MitjaNemec_ReplicateLayout.replicate_layout 776:Significant difference between src net: ['', 'BRAKE_LIGHT-'] and dst net: ['', 'TSSI_RED-'], with src_net_depth=2, dst_net_depth=2, src_fp_depth=2, dst_fp_depth=2, match level 0.64
03-19 01:49:41 com_github_MitjaNemec_ReplicateLayout.replicate_layout 776:Significant difference between src net: ['', 'BRAKE_LIGHT+'] and dst net: ['', 'TSSI_RED+'], with src_net_depth=2, dst_net_depth=2, src_fp_depth=2, dst_fp_depth=2, match level 0.64
03-19 01:49:41 com_github_MitjaNemec_ReplicateLayout.replicate_layout 776:Significant difference between src net: ['', 'BRAKE_LIGHT+'] and dst net: ['', 'TSSI_RED+'], with src_net_depth=2, dst_net_depth=2, src_fp_depth=2, dst_fp_depth=2, match level 0.64
03-19 01:49:41 com_github_MitjaNemec_ReplicateLayout.replicate_layout 776:Significant difference between src net: ['', 'BRAKE_LIGHT-'] and dst net: ['', 'TSSI_RED-'], with src_net_depth=2, dst_net_depth=2, src_fp_depth=2, dst_fp_depth=2, match level 0.64
03-19 01:49:41 com_github_MitjaNemec_ReplicateLayout.replicate_layout 776:Significant difference between src net: ['', 'BRAKE_LIGHT+'] and dst net: ['', 'TSSI_RED+'], with src_net_depth=2, dst_net_depth=2, src_fp_depth=2, dst_fp_depth=2, match level 0.64
03-19 01:49:41 com_github_MitjaNemec_ReplicateLayout.replicate_layout 776:Significant difference between src net: ['', 'BSPD', 'brakeLightOn'] and dst net: ['', 'BrightLight', 'TSSI red pulse', 'OpenDrain_pulse_out'], with src_net_depth=3, dst_net_depth=4, src_fp_depth=2, dst_fp_depth=2, match level 0.76
03-19 01:49:41 com_github_MitjaNemec_ReplicateLayout.replicate_layout 792:Net pairs for sheet ['BrightLight', 'TSSI red'] :[('Net-(U9-THR)', 'Net-(U7-THR)'), ('Net-(D37-K)', 'Net-(D25-K)'), ('Net-(D32-K)', 'Net-(D28-K)'), ('Net-(D33-A)', 'Net-(D29-A)'), ('/BSPD/brakeLightOn', '/BrightLight/TSSI red pulse/OpenDrain_pulse_out'), ('VBUS', 'VBUS'), ('/BRAKE_LIGHT-', '/TSSI_RED-'), ('Net-(D36-K)', 'Net-(D24-K)'), ('unconnected-(U20-NC-Pad7)', 'unconnected-(U18-NC-Pad7)'), ('Net-(U20-CTRL)', 'Net-(U18-CTRL)'), ('Net-(U9-Q)', 'Net-(U7-Q)'), ('Net-(D36-A)', 'Net-(D24-A)'), ('GND', 'GND'), ('/BRAKE_LIGHT+', '/TSSI_RED+'), ('', ''), ('Net-(U9-CV)', 'Net-(U7-CV)'), ('Net-(D37-A)', 'Net-(D25-A)'), ('Net-(U20-SET)', 'Net-(U18-SET)'), ('+5V', '+5V')]
03-19 01:49:41 root 332:updating GUI message: 'Replicating text'
03-19 01:49:41 com_github_MitjaNemec_ReplicateLayout.replicate_layout 1168:Replicating text
03-19 01:49:41 com_github_MitjaNemec_ReplicateLayout.replicate_layout 1175:Replicating text on sheet ['BrightLight', 'TSSI green']
03-19 01:49:41 com_github_MitjaNemec_ReplicateLayout.replicate_layout 1175:Replicating text on sheet ['BrightLight', 'TSSI red']
03-19 01:49:41 root 332:updating GUI message: 'Replicating drawings'
03-19 01:49:41 com_github_MitjaNemec_ReplicateLayout.replicate_layout 1219:Replicating drawings
03-19 01:49:41 com_github_MitjaNemec_ReplicateLayout.replicate_layout 1225:Replicating drawings on sheet ['BrightLight', 'TSSI green']
03-19 01:49:41 root 337:updating GUI with: 37
03-19 01:49:41 com_github_MitjaNemec_ReplicateLayout.replicate_layout 1225:Replicating drawings on sheet ['BrightLight', 'TSSI red']
03-19 01:49:42 com_github_MitjaNemec_ReplicateLayout.action_replicate_layout 256:Replication complete
03-19 01:49:42 com_github_MitjaNemec_ReplicateLayout.action_replicate_layout 259:Letting the user know there are some issues with replicated design
03-19 01:49:42 com_github_MitjaNemec_ReplicateLayout.action_replicate_layout 263:Looks like the design has an exotic connectivity that the plugin might not handle properly
 Make sure that you check the connectivity around:
Footprint R34, pad 2
Footprint F3, pad 2
Footprint C68, pad 1
Footprint C71, pad 2
Footprint D28, pad 2
Footprint U8, pad 4
Footprint L8, pad 2
Footprint C68, pad 2
Footprint U7, pad 4
Footprint R35, pad 2
Footprint L7, pad 2
Footprint C71, pad 1
Footprint F4, pad 2
Footprint D30, pad 2

