11-09 00:22:28 com_github_MitjaNemec_SaveRestoreLayout.action_save_restore_layout 172:Plugin executed on: 'win32'
11-09 00:22:28 com_github_MitjaNemec_SaveRestoreLayout.action_save_restore_layout 173:Plugin executed with python version: '3.9.16 (main, Oct 13 2023, 05:50:11) [MSC v.1936 64 bit (AMD64)]'
11-09 00:22:28 com_github_MitjaNemec_SaveRestoreLayout.action_save_restore_layout 174:KiCad build version: 7.0.9
11-09 00:22:28 com_github_MitjaNemec_SaveRestoreLayout.action_save_restore_layout 175:Plugin version: 2.0.8

11-09 00:22:28 com_github_MitjaNemec_SaveRestoreLayout.action_save_restore_layout 176:Frame repr: <wx._core.Frame object at 0x0000028211D83280>
11-09 00:22:28 com_github_MitjaNemec_SaveRestoreLayout.action_save_restore_layout 194:Anchor footprint reference is 'RL1'
11-09 00:22:29 com_github_MitjaNemec_SaveRestoreLayout.action_save_restore_layout 274:Restore layout chosen
11-09 00:22:31 com_github_MitjaNemec_SaveRestoreLayout.action_save_restore_layout 75:Initialization start
11-09 00:22:31 com_github_MitjaNemec_SaveRestoreLayout.action_save_restore_layout 77:Initialization done Group name:
11-09 00:22:36 com_github_MitjaNemec_SaveRestoreLayout.save_restore_layout 675:Getting board info
11-09 00:22:36 com_github_MitjaNemec_SaveRestoreLayout.save_restore_layout 678:Get project schematics and layout data
11-09 00:22:36 com_github_MitjaNemec_SaveRestoreLayout.save_restore_layout 132:getting a list of all footprints on board
11-09 00:22:36 com_github_MitjaNemec_SaveRestoreLayout.save_restore_layout 684:Loading saved design
11-09 00:22:36 com_github_MitjaNemec_SaveRestoreLayout.save_restore_layout 706:Source level is:['Latch.kicad_sch']
11-09 00:22:36 com_github_MitjaNemec_SaveRestoreLayout.save_restore_layout 711:Destination footprint is:'RL1'
11-09 00:22:36 com_github_MitjaNemec_SaveRestoreLayout.save_restore_layout 712:Destination levels available are:['Latch.kicad_sch']
11-09 00:22:36 com_github_MitjaNemec_SaveRestoreLayout.save_restore_layout 723:Destination level is:['Latch.kicad_sch']
11-09 00:22:36 com_github_MitjaNemec_SaveRestoreLayout.save_restore_layout 728:All sch files required are: ['Latch.kicad_sch']
11-09 00:22:36 com_github_MitjaNemec_SaveRestoreLayout.save_restore_layout 730:Getting current schematics hash
11-09 00:22:36 com_github_MitjaNemec_SaveRestoreLayout.save_restore_layout 741:Source hash is:'24ec4593c6722281758a188c0da34e75'
11-09 00:22:36 com_github_MitjaNemec_SaveRestoreLayout.save_restore_layout 742:Destination hash is: '24ec4593c6722281758a188c0da34e75'
11-09 00:22:36 com_github_MitjaNemec_SaveRestoreLayout.save_restore_layout 759:Get layout data from saved board
11-09 00:22:36 com_github_MitjaNemec_SaveRestoreLayout.save_restore_layout 132:getting a list of all footprints on board
11-09 00:22:36 com_github_MitjaNemec_SaveRestoreLayout.save_restore_layout 907:Replicating footprints
11-09 00:22:36 com_github_MitjaNemec_SaveRestoreLayout.save_restore_layout 1068:Replicating tracks
11-09 00:22:36 com_github_MitjaNemec_SaveRestoreLayout.save_restore_layout 1121:Replicating zones
11-09 00:22:36 com_github_MitjaNemec_SaveRestoreLayout.save_restore_layout 1185:Replicating text
11-09 00:22:36 com_github_MitjaNemec_SaveRestoreLayout.save_restore_layout 1219:Replicating drawings
