10-15 16:47:03 com_github_MitjaNemec_ReplicateLayout.action_replicate_layout 409:Plugin executed on: 'win32'
10-15 16:47:03 com_github_MitjaNemec_ReplicateLayout.action_replicate_layout 410:Plugin executed with python version: '3.11.5 (main, Jun 15 2025, 06:45:45) [MSC v.1942 64 bit (AMD64)]'
10-15 16:47:03 com_github_MitjaNemec_ReplicateLayout.action_replicate_layout 411:KiCad build version: 9.0.4
10-15 16:47:03 com_github_MitjaNemec_ReplicateLayout.action_replicate_layout 412:Plugin version: 4.0.3
10-15 16:47:03 com_github_MitjaNemec_ReplicateLayout.action_replicate_layout 413:Frame repr: <wx._core.Frame object at 0x0000019342B7C4C0>
10-15 16:47:03 com_github_MitjaNemec_ReplicateLayout.action_replicate_layout 437:Preparing replicator with L3 as a reference
10-15 16:47:03 com_github_MitjaNemec_ReplicateLayout.replicate_layout 117:getting a list of all footprints on board
10-15 16:47:03 com_github_MitjaNemec_ReplicateLayout.action_replicate_layout 485:source anchor footprint is 'L3'
Located on: ['/5v buck mcu/']
With filenames: ['5v_buck.kicad_sch']
With sheet_id:['/5v buck mcu/']
10-15 16:47:03 com_github_MitjaNemec_ReplicateLayout.action_replicate_layout 492:Corresponding footprints are 
[('L4', ['/5v buck rpi/']), ('L3', ['/5v buck mcu/'])]
10-15 16:47:03 com_github_MitjaNemec_ReplicateLayout.action_replicate_layout 504:Showing dialog
10-15 16:47:03 com_github_MitjaNemec_ReplicateLayout.replicate_layout 472:constructing a list of sheets suitable for replication on level:'/5v buck mcu/', file:'5v_buck.kicad_sch'
10-15 16:47:03 com_github_MitjaNemec_ReplicateLayout.replicate_layout 509:suitable sheets are:[['/5v buck rpi/']]
10-15 16:47:03 com_github_MitjaNemec_ReplicateLayout.replicate_layout 1512:Level selected: ['/5v buck mcu/']
10-15 16:47:03 com_github_MitjaNemec_ReplicateLayout.replicate_layout 1336:Filtering list of tracks
10-15 16:47:03 com_github_MitjaNemec_ReplicateLayout.action_replicate_layout 510:Toolbar position: wx.Point(3805, -2075)
10-15 16:47:03 com_github_MitjaNemec_ReplicateLayout.action_replicate_layout 515:Dialog position: wx.Point(3366, -2075)
10-15 16:47:14 com_github_MitjaNemec_ReplicateLayout.replicate_layout 472:constructing a list of sheets suitable for replication on level:'/5v buck mcu/', file:'5v_buck.kicad_sch'
10-15 16:47:14 com_github_MitjaNemec_ReplicateLayout.replicate_layout 509:suitable sheets are:[['/5v buck rpi/']]
10-15 16:47:14 com_github_MitjaNemec_ReplicateLayout.action_replicate_layout 248:Replicating layout
10-15 16:47:14 com_github_MitjaNemec_ReplicateLayout.replicate_layout 288:Starting replication of sheets: [['/5v buck rpi/']]
on level: ['/5v buck mcu/']
with tracks=True, zone=True, text=True, text=True, intersecting=False, remove=False, locked footprints=False, group_only=False
10-15 16:47:14 root 340:updating GUI message: 'Preparing for replication'
10-15 16:47:14 root 345:updating GUI with: 0
10-15 16:47:14 com_github_MitjaNemec_ReplicateLayout.replicate_layout 358:Getting the list of source footprints
10-15 16:47:14 root 345:updating GUI with: 0
10-15 16:47:14 com_github_MitjaNemec_ReplicateLayout.replicate_layout 368:Getting the list of all the remaining footprints
10-15 16:47:14 com_github_MitjaNemec_ReplicateLayout.replicate_layout 375:Getting source tracks
10-15 16:47:14 com_github_MitjaNemec_ReplicateLayout.replicate_layout 1336:Filtering list of tracks
10-15 16:47:14 com_github_MitjaNemec_ReplicateLayout.replicate_layout 379:Getting source zones
10-15 16:47:14 com_github_MitjaNemec_ReplicateLayout.replicate_layout 383:Getting source text items
10-15 16:47:14 root 345:updating GUI with: 66
10-15 16:47:14 com_github_MitjaNemec_ReplicateLayout.replicate_layout 387:Getting source drawing items
10-15 16:47:14 root 340:updating GUI message: 'Replicating footprints'
10-15 16:47:14 com_github_MitjaNemec_ReplicateLayout.replicate_layout 863:Replicating footprints
10-15 16:47:14 root 345:updating GUI with: 0
10-15 16:47:14 com_github_MitjaNemec_ReplicateLayout.replicate_layout 870:Replicating footprints on sheet ['/5v buck rpi/']
10-15 16:47:14 com_github_MitjaNemec_ReplicateLayout.replicate_layout 835:Src fp.id: 'B21D69E7-20F4-4B5C-92A3-96B0FB2E7A2B'
10-15 16:47:14 com_github_MitjaNemec_ReplicateLayout.replicate_layout 839:Dst fp.id: 'B21D69E7-20F4-4B5C-92A3-96B0FB2E7A2B'
10-15 16:47:14 com_github_MitjaNemec_ReplicateLayout.replicate_layout 888:Replicating footprint: 'C32'
10-15 16:47:14 com_github_MitjaNemec_ReplicateLayout.replicate_layout 835:Src fp.id: '47C237F9-125E-4888-8057-A28057372650'
10-15 16:47:14 com_github_MitjaNemec_ReplicateLayout.replicate_layout 839:Dst fp.id: '47C237F9-125E-4888-8057-A28057372650'
10-15 16:47:14 com_github_MitjaNemec_ReplicateLayout.replicate_layout 895:found match in dst footprint: 'C44'
10-15 16:47:14 com_github_MitjaNemec_ReplicateLayout.replicate_layout 990:Src text UUid:5cfc972d-b23d-4d40-843b-a2b0a3f3e2ea
10-15 16:47:14 com_github_MitjaNemec_ReplicateLayout.replicate_layout 991:Dst text UUid:30e8c46a-5b6e-48a1-8fc0-6aba5dc8c466
10-15 16:47:14 com_github_MitjaNemec_ReplicateLayout.replicate_layout 990:Src text UUid:5dd7cb87-cb00-4c86-be77-2494ef9bcc9d
10-15 16:47:14 com_github_MitjaNemec_ReplicateLayout.replicate_layout 991:Dst text UUid:0da888f4-489f-437a-ba9b-9dcbbb230b99
10-15 16:47:14 com_github_MitjaNemec_ReplicateLayout.replicate_layout 990:Src text UUid:8191c20d-8adc-41ba-80ad-cdc9b351dcec
10-15 16:47:14 com_github_MitjaNemec_ReplicateLayout.replicate_layout 991:Dst text UUid:e6caf306-e332-4f76-9875-a14c9700bdd0
10-15 16:47:14 com_github_MitjaNemec_ReplicateLayout.replicate_layout 888:Replicating footprint: 'D19'
10-15 16:47:14 com_github_MitjaNemec_ReplicateLayout.replicate_layout 835:Src fp.id: '2074CBB3-F1A8-40B2-AC68-16C7A0364DFE'
10-15 16:47:14 com_github_MitjaNemec_ReplicateLayout.replicate_layout 839:Dst fp.id: '2074CBB3-F1A8-40B2-AC68-16C7A0364DFE'
10-15 16:47:14 com_github_MitjaNemec_ReplicateLayout.replicate_layout 895:found match in dst footprint: 'D21'
10-15 16:47:14 com_github_MitjaNemec_ReplicateLayout.replicate_layout 990:Src text UUid:adefd020-8758-4bc8-9c0a-313f2d1305de
10-15 16:47:14 com_github_MitjaNemec_ReplicateLayout.replicate_layout 991:Dst text UUid:e3d73dd0-a0b7-4a6f-adca-366fed6ad4c3
10-15 16:47:14 com_github_MitjaNemec_ReplicateLayout.replicate_layout 990:Src text UUid:75da1523-96d1-4400-9c75-ddb357a3f0cb
10-15 16:47:14 com_github_MitjaNemec_ReplicateLayout.replicate_layout 991:Dst text UUid:86000d11-72d9-462d-a22d-858689200d94
10-15 16:47:14 com_github_MitjaNemec_ReplicateLayout.replicate_layout 990:Src text UUid:bd9af337-4fa0-4f2a-92cd-0e69feadb933
10-15 16:47:14 com_github_MitjaNemec_ReplicateLayout.replicate_layout 991:Dst text UUid:a89eedce-cbac-47d6-8916-894c9c13abd7
10-15 16:47:14 com_github_MitjaNemec_ReplicateLayout.replicate_layout 888:Replicating footprint: 'U16'
10-15 16:47:14 com_github_MitjaNemec_ReplicateLayout.replicate_layout 835:Src fp.id: 'E8C6CEE4-9B15-4368-BA72-374751027F63'
10-15 16:47:14 com_github_MitjaNemec_ReplicateLayout.replicate_layout 839:Dst fp.id: 'E8C6CEE4-9B15-4368-BA72-374751027F63'
10-15 16:47:14 com_github_MitjaNemec_ReplicateLayout.replicate_layout 895:found match in dst footprint: 'U17'
10-15 16:47:14 com_github_MitjaNemec_ReplicateLayout.replicate_layout 990:Src text UUid:2d27bb98-0cee-4cf3-80ca-e342b391793c
10-15 16:47:14 com_github_MitjaNemec_ReplicateLayout.replicate_layout 991:Dst text UUid:67a1e65a-a937-4d5e-8fa5-ba9bf293d299
10-15 16:47:14 com_github_MitjaNemec_ReplicateLayout.replicate_layout 990:Src text UUid:6e365b89-1d68-4edb-8cca-df3b219372f1
10-15 16:47:14 com_github_MitjaNemec_ReplicateLayout.replicate_layout 991:Dst text UUid:eb8a34ba-b967-457d-9457-b9f8effc8a90
10-15 16:47:14 com_github_MitjaNemec_ReplicateLayout.replicate_layout 990:Src text UUid:034c4d4c-d8d1-43a1-a978-9994048d81cd
10-15 16:47:14 com_github_MitjaNemec_ReplicateLayout.replicate_layout 991:Dst text UUid:a5cc1160-3b44-4df4-b52e-f5564006657b
10-15 16:47:14 com_github_MitjaNemec_ReplicateLayout.replicate_layout 888:Replicating footprint: 'R105'
10-15 16:47:14 com_github_MitjaNemec_ReplicateLayout.replicate_layout 835:Src fp.id: 'DC18F8E5-614E-465F-B60B-5F7A749CDF56'
10-15 16:47:14 com_github_MitjaNemec_ReplicateLayout.replicate_layout 839:Dst fp.id: 'DC18F8E5-614E-465F-B60B-5F7A749CDF56'
10-15 16:47:14 com_github_MitjaNemec_ReplicateLayout.replicate_layout 895:found match in dst footprint: 'R107'
10-15 16:47:14 com_github_MitjaNemec_ReplicateLayout.replicate_layout 990:Src text UUid:f6a3eb94-66a7-49c9-aab9-9815b1827bcd
10-15 16:47:14 com_github_MitjaNemec_ReplicateLayout.replicate_layout 991:Dst text UUid:85e84496-32c9-46c8-a94b-e20111f3f686
10-15 16:47:14 com_github_MitjaNemec_ReplicateLayout.replicate_layout 990:Src text UUid:f4579d57-de2e-42a4-9f44-fe074c2db304
10-15 16:47:14 com_github_MitjaNemec_ReplicateLayout.replicate_layout 991:Dst text UUid:d7f97592-828b-4c71-98c0-727277b5ae56
10-15 16:47:14 com_github_MitjaNemec_ReplicateLayout.replicate_layout 990:Src text UUid:db90f970-1fbf-4ada-8106-b006341a7cee
10-15 16:47:14 com_github_MitjaNemec_ReplicateLayout.replicate_layout 991:Dst text UUid:98b6d3cc-9925-414a-86e2-a83e3d2df971
10-15 16:47:14 com_github_MitjaNemec_ReplicateLayout.replicate_layout 888:Replicating footprint: 'R104'
10-15 16:47:14 com_github_MitjaNemec_ReplicateLayout.replicate_layout 835:Src fp.id: 'B42BCCDC-CFDC-4972-ACD8-6FFA973ED97E'
10-15 16:47:14 com_github_MitjaNemec_ReplicateLayout.replicate_layout 839:Dst fp.id: 'B42BCCDC-CFDC-4972-ACD8-6FFA973ED97E'
10-15 16:47:14 com_github_MitjaNemec_ReplicateLayout.replicate_layout 895:found match in dst footprint: 'R106'
10-15 16:47:14 com_github_MitjaNemec_ReplicateLayout.replicate_layout 990:Src text UUid:3728a511-a43d-48cb-bcb3-f5dcc060e97e
10-15 16:47:14 com_github_MitjaNemec_ReplicateLayout.replicate_layout 991:Dst text UUid:c36f0716-739c-4a29-93c8-2929fe9438f4
10-15 16:47:14 com_github_MitjaNemec_ReplicateLayout.replicate_layout 990:Src text UUid:38964b28-6ae2-4685-bf8d-b3a0e2f63492
10-15 16:47:14 com_github_MitjaNemec_ReplicateLayout.replicate_layout 991:Dst text UUid:e790e734-f403-4f36-95b6-35ee906eb37b
10-15 16:47:14 com_github_MitjaNemec_ReplicateLayout.replicate_layout 990:Src text UUid:87febb62-d882-49c8-b93c-140b5bebf20f
10-15 16:47:14 com_github_MitjaNemec_ReplicateLayout.replicate_layout 991:Dst text UUid:fd7a1b3d-74fd-478c-97c6-680540024c63
10-15 16:47:14 com_github_MitjaNemec_ReplicateLayout.replicate_layout 888:Replicating footprint: 'L3'
10-15 16:47:14 root 345:updating GUI with: 31
10-15 16:47:14 com_github_MitjaNemec_ReplicateLayout.replicate_layout 835:Src fp.id: 'B21D69E7-20F4-4B5C-92A3-96B0FB2E7A2B'
10-15 16:47:14 com_github_MitjaNemec_ReplicateLayout.replicate_layout 839:Dst fp.id: 'B21D69E7-20F4-4B5C-92A3-96B0FB2E7A2B'
10-15 16:47:14 com_github_MitjaNemec_ReplicateLayout.replicate_layout 895:found match in dst footprint: 'L4'
10-15 16:47:14 com_github_MitjaNemec_ReplicateLayout.replicate_layout 990:Src text UUid:726b1a9a-ae94-46f3-9439-6b8447d2e536
10-15 16:47:14 com_github_MitjaNemec_ReplicateLayout.replicate_layout 991:Dst text UUid:e4e8133a-3a0f-4595-8d93-1ef323f54fb1
10-15 16:47:14 com_github_MitjaNemec_ReplicateLayout.replicate_layout 990:Src text UUid:da3c9b91-e3aa-4651-8b1c-ac76cb3ca288
10-15 16:47:14 com_github_MitjaNemec_ReplicateLayout.replicate_layout 991:Dst text UUid:657eb614-26c8-44f9-8067-589a0f917b1d
10-15 16:47:14 com_github_MitjaNemec_ReplicateLayout.replicate_layout 990:Src text UUid:17781e56-21e6-4f99-84d6-9d7ac6cfcde4
10-15 16:47:14 com_github_MitjaNemec_ReplicateLayout.replicate_layout 991:Dst text UUid:68ec7c00-8305-4e61-b56a-176a014a9bb5
10-15 16:47:14 com_github_MitjaNemec_ReplicateLayout.replicate_layout 888:Replicating footprint: 'F2'
10-15 16:47:14 com_github_MitjaNemec_ReplicateLayout.replicate_layout 835:Src fp.id: '21394629-6332-4275-B709-F4A139DAA473'
10-15 16:47:14 com_github_MitjaNemec_ReplicateLayout.replicate_layout 839:Dst fp.id: '21394629-6332-4275-B709-F4A139DAA473'
10-15 16:47:14 com_github_MitjaNemec_ReplicateLayout.replicate_layout 895:found match in dst footprint: 'F3'
10-15 16:47:14 com_github_MitjaNemec_ReplicateLayout.replicate_layout 990:Src text UUid:f9fc87ba-914e-4f1a-9379-70f7e71bef67
10-15 16:47:14 com_github_MitjaNemec_ReplicateLayout.replicate_layout 991:Dst text UUid:8c51f69e-6a6a-4036-86c9-e39ed0160673
10-15 16:47:14 com_github_MitjaNemec_ReplicateLayout.replicate_layout 990:Src text UUid:b32b2d09-c9a7-4dd2-9cd1-2b7116b9c589
10-15 16:47:14 com_github_MitjaNemec_ReplicateLayout.replicate_layout 991:Dst text UUid:c2d2cb97-f53e-4e48-8403-829269b537de
10-15 16:47:14 com_github_MitjaNemec_ReplicateLayout.replicate_layout 990:Src text UUid:151df08c-93b6-4fc3-a466-64010f42f8c9
10-15 16:47:14 com_github_MitjaNemec_ReplicateLayout.replicate_layout 991:Dst text UUid:351b579a-58d6-40b4-b9fe-ebd35e7c9df4
10-15 16:47:14 com_github_MitjaNemec_ReplicateLayout.replicate_layout 888:Replicating footprint: 'D18'
10-15 16:47:14 com_github_MitjaNemec_ReplicateLayout.replicate_layout 835:Src fp.id: '328B9360-A579-430E-9A24-7C1F15C93F77'
10-15 16:47:14 com_github_MitjaNemec_ReplicateLayout.replicate_layout 839:Dst fp.id: '328B9360-A579-430E-9A24-7C1F15C93F77'
10-15 16:47:14 com_github_MitjaNemec_ReplicateLayout.replicate_layout 895:found match in dst footprint: 'D20'
10-15 16:47:14 com_github_MitjaNemec_ReplicateLayout.replicate_layout 990:Src text UUid:87d1bb9c-c074-4bd9-93da-8be4e91d12bc
10-15 16:47:14 com_github_MitjaNemec_ReplicateLayout.replicate_layout 991:Dst text UUid:4bce6818-166a-4afe-85d7-abcabf0cec4f
10-15 16:47:14 com_github_MitjaNemec_ReplicateLayout.replicate_layout 990:Src text UUid:fe2f458c-e8ab-4766-9433-a791ee984d30
10-15 16:47:14 com_github_MitjaNemec_ReplicateLayout.replicate_layout 991:Dst text UUid:1945f043-c9f6-4797-9863-1a2b488be9e5
10-15 16:47:14 com_github_MitjaNemec_ReplicateLayout.replicate_layout 990:Src text UUid:48f38d1b-399a-4f68-b9c4-13baaee65c60
10-15 16:47:14 com_github_MitjaNemec_ReplicateLayout.replicate_layout 991:Dst text UUid:4786b197-cd58-4217-b468-df7d07225893
10-15 16:47:14 com_github_MitjaNemec_ReplicateLayout.replicate_layout 888:Replicating footprint: 'C31'
10-15 16:47:14 com_github_MitjaNemec_ReplicateLayout.replicate_layout 835:Src fp.id: '98EE7031-DC16-488B-BA22-753C4C6489C2'
10-15 16:47:14 com_github_MitjaNemec_ReplicateLayout.replicate_layout 839:Dst fp.id: '98EE7031-DC16-488B-BA22-753C4C6489C2'
10-15 16:47:14 com_github_MitjaNemec_ReplicateLayout.replicate_layout 895:found match in dst footprint: 'C43'
10-15 16:47:14 com_github_MitjaNemec_ReplicateLayout.replicate_layout 990:Src text UUid:d9291bdb-c9fd-4302-90cb-a005114e1943
10-15 16:47:14 com_github_MitjaNemec_ReplicateLayout.replicate_layout 991:Dst text UUid:77d83123-3dac-4137-95b8-b5f9411bc0f9
10-15 16:47:14 com_github_MitjaNemec_ReplicateLayout.replicate_layout 990:Src text UUid:2d84b10e-3807-4482-beb6-a777d956dd34
10-15 16:47:14 com_github_MitjaNemec_ReplicateLayout.replicate_layout 991:Dst text UUid:fc08ac87-2bcb-43b9-8e32-cb1b1b84df34
10-15 16:47:14 com_github_MitjaNemec_ReplicateLayout.replicate_layout 990:Src text UUid:7ec99277-b383-4016-a6d5-060e9e52d6ea
10-15 16:47:14 com_github_MitjaNemec_ReplicateLayout.replicate_layout 991:Dst text UUid:71d7cf44-a6fe-47a8-8c63-382e3e058df4
10-15 16:47:14 com_github_MitjaNemec_ReplicateLayout.replicate_layout 888:Replicating footprint: 'C30'
10-15 16:47:14 com_github_MitjaNemec_ReplicateLayout.replicate_layout 835:Src fp.id: '84B7486E-68F3-40D0-AF4D-580591B49036'
10-15 16:47:14 com_github_MitjaNemec_ReplicateLayout.replicate_layout 839:Dst fp.id: '84B7486E-68F3-40D0-AF4D-580591B49036'
10-15 16:47:14 com_github_MitjaNemec_ReplicateLayout.replicate_layout 895:found match in dst footprint: 'C42'
10-15 16:47:14 com_github_MitjaNemec_ReplicateLayout.replicate_layout 990:Src text UUid:f9d23904-1b00-41cf-8844-250f5e1715e6
10-15 16:47:14 com_github_MitjaNemec_ReplicateLayout.replicate_layout 991:Dst text UUid:ad98dddf-c5b6-421f-bc85-0325fe1b90b8
10-15 16:47:14 com_github_MitjaNemec_ReplicateLayout.replicate_layout 990:Src text UUid:b7c1e072-49ef-4814-b104-f0a587e44fd9
10-15 16:47:14 com_github_MitjaNemec_ReplicateLayout.replicate_layout 991:Dst text UUid:b88ecf06-f7f7-4c2b-b6ca-d0373b158b59
10-15 16:47:14 com_github_MitjaNemec_ReplicateLayout.replicate_layout 990:Src text UUid:d21f9f82-f45f-4b9a-8d30-2d765d7904c1
10-15 16:47:14 com_github_MitjaNemec_ReplicateLayout.replicate_layout 991:Dst text UUid:0dd5dced-f328-4367-9cf3-11ca799f8929
10-15 16:47:14 com_github_MitjaNemec_ReplicateLayout.replicate_layout 888:Replicating footprint: 'C29'
10-15 16:47:14 com_github_MitjaNemec_ReplicateLayout.replicate_layout 835:Src fp.id: 'EA95D508-2ABD-4AAB-B66B-6CBD4E97D2B9'
10-15 16:47:14 com_github_MitjaNemec_ReplicateLayout.replicate_layout 839:Dst fp.id: 'EA95D508-2ABD-4AAB-B66B-6CBD4E97D2B9'
10-15 16:47:14 com_github_MitjaNemec_ReplicateLayout.replicate_layout 895:found match in dst footprint: 'C41'
10-15 16:47:14 com_github_MitjaNemec_ReplicateLayout.replicate_layout 990:Src text UUid:c07d5d41-3059-4c0f-b38e-0b5740e5df26
10-15 16:47:14 com_github_MitjaNemec_ReplicateLayout.replicate_layout 991:Dst text UUid:d03de436-fa1b-423c-8c60-0234c39de4e5
10-15 16:47:14 com_github_MitjaNemec_ReplicateLayout.replicate_layout 990:Src text UUid:f9a66e3d-6242-4122-9ce4-06684a158166
10-15 16:47:14 com_github_MitjaNemec_ReplicateLayout.replicate_layout 991:Dst text UUid:e16462f9-30ad-45c4-bee8-b9e0d80c6504
10-15 16:47:14 com_github_MitjaNemec_ReplicateLayout.replicate_layout 990:Src text UUid:f4ec1eb5-9c01-4f27-ada1-7b6eb70f852f
10-15 16:47:14 com_github_MitjaNemec_ReplicateLayout.replicate_layout 991:Dst text UUid:679e412c-d184-460e-9965-ccd5ce367be1
10-15 16:47:14 com_github_MitjaNemec_ReplicateLayout.replicate_layout 888:Replicating footprint: 'C28'
10-15 16:47:14 com_github_MitjaNemec_ReplicateLayout.replicate_layout 835:Src fp.id: '251545B7-9DA4-461B-B78A-4B96B14DCF91'
10-15 16:47:14 com_github_MitjaNemec_ReplicateLayout.replicate_layout 839:Dst fp.id: '251545B7-9DA4-461B-B78A-4B96B14DCF91'
10-15 16:47:14 com_github_MitjaNemec_ReplicateLayout.replicate_layout 895:found match in dst footprint: 'C40'
10-15 16:47:14 com_github_MitjaNemec_ReplicateLayout.replicate_layout 990:Src text UUid:eaa94666-c45e-4baf-be67-bafa5d684868
10-15 16:47:14 com_github_MitjaNemec_ReplicateLayout.replicate_layout 991:Dst text UUid:71984cc4-92d7-46ab-89a0-ae20ba73f461
10-15 16:47:14 com_github_MitjaNemec_ReplicateLayout.replicate_layout 990:Src text UUid:d1ac14e1-272a-44b3-a5fd-34834f3e6c10
10-15 16:47:14 com_github_MitjaNemec_ReplicateLayout.replicate_layout 991:Dst text UUid:cdfc15f4-ed43-4517-b1be-e907669be710
10-15 16:47:14 com_github_MitjaNemec_ReplicateLayout.replicate_layout 990:Src text UUid:f8c1f46e-633e-4b6d-8c9a-c1d9afbeda35
10-15 16:47:14 com_github_MitjaNemec_ReplicateLayout.replicate_layout 991:Dst text UUid:9f89b18f-8115-48be-9d4e-7650c9816e7e
10-15 16:47:14 com_github_MitjaNemec_ReplicateLayout.replicate_layout 888:Replicating footprint: 'C27'
10-15 16:47:14 com_github_MitjaNemec_ReplicateLayout.replicate_layout 835:Src fp.id: 'B35E37FF-1965-4882-884B-DA3A7B5EE11F'
10-15 16:47:14 com_github_MitjaNemec_ReplicateLayout.replicate_layout 839:Dst fp.id: 'B35E37FF-1965-4882-884B-DA3A7B5EE11F'
10-15 16:47:14 com_github_MitjaNemec_ReplicateLayout.replicate_layout 895:found match in dst footprint: 'C39'
10-15 16:47:14 com_github_MitjaNemec_ReplicateLayout.replicate_layout 990:Src text UUid:db7d30fb-7e0d-4277-b88b-77183c50ca24
10-15 16:47:14 com_github_MitjaNemec_ReplicateLayout.replicate_layout 991:Dst text UUid:9bed8fa1-2270-4f06-a290-e9cf13a5f3f4
10-15 16:47:14 com_github_MitjaNemec_ReplicateLayout.replicate_layout 990:Src text UUid:0bd27f35-23b3-4b86-ba87-f23ab70ce669
10-15 16:47:14 com_github_MitjaNemec_ReplicateLayout.replicate_layout 991:Dst text UUid:76385621-be9b-41c4-8dbc-20cbc62068e0
10-15 16:47:14 com_github_MitjaNemec_ReplicateLayout.replicate_layout 990:Src text UUid:fd9a4144-a59b-4e91-b420-4537a4769c30
10-15 16:47:14 com_github_MitjaNemec_ReplicateLayout.replicate_layout 991:Dst text UUid:03849d18-ffc5-4b24-8bc2-aeb427268c11
10-15 16:47:14 com_github_MitjaNemec_ReplicateLayout.replicate_layout 888:Replicating footprint: 'C26'
10-15 16:47:14 com_github_MitjaNemec_ReplicateLayout.replicate_layout 835:Src fp.id: '27473811-906F-4B72-A227-FC1E3CD1B5A3'
10-15 16:47:14 com_github_MitjaNemec_ReplicateLayout.replicate_layout 839:Dst fp.id: '27473811-906F-4B72-A227-FC1E3CD1B5A3'
10-15 16:47:14 com_github_MitjaNemec_ReplicateLayout.replicate_layout 895:found match in dst footprint: 'C38'
10-15 16:47:14 com_github_MitjaNemec_ReplicateLayout.replicate_layout 990:Src text UUid:e498aba9-b25d-43e5-ba1a-baff495df37d
10-15 16:47:14 com_github_MitjaNemec_ReplicateLayout.replicate_layout 991:Dst text UUid:d1e2ed7c-be98-490c-af08-79692caf64c6
10-15 16:47:14 com_github_MitjaNemec_ReplicateLayout.replicate_layout 990:Src text UUid:87e3b6ff-481d-474a-89b3-e27f78bac465
10-15 16:47:14 com_github_MitjaNemec_ReplicateLayout.replicate_layout 991:Dst text UUid:f2b18740-c757-44b3-9750-ad01d302c468
10-15 16:47:14 com_github_MitjaNemec_ReplicateLayout.replicate_layout 990:Src text UUid:608ded4a-ca58-4ebd-ba0b-ed1046336b36
10-15 16:47:14 com_github_MitjaNemec_ReplicateLayout.replicate_layout 991:Dst text UUid:6efded62-7c17-4996-957b-76261a746c62
10-15 16:47:14 com_github_MitjaNemec_ReplicateLayout.replicate_layout 888:Replicating footprint: 'C25'
10-15 16:47:14 root 345:updating GUI with: 78
10-15 16:47:14 com_github_MitjaNemec_ReplicateLayout.replicate_layout 835:Src fp.id: '9B07046F-77D0-4039-B779-EA206040AEA3'
10-15 16:47:14 com_github_MitjaNemec_ReplicateLayout.replicate_layout 839:Dst fp.id: '9B07046F-77D0-4039-B779-EA206040AEA3'
10-15 16:47:14 com_github_MitjaNemec_ReplicateLayout.replicate_layout 895:found match in dst footprint: 'C37'
10-15 16:47:14 com_github_MitjaNemec_ReplicateLayout.replicate_layout 990:Src text UUid:7b8550c2-10d8-4e01-a339-f13f0d2b8198
10-15 16:47:14 com_github_MitjaNemec_ReplicateLayout.replicate_layout 991:Dst text UUid:337ec49e-82e9-474f-b23d-9a0aff22fea6
10-15 16:47:14 com_github_MitjaNemec_ReplicateLayout.replicate_layout 990:Src text UUid:9b6c8ad1-176e-4c13-b613-01e2afa13b21
10-15 16:47:14 com_github_MitjaNemec_ReplicateLayout.replicate_layout 991:Dst text UUid:5295eec5-2dbf-4442-9717-ca4f6789540d
10-15 16:47:14 com_github_MitjaNemec_ReplicateLayout.replicate_layout 990:Src text UUid:4813b54b-749e-4535-94fb-1908d16388bd
10-15 16:47:14 com_github_MitjaNemec_ReplicateLayout.replicate_layout 991:Dst text UUid:f7c1e62c-02f0-4996-800b-5bc7653c6a9f
10-15 16:47:14 com_github_MitjaNemec_ReplicateLayout.replicate_layout 888:Replicating footprint: 'C24'
10-15 16:47:14 com_github_MitjaNemec_ReplicateLayout.replicate_layout 835:Src fp.id: 'FEECBA5E-46E1-4F64-8544-056A100C70A6'
10-15 16:47:14 com_github_MitjaNemec_ReplicateLayout.replicate_layout 839:Dst fp.id: 'FEECBA5E-46E1-4F64-8544-056A100C70A6'
10-15 16:47:14 com_github_MitjaNemec_ReplicateLayout.replicate_layout 895:found match in dst footprint: 'C36'
10-15 16:47:14 com_github_MitjaNemec_ReplicateLayout.replicate_layout 990:Src text UUid:677be52b-b77f-4ab2-9596-ef0243e24383
10-15 16:47:14 com_github_MitjaNemec_ReplicateLayout.replicate_layout 991:Dst text UUid:231121fe-ca9e-4dec-9c9e-46c77c73fd74
10-15 16:47:14 com_github_MitjaNemec_ReplicateLayout.replicate_layout 990:Src text UUid:ce1f0c42-c532-4d8a-886b-97f6e21736f5
10-15 16:47:14 com_github_MitjaNemec_ReplicateLayout.replicate_layout 991:Dst text UUid:2aa35015-6966-40ce-94ad-5ede33044098
10-15 16:47:14 com_github_MitjaNemec_ReplicateLayout.replicate_layout 990:Src text UUid:74cfb710-bc62-421c-bf06-094bc07293ba
10-15 16:47:14 com_github_MitjaNemec_ReplicateLayout.replicate_layout 991:Dst text UUid:ead69998-6629-43c4-9951-16b65caa9224
10-15 16:47:14 com_github_MitjaNemec_ReplicateLayout.replicate_layout 888:Replicating footprint: 'C23'
10-15 16:47:14 com_github_MitjaNemec_ReplicateLayout.replicate_layout 835:Src fp.id: 'EB723AD0-9376-4C6A-B7E0-1B19B61FEDFC'
10-15 16:47:14 com_github_MitjaNemec_ReplicateLayout.replicate_layout 839:Dst fp.id: 'EB723AD0-9376-4C6A-B7E0-1B19B61FEDFC'
10-15 16:47:14 com_github_MitjaNemec_ReplicateLayout.replicate_layout 895:found match in dst footprint: 'C35'
10-15 16:47:14 com_github_MitjaNemec_ReplicateLayout.replicate_layout 990:Src text UUid:5f116a13-918c-41ab-9025-ffb1d0eb2b62
10-15 16:47:14 com_github_MitjaNemec_ReplicateLayout.replicate_layout 991:Dst text UUid:6862b183-1b77-425d-a402-dd20659232f5
10-15 16:47:14 com_github_MitjaNemec_ReplicateLayout.replicate_layout 990:Src text UUid:67b02572-de8a-44c4-9cd4-79924fa126c4
10-15 16:47:14 com_github_MitjaNemec_ReplicateLayout.replicate_layout 991:Dst text UUid:3d8fccd1-da94-45e1-b7f1-ed8f8ed623a7
10-15 16:47:14 com_github_MitjaNemec_ReplicateLayout.replicate_layout 990:Src text UUid:4d41aeff-c17b-4ed4-a213-2ea3ff63e7d7
10-15 16:47:14 com_github_MitjaNemec_ReplicateLayout.replicate_layout 991:Dst text UUid:9258211e-ab1c-44cc-9c7c-3e287baa8d57
10-15 16:47:14 com_github_MitjaNemec_ReplicateLayout.replicate_layout 888:Replicating footprint: 'C22'
10-15 16:47:14 com_github_MitjaNemec_ReplicateLayout.replicate_layout 835:Src fp.id: '1F5B770A-6721-4FEA-93F3-87F1CB52A0F1'
10-15 16:47:14 com_github_MitjaNemec_ReplicateLayout.replicate_layout 839:Dst fp.id: '1F5B770A-6721-4FEA-93F3-87F1CB52A0F1'
10-15 16:47:14 com_github_MitjaNemec_ReplicateLayout.replicate_layout 895:found match in dst footprint: 'C34'
10-15 16:47:14 com_github_MitjaNemec_ReplicateLayout.replicate_layout 990:Src text UUid:80d904fb-8cb4-43f3-9ba5-7918a9b8a7da
10-15 16:47:14 com_github_MitjaNemec_ReplicateLayout.replicate_layout 991:Dst text UUid:61ef7245-6d87-4f89-b763-d69fec24ce5b
10-15 16:47:14 com_github_MitjaNemec_ReplicateLayout.replicate_layout 990:Src text UUid:f4059082-8f1d-453e-8f55-8a0bcba09994
10-15 16:47:14 com_github_MitjaNemec_ReplicateLayout.replicate_layout 991:Dst text UUid:5040fc2b-f9e7-4a49-88e3-6b191cef821d
10-15 16:47:14 com_github_MitjaNemec_ReplicateLayout.replicate_layout 990:Src text UUid:4f7a2217-9c7e-4f05-a33c-902e66db4d81
10-15 16:47:14 com_github_MitjaNemec_ReplicateLayout.replicate_layout 991:Dst text UUid:643d7aae-c947-4b64-9596-e9b80e24f0bb
10-15 16:47:14 com_github_MitjaNemec_ReplicateLayout.replicate_layout 888:Replicating footprint: 'C21'
10-15 16:47:14 com_github_MitjaNemec_ReplicateLayout.replicate_layout 835:Src fp.id: '84B6E8B3-4318-468B-B7AD-709B6B92D9C5'
10-15 16:47:14 com_github_MitjaNemec_ReplicateLayout.replicate_layout 839:Dst fp.id: '84B6E8B3-4318-468B-B7AD-709B6B92D9C5'
10-15 16:47:14 com_github_MitjaNemec_ReplicateLayout.replicate_layout 895:found match in dst footprint: 'C33'
10-15 16:47:14 com_github_MitjaNemec_ReplicateLayout.replicate_layout 990:Src text UUid:93d142fb-11cd-4de6-9c4f-7de24670f9bd
10-15 16:47:14 com_github_MitjaNemec_ReplicateLayout.replicate_layout 991:Dst text UUid:6aa84905-91bf-4c05-bba2-ca8ff06fed80
10-15 16:47:14 com_github_MitjaNemec_ReplicateLayout.replicate_layout 990:Src text UUid:00f11b8a-8e72-4805-a8a9-9c592152ecc0
10-15 16:47:14 com_github_MitjaNemec_ReplicateLayout.replicate_layout 991:Dst text UUid:210ec3f0-eed2-443e-8215-9ef03e8e6888
10-15 16:47:14 com_github_MitjaNemec_ReplicateLayout.replicate_layout 990:Src text UUid:ef93827a-7f2e-4f2c-864d-9db4547692f3
10-15 16:47:14 com_github_MitjaNemec_ReplicateLayout.replicate_layout 991:Dst text UUid:6b8028a2-7d8f-4e48-ab25-6a5b32c9d731
10-15 16:47:14 root 340:updating GUI message: 'Replicating tracks'
10-15 16:47:14 com_github_MitjaNemec_ReplicateLayout.replicate_layout 1014:Replicating tracks
10-15 16:47:14 com_github_MitjaNemec_ReplicateLayout.replicate_layout 1020:Replicating tracks on sheet ['/5v buck rpi/']
10-15 16:47:14 com_github_MitjaNemec_ReplicateLayout.replicate_layout 835:Src fp.id: 'B21D69E7-20F4-4B5C-92A3-96B0FB2E7A2B'
10-15 16:47:14 com_github_MitjaNemec_ReplicateLayout.replicate_layout 839:Dst fp.id: 'B21D69E7-20F4-4B5C-92A3-96B0FB2E7A2B'
10-15 16:47:14 com_github_MitjaNemec_ReplicateLayout.replicate_layout 792:Net pairs for sheet ['/5v buck rpi/'] :[('/5v buck mcu/24V_IN', '/5v buck mcu/24V_IN'), ('Net-(C25-Pad1)', 'Net-(C37-Pad1)'), ('Net-(U16-BOOT)', 'Net-(U17-BOOT)'), ('Net-(D18-K)', 'Net-(D20-K)'), ('+5V', '+5V_RPI'), ('Net-(U16-VSENSE)', 'Net-(U17-VSENSE)'), ('unconnected-(U16-NC-Pad3)', 'unconnected-(U17-NC-Pad3)'), ('unconnected-(U16-EN-Pad5)', 'unconnected-(U17-EN-Pad5)'), ('GND', 'GND'), ('unconnected-(U16-NC-Pad2)', 'unconnected-(U17-NC-Pad2)')]
10-15 16:47:14 root 340:updating GUI message: 'Replicating zones'
10-15 16:47:14 com_github_MitjaNemec_ReplicateLayout.replicate_layout 1084:Replicating zones
10-15 16:47:14 com_github_MitjaNemec_ReplicateLayout.replicate_layout 1091:Replicating zones on sheet ['/5v buck rpi/']
10-15 16:47:14 com_github_MitjaNemec_ReplicateLayout.replicate_layout 835:Src fp.id: 'B21D69E7-20F4-4B5C-92A3-96B0FB2E7A2B'
10-15 16:47:14 com_github_MitjaNemec_ReplicateLayout.replicate_layout 839:Dst fp.id: 'B21D69E7-20F4-4B5C-92A3-96B0FB2E7A2B'
10-15 16:47:14 com_github_MitjaNemec_ReplicateLayout.replicate_layout 792:Net pairs for sheet ['/5v buck rpi/'] :[('/5v buck mcu/24V_IN', '/5v buck mcu/24V_IN'), ('Net-(C25-Pad1)', 'Net-(C37-Pad1)'), ('Net-(U16-BOOT)', 'Net-(U17-BOOT)'), ('Net-(D18-K)', 'Net-(D20-K)'), ('+5V', '+5V_RPI'), ('Net-(U16-VSENSE)', 'Net-(U17-VSENSE)'), ('unconnected-(U16-NC-Pad3)', 'unconnected-(U17-NC-Pad3)'), ('unconnected-(U16-EN-Pad5)', 'unconnected-(U17-EN-Pad5)'), ('GND', 'GND'), ('unconnected-(U16-NC-Pad2)', 'unconnected-(U17-NC-Pad2)')]
10-15 16:47:14 root 340:updating GUI message: 'Replicating text'
10-15 16:47:14 root 345:updating GUI with: 0
10-15 16:47:14 com_github_MitjaNemec_ReplicateLayout.replicate_layout 1173:Replicating text
10-15 16:47:14 com_github_MitjaNemec_ReplicateLayout.replicate_layout 1180:Replicating text on sheet ['/5v buck rpi/']
10-15 16:47:14 com_github_MitjaNemec_ReplicateLayout.replicate_layout 835:Src fp.id: 'B21D69E7-20F4-4B5C-92A3-96B0FB2E7A2B'
10-15 16:47:14 com_github_MitjaNemec_ReplicateLayout.replicate_layout 839:Dst fp.id: 'B21D69E7-20F4-4B5C-92A3-96B0FB2E7A2B'
10-15 16:47:14 root 340:updating GUI message: 'Replicating drawings'
10-15 16:47:14 com_github_MitjaNemec_ReplicateLayout.replicate_layout 1224:Replicating drawings
10-15 16:47:14 com_github_MitjaNemec_ReplicateLayout.replicate_layout 1230:Replicating drawings on sheet ['/5v buck rpi/']
10-15 16:47:14 com_github_MitjaNemec_ReplicateLayout.replicate_layout 835:Src fp.id: 'B21D69E7-20F4-4B5C-92A3-96B0FB2E7A2B'
10-15 16:47:14 com_github_MitjaNemec_ReplicateLayout.replicate_layout 839:Dst fp.id: 'B21D69E7-20F4-4B5C-92A3-96B0FB2E7A2B'
10-15 16:47:14 com_github_MitjaNemec_ReplicateLayout.action_replicate_layout 264:Replication complete
