02-13 03:49:54 com_github_MitjaNemec_ReplicateLayout.action_replicate_layout 392:Plugin executed on: 'win32'
02-13 03:49:54 com_github_MitjaNemec_ReplicateLayout.action_replicate_layout 393:Plugin executed with python version: '3.11.5 (main, Dec 24 2024, 05:27:06) [MSC v.1942 64 bit (AMD64)]'
02-13 03:49:54 com_github_MitjaNemec_ReplicateLayout.action_replicate_layout 394:KiCad build version: 8.0.8
02-13 03:49:54 com_github_MitjaNemec_ReplicateLayout.action_replicate_layout 395:Plugin version: 3.0.3
02-13 03:49:54 com_github_MitjaNemec_ReplicateLayout.action_replicate_layout 396:Frame repr: <wx._core.Frame object at 0x000001939EDB4F70>
02-13 03:49:54 com_github_MitjaNemec_ReplicateLayout.action_replicate_layout 420:Preparing replicator with U3 as a reference
02-13 03:49:54 com_github_MitjaNemec_ReplicateLayout.replicate_layout 117:getting a list of all footprints on board
02-13 03:49:54 com_github_MitjaNemec_ReplicateLayout.action_replicate_layout 468:source anchor footprint is 'U3'
Located on: ['GateDriverNode4']
With filenames: ['GateDriverNode.kicad_sch']
With sheet_id:['GateDriverNode4']
02-13 03:49:54 com_github_MitjaNemec_ReplicateLayout.action_replicate_layout 475:Corresponding footprints are 
[('U3', ['GateDriverNode4']), ('U7', ['GateDriverNode2']), ('U11', ['GateDriverNode3'])]
02-13 03:49:54 com_github_MitjaNemec_ReplicateLayout.action_replicate_layout 487:Showing dialog
02-13 03:49:54 com_github_MitjaNemec_ReplicateLayout.replicate_layout 472:constructing a list of sheets suitable for replication on level:'GateDriverNode4', file:'GateDriverNode.kicad_sch'
02-13 03:49:54 com_github_MitjaNemec_ReplicateLayout.replicate_layout 509:suitable sheets are:[['GateDriverNode2'], ['GateDriverNode3']]
02-13 03:49:55 com_github_MitjaNemec_ReplicateLayout.replicate_layout 1507:Level selected: ['GateDriverNode4']
02-13 03:49:55 com_github_MitjaNemec_ReplicateLayout.replicate_layout 1331:Filtering list of tracks
02-13 03:49:55 com_github_MitjaNemec_ReplicateLayout.action_replicate_layout 493:Toolbar position: wx.Point(1876, 1178)
02-13 03:49:55 com_github_MitjaNemec_ReplicateLayout.action_replicate_layout 498:Dialog position: wx.Point(1437, 1178)
02-13 03:49:57 com_github_MitjaNemec_ReplicateLayout.replicate_layout 472:constructing a list of sheets suitable for replication on level:'GateDriverNode4', file:'GateDriverNode.kicad_sch'
02-13 03:49:57 com_github_MitjaNemec_ReplicateLayout.replicate_layout 509:suitable sheets are:[['GateDriverNode2'], ['GateDriverNode3']]
02-13 03:49:57 com_github_MitjaNemec_ReplicateLayout.replicate_layout 1507:Level selected: ['GateDriverNode4']
02-13 03:49:58 com_github_MitjaNemec_ReplicateLayout.replicate_layout 472:constructing a list of sheets suitable for replication on level:'GateDriverNode4', file:'GateDriverNode.kicad_sch'
02-13 03:49:58 com_github_MitjaNemec_ReplicateLayout.replicate_layout 509:suitable sheets are:[['GateDriverNode2'], ['GateDriverNode3']]
02-13 03:49:58 com_github_MitjaNemec_ReplicateLayout.replicate_layout 1507:Level selected: ['GateDriverNode4']
02-13 03:50:00 com_github_MitjaNemec_ReplicateLayout.replicate_layout 472:constructing a list of sheets suitable for replication on level:'GateDriverNode4', file:'GateDriverNode.kicad_sch'
02-13 03:50:00 com_github_MitjaNemec_ReplicateLayout.replicate_layout 509:suitable sheets are:[['GateDriverNode2'], ['GateDriverNode3']]
02-13 03:50:00 com_github_MitjaNemec_ReplicateLayout.action_replicate_layout 240:Replicating layout
02-13 03:50:00 com_github_MitjaNemec_ReplicateLayout.replicate_layout 288:Starting replication of sheets: [['GateDriverNode2'], ['GateDriverNode3']]
on level: ['GateDriverNode4']
with tracks=False, zone=False, text=True, text=True, intersecting=False, remove=False, locked footprints=False, group_only=False
02-13 03:50:00 root 332:updating GUI message: 'Preparing for replication'
02-13 03:50:00 root 337:updating GUI with: 0
02-13 03:50:00 com_github_MitjaNemec_ReplicateLayout.replicate_layout 358:Getting the list of source footprints
02-13 03:50:00 com_github_MitjaNemec_ReplicateLayout.replicate_layout 368:Getting the list of all the remaining footprints
02-13 03:50:00 com_github_MitjaNemec_ReplicateLayout.replicate_layout 375:Getting source tracks
02-13 03:50:00 com_github_MitjaNemec_ReplicateLayout.replicate_layout 1331:Filtering list of tracks
02-13 03:50:00 com_github_MitjaNemec_ReplicateLayout.replicate_layout 379:Getting source zones
02-13 03:50:00 com_github_MitjaNemec_ReplicateLayout.replicate_layout 383:Getting source text items
02-13 03:50:00 com_github_MitjaNemec_ReplicateLayout.replicate_layout 387:Getting source drawing items
02-13 03:50:00 root 332:updating GUI message: 'Replicating footprints'
02-13 03:50:00 com_github_MitjaNemec_ReplicateLayout.replicate_layout 861:Replicating footprints
02-13 03:50:00 root 337:updating GUI with: 0
02-13 03:50:00 com_github_MitjaNemec_ReplicateLayout.replicate_layout 868:Replicating footprints on sheet ['GateDriverNode2']
02-13 03:50:00 com_github_MitjaNemec_ReplicateLayout.replicate_layout 985:Src text UUid:2071a385-9001-47a8-9b9c-2c1c939e73bc
02-13 03:50:00 com_github_MitjaNemec_ReplicateLayout.replicate_layout 986:Dst text UUid:2e2e6966-064e-4d5c-85e4-a9763b5064fe
02-13 03:50:00 com_github_MitjaNemec_ReplicateLayout.replicate_layout 985:Src text UUid:df00bcc7-b4fc-41ff-a07b-ac3eaac0d916
02-13 03:50:00 com_github_MitjaNemec_ReplicateLayout.replicate_layout 986:Dst text UUid:fa031a48-2638-4e31-bc6d-29c521c43aeb
02-13 03:50:00 com_github_MitjaNemec_ReplicateLayout.replicate_layout 985:Src text UUid:5dd5f62e-7fa4-4d31-aa9f-049c39059b10
02-13 03:50:00 com_github_MitjaNemec_ReplicateLayout.replicate_layout 986:Dst text UUid:c0eab4de-ad5f-4b63-ab96-ee800892ab9c
02-13 03:50:00 com_github_MitjaNemec_ReplicateLayout.replicate_layout 985:Src text UUid:df3e3eae-0216-4c87-ad50-44b8ddfc3f28
02-13 03:50:00 com_github_MitjaNemec_ReplicateLayout.replicate_layout 986:Dst text UUid:75bdc57e-4f50-4dbc-b64c-45caad54266e
02-13 03:50:00 com_github_MitjaNemec_ReplicateLayout.replicate_layout 985:Src text UUid:9f4bb51a-6242-4a36-9747-f452ba9c6e92
02-13 03:50:00 com_github_MitjaNemec_ReplicateLayout.replicate_layout 986:Dst text UUid:1c2d30ea-80a1-47fb-90ec-2303e5fd6d34
02-13 03:50:00 com_github_MitjaNemec_ReplicateLayout.replicate_layout 985:Src text UUid:dd26c95a-2281-4343-9011-2aab26004196
02-13 03:50:00 com_github_MitjaNemec_ReplicateLayout.replicate_layout 986:Dst text UUid:719ff7e9-30ab-43a1-9aa7-a55546d276d7
02-13 03:50:00 com_github_MitjaNemec_ReplicateLayout.replicate_layout 985:Src text UUid:aba58004-e1f2-4b17-ba99-3b016b45a067
02-13 03:50:00 com_github_MitjaNemec_ReplicateLayout.replicate_layout 986:Dst text UUid:b4655696-ef42-4d94-9716-030f2a680707
02-13 03:50:00 com_github_MitjaNemec_ReplicateLayout.replicate_layout 985:Src text UUid:54977514-129b-4f1e-8e7a-23721991b943
02-13 03:50:00 com_github_MitjaNemec_ReplicateLayout.replicate_layout 986:Dst text UUid:51287348-1a1d-4411-b1e5-dd906832ee75
02-13 03:50:00 com_github_MitjaNemec_ReplicateLayout.replicate_layout 985:Src text UUid:81ebf9cd-bc7b-47fa-ad93-bea2018f3dda
02-13 03:50:00 com_github_MitjaNemec_ReplicateLayout.replicate_layout 986:Dst text UUid:a3d1f1b6-9b37-4fcc-bd25-9b3ffcc24e0f
02-13 03:50:00 com_github_MitjaNemec_ReplicateLayout.replicate_layout 985:Src text UUid:a1667362-0ee7-47b4-8d98-0a63122dff2b
02-13 03:50:00 com_github_MitjaNemec_ReplicateLayout.replicate_layout 986:Dst text UUid:6e2b11bd-ada4-4247-9b78-ca61bf365efb
02-13 03:50:00 com_github_MitjaNemec_ReplicateLayout.replicate_layout 985:Src text UUid:879be2ec-cf1f-4854-a4f8-32ea1701fbc4
02-13 03:50:00 com_github_MitjaNemec_ReplicateLayout.replicate_layout 986:Dst text UUid:be07923e-f89f-4eae-81d8-6764012ec9c3
02-13 03:50:00 com_github_MitjaNemec_ReplicateLayout.replicate_layout 985:Src text UUid:a8b351eb-87ba-4070-af07-d9eb7a7c1748
02-13 03:50:00 com_github_MitjaNemec_ReplicateLayout.replicate_layout 986:Dst text UUid:4a53f142-9ec6-41b9-9ec4-17501faa638e
02-13 03:50:00 com_github_MitjaNemec_ReplicateLayout.replicate_layout 985:Src text UUid:3d0a1b50-7f42-430e-a0f5-2112c6ae0887
02-13 03:50:00 com_github_MitjaNemec_ReplicateLayout.replicate_layout 986:Dst text UUid:78266a18-7d07-473e-8832-762b612859a3
02-13 03:50:00 com_github_MitjaNemec_ReplicateLayout.replicate_layout 985:Src text UUid:571d5754-75c2-4562-9180-d1d9ab537f65
02-13 03:50:00 com_github_MitjaNemec_ReplicateLayout.replicate_layout 986:Dst text UUid:7191aa4b-034b-4635-bd59-e302bc5690a4
02-13 03:50:00 com_github_MitjaNemec_ReplicateLayout.replicate_layout 985:Src text UUid:b200d8c3-6dd2-4a00-9fa9-7a6d8117891e
02-13 03:50:00 com_github_MitjaNemec_ReplicateLayout.replicate_layout 986:Dst text UUid:ca4e1f99-59ef-47eb-94d9-67bd4acf6836
02-13 03:50:00 com_github_MitjaNemec_ReplicateLayout.replicate_layout 985:Src text UUid:f18f9ea2-8da7-4035-9f02-fcf47d167a11
02-13 03:50:00 com_github_MitjaNemec_ReplicateLayout.replicate_layout 986:Dst text UUid:e069e467-e6e0-45b7-b4f8-64feea7102ae
02-13 03:50:00 com_github_MitjaNemec_ReplicateLayout.replicate_layout 985:Src text UUid:c5fa0106-7ea0-412c-9f09-aaf9942d5054
02-13 03:50:00 com_github_MitjaNemec_ReplicateLayout.replicate_layout 986:Dst text UUid:610268b2-9a53-4f01-8e3c-88bb62df0c9c
02-13 03:50:00 com_github_MitjaNemec_ReplicateLayout.replicate_layout 985:Src text UUid:e6164558-bdbd-4c78-9ed6-f475c78f7486
02-13 03:50:00 com_github_MitjaNemec_ReplicateLayout.replicate_layout 986:Dst text UUid:b963b369-4956-4090-84c9-df3c067fe99f
02-13 03:50:00 com_github_MitjaNemec_ReplicateLayout.replicate_layout 985:Src text UUid:388279bb-43f3-4c2b-95b9-618092f11ceb
02-13 03:50:00 com_github_MitjaNemec_ReplicateLayout.replicate_layout 986:Dst text UUid:ea5e2dc4-967d-446e-8d58-c74250543402
02-13 03:50:00 com_github_MitjaNemec_ReplicateLayout.replicate_layout 985:Src text UUid:0841980f-aa93-4c01-b5d5-243af71fd629
02-13 03:50:00 com_github_MitjaNemec_ReplicateLayout.replicate_layout 986:Dst text UUid:7373e34b-97ee-47ca-958d-75d4a6693022
02-13 03:50:00 com_github_MitjaNemec_ReplicateLayout.replicate_layout 985:Src text UUid:afa0d20f-55da-4497-834b-f51edcd48e93
02-13 03:50:00 com_github_MitjaNemec_ReplicateLayout.replicate_layout 986:Dst text UUid:9c159eb1-aebf-45ba-979b-8f302034948a
02-13 03:50:00 com_github_MitjaNemec_ReplicateLayout.replicate_layout 985:Src text UUid:f4420d77-302d-486f-bed6-ec52c178492d
02-13 03:50:00 com_github_MitjaNemec_ReplicateLayout.replicate_layout 986:Dst text UUid:f6b10648-0e81-4ea5-8412-12c6768a5c0a
02-13 03:50:00 com_github_MitjaNemec_ReplicateLayout.replicate_layout 985:Src text UUid:95d6170c-b90b-4f6c-b6e6-af3bfdc15bd7
02-13 03:50:00 com_github_MitjaNemec_ReplicateLayout.replicate_layout 986:Dst text UUid:d821699f-330d-4319-90bf-34a4d92ab7b8
02-13 03:50:00 com_github_MitjaNemec_ReplicateLayout.replicate_layout 985:Src text UUid:f8fafdda-cfc3-42d9-9f59-8c2d7d5ee28a
02-13 03:50:00 com_github_MitjaNemec_ReplicateLayout.replicate_layout 986:Dst text UUid:228c627c-9916-45e7-a9eb-5d820ad0c852
02-13 03:50:00 com_github_MitjaNemec_ReplicateLayout.replicate_layout 985:Src text UUid:c26fff10-47fd-4d15-9eaa-73707daa0997
02-13 03:50:00 com_github_MitjaNemec_ReplicateLayout.replicate_layout 986:Dst text UUid:832a4dd6-b021-4681-97bf-790fcd0f0cde
02-13 03:50:00 com_github_MitjaNemec_ReplicateLayout.replicate_layout 985:Src text UUid:e5e79368-8844-4aa7-815e-b2f195f24410
02-13 03:50:00 com_github_MitjaNemec_ReplicateLayout.replicate_layout 986:Dst text UUid:ce34de26-a28c-4641-94de-398354656848
02-13 03:50:00 com_github_MitjaNemec_ReplicateLayout.replicate_layout 985:Src text UUid:08518522-1d50-4ab0-a80b-55daa7477d18
02-13 03:50:00 com_github_MitjaNemec_ReplicateLayout.replicate_layout 986:Dst text UUid:69df93fc-b22d-44db-a482-9a9e383e0ef2
02-13 03:50:00 com_github_MitjaNemec_ReplicateLayout.replicate_layout 985:Src text UUid:70161313-d7da-4395-9288-b6ce50464f18
02-13 03:50:00 com_github_MitjaNemec_ReplicateLayout.replicate_layout 986:Dst text UUid:693e7de6-25ff-4e4f-9b47-62f8050280cd
02-13 03:50:00 com_github_MitjaNemec_ReplicateLayout.replicate_layout 985:Src text UUid:b1f35985-5f91-4176-87ae-5c4e11111bc1
02-13 03:50:00 com_github_MitjaNemec_ReplicateLayout.replicate_layout 986:Dst text UUid:241a0467-c5db-4696-9c44-dec041938355
02-13 03:50:00 com_github_MitjaNemec_ReplicateLayout.replicate_layout 985:Src text UUid:ddbd9cb8-bd8a-4326-8c71-d4c7c31f8d0d
02-13 03:50:00 com_github_MitjaNemec_ReplicateLayout.replicate_layout 986:Dst text UUid:eb40d7f7-9a91-496a-b59b-2d586ea4aaab
02-13 03:50:00 com_github_MitjaNemec_ReplicateLayout.replicate_layout 985:Src text UUid:498dc276-5103-4653-9c8d-6a5a6c7c425a
02-13 03:50:00 com_github_MitjaNemec_ReplicateLayout.replicate_layout 986:Dst text UUid:a3bca1be-9951-42d9-8467-9e056d908229
02-13 03:50:00 com_github_MitjaNemec_ReplicateLayout.replicate_layout 985:Src text UUid:11bf9013-4686-43a8-b903-bc22d9123a18
02-13 03:50:00 com_github_MitjaNemec_ReplicateLayout.replicate_layout 986:Dst text UUid:f0a3747a-dfe5-4aa0-95f8-1f89e48c99b1
02-13 03:50:00 com_github_MitjaNemec_ReplicateLayout.replicate_layout 985:Src text UUid:3f5b6bb9-8713-4786-ba81-1dcac8db399c
02-13 03:50:00 com_github_MitjaNemec_ReplicateLayout.replicate_layout 986:Dst text UUid:d0235275-4e4f-4a1f-96f2-0205802ce20d
02-13 03:50:00 com_github_MitjaNemec_ReplicateLayout.replicate_layout 985:Src text UUid:615343b7-aadd-4ece-abb0-e122d06b3d7c
02-13 03:50:00 com_github_MitjaNemec_ReplicateLayout.replicate_layout 986:Dst text UUid:69181923-03bf-4f43-85b4-5dabcfed4a3f
02-13 03:50:00 com_github_MitjaNemec_ReplicateLayout.replicate_layout 985:Src text UUid:cd63134b-4dad-4a17-88ac-bf8d3b5a7de6
02-13 03:50:00 com_github_MitjaNemec_ReplicateLayout.replicate_layout 986:Dst text UUid:1facaf40-640d-4407-a846-14b5f19da880
02-13 03:50:00 com_github_MitjaNemec_ReplicateLayout.replicate_layout 985:Src text UUid:f2a78428-6d92-4801-a772-f3ff1ff62a15
02-13 03:50:00 com_github_MitjaNemec_ReplicateLayout.replicate_layout 986:Dst text UUid:8e24835e-f4c0-4a05-bd58-7437eec0403e
02-13 03:50:00 com_github_MitjaNemec_ReplicateLayout.replicate_layout 985:Src text UUid:f9602bda-af35-42ce-b5b0-72313a4005ec
02-13 03:50:00 com_github_MitjaNemec_ReplicateLayout.replicate_layout 986:Dst text UUid:5e32bc4e-aaad-4cb0-8ad4-337c4604a499
02-13 03:50:00 com_github_MitjaNemec_ReplicateLayout.replicate_layout 985:Src text UUid:68e9680b-6241-4d08-bdcf-d550f6dea4f0
02-13 03:50:00 com_github_MitjaNemec_ReplicateLayout.replicate_layout 986:Dst text UUid:1616a592-af8c-44db-aae8-35c63985a813
02-13 03:50:00 com_github_MitjaNemec_ReplicateLayout.replicate_layout 985:Src text UUid:6611f552-0da0-4986-9d6f-3e141e47dff4
02-13 03:50:00 com_github_MitjaNemec_ReplicateLayout.replicate_layout 986:Dst text UUid:7f0cedf1-9772-4b3c-920c-b846ab9accf2
02-13 03:50:00 com_github_MitjaNemec_ReplicateLayout.replicate_layout 985:Src text UUid:08d78ec2-4193-4d41-a202-4a3a616b9402
02-13 03:50:00 com_github_MitjaNemec_ReplicateLayout.replicate_layout 986:Dst text UUid:c7708471-fc3f-41f4-9046-4ba76365f510
02-13 03:50:00 com_github_MitjaNemec_ReplicateLayout.replicate_layout 985:Src text UUid:706a60c4-c5b2-4eb2-9a97-275bd386d7ce
02-13 03:50:00 com_github_MitjaNemec_ReplicateLayout.replicate_layout 986:Dst text UUid:5351ff3e-1da6-421b-8e07-32801958e1b7
02-13 03:50:00 com_github_MitjaNemec_ReplicateLayout.replicate_layout 985:Src text UUid:ff2b0513-8032-43c3-8ab3-8e9361612209
02-13 03:50:00 com_github_MitjaNemec_ReplicateLayout.replicate_layout 986:Dst text UUid:04b7190b-dd0c-49bf-adbc-d20cc1d821e7
02-13 03:50:00 com_github_MitjaNemec_ReplicateLayout.replicate_layout 985:Src text UUid:b055a22c-6f2d-456a-9698-60a1038f9940
02-13 03:50:00 com_github_MitjaNemec_ReplicateLayout.replicate_layout 986:Dst text UUid:3edda2b6-1f0e-45a4-bffe-562e1633026a
02-13 03:50:00 com_github_MitjaNemec_ReplicateLayout.replicate_layout 985:Src text UUid:9b6e0fc6-d845-4b64-95d9-088888ad4088
02-13 03:50:00 com_github_MitjaNemec_ReplicateLayout.replicate_layout 986:Dst text UUid:aa324149-9a0e-48cc-af7d-98138d011a91
02-13 03:50:00 com_github_MitjaNemec_ReplicateLayout.replicate_layout 985:Src text UUid:7a5c129d-733c-4e0f-b92d-b1f2dbcdb3c8
02-13 03:50:00 com_github_MitjaNemec_ReplicateLayout.replicate_layout 986:Dst text UUid:9b3d694f-3db9-4353-ae5d-349ff19475eb
02-13 03:50:00 com_github_MitjaNemec_ReplicateLayout.replicate_layout 985:Src text UUid:ca63f259-5be1-4472-949d-6ff779281898
02-13 03:50:00 com_github_MitjaNemec_ReplicateLayout.replicate_layout 986:Dst text UUid:14dd4901-ed5d-4c4b-b221-8b003ebb1105
02-13 03:50:00 com_github_MitjaNemec_ReplicateLayout.replicate_layout 985:Src text UUid:52993880-aa78-41e4-ac7b-4ee6474a6406
02-13 03:50:00 com_github_MitjaNemec_ReplicateLayout.replicate_layout 986:Dst text UUid:e54ffbae-6621-4b0a-a8d8-215198ca4cfb
02-13 03:50:00 com_github_MitjaNemec_ReplicateLayout.replicate_layout 985:Src text UUid:542bb153-4310-4dd0-95f2-1955c8879647
02-13 03:50:00 com_github_MitjaNemec_ReplicateLayout.replicate_layout 986:Dst text UUid:01db3dde-0b64-4b27-b3cd-cbda745c145f
02-13 03:50:00 com_github_MitjaNemec_ReplicateLayout.replicate_layout 985:Src text UUid:ff43b62d-d3ea-4b05-b1c1-d04f1cc00b70
02-13 03:50:00 com_github_MitjaNemec_ReplicateLayout.replicate_layout 986:Dst text UUid:9e4d4a41-1ac0-4ff5-9d2b-a570651daccb
02-13 03:50:00 com_github_MitjaNemec_ReplicateLayout.replicate_layout 985:Src text UUid:ff1be6dd-2a1d-41ea-b142-b2f8d52af1de
02-13 03:50:00 com_github_MitjaNemec_ReplicateLayout.replicate_layout 986:Dst text UUid:362ed2df-b982-4f45-9a3d-0f38fcfe46d4
02-13 03:50:00 com_github_MitjaNemec_ReplicateLayout.replicate_layout 985:Src text UUid:3d3519d6-dc96-4308-8d29-2f02254446eb
02-13 03:50:00 com_github_MitjaNemec_ReplicateLayout.replicate_layout 986:Dst text UUid:036396c1-e79c-4c6f-9b3d-a7881cfc2795
02-13 03:50:00 com_github_MitjaNemec_ReplicateLayout.replicate_layout 985:Src text UUid:593548e6-07ee-432b-bdb4-4cd0280d8f4f
02-13 03:50:00 com_github_MitjaNemec_ReplicateLayout.replicate_layout 986:Dst text UUid:1800e243-54be-45c1-b6b1-401df6d910f8
02-13 03:50:00 com_github_MitjaNemec_ReplicateLayout.replicate_layout 985:Src text UUid:c77e840b-59bc-4778-a0ff-5d2cd2e602bf
02-13 03:50:00 com_github_MitjaNemec_ReplicateLayout.replicate_layout 986:Dst text UUid:3ee81111-1ec6-43e0-8047-fbb1f0ad6bc1
02-13 03:50:00 com_github_MitjaNemec_ReplicateLayout.replicate_layout 985:Src text UUid:2c559ce6-701f-4f70-873d-6ff13a221ad0
02-13 03:50:00 com_github_MitjaNemec_ReplicateLayout.replicate_layout 986:Dst text UUid:8ccb91a6-de3e-4e4b-9ffb-16873584272b
02-13 03:50:00 com_github_MitjaNemec_ReplicateLayout.replicate_layout 985:Src text UUid:5ff3320b-a2ea-4a5a-af08-049b278fd8e9
02-13 03:50:00 com_github_MitjaNemec_ReplicateLayout.replicate_layout 986:Dst text UUid:05b97e74-1e09-4b96-8666-26b57b1e8c7f
02-13 03:50:00 com_github_MitjaNemec_ReplicateLayout.replicate_layout 985:Src text UUid:55d9a508-278b-405c-a81c-df23d8b4d136
02-13 03:50:00 com_github_MitjaNemec_ReplicateLayout.replicate_layout 986:Dst text UUid:29a805dc-98ce-4958-a078-1bb987483a87
02-13 03:50:00 com_github_MitjaNemec_ReplicateLayout.replicate_layout 985:Src text UUid:a955f21d-2983-4177-84a3-43882b5a296b
02-13 03:50:00 com_github_MitjaNemec_ReplicateLayout.replicate_layout 986:Dst text UUid:327c73a0-46d9-4419-a948-3a6516c38b25
02-13 03:50:00 com_github_MitjaNemec_ReplicateLayout.replicate_layout 985:Src text UUid:b27c308a-25dc-4afa-8dca-89bdae21086d
02-13 03:50:00 com_github_MitjaNemec_ReplicateLayout.replicate_layout 986:Dst text UUid:0084d560-1c3a-4976-bdc7-9e9b8342d80d
02-13 03:50:00 com_github_MitjaNemec_ReplicateLayout.replicate_layout 985:Src text UUid:c3390c26-0ef1-456d-a16c-efc47e835d5a
02-13 03:50:00 com_github_MitjaNemec_ReplicateLayout.replicate_layout 986:Dst text UUid:d78e952c-9117-4f66-b48d-82f1dd97daeb
02-13 03:50:00 com_github_MitjaNemec_ReplicateLayout.replicate_layout 985:Src text UUid:69fd6768-52ca-47cf-aeba-e01ad0cdb12f
02-13 03:50:00 com_github_MitjaNemec_ReplicateLayout.replicate_layout 986:Dst text UUid:0aecbb9d-8b06-4a8d-bb30-c7f2143e27af
02-13 03:50:00 com_github_MitjaNemec_ReplicateLayout.replicate_layout 985:Src text UUid:152fa43c-5527-4e7e-b056-cfc2bb482652
02-13 03:50:00 com_github_MitjaNemec_ReplicateLayout.replicate_layout 986:Dst text UUid:49b06393-24ad-4e96-8494-fda19bbfce26
02-13 03:50:00 com_github_MitjaNemec_ReplicateLayout.replicate_layout 985:Src text UUid:18238d67-394f-4888-bca1-8926fd742333
02-13 03:50:00 com_github_MitjaNemec_ReplicateLayout.replicate_layout 986:Dst text UUid:31034ea2-4ac2-490e-85f4-8194557f00e0
02-13 03:50:00 com_github_MitjaNemec_ReplicateLayout.replicate_layout 985:Src text UUid:5a808e70-1d90-41bc-8d2f-0d7f23c086b3
02-13 03:50:00 com_github_MitjaNemec_ReplicateLayout.replicate_layout 986:Dst text UUid:8bf44929-be19-4dec-88f0-5aa752237da1
02-13 03:50:00 com_github_MitjaNemec_ReplicateLayout.replicate_layout 985:Src text UUid:d3722ea2-b863-43e4-8423-1deaa18b715c
02-13 03:50:00 com_github_MitjaNemec_ReplicateLayout.replicate_layout 986:Dst text UUid:f5384fe1-702b-4f4b-8b1a-3e3468198360
02-13 03:50:00 com_github_MitjaNemec_ReplicateLayout.replicate_layout 985:Src text UUid:d442627b-a0b0-414a-9d22-d3cc93059648
02-13 03:50:00 com_github_MitjaNemec_ReplicateLayout.replicate_layout 986:Dst text UUid:a6d1bf1e-2b6a-4c91-802e-29a207bb5a73
02-13 03:50:00 com_github_MitjaNemec_ReplicateLayout.replicate_layout 985:Src text UUid:14d8842b-6262-452a-acd7-9150d36b06c0
02-13 03:50:00 com_github_MitjaNemec_ReplicateLayout.replicate_layout 986:Dst text UUid:4610465e-0cc4-4226-856d-f93291328774
02-13 03:50:00 com_github_MitjaNemec_ReplicateLayout.replicate_layout 985:Src text UUid:3aa7e101-a957-423c-8af5-a161794e9e3e
02-13 03:50:00 com_github_MitjaNemec_ReplicateLayout.replicate_layout 986:Dst text UUid:5e9832b0-199e-4ed2-9218-5ee2d21d92e6
02-13 03:50:00 com_github_MitjaNemec_ReplicateLayout.replicate_layout 985:Src text UUid:b19dca55-ac94-4017-9706-d4dc1985de83
02-13 03:50:00 com_github_MitjaNemec_ReplicateLayout.replicate_layout 986:Dst text UUid:431c7d69-1db9-4bf4-a2d9-be07e34c6622
02-13 03:50:00 com_github_MitjaNemec_ReplicateLayout.replicate_layout 985:Src text UUid:9a393eea-6675-408a-8cf4-8d85c49b2dc6
02-13 03:50:00 com_github_MitjaNemec_ReplicateLayout.replicate_layout 986:Dst text UUid:98fc2c2d-6ac4-4622-b1ac-b9477f800ebc
02-13 03:50:00 com_github_MitjaNemec_ReplicateLayout.replicate_layout 985:Src text UUid:3db719c8-a6be-4a09-86ba-ccd6aafe4b91
02-13 03:50:00 com_github_MitjaNemec_ReplicateLayout.replicate_layout 986:Dst text UUid:d19b39c2-4463-4d9e-a983-34b6a1cb4b44
02-13 03:50:00 com_github_MitjaNemec_ReplicateLayout.replicate_layout 985:Src text UUid:0ffda71e-a631-4e41-ae20-f2bee9c3b5ee
02-13 03:50:00 com_github_MitjaNemec_ReplicateLayout.replicate_layout 986:Dst text UUid:087a05ab-dc37-4857-a021-16dce4ca9aee
02-13 03:50:00 com_github_MitjaNemec_ReplicateLayout.replicate_layout 985:Src text UUid:deb40780-b938-4217-b5ca-54a9706251ab
02-13 03:50:00 com_github_MitjaNemec_ReplicateLayout.replicate_layout 986:Dst text UUid:d09eaa37-afd0-4be5-9314-1e9c70d9d629
02-13 03:50:00 com_github_MitjaNemec_ReplicateLayout.replicate_layout 985:Src text UUid:82336146-cfe2-4cee-8101-35c05014fa4a
02-13 03:50:00 com_github_MitjaNemec_ReplicateLayout.replicate_layout 986:Dst text UUid:f9d3bfdd-5168-4433-981c-934ed24584ac
02-13 03:50:00 com_github_MitjaNemec_ReplicateLayout.replicate_layout 985:Src text UUid:8e5f47a2-c7c6-4955-a71c-370e4f94184a
02-13 03:50:00 com_github_MitjaNemec_ReplicateLayout.replicate_layout 986:Dst text UUid:e162a9f5-b0ef-4191-a3a4-d79f52c5475a
02-13 03:50:00 com_github_MitjaNemec_ReplicateLayout.replicate_layout 985:Src text UUid:440bb272-2843-4ad6-ba9d-fb853b5dcac9
02-13 03:50:00 com_github_MitjaNemec_ReplicateLayout.replicate_layout 986:Dst text UUid:5c0db5d2-d87d-4565-8ec0-f343933d0325
02-13 03:50:00 root 337:updating GUI with: 43
02-13 03:50:00 com_github_MitjaNemec_ReplicateLayout.replicate_layout 985:Src text UUid:ebc197fa-8ee4-4154-8c85-31e64cdc7824
02-13 03:50:00 com_github_MitjaNemec_ReplicateLayout.replicate_layout 986:Dst text UUid:3042a595-5780-429c-ba71-617d21f4ceaf
02-13 03:50:00 com_github_MitjaNemec_ReplicateLayout.replicate_layout 985:Src text UUid:1b65fa27-0b77-4564-9dd2-f4f61e1b4480
02-13 03:50:00 com_github_MitjaNemec_ReplicateLayout.replicate_layout 986:Dst text UUid:0cd0ef22-8b30-4932-8599-09d121d1e8ba
02-13 03:50:00 com_github_MitjaNemec_ReplicateLayout.replicate_layout 985:Src text UUid:6577e871-f3a6-4a4b-a283-9e13c7e0000c
02-13 03:50:00 com_github_MitjaNemec_ReplicateLayout.replicate_layout 986:Dst text UUid:5c8a6a25-49b0-4622-82a3-e252473c2b5e
02-13 03:50:00 com_github_MitjaNemec_ReplicateLayout.replicate_layout 985:Src text UUid:c82fc0d3-1371-4f14-8fb3-0323758119b4
02-13 03:50:00 com_github_MitjaNemec_ReplicateLayout.replicate_layout 986:Dst text UUid:cfdafc4a-f563-4637-9f2e-917d365418f9
02-13 03:50:00 com_github_MitjaNemec_ReplicateLayout.replicate_layout 985:Src text UUid:35d8cc2c-80c0-4238-8a36-e4ef4f02f117
02-13 03:50:00 com_github_MitjaNemec_ReplicateLayout.replicate_layout 986:Dst text UUid:5f8f7c77-7578-4ea4-8c77-a1f1bedc8204
02-13 03:50:00 com_github_MitjaNemec_ReplicateLayout.replicate_layout 985:Src text UUid:361ae4c3-55ae-4848-b5fe-afbc606eab29
02-13 03:50:00 com_github_MitjaNemec_ReplicateLayout.replicate_layout 986:Dst text UUid:7ee75cf7-0500-4c0a-994b-264edf9c4edf
02-13 03:50:00 com_github_MitjaNemec_ReplicateLayout.replicate_layout 985:Src text UUid:82445e4c-ddb6-474d-84aa-bd191238e301
02-13 03:50:00 com_github_MitjaNemec_ReplicateLayout.replicate_layout 986:Dst text UUid:3bf46594-4c25-4354-bf69-675f378fa24e
02-13 03:50:00 com_github_MitjaNemec_ReplicateLayout.replicate_layout 985:Src text UUid:a22dccaa-d543-4dc0-b437-9d5210b3ba7d
02-13 03:50:00 com_github_MitjaNemec_ReplicateLayout.replicate_layout 986:Dst text UUid:4ea446d1-bf9a-49e2-be0e-db638c45e218
02-13 03:50:00 com_github_MitjaNemec_ReplicateLayout.replicate_layout 985:Src text UUid:c939eb11-8e23-4cab-a7bd-495c98cd3462
02-13 03:50:00 com_github_MitjaNemec_ReplicateLayout.replicate_layout 986:Dst text UUid:7c3957eb-2b45-4ecc-a3cd-d121bf31429d
02-13 03:50:00 com_github_MitjaNemec_ReplicateLayout.replicate_layout 985:Src text UUid:556acdf8-3c47-4b8e-8e4c-2bbac1f1cff0
02-13 03:50:00 com_github_MitjaNemec_ReplicateLayout.replicate_layout 986:Dst text UUid:f6e7e3fa-c630-48b1-8c58-3a2603bcc6a1
02-13 03:50:00 com_github_MitjaNemec_ReplicateLayout.replicate_layout 985:Src text UUid:31385729-4cee-4ba2-9b8a-8a4b1c19c55f
02-13 03:50:00 com_github_MitjaNemec_ReplicateLayout.replicate_layout 986:Dst text UUid:84d0d4ba-67fb-4235-81e2-de27bb952600
02-13 03:50:00 com_github_MitjaNemec_ReplicateLayout.replicate_layout 985:Src text UUid:f6145dd2-1c2d-4a75-8256-87629b99918f
02-13 03:50:00 com_github_MitjaNemec_ReplicateLayout.replicate_layout 986:Dst text UUid:0da9dd39-64c1-4374-9cd8-ee260b77ab6e
02-13 03:50:00 com_github_MitjaNemec_ReplicateLayout.replicate_layout 985:Src text UUid:787ae54f-cf95-4eef-8084-171c3a0a5f6e
02-13 03:50:00 com_github_MitjaNemec_ReplicateLayout.replicate_layout 986:Dst text UUid:a806e453-aaf5-47b2-b4e8-12be59d75771
02-13 03:50:00 com_github_MitjaNemec_ReplicateLayout.replicate_layout 985:Src text UUid:0d13a2ab-7da9-4286-ad98-ffed911c5bcc
02-13 03:50:00 com_github_MitjaNemec_ReplicateLayout.replicate_layout 986:Dst text UUid:1baf476a-989b-4959-946b-b21b0cc9a96a
02-13 03:50:00 com_github_MitjaNemec_ReplicateLayout.replicate_layout 985:Src text UUid:25ca2490-00c0-4da4-970c-2fff5ff87a2e
02-13 03:50:00 com_github_MitjaNemec_ReplicateLayout.replicate_layout 986:Dst text UUid:f48da2a9-935a-475a-9898-63c9d0cef9cc
02-13 03:50:00 com_github_MitjaNemec_ReplicateLayout.replicate_layout 868:Replicating footprints on sheet ['GateDriverNode3']
02-13 03:50:00 com_github_MitjaNemec_ReplicateLayout.replicate_layout 985:Src text UUid:2071a385-9001-47a8-9b9c-2c1c939e73bc
02-13 03:50:00 com_github_MitjaNemec_ReplicateLayout.replicate_layout 986:Dst text UUid:3f70217a-846f-4d1d-93ec-76448faa42a9
02-13 03:50:00 com_github_MitjaNemec_ReplicateLayout.replicate_layout 985:Src text UUid:df00bcc7-b4fc-41ff-a07b-ac3eaac0d916
02-13 03:50:00 com_github_MitjaNemec_ReplicateLayout.replicate_layout 986:Dst text UUid:09c3533d-8644-40d4-b2ee-5650f392b1de
02-13 03:50:00 com_github_MitjaNemec_ReplicateLayout.replicate_layout 985:Src text UUid:5dd5f62e-7fa4-4d31-aa9f-049c39059b10
02-13 03:50:00 com_github_MitjaNemec_ReplicateLayout.replicate_layout 986:Dst text UUid:2ce3c463-9bf0-4ba6-aace-63d37d3d6a6c
02-13 03:50:00 com_github_MitjaNemec_ReplicateLayout.replicate_layout 985:Src text UUid:df3e3eae-0216-4c87-ad50-44b8ddfc3f28
02-13 03:50:00 com_github_MitjaNemec_ReplicateLayout.replicate_layout 986:Dst text UUid:ce469dd9-eebf-4e01-a565-ff127038e9a5
02-13 03:50:00 com_github_MitjaNemec_ReplicateLayout.replicate_layout 985:Src text UUid:9f4bb51a-6242-4a36-9747-f452ba9c6e92
02-13 03:50:00 com_github_MitjaNemec_ReplicateLayout.replicate_layout 986:Dst text UUid:e4aec74f-2915-4519-932c-6f0e37c14bdb
02-13 03:50:00 com_github_MitjaNemec_ReplicateLayout.replicate_layout 985:Src text UUid:dd26c95a-2281-4343-9011-2aab26004196
02-13 03:50:00 com_github_MitjaNemec_ReplicateLayout.replicate_layout 986:Dst text UUid:fe218338-4fe4-428d-9843-df3d028ab18a
02-13 03:50:00 com_github_MitjaNemec_ReplicateLayout.replicate_layout 985:Src text UUid:aba58004-e1f2-4b17-ba99-3b016b45a067
02-13 03:50:00 com_github_MitjaNemec_ReplicateLayout.replicate_layout 986:Dst text UUid:aa1fb7b4-a774-4e55-ac82-9c698ae6d07c
02-13 03:50:00 com_github_MitjaNemec_ReplicateLayout.replicate_layout 985:Src text UUid:54977514-129b-4f1e-8e7a-23721991b943
02-13 03:50:00 com_github_MitjaNemec_ReplicateLayout.replicate_layout 986:Dst text UUid:658fa906-6617-448a-849b-3cf2ef252b69
02-13 03:50:00 com_github_MitjaNemec_ReplicateLayout.replicate_layout 985:Src text UUid:81ebf9cd-bc7b-47fa-ad93-bea2018f3dda
02-13 03:50:00 com_github_MitjaNemec_ReplicateLayout.replicate_layout 986:Dst text UUid:f87ebe5c-6095-40d3-a92f-e305a0051c4c
02-13 03:50:00 com_github_MitjaNemec_ReplicateLayout.replicate_layout 985:Src text UUid:a1667362-0ee7-47b4-8d98-0a63122dff2b
02-13 03:50:00 com_github_MitjaNemec_ReplicateLayout.replicate_layout 986:Dst text UUid:e76381cf-f581-4372-96dc-8abe0aeb6fa4
02-13 03:50:00 com_github_MitjaNemec_ReplicateLayout.replicate_layout 985:Src text UUid:879be2ec-cf1f-4854-a4f8-32ea1701fbc4
02-13 03:50:00 com_github_MitjaNemec_ReplicateLayout.replicate_layout 986:Dst text UUid:0f095b90-b789-475a-8574-ea04cfbd877c
02-13 03:50:00 com_github_MitjaNemec_ReplicateLayout.replicate_layout 985:Src text UUid:a8b351eb-87ba-4070-af07-d9eb7a7c1748
02-13 03:50:00 com_github_MitjaNemec_ReplicateLayout.replicate_layout 986:Dst text UUid:52398f65-9bcb-4ddb-92c8-171b118aa15a
02-13 03:50:00 com_github_MitjaNemec_ReplicateLayout.replicate_layout 985:Src text UUid:3d0a1b50-7f42-430e-a0f5-2112c6ae0887
02-13 03:50:00 com_github_MitjaNemec_ReplicateLayout.replicate_layout 986:Dst text UUid:2c747a0e-1bf9-49f5-aa22-88d99973f814
02-13 03:50:00 com_github_MitjaNemec_ReplicateLayout.replicate_layout 985:Src text UUid:571d5754-75c2-4562-9180-d1d9ab537f65
02-13 03:50:00 com_github_MitjaNemec_ReplicateLayout.replicate_layout 986:Dst text UUid:e678fb3a-f0fc-475c-92ae-8e72b439c66b
02-13 03:50:00 com_github_MitjaNemec_ReplicateLayout.replicate_layout 985:Src text UUid:b200d8c3-6dd2-4a00-9fa9-7a6d8117891e
02-13 03:50:00 com_github_MitjaNemec_ReplicateLayout.replicate_layout 986:Dst text UUid:5897e6d7-b2c3-42d0-aeac-e33ac75f634d
02-13 03:50:00 com_github_MitjaNemec_ReplicateLayout.replicate_layout 985:Src text UUid:f18f9ea2-8da7-4035-9f02-fcf47d167a11
02-13 03:50:00 com_github_MitjaNemec_ReplicateLayout.replicate_layout 986:Dst text UUid:1bb39718-72d4-4483-bcb9-25edd8e148c6
02-13 03:50:00 com_github_MitjaNemec_ReplicateLayout.replicate_layout 985:Src text UUid:c5fa0106-7ea0-412c-9f09-aaf9942d5054
02-13 03:50:00 com_github_MitjaNemec_ReplicateLayout.replicate_layout 986:Dst text UUid:371d5db0-5609-4a3f-bea8-700d9c834ffe
02-13 03:50:00 com_github_MitjaNemec_ReplicateLayout.replicate_layout 985:Src text UUid:e6164558-bdbd-4c78-9ed6-f475c78f7486
02-13 03:50:00 com_github_MitjaNemec_ReplicateLayout.replicate_layout 986:Dst text UUid:def7e312-5c80-4c9c-8d80-297dd12784b1
02-13 03:50:00 com_github_MitjaNemec_ReplicateLayout.replicate_layout 985:Src text UUid:388279bb-43f3-4c2b-95b9-618092f11ceb
02-13 03:50:00 com_github_MitjaNemec_ReplicateLayout.replicate_layout 986:Dst text UUid:2e6e6892-09ae-479a-8c1f-0c2142bd3a55
02-13 03:50:00 com_github_MitjaNemec_ReplicateLayout.replicate_layout 985:Src text UUid:0841980f-aa93-4c01-b5d5-243af71fd629
02-13 03:50:00 com_github_MitjaNemec_ReplicateLayout.replicate_layout 986:Dst text UUid:4ee42997-2c13-4064-a382-6255c25c9ab0
02-13 03:50:00 com_github_MitjaNemec_ReplicateLayout.replicate_layout 985:Src text UUid:afa0d20f-55da-4497-834b-f51edcd48e93
02-13 03:50:00 com_github_MitjaNemec_ReplicateLayout.replicate_layout 986:Dst text UUid:74170494-720c-4c0d-adfc-d44486ed712e
02-13 03:50:00 com_github_MitjaNemec_ReplicateLayout.replicate_layout 985:Src text UUid:f4420d77-302d-486f-bed6-ec52c178492d
02-13 03:50:00 com_github_MitjaNemec_ReplicateLayout.replicate_layout 986:Dst text UUid:66603663-c864-476c-8a9c-71fb69853444
02-13 03:50:00 com_github_MitjaNemec_ReplicateLayout.replicate_layout 985:Src text UUid:95d6170c-b90b-4f6c-b6e6-af3bfdc15bd7
02-13 03:50:00 com_github_MitjaNemec_ReplicateLayout.replicate_layout 986:Dst text UUid:9620cd8b-0efb-43a6-9b5d-a6e35e2120a4
02-13 03:50:00 com_github_MitjaNemec_ReplicateLayout.replicate_layout 985:Src text UUid:f8fafdda-cfc3-42d9-9f59-8c2d7d5ee28a
02-13 03:50:00 com_github_MitjaNemec_ReplicateLayout.replicate_layout 986:Dst text UUid:9e75b1e6-e811-4ac6-b4c0-1e2919680a3b
02-13 03:50:00 com_github_MitjaNemec_ReplicateLayout.replicate_layout 985:Src text UUid:c26fff10-47fd-4d15-9eaa-73707daa0997
02-13 03:50:00 com_github_MitjaNemec_ReplicateLayout.replicate_layout 986:Dst text UUid:41feb00f-6f2c-4ef9-ba08-3b76c154751a
02-13 03:50:00 com_github_MitjaNemec_ReplicateLayout.replicate_layout 985:Src text UUid:e5e79368-8844-4aa7-815e-b2f195f24410
02-13 03:50:00 com_github_MitjaNemec_ReplicateLayout.replicate_layout 986:Dst text UUid:f4cc25fe-fcc7-417a-b97f-62cf834b7d84
02-13 03:50:00 com_github_MitjaNemec_ReplicateLayout.replicate_layout 985:Src text UUid:08518522-1d50-4ab0-a80b-55daa7477d18
02-13 03:50:00 com_github_MitjaNemec_ReplicateLayout.replicate_layout 986:Dst text UUid:3a73d1b9-2089-4025-a39c-53008957d725
02-13 03:50:00 com_github_MitjaNemec_ReplicateLayout.replicate_layout 985:Src text UUid:70161313-d7da-4395-9288-b6ce50464f18
02-13 03:50:00 com_github_MitjaNemec_ReplicateLayout.replicate_layout 986:Dst text UUid:214c75c8-c505-4989-b166-49c9e7d184e6
02-13 03:50:00 com_github_MitjaNemec_ReplicateLayout.replicate_layout 985:Src text UUid:b1f35985-5f91-4176-87ae-5c4e11111bc1
02-13 03:50:00 com_github_MitjaNemec_ReplicateLayout.replicate_layout 986:Dst text UUid:7d084521-f764-4776-8dd2-fff922ee0967
02-13 03:50:00 com_github_MitjaNemec_ReplicateLayout.replicate_layout 985:Src text UUid:ddbd9cb8-bd8a-4326-8c71-d4c7c31f8d0d
02-13 03:50:00 com_github_MitjaNemec_ReplicateLayout.replicate_layout 986:Dst text UUid:acfeb90a-c2aa-4d2d-bc17-cd89c5b43efd
02-13 03:50:00 com_github_MitjaNemec_ReplicateLayout.replicate_layout 985:Src text UUid:498dc276-5103-4653-9c8d-6a5a6c7c425a
02-13 03:50:00 com_github_MitjaNemec_ReplicateLayout.replicate_layout 986:Dst text UUid:db5ee308-f388-43bb-a15c-e1a383136900
02-13 03:50:00 com_github_MitjaNemec_ReplicateLayout.replicate_layout 985:Src text UUid:11bf9013-4686-43a8-b903-bc22d9123a18
02-13 03:50:00 com_github_MitjaNemec_ReplicateLayout.replicate_layout 986:Dst text UUid:f3bb2498-7420-44d6-b0ab-73b6ac060875
02-13 03:50:00 com_github_MitjaNemec_ReplicateLayout.replicate_layout 985:Src text UUid:3f5b6bb9-8713-4786-ba81-1dcac8db399c
02-13 03:50:00 com_github_MitjaNemec_ReplicateLayout.replicate_layout 986:Dst text UUid:c1b3af3a-a0bf-4dea-8647-f4819cb121c2
02-13 03:50:00 com_github_MitjaNemec_ReplicateLayout.replicate_layout 985:Src text UUid:615343b7-aadd-4ece-abb0-e122d06b3d7c
02-13 03:50:00 com_github_MitjaNemec_ReplicateLayout.replicate_layout 986:Dst text UUid:a7c70bf9-47ba-4519-b776-f43698b7d517
02-13 03:50:00 com_github_MitjaNemec_ReplicateLayout.replicate_layout 985:Src text UUid:cd63134b-4dad-4a17-88ac-bf8d3b5a7de6
02-13 03:50:00 com_github_MitjaNemec_ReplicateLayout.replicate_layout 986:Dst text UUid:2f763143-6742-4dee-abde-750bfefef2db
02-13 03:50:00 com_github_MitjaNemec_ReplicateLayout.replicate_layout 985:Src text UUid:f2a78428-6d92-4801-a772-f3ff1ff62a15
02-13 03:50:00 com_github_MitjaNemec_ReplicateLayout.replicate_layout 986:Dst text UUid:74db0225-2791-4e13-aefc-80c342f17daf
02-13 03:50:00 com_github_MitjaNemec_ReplicateLayout.replicate_layout 985:Src text UUid:f9602bda-af35-42ce-b5b0-72313a4005ec
02-13 03:50:00 com_github_MitjaNemec_ReplicateLayout.replicate_layout 986:Dst text UUid:29e4b794-c4dd-464f-a31a-c25d905682e8
02-13 03:50:00 com_github_MitjaNemec_ReplicateLayout.replicate_layout 985:Src text UUid:68e9680b-6241-4d08-bdcf-d550f6dea4f0
02-13 03:50:00 com_github_MitjaNemec_ReplicateLayout.replicate_layout 986:Dst text UUid:5c3d0f41-a6bc-46e1-919e-2db994541650
02-13 03:50:00 com_github_MitjaNemec_ReplicateLayout.replicate_layout 985:Src text UUid:6611f552-0da0-4986-9d6f-3e141e47dff4
02-13 03:50:00 com_github_MitjaNemec_ReplicateLayout.replicate_layout 986:Dst text UUid:ed8ee1ef-3c51-4399-86c9-faf6aa874f52
02-13 03:50:00 com_github_MitjaNemec_ReplicateLayout.replicate_layout 985:Src text UUid:08d78ec2-4193-4d41-a202-4a3a616b9402
02-13 03:50:00 com_github_MitjaNemec_ReplicateLayout.replicate_layout 986:Dst text UUid:b9756c5d-39a2-46f6-b100-8bdad273abc3
02-13 03:50:00 com_github_MitjaNemec_ReplicateLayout.replicate_layout 985:Src text UUid:706a60c4-c5b2-4eb2-9a97-275bd386d7ce
02-13 03:50:00 com_github_MitjaNemec_ReplicateLayout.replicate_layout 986:Dst text UUid:94b98615-699e-42b2-b7b3-ff6c5ce27acd
02-13 03:50:00 com_github_MitjaNemec_ReplicateLayout.replicate_layout 985:Src text UUid:ff2b0513-8032-43c3-8ab3-8e9361612209
02-13 03:50:00 com_github_MitjaNemec_ReplicateLayout.replicate_layout 986:Dst text UUid:7cfcd6aa-5350-413e-a987-8aa51a97bc2a
02-13 03:50:00 com_github_MitjaNemec_ReplicateLayout.replicate_layout 985:Src text UUid:b055a22c-6f2d-456a-9698-60a1038f9940
02-13 03:50:00 com_github_MitjaNemec_ReplicateLayout.replicate_layout 986:Dst text UUid:6c4032cb-7e56-4bce-897f-01562999f692
02-13 03:50:00 com_github_MitjaNemec_ReplicateLayout.replicate_layout 985:Src text UUid:9b6e0fc6-d845-4b64-95d9-088888ad4088
02-13 03:50:00 com_github_MitjaNemec_ReplicateLayout.replicate_layout 986:Dst text UUid:f0f00e49-4953-414e-9033-c23b5d655462
02-13 03:50:00 com_github_MitjaNemec_ReplicateLayout.replicate_layout 985:Src text UUid:7a5c129d-733c-4e0f-b92d-b1f2dbcdb3c8
02-13 03:50:00 com_github_MitjaNemec_ReplicateLayout.replicate_layout 986:Dst text UUid:e99f2582-a339-420b-918c-2a744209adc3
02-13 03:50:00 com_github_MitjaNemec_ReplicateLayout.replicate_layout 985:Src text UUid:ca63f259-5be1-4472-949d-6ff779281898
02-13 03:50:00 com_github_MitjaNemec_ReplicateLayout.replicate_layout 986:Dst text UUid:d9c721c5-5327-43d2-9b2d-2dbb7cef7105
02-13 03:50:00 com_github_MitjaNemec_ReplicateLayout.replicate_layout 985:Src text UUid:52993880-aa78-41e4-ac7b-4ee6474a6406
02-13 03:50:00 com_github_MitjaNemec_ReplicateLayout.replicate_layout 986:Dst text UUid:c2323bd5-e3fb-4431-91fa-a828503f6ba4
02-13 03:50:00 com_github_MitjaNemec_ReplicateLayout.replicate_layout 985:Src text UUid:542bb153-4310-4dd0-95f2-1955c8879647
02-13 03:50:00 com_github_MitjaNemec_ReplicateLayout.replicate_layout 986:Dst text UUid:e44b6610-49ee-4150-ba51-04a6d8664de1
02-13 03:50:00 com_github_MitjaNemec_ReplicateLayout.replicate_layout 985:Src text UUid:ff43b62d-d3ea-4b05-b1c1-d04f1cc00b70
02-13 03:50:00 com_github_MitjaNemec_ReplicateLayout.replicate_layout 986:Dst text UUid:870a6d15-138e-4d2f-a603-0f751e62460c
02-13 03:50:00 com_github_MitjaNemec_ReplicateLayout.replicate_layout 985:Src text UUid:ff1be6dd-2a1d-41ea-b142-b2f8d52af1de
02-13 03:50:00 com_github_MitjaNemec_ReplicateLayout.replicate_layout 986:Dst text UUid:70a9e992-493b-4da9-bc45-89fc51c5b3e7
02-13 03:50:00 com_github_MitjaNemec_ReplicateLayout.replicate_layout 985:Src text UUid:3d3519d6-dc96-4308-8d29-2f02254446eb
02-13 03:50:00 com_github_MitjaNemec_ReplicateLayout.replicate_layout 986:Dst text UUid:11f73149-478c-4418-8078-70fb6f92e9ae
02-13 03:50:00 com_github_MitjaNemec_ReplicateLayout.replicate_layout 985:Src text UUid:593548e6-07ee-432b-bdb4-4cd0280d8f4f
02-13 03:50:00 com_github_MitjaNemec_ReplicateLayout.replicate_layout 986:Dst text UUid:afe23530-278e-4529-8819-250883dffd8b
02-13 03:50:00 com_github_MitjaNemec_ReplicateLayout.replicate_layout 985:Src text UUid:c77e840b-59bc-4778-a0ff-5d2cd2e602bf
02-13 03:50:00 com_github_MitjaNemec_ReplicateLayout.replicate_layout 986:Dst text UUid:04200886-d13b-4c89-948f-6c6883d1438f
02-13 03:50:00 com_github_MitjaNemec_ReplicateLayout.replicate_layout 985:Src text UUid:2c559ce6-701f-4f70-873d-6ff13a221ad0
02-13 03:50:00 com_github_MitjaNemec_ReplicateLayout.replicate_layout 986:Dst text UUid:ac77ba4b-83b8-4aae-87f3-3169e6313c77
02-13 03:50:00 com_github_MitjaNemec_ReplicateLayout.replicate_layout 985:Src text UUid:5ff3320b-a2ea-4a5a-af08-049b278fd8e9
02-13 03:50:00 com_github_MitjaNemec_ReplicateLayout.replicate_layout 986:Dst text UUid:7af3d327-5cfb-4949-8a76-6ba0c5d1ec3e
02-13 03:50:00 com_github_MitjaNemec_ReplicateLayout.replicate_layout 985:Src text UUid:55d9a508-278b-405c-a81c-df23d8b4d136
02-13 03:50:00 com_github_MitjaNemec_ReplicateLayout.replicate_layout 986:Dst text UUid:f7be5bec-8a65-4b5a-8185-80a0eedb4d3b
02-13 03:50:00 com_github_MitjaNemec_ReplicateLayout.replicate_layout 985:Src text UUid:a955f21d-2983-4177-84a3-43882b5a296b
02-13 03:50:00 com_github_MitjaNemec_ReplicateLayout.replicate_layout 986:Dst text UUid:0e322f46-08ad-4a00-b888-2fd2f02e970c
02-13 03:50:00 com_github_MitjaNemec_ReplicateLayout.replicate_layout 985:Src text UUid:b27c308a-25dc-4afa-8dca-89bdae21086d
02-13 03:50:00 com_github_MitjaNemec_ReplicateLayout.replicate_layout 986:Dst text UUid:074a95ee-9f54-4527-94d6-70fb0fb918ec
02-13 03:50:00 com_github_MitjaNemec_ReplicateLayout.replicate_layout 985:Src text UUid:c3390c26-0ef1-456d-a16c-efc47e835d5a
02-13 03:50:00 com_github_MitjaNemec_ReplicateLayout.replicate_layout 986:Dst text UUid:51d62812-c844-4e92-80cf-9026b7b163e1
02-13 03:50:00 com_github_MitjaNemec_ReplicateLayout.replicate_layout 985:Src text UUid:69fd6768-52ca-47cf-aeba-e01ad0cdb12f
02-13 03:50:00 com_github_MitjaNemec_ReplicateLayout.replicate_layout 986:Dst text UUid:c4475048-5dc0-4edc-ba3b-49ad1427495f
02-13 03:50:00 root 337:updating GUI with: 85
02-13 03:50:00 com_github_MitjaNemec_ReplicateLayout.replicate_layout 985:Src text UUid:152fa43c-5527-4e7e-b056-cfc2bb482652
02-13 03:50:00 com_github_MitjaNemec_ReplicateLayout.replicate_layout 986:Dst text UUid:9ff74101-caec-4948-94e9-1e6ce8afb721
02-13 03:50:00 com_github_MitjaNemec_ReplicateLayout.replicate_layout 985:Src text UUid:18238d67-394f-4888-bca1-8926fd742333
02-13 03:50:00 com_github_MitjaNemec_ReplicateLayout.replicate_layout 986:Dst text UUid:39acd060-3c15-41cd-a1a9-99f0060afdd7
02-13 03:50:00 com_github_MitjaNemec_ReplicateLayout.replicate_layout 985:Src text UUid:5a808e70-1d90-41bc-8d2f-0d7f23c086b3
02-13 03:50:00 com_github_MitjaNemec_ReplicateLayout.replicate_layout 986:Dst text UUid:aa1f5cec-7327-4e7f-af28-855bf36ac78a
02-13 03:50:00 com_github_MitjaNemec_ReplicateLayout.replicate_layout 985:Src text UUid:d3722ea2-b863-43e4-8423-1deaa18b715c
02-13 03:50:00 com_github_MitjaNemec_ReplicateLayout.replicate_layout 986:Dst text UUid:70a0c8e4-d1af-4169-9a7b-c478fbb66112
02-13 03:50:00 com_github_MitjaNemec_ReplicateLayout.replicate_layout 985:Src text UUid:d442627b-a0b0-414a-9d22-d3cc93059648
02-13 03:50:00 com_github_MitjaNemec_ReplicateLayout.replicate_layout 986:Dst text UUid:eb09a0b3-e493-423b-8895-b5b381f9d147
02-13 03:50:00 com_github_MitjaNemec_ReplicateLayout.replicate_layout 985:Src text UUid:14d8842b-6262-452a-acd7-9150d36b06c0
02-13 03:50:00 com_github_MitjaNemec_ReplicateLayout.replicate_layout 986:Dst text UUid:b78a5259-1c76-4f2f-a629-854db15b9219
02-13 03:50:00 com_github_MitjaNemec_ReplicateLayout.replicate_layout 985:Src text UUid:3aa7e101-a957-423c-8af5-a161794e9e3e
02-13 03:50:00 com_github_MitjaNemec_ReplicateLayout.replicate_layout 986:Dst text UUid:6f10cb54-3608-474a-8692-430aaf70d394
02-13 03:50:00 com_github_MitjaNemec_ReplicateLayout.replicate_layout 985:Src text UUid:b19dca55-ac94-4017-9706-d4dc1985de83
02-13 03:50:00 com_github_MitjaNemec_ReplicateLayout.replicate_layout 986:Dst text UUid:b1b23d0d-d3bf-455d-9a9b-eb8197713528
02-13 03:50:00 com_github_MitjaNemec_ReplicateLayout.replicate_layout 985:Src text UUid:9a393eea-6675-408a-8cf4-8d85c49b2dc6
02-13 03:50:00 com_github_MitjaNemec_ReplicateLayout.replicate_layout 986:Dst text UUid:93fbe462-942f-46a6-80d7-11b3cc6b589f
02-13 03:50:00 com_github_MitjaNemec_ReplicateLayout.replicate_layout 985:Src text UUid:3db719c8-a6be-4a09-86ba-ccd6aafe4b91
02-13 03:50:00 com_github_MitjaNemec_ReplicateLayout.replicate_layout 986:Dst text UUid:5b5d2178-4a16-482c-a040-9cb2eab84cb4
02-13 03:50:00 com_github_MitjaNemec_ReplicateLayout.replicate_layout 985:Src text UUid:0ffda71e-a631-4e41-ae20-f2bee9c3b5ee
02-13 03:50:00 com_github_MitjaNemec_ReplicateLayout.replicate_layout 986:Dst text UUid:6a6c2cc7-65c5-4cf5-b397-7debcaf2df23
02-13 03:50:00 com_github_MitjaNemec_ReplicateLayout.replicate_layout 985:Src text UUid:deb40780-b938-4217-b5ca-54a9706251ab
02-13 03:50:00 com_github_MitjaNemec_ReplicateLayout.replicate_layout 986:Dst text UUid:46aa8a32-0feb-4b55-8614-f410f64ad553
02-13 03:50:00 com_github_MitjaNemec_ReplicateLayout.replicate_layout 985:Src text UUid:82336146-cfe2-4cee-8101-35c05014fa4a
02-13 03:50:00 com_github_MitjaNemec_ReplicateLayout.replicate_layout 986:Dst text UUid:5b6229b4-ba16-4936-a55b-a27c5cca3d62
02-13 03:50:00 com_github_MitjaNemec_ReplicateLayout.replicate_layout 985:Src text UUid:8e5f47a2-c7c6-4955-a71c-370e4f94184a
02-13 03:50:00 com_github_MitjaNemec_ReplicateLayout.replicate_layout 986:Dst text UUid:a7ad774d-83f7-4b7c-b8cd-a0a5b022be6b
02-13 03:50:00 com_github_MitjaNemec_ReplicateLayout.replicate_layout 985:Src text UUid:440bb272-2843-4ad6-ba9d-fb853b5dcac9
02-13 03:50:00 com_github_MitjaNemec_ReplicateLayout.replicate_layout 986:Dst text UUid:46980345-79e8-4aae-8f9a-f3aab3536993
02-13 03:50:00 com_github_MitjaNemec_ReplicateLayout.replicate_layout 985:Src text UUid:ebc197fa-8ee4-4154-8c85-31e64cdc7824
02-13 03:50:00 com_github_MitjaNemec_ReplicateLayout.replicate_layout 986:Dst text UUid:ec58a6be-f3d0-48f4-baf5-ffcec11975bc
02-13 03:50:00 com_github_MitjaNemec_ReplicateLayout.replicate_layout 985:Src text UUid:1b65fa27-0b77-4564-9dd2-f4f61e1b4480
02-13 03:50:00 com_github_MitjaNemec_ReplicateLayout.replicate_layout 986:Dst text UUid:f7b01b28-acd8-4041-a0bf-c180051547a6
02-13 03:50:00 com_github_MitjaNemec_ReplicateLayout.replicate_layout 985:Src text UUid:6577e871-f3a6-4a4b-a283-9e13c7e0000c
02-13 03:50:00 com_github_MitjaNemec_ReplicateLayout.replicate_layout 986:Dst text UUid:3790b75e-c08b-4783-81ce-2a9650ee1075
02-13 03:50:00 com_github_MitjaNemec_ReplicateLayout.replicate_layout 985:Src text UUid:c82fc0d3-1371-4f14-8fb3-0323758119b4
02-13 03:50:00 com_github_MitjaNemec_ReplicateLayout.replicate_layout 986:Dst text UUid:a848a6fc-e88d-4e24-bed0-d331a6ee1f84
02-13 03:50:00 com_github_MitjaNemec_ReplicateLayout.replicate_layout 985:Src text UUid:35d8cc2c-80c0-4238-8a36-e4ef4f02f117
02-13 03:50:00 com_github_MitjaNemec_ReplicateLayout.replicate_layout 986:Dst text UUid:be78dc58-9df4-423f-ac7e-80e89accda55
02-13 03:50:00 com_github_MitjaNemec_ReplicateLayout.replicate_layout 985:Src text UUid:361ae4c3-55ae-4848-b5fe-afbc606eab29
02-13 03:50:00 com_github_MitjaNemec_ReplicateLayout.replicate_layout 986:Dst text UUid:fd481790-67ba-4a2b-9d65-cbd0f09bcaa7
02-13 03:50:00 com_github_MitjaNemec_ReplicateLayout.replicate_layout 985:Src text UUid:82445e4c-ddb6-474d-84aa-bd191238e301
02-13 03:50:00 com_github_MitjaNemec_ReplicateLayout.replicate_layout 986:Dst text UUid:a7e876b9-32ab-497a-a4a7-d470977ff077
02-13 03:50:00 com_github_MitjaNemec_ReplicateLayout.replicate_layout 985:Src text UUid:a22dccaa-d543-4dc0-b437-9d5210b3ba7d
02-13 03:50:00 com_github_MitjaNemec_ReplicateLayout.replicate_layout 986:Dst text UUid:2a406366-c99f-4f46-8f4a-8c16714565c2
02-13 03:50:00 com_github_MitjaNemec_ReplicateLayout.replicate_layout 985:Src text UUid:c939eb11-8e23-4cab-a7bd-495c98cd3462
02-13 03:50:00 com_github_MitjaNemec_ReplicateLayout.replicate_layout 986:Dst text UUid:3b9ae371-9b24-4967-a3a6-8d4bd5ffa556
02-13 03:50:00 com_github_MitjaNemec_ReplicateLayout.replicate_layout 985:Src text UUid:556acdf8-3c47-4b8e-8e4c-2bbac1f1cff0
02-13 03:50:00 com_github_MitjaNemec_ReplicateLayout.replicate_layout 986:Dst text UUid:b9e053b2-0d21-45f4-9590-d0e23702d6f3
02-13 03:50:00 com_github_MitjaNemec_ReplicateLayout.replicate_layout 985:Src text UUid:31385729-4cee-4ba2-9b8a-8a4b1c19c55f
02-13 03:50:00 com_github_MitjaNemec_ReplicateLayout.replicate_layout 986:Dst text UUid:3aef87a5-b476-4e57-a0ef-c31a43a18c67
02-13 03:50:00 com_github_MitjaNemec_ReplicateLayout.replicate_layout 985:Src text UUid:f6145dd2-1c2d-4a75-8256-87629b99918f
02-13 03:50:00 com_github_MitjaNemec_ReplicateLayout.replicate_layout 986:Dst text UUid:52c55771-9f7d-41ea-9dbb-3e562c072019
02-13 03:50:00 com_github_MitjaNemec_ReplicateLayout.replicate_layout 985:Src text UUid:787ae54f-cf95-4eef-8084-171c3a0a5f6e
02-13 03:50:00 com_github_MitjaNemec_ReplicateLayout.replicate_layout 986:Dst text UUid:95b6642a-6382-49ee-bb73-b85cfbfe924c
02-13 03:50:00 com_github_MitjaNemec_ReplicateLayout.replicate_layout 985:Src text UUid:0d13a2ab-7da9-4286-ad98-ffed911c5bcc
02-13 03:50:00 com_github_MitjaNemec_ReplicateLayout.replicate_layout 986:Dst text UUid:07ccc837-ccd1-4a2f-a28e-3e52856163f7
02-13 03:50:00 com_github_MitjaNemec_ReplicateLayout.replicate_layout 985:Src text UUid:25ca2490-00c0-4da4-970c-2fff5ff87a2e
02-13 03:50:00 com_github_MitjaNemec_ReplicateLayout.replicate_layout 986:Dst text UUid:e873ea06-e363-464a-b903-5fd4bc3cffbd
02-13 03:50:00 root 332:updating GUI message: 'Replicating text'
02-13 03:50:00 com_github_MitjaNemec_ReplicateLayout.replicate_layout 1168:Replicating text
02-13 03:50:00 com_github_MitjaNemec_ReplicateLayout.replicate_layout 1175:Replicating text on sheet ['GateDriverNode2']
02-13 03:50:00 com_github_MitjaNemec_ReplicateLayout.replicate_layout 1175:Replicating text on sheet ['GateDriverNode3']
02-13 03:50:00 root 332:updating GUI message: 'Replicating drawings'
02-13 03:50:00 com_github_MitjaNemec_ReplicateLayout.replicate_layout 1219:Replicating drawings
02-13 03:50:00 com_github_MitjaNemec_ReplicateLayout.replicate_layout 1225:Replicating drawings on sheet ['GateDriverNode2']
02-13 03:50:00 com_github_MitjaNemec_ReplicateLayout.replicate_layout 1225:Replicating drawings on sheet ['GateDriverNode3']
02-13 03:50:00 com_github_MitjaNemec_ReplicateLayout.action_replicate_layout 256:Replication complete
