11-13 05:52:06 com_github_MitjaNemec_Archive3DModels.action_archive_3d_models 220:Plugin executed on: 'win32'
11-13 05:52:06 com_github_MitjaNemec_Archive3DModels.action_archive_3d_models 221:Plugin executed with python version: '3.11.5 (main, Jul 16 2024, 08:01:06) [MSC v.1939 64 bit (AMD64)]'
11-13 05:52:06 com_github_MitjaNemec_Archive3DModels.action_archive_3d_models 222:KiCad build version: 8.0.4
11-13 05:52:06 com_github_MitjaNemec_Archive3DModels.action_archive_3d_models 223:Plugin version: 1.0.12

11-13 05:52:06 com_github_MitjaNemec_Archive3DModels.action_archive_3d_models 228:Screen sizes: [wx.Size(1920, 1200), wx.Size(1920, 1080)]
11-13 05:52:06 com_github_MitjaNemec_Archive3DModels.action_archive_3d_models 235:Dialog size: wx.Size(213, 81)
11-13 05:52:06 com_github_MitjaNemec_Archive3DModels.action_archive_3d_models 237:Char size: 15
11-13 05:52:07 com_github_MitjaNemec_Archive3DModels.archive_3d_models 26:Starting to archive 3D models
11-13 05:52:07 com_github_MitjaNemec_Archive3DModels.archive_3d_models 47:Getting 3D models for footprint of: U3
11-13 05:52:07 com_github_MitjaNemec_Archive3DModels.archive_3d_models 59:Trying to copy: ${KICAD8_3DMODEL_DIR}/Package_TO_SOT_SMD.3dshapes/SOT-23-3.wrl
11-13 05:52:07 com_github_MitjaNemec_Archive3DModels.archive_3d_models 139:Remapping: ${KICAD8_3DMODEL_DIR}/Package_TO_SOT_SMD.3dshapes/SOT-23-3.wrl
11-13 05:52:07 com_github_MitjaNemec_Archive3DModels.archive_3d_models 47:Getting 3D models for footprint of: U2
11-13 05:52:07 com_github_MitjaNemec_Archive3DModels.archive_3d_models 59:Trying to copy: ${KICAD8_3DMODEL_DIR}/Package_QFP.3dshapes/LQFP-48_7x7mm_P0.5mm.wrl
11-13 05:52:08 com_github_MitjaNemec_Archive3DModels.archive_3d_models 139:Remapping: ${KICAD8_3DMODEL_DIR}/Package_QFP.3dshapes/LQFP-48_7x7mm_P0.5mm.wrl
11-13 05:52:08 com_github_MitjaNemec_Archive3DModels.archive_3d_models 47:Getting 3D models for footprint of: U1
11-13 05:52:08 com_github_MitjaNemec_Archive3DModels.archive_3d_models 59:Trying to copy: ${NTURT_KICAD_ROOT}/EP6/Project_Library_EP6/nturt_kicad_lib.3dshapes/Allegro_CB_PFF.step
11-13 05:52:08 com_github_MitjaNemec_Archive3DModels.archive_3d_models 139:Remapping: ${NTURT_KICAD_ROOT}/EP6/Project_Library_EP6/nturt_kicad_lib.3dshapes/Allegro_CB_PFF.step
11-13 05:52:08 com_github_MitjaNemec_Archive3DModels.archive_3d_models 47:Getting 3D models for footprint of: TP12
11-13 05:52:08 com_github_MitjaNemec_Archive3DModels.archive_3d_models 47:Getting 3D models for footprint of: TP11
11-13 05:52:08 com_github_MitjaNemec_Archive3DModels.archive_3d_models 47:Getting 3D models for footprint of: TP6
11-13 05:52:08 com_github_MitjaNemec_Archive3DModels.archive_3d_models 47:Getting 3D models for footprint of: TP5
11-13 05:52:08 com_github_MitjaNemec_Archive3DModels.archive_3d_models 47:Getting 3D models for footprint of: TP2
11-13 05:52:08 com_github_MitjaNemec_Archive3DModels.archive_3d_models 47:Getting 3D models for footprint of: TP1
11-13 05:52:08 com_github_MitjaNemec_Archive3DModels.archive_3d_models 47:Getting 3D models for footprint of: R5
11-13 05:52:08 com_github_MitjaNemec_Archive3DModels.archive_3d_models 59:Trying to copy: ${KICAD8_3DMODEL_DIR}/Resistor_SMD.3dshapes/R_0603_1608Metric.wrl
11-13 05:52:08 com_github_MitjaNemec_Archive3DModels.archive_3d_models 139:Remapping: ${KICAD8_3DMODEL_DIR}/Resistor_SMD.3dshapes/R_0603_1608Metric.wrl
11-13 05:52:08 com_github_MitjaNemec_Archive3DModels.archive_3d_models 47:Getting 3D models for footprint of: R1
11-13 05:52:08 com_github_MitjaNemec_Archive3DModels.archive_3d_models 59:Trying to copy: ${KICAD8_3DMODEL_DIR}/Resistor_SMD.3dshapes/R_0603_1608Metric.wrl
11-13 05:52:08 com_github_MitjaNemec_Archive3DModels.archive_3d_models 135:Did not copy: ${KICAD8_3DMODEL_DIR}/Resistor_SMD.3dshapes/R_0603_1608Metric.wrl
11-13 05:52:08 com_github_MitjaNemec_Archive3DModels.archive_3d_models 139:Remapping: ${KICAD8_3DMODEL_DIR}/Resistor_SMD.3dshapes/R_0603_1608Metric.wrl
11-13 05:52:08 com_github_MitjaNemec_Archive3DModels.archive_3d_models 47:Getting 3D models for footprint of: J1
11-13 05:52:08 com_github_MitjaNemec_Archive3DModels.archive_3d_models 59:Trying to copy: ${NTURT_KICAD_ROOT}/EP6/Project_Library_EP6/nturt_kicad_lib.3dshapes/box_header_14P_pitch127.step
11-13 05:52:08 com_github_MitjaNemec_Archive3DModels.archive_3d_models 139:Remapping: ${NTURT_KICAD_ROOT}/EP6/Project_Library_EP6/nturt_kicad_lib.3dshapes/box_header_14P_pitch127.step
11-13 05:52:08 com_github_MitjaNemec_Archive3DModels.archive_3d_models 47:Getting 3D models for footprint of: H2
11-13 05:52:08 com_github_MitjaNemec_Archive3DModels.archive_3d_models 47:Getting 3D models for footprint of: H1
11-13 05:52:08 com_github_MitjaNemec_Archive3DModels.archive_3d_models 47:Getting 3D models for footprint of: D1
11-13 05:52:08 com_github_MitjaNemec_Archive3DModels.archive_3d_models 59:Trying to copy: ${KICAD8_3DMODEL_DIR}/LED_SMD.3dshapes/LED_0603_1608Metric.wrl
11-13 05:52:08 com_github_MitjaNemec_Archive3DModels.archive_3d_models 139:Remapping: ${KICAD8_3DMODEL_DIR}/LED_SMD.3dshapes/LED_0603_1608Metric.wrl
11-13 05:52:08 com_github_MitjaNemec_Archive3DModels.archive_3d_models 47:Getting 3D models for footprint of: C10
11-13 05:52:08 com_github_MitjaNemec_Archive3DModels.archive_3d_models 59:Trying to copy: ${KICAD8_3DMODEL_DIR}/Capacitor_SMD.3dshapes/C_0402_1005Metric.wrl
11-13 05:52:08 com_github_MitjaNemec_Archive3DModels.archive_3d_models 139:Remapping: ${KICAD8_3DMODEL_DIR}/Capacitor_SMD.3dshapes/C_0402_1005Metric.wrl
11-13 05:52:08 com_github_MitjaNemec_Archive3DModels.archive_3d_models 47:Getting 3D models for footprint of: C9
11-13 05:52:08 com_github_MitjaNemec_Archive3DModels.archive_3d_models 59:Trying to copy: ${KICAD8_3DMODEL_DIR}/Capacitor_SMD.3dshapes/C_0402_1005Metric.wrl
11-13 05:52:08 com_github_MitjaNemec_Archive3DModels.archive_3d_models 135:Did not copy: ${KICAD8_3DMODEL_DIR}/Capacitor_SMD.3dshapes/C_0402_1005Metric.wrl
11-13 05:52:08 com_github_MitjaNemec_Archive3DModels.archive_3d_models 139:Remapping: ${KICAD8_3DMODEL_DIR}/Capacitor_SMD.3dshapes/C_0402_1005Metric.wrl
11-13 05:52:08 com_github_MitjaNemec_Archive3DModels.archive_3d_models 47:Getting 3D models for footprint of: C8
11-13 05:52:08 com_github_MitjaNemec_Archive3DModels.archive_3d_models 59:Trying to copy: ${KICAD8_3DMODEL_DIR}/Capacitor_SMD.3dshapes/C_0402_1005Metric.wrl
11-13 05:52:08 com_github_MitjaNemec_Archive3DModels.archive_3d_models 135:Did not copy: ${KICAD8_3DMODEL_DIR}/Capacitor_SMD.3dshapes/C_0402_1005Metric.wrl
11-13 05:52:08 com_github_MitjaNemec_Archive3DModels.archive_3d_models 139:Remapping: ${KICAD8_3DMODEL_DIR}/Capacitor_SMD.3dshapes/C_0402_1005Metric.wrl
11-13 05:52:08 com_github_MitjaNemec_Archive3DModels.archive_3d_models 47:Getting 3D models for footprint of: C7
11-13 05:52:08 com_github_MitjaNemec_Archive3DModels.archive_3d_models 59:Trying to copy: ${KICAD8_3DMODEL_DIR}/Capacitor_SMD.3dshapes/C_0402_1005Metric.wrl
11-13 05:52:08 com_github_MitjaNemec_Archive3DModels.archive_3d_models 135:Did not copy: ${KICAD8_3DMODEL_DIR}/Capacitor_SMD.3dshapes/C_0402_1005Metric.wrl
11-13 05:52:08 com_github_MitjaNemec_Archive3DModels.archive_3d_models 139:Remapping: ${KICAD8_3DMODEL_DIR}/Capacitor_SMD.3dshapes/C_0402_1005Metric.wrl
11-13 05:52:08 com_github_MitjaNemec_Archive3DModels.archive_3d_models 47:Getting 3D models for footprint of: C6
11-13 05:52:08 com_github_MitjaNemec_Archive3DModels.archive_3d_models 59:Trying to copy: ${KICAD8_3DMODEL_DIR}/Capacitor_SMD.3dshapes/C_0402_1005Metric.wrl
11-13 05:52:08 com_github_MitjaNemec_Archive3DModels.archive_3d_models 135:Did not copy: ${KICAD8_3DMODEL_DIR}/Capacitor_SMD.3dshapes/C_0402_1005Metric.wrl
11-13 05:52:08 com_github_MitjaNemec_Archive3DModels.archive_3d_models 139:Remapping: ${KICAD8_3DMODEL_DIR}/Capacitor_SMD.3dshapes/C_0402_1005Metric.wrl
11-13 05:52:08 com_github_MitjaNemec_Archive3DModels.archive_3d_models 47:Getting 3D models for footprint of: C5
11-13 05:52:08 com_github_MitjaNemec_Archive3DModels.archive_3d_models 59:Trying to copy: ${KICAD8_3DMODEL_DIR}/Capacitor_SMD.3dshapes/C_0402_1005Metric.wrl
11-13 05:52:08 com_github_MitjaNemec_Archive3DModels.archive_3d_models 135:Did not copy: ${KICAD8_3DMODEL_DIR}/Capacitor_SMD.3dshapes/C_0402_1005Metric.wrl
11-13 05:52:08 com_github_MitjaNemec_Archive3DModels.archive_3d_models 139:Remapping: ${KICAD8_3DMODEL_DIR}/Capacitor_SMD.3dshapes/C_0402_1005Metric.wrl
11-13 05:52:08 com_github_MitjaNemec_Archive3DModels.archive_3d_models 47:Getting 3D models for footprint of: C4
11-13 05:52:08 com_github_MitjaNemec_Archive3DModels.archive_3d_models 59:Trying to copy: ${KICAD8_3DMODEL_DIR}/Capacitor_SMD.3dshapes/C_0402_1005Metric.wrl
11-13 05:52:08 com_github_MitjaNemec_Archive3DModels.archive_3d_models 135:Did not copy: ${KICAD8_3DMODEL_DIR}/Capacitor_SMD.3dshapes/C_0402_1005Metric.wrl
11-13 05:52:08 com_github_MitjaNemec_Archive3DModels.archive_3d_models 139:Remapping: ${KICAD8_3DMODEL_DIR}/Capacitor_SMD.3dshapes/C_0402_1005Metric.wrl
11-13 05:52:08 com_github_MitjaNemec_Archive3DModels.archive_3d_models 47:Getting 3D models for footprint of: C3
11-13 05:52:08 com_github_MitjaNemec_Archive3DModels.archive_3d_models 59:Trying to copy: ${KICAD8_3DMODEL_DIR}/Capacitor_SMD.3dshapes/C_0402_1005Metric.wrl
11-13 05:52:08 com_github_MitjaNemec_Archive3DModels.archive_3d_models 135:Did not copy: ${KICAD8_3DMODEL_DIR}/Capacitor_SMD.3dshapes/C_0402_1005Metric.wrl
11-13 05:52:08 com_github_MitjaNemec_Archive3DModels.archive_3d_models 139:Remapping: ${KICAD8_3DMODEL_DIR}/Capacitor_SMD.3dshapes/C_0402_1005Metric.wrl
11-13 05:52:08 com_github_MitjaNemec_Archive3DModels.archive_3d_models 47:Getting 3D models for footprint of: C2
11-13 05:52:08 com_github_MitjaNemec_Archive3DModels.archive_3d_models 59:Trying to copy: ${KICAD8_3DMODEL_DIR}/Capacitor_SMD.3dshapes/C_0402_1005Metric.wrl
11-13 05:52:08 com_github_MitjaNemec_Archive3DModels.archive_3d_models 135:Did not copy: ${KICAD8_3DMODEL_DIR}/Capacitor_SMD.3dshapes/C_0402_1005Metric.wrl
11-13 05:52:08 com_github_MitjaNemec_Archive3DModels.archive_3d_models 139:Remapping: ${KICAD8_3DMODEL_DIR}/Capacitor_SMD.3dshapes/C_0402_1005Metric.wrl
11-13 05:52:08 com_github_MitjaNemec_Archive3DModels.archive_3d_models 47:Getting 3D models for footprint of: C1
11-13 05:52:08 com_github_MitjaNemec_Archive3DModels.archive_3d_models 59:Trying to copy: ${KICAD8_3DMODEL_DIR}/Capacitor_SMD.3dshapes/C_0402_1005Metric.wrl
11-13 05:52:08 com_github_MitjaNemec_Archive3DModels.archive_3d_models 135:Did not copy: ${KICAD8_3DMODEL_DIR}/Capacitor_SMD.3dshapes/C_0402_1005Metric.wrl
11-13 05:52:08 com_github_MitjaNemec_Archive3DModels.archive_3d_models 139:Remapping: ${KICAD8_3DMODEL_DIR}/Capacitor_SMD.3dshapes/C_0402_1005Metric.wrl
11-13 05:52:08 com_github_MitjaNemec_Archive3DModels.archive_3d_models 153:Did not succeed to copy 3D models!
('R1', '${KICAD8_3DMODEL_DIR}\\Resistor_SMD.3dshapes\\R_0603_1608Metric.wrl')
('C9', '${KICAD8_3DMODEL_DIR}\\Capacitor_SMD.3dshapes\\C_0402_1005Metric.wrl')
('C8', '${KICAD8_3DMODEL_DIR}\\Capacitor_SMD.3dshapes\\C_0402_1005Metric.wrl')
('C7', '${KICAD8_3DMODEL_DIR}\\Capacitor_SMD.3dshapes\\C_0402_1005Metric.wrl')
('C6', '${KICAD8_3DMODEL_DIR}\\Capacitor_SMD.3dshapes\\C_0402_1005Metric.wrl')
('C5', '${KICAD8_3DMODEL_DIR}\\Capacitor_SMD.3dshapes\\C_0402_1005Metric.wrl')
('C4', '${KICAD8_3DMODEL_DIR}\\Capacitor_SMD.3dshapes\\C_0402_1005Metric.wrl')
('C3', '${KICAD8_3DMODEL_DIR}\\Capacitor_SMD.3dshapes\\C_0402_1005Metric.wrl')
('C2', '${KICAD8_3DMODEL_DIR}\\Capacitor_SMD.3dshapes\\C_0402_1005Metric.wrl')
('C1', '${KICAD8_3DMODEL_DIR}\\Capacitor_SMD.3dshapes\\C_0402_1005Metric.wrl')
