02-13 03:06:11 com_github_MitjaNemec_ReplicateLayout.action_replicate_layout 392:Plugin executed on: 'win32'
02-13 03:06:11 com_github_MitjaNemec_ReplicateLayout.action_replicate_layout 393:Plugin executed with python version: '3.11.5 (main, Aug 14 2024, 05:26:19) [MSC v.1939 64 bit (AMD64)]'
02-13 03:06:11 com_github_MitjaNemec_ReplicateLayout.action_replicate_layout 394:KiCad build version: 8.0.5
02-13 03:06:11 com_github_MitjaNemec_ReplicateLayout.action_replicate_layout 395:Plugin version: 3.0.3
02-13 03:06:11 com_github_MitjaNemec_ReplicateLayout.action_replicate_layout 396:Frame repr: <wx._core.Frame object at 0x000001C489174430>
02-13 03:06:11 com_github_MitjaNemec_ReplicateLayout.action_replicate_layout 420:Preparing replicator with U3 as a reference
02-13 03:06:11 com_github_MitjaNemec_ReplicateLayout.replicate_layout 117:getting a list of all footprints on board
02-13 03:06:11 com_github_MitjaNemec_ReplicateLayout.action_replicate_layout 468:source anchor footprint is 'U3'
Located on: ['tprobe_mux1']
With filenames: ['tprobe_mux.kicad_sch']
With sheet_id:['tprobe_mux1']
02-13 03:06:11 com_github_MitjaNemec_ReplicateLayout.action_replicate_layout 475:Corresponding footprints are 
[('U6', ['tprobe_mux4']), ('U5', ['tprobe_mux3']), ('U4', ['tprobe_mux2']), ('U3', ['tprobe_mux1'])]
02-13 03:06:11 com_github_MitjaNemec_ReplicateLayout.action_replicate_layout 487:Showing dialog
02-13 03:06:11 com_github_MitjaNemec_ReplicateLayout.replicate_layout 472:constructing a list of sheets suitable for replication on level:'tprobe_mux1', file:'tprobe_mux.kicad_sch'
02-13 03:06:11 com_github_MitjaNemec_ReplicateLayout.replicate_layout 509:suitable sheets are:[['tprobe_mux2'], ['tprobe_mux3'], ['tprobe_mux4']]
02-13 03:06:11 com_github_MitjaNemec_ReplicateLayout.replicate_layout 1507:Level selected: ['tprobe_mux1']
02-13 03:06:11 com_github_MitjaNemec_ReplicateLayout.replicate_layout 1331:Filtering list of tracks
02-13 03:06:11 com_github_MitjaNemec_ReplicateLayout.action_replicate_layout 493:Toolbar position: wx.Point(3031, 2237)
02-13 03:06:11 com_github_MitjaNemec_ReplicateLayout.action_replicate_layout 498:Dialog position: wx.Point(2592, 2237)
02-13 03:06:13 com_github_MitjaNemec_ReplicateLayout.replicate_layout 472:constructing a list of sheets suitable for replication on level:'tprobe_mux1', file:'tprobe_mux.kicad_sch'
02-13 03:06:13 com_github_MitjaNemec_ReplicateLayout.replicate_layout 509:suitable sheets are:[['tprobe_mux2'], ['tprobe_mux3'], ['tprobe_mux4']]
02-13 03:06:14 com_github_MitjaNemec_ReplicateLayout.replicate_layout 1507:Level selected: ['tprobe_mux1']
02-13 03:06:14 com_github_MitjaNemec_ReplicateLayout.replicate_layout 1331:Filtering list of tracks
02-13 03:06:14 com_github_MitjaNemec_ReplicateLayout.replicate_layout 472:constructing a list of sheets suitable for replication on level:'tprobe_mux1', file:'tprobe_mux.kicad_sch'
02-13 03:06:14 com_github_MitjaNemec_ReplicateLayout.replicate_layout 509:suitable sheets are:[['tprobe_mux2'], ['tprobe_mux3'], ['tprobe_mux4']]
02-13 03:06:14 com_github_MitjaNemec_ReplicateLayout.replicate_layout 1507:Level selected: ['tprobe_mux1']
02-13 03:06:14 com_github_MitjaNemec_ReplicateLayout.replicate_layout 1331:Filtering list of tracks
02-13 03:06:18 com_github_MitjaNemec_ReplicateLayout.replicate_layout 472:constructing a list of sheets suitable for replication on level:'tprobe_mux1', file:'tprobe_mux.kicad_sch'
02-13 03:06:18 com_github_MitjaNemec_ReplicateLayout.replicate_layout 509:suitable sheets are:[['tprobe_mux2'], ['tprobe_mux3'], ['tprobe_mux4']]
02-13 03:06:18 com_github_MitjaNemec_ReplicateLayout.replicate_layout 1507:Level selected: ['tprobe_mux1']
02-13 03:06:18 com_github_MitjaNemec_ReplicateLayout.replicate_layout 1331:Filtering list of tracks
02-13 03:06:18 com_github_MitjaNemec_ReplicateLayout.replicate_layout 1337:Track group: , src group:
02-13 03:06:18 com_github_MitjaNemec_ReplicateLayout.replicate_layout 1337:Track group: , src group:
02-13 03:06:18 com_github_MitjaNemec_ReplicateLayout.replicate_layout 1337:Track group: , src group:
02-13 03:06:18 com_github_MitjaNemec_ReplicateLayout.replicate_layout 1337:Track group: , src group:
02-13 03:06:18 com_github_MitjaNemec_ReplicateLayout.replicate_layout 1337:Track group: , src group:
02-13 03:06:18 com_github_MitjaNemec_ReplicateLayout.replicate_layout 1337:Track group: , src group:
02-13 03:06:18 com_github_MitjaNemec_ReplicateLayout.replicate_layout 1337:Track group: , src group:
02-13 03:06:18 com_github_MitjaNemec_ReplicateLayout.replicate_layout 1337:Track group: , src group:
02-13 03:06:18 com_github_MitjaNemec_ReplicateLayout.replicate_layout 1337:Track group: , src group:
02-13 03:06:18 com_github_MitjaNemec_ReplicateLayout.replicate_layout 1337:Track group: , src group:
02-13 03:06:18 com_github_MitjaNemec_ReplicateLayout.replicate_layout 1337:Track group: , src group:
02-13 03:06:18 com_github_MitjaNemec_ReplicateLayout.replicate_layout 1337:Track group: , src group:
02-13 03:06:18 com_github_MitjaNemec_ReplicateLayout.replicate_layout 1337:Track group: , src group:
02-13 03:06:18 com_github_MitjaNemec_ReplicateLayout.replicate_layout 1337:Track group: , src group:
02-13 03:06:18 com_github_MitjaNemec_ReplicateLayout.replicate_layout 1337:Track group: , src group:
02-13 03:06:18 com_github_MitjaNemec_ReplicateLayout.replicate_layout 1337:Track group: , src group:
02-13 03:06:18 com_github_MitjaNemec_ReplicateLayout.replicate_layout 1337:Track group: , src group:
02-13 03:06:18 com_github_MitjaNemec_ReplicateLayout.replicate_layout 1337:Track group: , src group:
02-13 03:06:18 com_github_MitjaNemec_ReplicateLayout.replicate_layout 1337:Track group: , src group:
02-13 03:06:18 com_github_MitjaNemec_ReplicateLayout.replicate_layout 1337:Track group: , src group:
02-13 03:06:18 com_github_MitjaNemec_ReplicateLayout.replicate_layout 1337:Track group: , src group:
02-13 03:06:18 com_github_MitjaNemec_ReplicateLayout.replicate_layout 1337:Track group: , src group:
02-13 03:06:18 com_github_MitjaNemec_ReplicateLayout.replicate_layout 1337:Track group: , src group:
02-13 03:06:18 com_github_MitjaNemec_ReplicateLayout.replicate_layout 1337:Track group: , src group:
02-13 03:06:18 com_github_MitjaNemec_ReplicateLayout.replicate_layout 1337:Track group: , src group:
02-13 03:06:18 com_github_MitjaNemec_ReplicateLayout.replicate_layout 1337:Track group: , src group:
02-13 03:06:18 com_github_MitjaNemec_ReplicateLayout.replicate_layout 1337:Track group: , src group:
02-13 03:06:18 com_github_MitjaNemec_ReplicateLayout.replicate_layout 1337:Track group: , src group:
02-13 03:06:18 com_github_MitjaNemec_ReplicateLayout.replicate_layout 1337:Track group: , src group:
02-13 03:06:18 com_github_MitjaNemec_ReplicateLayout.replicate_layout 1337:Track group: , src group:
02-13 03:06:18 com_github_MitjaNemec_ReplicateLayout.replicate_layout 1337:Track group: , src group:
02-13 03:06:18 com_github_MitjaNemec_ReplicateLayout.replicate_layout 1337:Track group: , src group:
02-13 03:06:18 com_github_MitjaNemec_ReplicateLayout.replicate_layout 1337:Track group: , src group:
02-13 03:06:18 com_github_MitjaNemec_ReplicateLayout.replicate_layout 1337:Track group: , src group:
02-13 03:06:18 com_github_MitjaNemec_ReplicateLayout.replicate_layout 1337:Track group: , src group:
02-13 03:06:18 com_github_MitjaNemec_ReplicateLayout.replicate_layout 1337:Track group: , src group:
02-13 03:06:18 com_github_MitjaNemec_ReplicateLayout.replicate_layout 1337:Track group: , src group:
02-13 03:06:18 com_github_MitjaNemec_ReplicateLayout.replicate_layout 1337:Track group: , src group:
02-13 03:06:18 com_github_MitjaNemec_ReplicateLayout.replicate_layout 1337:Track group: , src group:
02-13 03:06:18 com_github_MitjaNemec_ReplicateLayout.replicate_layout 1337:Track group: , src group:
02-13 03:06:18 com_github_MitjaNemec_ReplicateLayout.replicate_layout 1337:Track group: , src group:
02-13 03:06:18 com_github_MitjaNemec_ReplicateLayout.replicate_layout 1337:Track group: , src group:
02-13 03:06:18 com_github_MitjaNemec_ReplicateLayout.replicate_layout 1337:Track group: , src group:
02-13 03:06:18 com_github_MitjaNemec_ReplicateLayout.replicate_layout 1337:Track group: , src group:
02-13 03:06:18 com_github_MitjaNemec_ReplicateLayout.replicate_layout 1337:Track group: , src group:
02-13 03:06:18 com_github_MitjaNemec_ReplicateLayout.replicate_layout 1337:Track group: , src group:
02-13 03:06:18 com_github_MitjaNemec_ReplicateLayout.replicate_layout 1337:Track group: , src group:
02-13 03:06:18 com_github_MitjaNemec_ReplicateLayout.replicate_layout 1337:Track group: , src group:
02-13 03:06:18 com_github_MitjaNemec_ReplicateLayout.replicate_layout 1337:Track group: , src group:
02-13 03:06:18 com_github_MitjaNemec_ReplicateLayout.replicate_layout 1337:Track group: , src group:
02-13 03:06:18 com_github_MitjaNemec_ReplicateLayout.replicate_layout 1337:Track group: , src group:
02-13 03:06:18 com_github_MitjaNemec_ReplicateLayout.replicate_layout 1337:Track group: , src group:
02-13 03:06:18 com_github_MitjaNemec_ReplicateLayout.replicate_layout 1337:Track group: , src group:
02-13 03:06:18 com_github_MitjaNemec_ReplicateLayout.replicate_layout 1337:Track group: , src group:
02-13 03:06:18 com_github_MitjaNemec_ReplicateLayout.replicate_layout 1337:Track group: , src group:
02-13 03:06:18 com_github_MitjaNemec_ReplicateLayout.replicate_layout 1337:Track group: , src group:
02-13 03:06:18 com_github_MitjaNemec_ReplicateLayout.replicate_layout 1337:Track group: , src group:
02-13 03:06:18 com_github_MitjaNemec_ReplicateLayout.replicate_layout 1337:Track group: , src group:
02-13 03:06:18 com_github_MitjaNemec_ReplicateLayout.replicate_layout 1337:Track group: , src group:
02-13 03:06:18 com_github_MitjaNemec_ReplicateLayout.replicate_layout 1337:Track group: , src group:
02-13 03:06:18 com_github_MitjaNemec_ReplicateLayout.replicate_layout 1337:Track group: , src group:
02-13 03:06:18 com_github_MitjaNemec_ReplicateLayout.replicate_layout 1337:Track group: , src group:
02-13 03:06:18 com_github_MitjaNemec_ReplicateLayout.replicate_layout 1337:Track group: , src group:
02-13 03:06:18 com_github_MitjaNemec_ReplicateLayout.replicate_layout 1337:Track group: , src group:
02-13 03:06:18 com_github_MitjaNemec_ReplicateLayout.replicate_layout 1337:Track group: , src group:
02-13 03:06:18 com_github_MitjaNemec_ReplicateLayout.replicate_layout 1337:Track group: , src group:
02-13 03:06:18 com_github_MitjaNemec_ReplicateLayout.replicate_layout 1337:Track group: , src group:
02-13 03:06:18 com_github_MitjaNemec_ReplicateLayout.replicate_layout 1337:Track group: , src group:
02-13 03:06:18 com_github_MitjaNemec_ReplicateLayout.replicate_layout 1337:Track group: , src group:
02-13 03:06:18 com_github_MitjaNemec_ReplicateLayout.replicate_layout 1337:Track group: , src group:
02-13 03:06:18 com_github_MitjaNemec_ReplicateLayout.replicate_layout 1337:Track group: , src group:
02-13 03:06:18 com_github_MitjaNemec_ReplicateLayout.replicate_layout 1337:Track group: , src group:
02-13 03:06:18 com_github_MitjaNemec_ReplicateLayout.replicate_layout 1337:Track group: , src group:
02-13 03:06:18 com_github_MitjaNemec_ReplicateLayout.replicate_layout 1337:Track group: , src group:
02-13 03:06:18 com_github_MitjaNemec_ReplicateLayout.replicate_layout 1337:Track group: , src group:
02-13 03:06:18 com_github_MitjaNemec_ReplicateLayout.replicate_layout 1337:Track group: , src group:
02-13 03:06:18 com_github_MitjaNemec_ReplicateLayout.replicate_layout 1337:Track group: , src group:
02-13 03:06:18 com_github_MitjaNemec_ReplicateLayout.replicate_layout 1337:Track group: , src group:
02-13 03:06:18 com_github_MitjaNemec_ReplicateLayout.replicate_layout 1337:Track group: , src group:
02-13 03:06:18 com_github_MitjaNemec_ReplicateLayout.replicate_layout 1337:Track group: , src group:
02-13 03:06:18 com_github_MitjaNemec_ReplicateLayout.replicate_layout 1337:Track group: , src group:
02-13 03:06:18 com_github_MitjaNemec_ReplicateLayout.replicate_layout 1337:Track group: , src group:
02-13 03:06:18 com_github_MitjaNemec_ReplicateLayout.replicate_layout 1337:Track group: , src group:
02-13 03:06:18 com_github_MitjaNemec_ReplicateLayout.replicate_layout 1337:Track group: , src group:
02-13 03:06:18 com_github_MitjaNemec_ReplicateLayout.replicate_layout 1337:Track group: , src group:
02-13 03:06:18 com_github_MitjaNemec_ReplicateLayout.replicate_layout 1337:Track group: , src group:
02-13 03:06:18 com_github_MitjaNemec_ReplicateLayout.replicate_layout 1337:Track group: , src group:
02-13 03:06:18 com_github_MitjaNemec_ReplicateLayout.replicate_layout 1337:Track group: , src group:
02-13 03:06:18 com_github_MitjaNemec_ReplicateLayout.replicate_layout 1337:Track group: , src group:
02-13 03:06:18 com_github_MitjaNemec_ReplicateLayout.replicate_layout 1337:Track group: , src group:
02-13 03:06:22 com_github_MitjaNemec_ReplicateLayout.replicate_layout 472:constructing a list of sheets suitable for replication on level:'tprobe_mux1', file:'tprobe_mux.kicad_sch'
02-13 03:06:22 com_github_MitjaNemec_ReplicateLayout.replicate_layout 509:suitable sheets are:[['tprobe_mux2'], ['tprobe_mux3'], ['tprobe_mux4']]
02-13 03:06:22 com_github_MitjaNemec_ReplicateLayout.replicate_layout 1507:Level selected: ['tprobe_mux1']
02-13 03:06:22 com_github_MitjaNemec_ReplicateLayout.replicate_layout 1331:Filtering list of tracks
02-13 03:06:22 com_github_MitjaNemec_ReplicateLayout.replicate_layout 1337:Track group: , src group:
02-13 03:06:22 com_github_MitjaNemec_ReplicateLayout.replicate_layout 1337:Track group: , src group:
02-13 03:06:22 com_github_MitjaNemec_ReplicateLayout.replicate_layout 1337:Track group: , src group:
02-13 03:06:22 com_github_MitjaNemec_ReplicateLayout.replicate_layout 1337:Track group: , src group:
02-13 03:06:22 com_github_MitjaNemec_ReplicateLayout.replicate_layout 1337:Track group: , src group:
02-13 03:06:22 com_github_MitjaNemec_ReplicateLayout.replicate_layout 1337:Track group: , src group:
02-13 03:06:22 com_github_MitjaNemec_ReplicateLayout.replicate_layout 1337:Track group: , src group:
02-13 03:06:22 com_github_MitjaNemec_ReplicateLayout.replicate_layout 1337:Track group: , src group:
02-13 03:06:22 com_github_MitjaNemec_ReplicateLayout.replicate_layout 1337:Track group: , src group:
02-13 03:06:22 com_github_MitjaNemec_ReplicateLayout.replicate_layout 1337:Track group: , src group:
02-13 03:06:22 com_github_MitjaNemec_ReplicateLayout.replicate_layout 1337:Track group: , src group:
02-13 03:06:22 com_github_MitjaNemec_ReplicateLayout.replicate_layout 1337:Track group: , src group:
02-13 03:06:22 com_github_MitjaNemec_ReplicateLayout.replicate_layout 1337:Track group: , src group:
02-13 03:06:22 com_github_MitjaNemec_ReplicateLayout.replicate_layout 1337:Track group: , src group:
02-13 03:06:22 com_github_MitjaNemec_ReplicateLayout.replicate_layout 1337:Track group: , src group:
02-13 03:06:22 com_github_MitjaNemec_ReplicateLayout.replicate_layout 1337:Track group: , src group:
02-13 03:06:22 com_github_MitjaNemec_ReplicateLayout.replicate_layout 1337:Track group: , src group:
02-13 03:06:22 com_github_MitjaNemec_ReplicateLayout.replicate_layout 1337:Track group: , src group:
02-13 03:06:22 com_github_MitjaNemec_ReplicateLayout.replicate_layout 1337:Track group: , src group:
02-13 03:06:22 com_github_MitjaNemec_ReplicateLayout.replicate_layout 1337:Track group: , src group:
02-13 03:06:22 com_github_MitjaNemec_ReplicateLayout.replicate_layout 1337:Track group: , src group:
02-13 03:06:22 com_github_MitjaNemec_ReplicateLayout.replicate_layout 1337:Track group: , src group:
02-13 03:06:22 com_github_MitjaNemec_ReplicateLayout.replicate_layout 1337:Track group: , src group:
02-13 03:06:22 com_github_MitjaNemec_ReplicateLayout.replicate_layout 1337:Track group: , src group:
02-13 03:06:22 com_github_MitjaNemec_ReplicateLayout.replicate_layout 1337:Track group: , src group:
02-13 03:06:22 com_github_MitjaNemec_ReplicateLayout.replicate_layout 1337:Track group: , src group:
02-13 03:06:22 com_github_MitjaNemec_ReplicateLayout.replicate_layout 1337:Track group: , src group:
02-13 03:06:22 com_github_MitjaNemec_ReplicateLayout.replicate_layout 1337:Track group: , src group:
02-13 03:06:22 com_github_MitjaNemec_ReplicateLayout.replicate_layout 1337:Track group: , src group:
02-13 03:06:22 com_github_MitjaNemec_ReplicateLayout.replicate_layout 1337:Track group: , src group:
02-13 03:06:22 com_github_MitjaNemec_ReplicateLayout.replicate_layout 1337:Track group: , src group:
02-13 03:06:22 com_github_MitjaNemec_ReplicateLayout.replicate_layout 1337:Track group: , src group:
02-13 03:06:22 com_github_MitjaNemec_ReplicateLayout.replicate_layout 1337:Track group: , src group:
02-13 03:06:22 com_github_MitjaNemec_ReplicateLayout.replicate_layout 1337:Track group: , src group:
02-13 03:06:22 com_github_MitjaNemec_ReplicateLayout.replicate_layout 1337:Track group: , src group:
02-13 03:06:22 com_github_MitjaNemec_ReplicateLayout.replicate_layout 1337:Track group: , src group:
02-13 03:06:22 com_github_MitjaNemec_ReplicateLayout.replicate_layout 1337:Track group: , src group:
02-13 03:06:22 com_github_MitjaNemec_ReplicateLayout.replicate_layout 1337:Track group: , src group:
02-13 03:06:22 com_github_MitjaNemec_ReplicateLayout.replicate_layout 1337:Track group: , src group:
02-13 03:06:22 com_github_MitjaNemec_ReplicateLayout.replicate_layout 1337:Track group: , src group:
02-13 03:06:22 com_github_MitjaNemec_ReplicateLayout.replicate_layout 1337:Track group: , src group:
02-13 03:06:22 com_github_MitjaNemec_ReplicateLayout.replicate_layout 1337:Track group: , src group:
02-13 03:06:22 com_github_MitjaNemec_ReplicateLayout.replicate_layout 1337:Track group: , src group:
02-13 03:06:22 com_github_MitjaNemec_ReplicateLayout.replicate_layout 1337:Track group: , src group:
02-13 03:06:22 com_github_MitjaNemec_ReplicateLayout.replicate_layout 1337:Track group: , src group:
02-13 03:06:22 com_github_MitjaNemec_ReplicateLayout.replicate_layout 1337:Track group: , src group:
02-13 03:06:22 com_github_MitjaNemec_ReplicateLayout.replicate_layout 1337:Track group: , src group:
02-13 03:06:22 com_github_MitjaNemec_ReplicateLayout.replicate_layout 1337:Track group: , src group:
02-13 03:06:22 com_github_MitjaNemec_ReplicateLayout.replicate_layout 1337:Track group: , src group:
02-13 03:06:22 com_github_MitjaNemec_ReplicateLayout.replicate_layout 1337:Track group: , src group:
02-13 03:06:22 com_github_MitjaNemec_ReplicateLayout.replicate_layout 1337:Track group: , src group:
02-13 03:06:22 com_github_MitjaNemec_ReplicateLayout.replicate_layout 1337:Track group: , src group:
02-13 03:06:22 com_github_MitjaNemec_ReplicateLayout.replicate_layout 1337:Track group: , src group:
02-13 03:06:22 com_github_MitjaNemec_ReplicateLayout.replicate_layout 1337:Track group: , src group:
02-13 03:06:22 com_github_MitjaNemec_ReplicateLayout.replicate_layout 1337:Track group: , src group:
02-13 03:06:22 com_github_MitjaNemec_ReplicateLayout.replicate_layout 1337:Track group: , src group:
02-13 03:06:22 com_github_MitjaNemec_ReplicateLayout.replicate_layout 1337:Track group: , src group:
02-13 03:06:22 com_github_MitjaNemec_ReplicateLayout.replicate_layout 1337:Track group: , src group:
02-13 03:06:22 com_github_MitjaNemec_ReplicateLayout.replicate_layout 1337:Track group: , src group:
02-13 03:06:22 com_github_MitjaNemec_ReplicateLayout.replicate_layout 1337:Track group: , src group:
02-13 03:06:22 com_github_MitjaNemec_ReplicateLayout.replicate_layout 1337:Track group: , src group:
02-13 03:06:22 com_github_MitjaNemec_ReplicateLayout.replicate_layout 1337:Track group: , src group:
02-13 03:06:22 com_github_MitjaNemec_ReplicateLayout.replicate_layout 1337:Track group: , src group:
02-13 03:06:22 com_github_MitjaNemec_ReplicateLayout.replicate_layout 1337:Track group: , src group:
02-13 03:06:22 com_github_MitjaNemec_ReplicateLayout.replicate_layout 1337:Track group: , src group:
02-13 03:06:22 com_github_MitjaNemec_ReplicateLayout.replicate_layout 1337:Track group: , src group:
02-13 03:06:22 com_github_MitjaNemec_ReplicateLayout.replicate_layout 1337:Track group: , src group:
02-13 03:06:22 com_github_MitjaNemec_ReplicateLayout.replicate_layout 1337:Track group: , src group:
02-13 03:06:22 com_github_MitjaNemec_ReplicateLayout.replicate_layout 1337:Track group: , src group:
02-13 03:06:22 com_github_MitjaNemec_ReplicateLayout.replicate_layout 1337:Track group: , src group:
02-13 03:06:22 com_github_MitjaNemec_ReplicateLayout.replicate_layout 1337:Track group: , src group:
02-13 03:06:22 com_github_MitjaNemec_ReplicateLayout.replicate_layout 1337:Track group: , src group:
02-13 03:06:22 com_github_MitjaNemec_ReplicateLayout.replicate_layout 1337:Track group: , src group:
02-13 03:06:22 com_github_MitjaNemec_ReplicateLayout.replicate_layout 1337:Track group: , src group:
02-13 03:06:22 com_github_MitjaNemec_ReplicateLayout.replicate_layout 1337:Track group: , src group:
02-13 03:06:22 com_github_MitjaNemec_ReplicateLayout.replicate_layout 1337:Track group: , src group:
02-13 03:06:22 com_github_MitjaNemec_ReplicateLayout.replicate_layout 1337:Track group: , src group:
02-13 03:06:22 com_github_MitjaNemec_ReplicateLayout.replicate_layout 1337:Track group: , src group:
02-13 03:06:22 com_github_MitjaNemec_ReplicateLayout.replicate_layout 1337:Track group: , src group:
02-13 03:06:22 com_github_MitjaNemec_ReplicateLayout.replicate_layout 1337:Track group: , src group:
02-13 03:06:22 com_github_MitjaNemec_ReplicateLayout.replicate_layout 1337:Track group: , src group:
02-13 03:06:22 com_github_MitjaNemec_ReplicateLayout.replicate_layout 1337:Track group: , src group:
02-13 03:06:22 com_github_MitjaNemec_ReplicateLayout.replicate_layout 1337:Track group: , src group:
02-13 03:06:22 com_github_MitjaNemec_ReplicateLayout.replicate_layout 1337:Track group: , src group:
02-13 03:06:22 com_github_MitjaNemec_ReplicateLayout.replicate_layout 1337:Track group: , src group:
02-13 03:06:22 com_github_MitjaNemec_ReplicateLayout.replicate_layout 1337:Track group: , src group:
02-13 03:06:22 com_github_MitjaNemec_ReplicateLayout.replicate_layout 1337:Track group: , src group:
02-13 03:06:22 com_github_MitjaNemec_ReplicateLayout.replicate_layout 1337:Track group: , src group:
02-13 03:06:22 com_github_MitjaNemec_ReplicateLayout.replicate_layout 1337:Track group: , src group:
02-13 03:06:22 com_github_MitjaNemec_ReplicateLayout.replicate_layout 1337:Track group: , src group:
02-13 03:06:22 com_github_MitjaNemec_ReplicateLayout.replicate_layout 472:constructing a list of sheets suitable for replication on level:'tprobe_mux1', file:'tprobe_mux.kicad_sch'
02-13 03:06:22 com_github_MitjaNemec_ReplicateLayout.replicate_layout 509:suitable sheets are:[['tprobe_mux2'], ['tprobe_mux3'], ['tprobe_mux4']]
02-13 03:06:22 com_github_MitjaNemec_ReplicateLayout.replicate_layout 1507:Level selected: ['tprobe_mux1']
02-13 03:06:22 com_github_MitjaNemec_ReplicateLayout.replicate_layout 1331:Filtering list of tracks
02-13 03:06:22 com_github_MitjaNemec_ReplicateLayout.replicate_layout 1337:Track group: , src group:
02-13 03:06:22 com_github_MitjaNemec_ReplicateLayout.replicate_layout 1337:Track group: , src group:
02-13 03:06:22 com_github_MitjaNemec_ReplicateLayout.replicate_layout 1337:Track group: , src group:
02-13 03:06:22 com_github_MitjaNemec_ReplicateLayout.replicate_layout 1337:Track group: , src group:
02-13 03:06:22 com_github_MitjaNemec_ReplicateLayout.replicate_layout 1337:Track group: , src group:
02-13 03:06:22 com_github_MitjaNemec_ReplicateLayout.replicate_layout 1337:Track group: , src group:
02-13 03:06:22 com_github_MitjaNemec_ReplicateLayout.replicate_layout 1337:Track group: , src group:
02-13 03:06:22 com_github_MitjaNemec_ReplicateLayout.replicate_layout 1337:Track group: , src group:
02-13 03:06:22 com_github_MitjaNemec_ReplicateLayout.replicate_layout 1337:Track group: , src group:
02-13 03:06:22 com_github_MitjaNemec_ReplicateLayout.replicate_layout 1337:Track group: , src group:
02-13 03:06:22 com_github_MitjaNemec_ReplicateLayout.replicate_layout 1337:Track group: , src group:
02-13 03:06:22 com_github_MitjaNemec_ReplicateLayout.replicate_layout 1337:Track group: , src group:
02-13 03:06:22 com_github_MitjaNemec_ReplicateLayout.replicate_layout 1337:Track group: , src group:
02-13 03:06:22 com_github_MitjaNemec_ReplicateLayout.replicate_layout 1337:Track group: , src group:
02-13 03:06:22 com_github_MitjaNemec_ReplicateLayout.replicate_layout 1337:Track group: , src group:
02-13 03:06:22 com_github_MitjaNemec_ReplicateLayout.replicate_layout 1337:Track group: , src group:
02-13 03:06:22 com_github_MitjaNemec_ReplicateLayout.replicate_layout 1337:Track group: , src group:
02-13 03:06:22 com_github_MitjaNemec_ReplicateLayout.replicate_layout 1337:Track group: , src group:
02-13 03:06:22 com_github_MitjaNemec_ReplicateLayout.replicate_layout 1337:Track group: , src group:
02-13 03:06:22 com_github_MitjaNemec_ReplicateLayout.replicate_layout 1337:Track group: , src group:
02-13 03:06:22 com_github_MitjaNemec_ReplicateLayout.replicate_layout 1337:Track group: , src group:
02-13 03:06:22 com_github_MitjaNemec_ReplicateLayout.replicate_layout 1337:Track group: , src group:
02-13 03:06:22 com_github_MitjaNemec_ReplicateLayout.replicate_layout 1337:Track group: , src group:
02-13 03:06:22 com_github_MitjaNemec_ReplicateLayout.replicate_layout 1337:Track group: , src group:
02-13 03:06:22 com_github_MitjaNemec_ReplicateLayout.replicate_layout 1337:Track group: , src group:
02-13 03:06:22 com_github_MitjaNemec_ReplicateLayout.replicate_layout 1337:Track group: , src group:
02-13 03:06:22 com_github_MitjaNemec_ReplicateLayout.replicate_layout 1337:Track group: , src group:
02-13 03:06:22 com_github_MitjaNemec_ReplicateLayout.replicate_layout 1337:Track group: , src group:
02-13 03:06:22 com_github_MitjaNemec_ReplicateLayout.replicate_layout 1337:Track group: , src group:
02-13 03:06:22 com_github_MitjaNemec_ReplicateLayout.replicate_layout 1337:Track group: , src group:
02-13 03:06:22 com_github_MitjaNemec_ReplicateLayout.replicate_layout 1337:Track group: , src group:
02-13 03:06:22 com_github_MitjaNemec_ReplicateLayout.replicate_layout 1337:Track group: , src group:
02-13 03:06:22 com_github_MitjaNemec_ReplicateLayout.replicate_layout 1337:Track group: , src group:
02-13 03:06:22 com_github_MitjaNemec_ReplicateLayout.replicate_layout 1337:Track group: , src group:
02-13 03:06:22 com_github_MitjaNemec_ReplicateLayout.replicate_layout 1337:Track group: , src group:
02-13 03:06:22 com_github_MitjaNemec_ReplicateLayout.replicate_layout 1337:Track group: , src group:
02-13 03:06:22 com_github_MitjaNemec_ReplicateLayout.replicate_layout 1337:Track group: , src group:
02-13 03:06:22 com_github_MitjaNemec_ReplicateLayout.replicate_layout 1337:Track group: , src group:
02-13 03:06:22 com_github_MitjaNemec_ReplicateLayout.replicate_layout 1337:Track group: , src group:
02-13 03:06:22 com_github_MitjaNemec_ReplicateLayout.replicate_layout 1337:Track group: , src group:
02-13 03:06:22 com_github_MitjaNemec_ReplicateLayout.replicate_layout 1337:Track group: , src group:
02-13 03:06:22 com_github_MitjaNemec_ReplicateLayout.replicate_layout 1337:Track group: , src group:
02-13 03:06:22 com_github_MitjaNemec_ReplicateLayout.replicate_layout 1337:Track group: , src group:
02-13 03:06:22 com_github_MitjaNemec_ReplicateLayout.replicate_layout 1337:Track group: , src group:
02-13 03:06:22 com_github_MitjaNemec_ReplicateLayout.replicate_layout 1337:Track group: , src group:
02-13 03:06:22 com_github_MitjaNemec_ReplicateLayout.replicate_layout 1337:Track group: , src group:
02-13 03:06:22 com_github_MitjaNemec_ReplicateLayout.replicate_layout 1337:Track group: , src group:
02-13 03:06:22 com_github_MitjaNemec_ReplicateLayout.replicate_layout 1337:Track group: , src group:
02-13 03:06:22 com_github_MitjaNemec_ReplicateLayout.replicate_layout 1337:Track group: , src group:
02-13 03:06:22 com_github_MitjaNemec_ReplicateLayout.replicate_layout 1337:Track group: , src group:
02-13 03:06:22 com_github_MitjaNemec_ReplicateLayout.replicate_layout 1337:Track group: , src group:
02-13 03:06:22 com_github_MitjaNemec_ReplicateLayout.replicate_layout 1337:Track group: , src group:
02-13 03:06:22 com_github_MitjaNemec_ReplicateLayout.replicate_layout 1337:Track group: , src group:
02-13 03:06:22 com_github_MitjaNemec_ReplicateLayout.replicate_layout 1337:Track group: , src group:
02-13 03:06:22 com_github_MitjaNemec_ReplicateLayout.replicate_layout 1337:Track group: , src group:
02-13 03:06:22 com_github_MitjaNemec_ReplicateLayout.replicate_layout 1337:Track group: , src group:
02-13 03:06:22 com_github_MitjaNemec_ReplicateLayout.replicate_layout 1337:Track group: , src group:
02-13 03:06:22 com_github_MitjaNemec_ReplicateLayout.replicate_layout 1337:Track group: , src group:
02-13 03:06:22 com_github_MitjaNemec_ReplicateLayout.replicate_layout 1337:Track group: , src group:
02-13 03:06:22 com_github_MitjaNemec_ReplicateLayout.replicate_layout 1337:Track group: , src group:
02-13 03:06:22 com_github_MitjaNemec_ReplicateLayout.replicate_layout 1337:Track group: , src group:
02-13 03:06:22 com_github_MitjaNemec_ReplicateLayout.replicate_layout 1337:Track group: , src group:
02-13 03:06:22 com_github_MitjaNemec_ReplicateLayout.replicate_layout 1337:Track group: , src group:
02-13 03:06:22 com_github_MitjaNemec_ReplicateLayout.replicate_layout 1337:Track group: , src group:
02-13 03:06:22 com_github_MitjaNemec_ReplicateLayout.replicate_layout 1337:Track group: , src group:
02-13 03:06:22 com_github_MitjaNemec_ReplicateLayout.replicate_layout 1337:Track group: , src group:
02-13 03:06:22 com_github_MitjaNemec_ReplicateLayout.replicate_layout 1337:Track group: , src group:
02-13 03:06:22 com_github_MitjaNemec_ReplicateLayout.replicate_layout 1337:Track group: , src group:
02-13 03:06:22 com_github_MitjaNemec_ReplicateLayout.replicate_layout 1337:Track group: , src group:
02-13 03:06:22 com_github_MitjaNemec_ReplicateLayout.replicate_layout 1337:Track group: , src group:
02-13 03:06:22 com_github_MitjaNemec_ReplicateLayout.replicate_layout 1337:Track group: , src group:
02-13 03:06:22 com_github_MitjaNemec_ReplicateLayout.replicate_layout 1337:Track group: , src group:
02-13 03:06:22 com_github_MitjaNemec_ReplicateLayout.replicate_layout 1337:Track group: , src group:
02-13 03:06:22 com_github_MitjaNemec_ReplicateLayout.replicate_layout 1337:Track group: , src group:
02-13 03:06:22 com_github_MitjaNemec_ReplicateLayout.replicate_layout 1337:Track group: , src group:
02-13 03:06:22 com_github_MitjaNemec_ReplicateLayout.replicate_layout 1337:Track group: , src group:
02-13 03:06:22 com_github_MitjaNemec_ReplicateLayout.replicate_layout 1337:Track group: , src group:
02-13 03:06:22 com_github_MitjaNemec_ReplicateLayout.replicate_layout 1337:Track group: , src group:
02-13 03:06:22 com_github_MitjaNemec_ReplicateLayout.replicate_layout 1337:Track group: , src group:
02-13 03:06:22 com_github_MitjaNemec_ReplicateLayout.replicate_layout 1337:Track group: , src group:
02-13 03:06:22 com_github_MitjaNemec_ReplicateLayout.replicate_layout 1337:Track group: , src group:
02-13 03:06:22 com_github_MitjaNemec_ReplicateLayout.replicate_layout 1337:Track group: , src group:
02-13 03:06:22 com_github_MitjaNemec_ReplicateLayout.replicate_layout 1337:Track group: , src group:
02-13 03:06:22 com_github_MitjaNemec_ReplicateLayout.replicate_layout 1337:Track group: , src group:
02-13 03:06:22 com_github_MitjaNemec_ReplicateLayout.replicate_layout 1337:Track group: , src group:
02-13 03:06:22 com_github_MitjaNemec_ReplicateLayout.replicate_layout 1337:Track group: , src group:
02-13 03:06:22 com_github_MitjaNemec_ReplicateLayout.replicate_layout 1337:Track group: , src group:
02-13 03:06:22 com_github_MitjaNemec_ReplicateLayout.replicate_layout 1337:Track group: , src group:
02-13 03:06:22 com_github_MitjaNemec_ReplicateLayout.replicate_layout 1337:Track group: , src group:
02-13 03:06:22 com_github_MitjaNemec_ReplicateLayout.replicate_layout 1337:Track group: , src group:
02-13 03:06:25 com_github_MitjaNemec_ReplicateLayout.replicate_layout 472:constructing a list of sheets suitable for replication on level:'tprobe_mux1', file:'tprobe_mux.kicad_sch'
02-13 03:06:25 com_github_MitjaNemec_ReplicateLayout.replicate_layout 509:suitable sheets are:[['tprobe_mux2'], ['tprobe_mux3'], ['tprobe_mux4']]
02-13 03:06:25 com_github_MitjaNemec_ReplicateLayout.action_replicate_layout 240:Replicating layout
02-13 03:06:25 com_github_MitjaNemec_ReplicateLayout.replicate_layout 288:Starting replication of sheets: [['tprobe_mux2'], ['tprobe_mux3'], ['tprobe_mux4']]
on level: ['tprobe_mux1']
with tracks=True, zone=True, text=False, text=False, intersecting=False, remove=False, locked footprints=False, group_only=True
02-13 03:06:25 root 332:updating GUI message: 'Preparing for replication'
02-13 03:06:25 root 337:updating GUI with: 0
02-13 03:06:25 com_github_MitjaNemec_ReplicateLayout.replicate_layout 358:Getting the list of source footprints
02-13 03:06:25 com_github_MitjaNemec_ReplicateLayout.replicate_layout 368:Getting the list of all the remaining footprints
02-13 03:06:25 com_github_MitjaNemec_ReplicateLayout.replicate_layout 375:Getting source tracks
02-13 03:06:25 com_github_MitjaNemec_ReplicateLayout.replicate_layout 1331:Filtering list of tracks
02-13 03:06:25 com_github_MitjaNemec_ReplicateLayout.replicate_layout 1337:Track group: , src group:
02-13 03:06:25 com_github_MitjaNemec_ReplicateLayout.replicate_layout 1337:Track group: , src group:
02-13 03:06:25 com_github_MitjaNemec_ReplicateLayout.replicate_layout 1337:Track group: , src group:
02-13 03:06:25 com_github_MitjaNemec_ReplicateLayout.replicate_layout 1337:Track group: , src group:
02-13 03:06:25 com_github_MitjaNemec_ReplicateLayout.replicate_layout 1337:Track group: , src group:
02-13 03:06:25 com_github_MitjaNemec_ReplicateLayout.replicate_layout 1337:Track group: , src group:
02-13 03:06:25 com_github_MitjaNemec_ReplicateLayout.replicate_layout 1337:Track group: , src group:
02-13 03:06:25 com_github_MitjaNemec_ReplicateLayout.replicate_layout 1337:Track group: , src group:
02-13 03:06:25 com_github_MitjaNemec_ReplicateLayout.replicate_layout 1337:Track group: , src group:
02-13 03:06:25 com_github_MitjaNemec_ReplicateLayout.replicate_layout 1337:Track group: , src group:
02-13 03:06:25 com_github_MitjaNemec_ReplicateLayout.replicate_layout 1337:Track group: , src group:
02-13 03:06:25 com_github_MitjaNemec_ReplicateLayout.replicate_layout 1337:Track group: , src group:
02-13 03:06:25 com_github_MitjaNemec_ReplicateLayout.replicate_layout 1337:Track group: , src group:
02-13 03:06:25 com_github_MitjaNemec_ReplicateLayout.replicate_layout 1337:Track group: , src group:
02-13 03:06:25 com_github_MitjaNemec_ReplicateLayout.replicate_layout 1337:Track group: , src group:
02-13 03:06:25 com_github_MitjaNemec_ReplicateLayout.replicate_layout 1337:Track group: , src group:
02-13 03:06:25 com_github_MitjaNemec_ReplicateLayout.replicate_layout 1337:Track group: , src group:
02-13 03:06:25 com_github_MitjaNemec_ReplicateLayout.replicate_layout 1337:Track group: , src group:
02-13 03:06:25 com_github_MitjaNemec_ReplicateLayout.replicate_layout 1337:Track group: , src group:
02-13 03:06:25 com_github_MitjaNemec_ReplicateLayout.replicate_layout 1337:Track group: , src group:
02-13 03:06:25 com_github_MitjaNemec_ReplicateLayout.replicate_layout 1337:Track group: , src group:
02-13 03:06:25 com_github_MitjaNemec_ReplicateLayout.replicate_layout 1337:Track group: , src group:
02-13 03:06:25 com_github_MitjaNemec_ReplicateLayout.replicate_layout 1337:Track group: , src group:
02-13 03:06:25 com_github_MitjaNemec_ReplicateLayout.replicate_layout 1337:Track group: , src group:
02-13 03:06:25 com_github_MitjaNemec_ReplicateLayout.replicate_layout 1337:Track group: , src group:
02-13 03:06:25 com_github_MitjaNemec_ReplicateLayout.replicate_layout 1337:Track group: , src group:
02-13 03:06:25 com_github_MitjaNemec_ReplicateLayout.replicate_layout 1337:Track group: , src group:
02-13 03:06:25 com_github_MitjaNemec_ReplicateLayout.replicate_layout 1337:Track group: , src group:
02-13 03:06:25 com_github_MitjaNemec_ReplicateLayout.replicate_layout 1337:Track group: , src group:
02-13 03:06:25 com_github_MitjaNemec_ReplicateLayout.replicate_layout 1337:Track group: , src group:
02-13 03:06:25 com_github_MitjaNemec_ReplicateLayout.replicate_layout 1337:Track group: , src group:
02-13 03:06:25 com_github_MitjaNemec_ReplicateLayout.replicate_layout 1337:Track group: , src group:
02-13 03:06:25 com_github_MitjaNemec_ReplicateLayout.replicate_layout 1337:Track group: , src group:
02-13 03:06:25 com_github_MitjaNemec_ReplicateLayout.replicate_layout 1337:Track group: , src group:
02-13 03:06:25 com_github_MitjaNemec_ReplicateLayout.replicate_layout 1337:Track group: , src group:
02-13 03:06:25 com_github_MitjaNemec_ReplicateLayout.replicate_layout 1337:Track group: , src group:
02-13 03:06:25 com_github_MitjaNemec_ReplicateLayout.replicate_layout 1337:Track group: , src group:
02-13 03:06:25 com_github_MitjaNemec_ReplicateLayout.replicate_layout 1337:Track group: , src group:
02-13 03:06:25 com_github_MitjaNemec_ReplicateLayout.replicate_layout 1337:Track group: , src group:
02-13 03:06:25 com_github_MitjaNemec_ReplicateLayout.replicate_layout 1337:Track group: , src group:
02-13 03:06:25 com_github_MitjaNemec_ReplicateLayout.replicate_layout 1337:Track group: , src group:
02-13 03:06:25 com_github_MitjaNemec_ReplicateLayout.replicate_layout 1337:Track group: , src group:
02-13 03:06:25 com_github_MitjaNemec_ReplicateLayout.replicate_layout 1337:Track group: , src group:
02-13 03:06:25 com_github_MitjaNemec_ReplicateLayout.replicate_layout 1337:Track group: , src group:
02-13 03:06:25 com_github_MitjaNemec_ReplicateLayout.replicate_layout 1337:Track group: , src group:
02-13 03:06:25 com_github_MitjaNemec_ReplicateLayout.replicate_layout 1337:Track group: , src group:
02-13 03:06:25 com_github_MitjaNemec_ReplicateLayout.replicate_layout 1337:Track group: , src group:
02-13 03:06:25 com_github_MitjaNemec_ReplicateLayout.replicate_layout 1337:Track group: , src group:
02-13 03:06:25 com_github_MitjaNemec_ReplicateLayout.replicate_layout 1337:Track group: , src group:
02-13 03:06:25 com_github_MitjaNemec_ReplicateLayout.replicate_layout 1337:Track group: , src group:
02-13 03:06:25 com_github_MitjaNemec_ReplicateLayout.replicate_layout 1337:Track group: , src group:
02-13 03:06:25 com_github_MitjaNemec_ReplicateLayout.replicate_layout 1337:Track group: , src group:
02-13 03:06:25 com_github_MitjaNemec_ReplicateLayout.replicate_layout 1337:Track group: , src group:
02-13 03:06:25 com_github_MitjaNemec_ReplicateLayout.replicate_layout 1337:Track group: , src group:
02-13 03:06:25 com_github_MitjaNemec_ReplicateLayout.replicate_layout 1337:Track group: , src group:
02-13 03:06:25 com_github_MitjaNemec_ReplicateLayout.replicate_layout 1337:Track group: , src group:
02-13 03:06:25 com_github_MitjaNemec_ReplicateLayout.replicate_layout 1337:Track group: , src group:
02-13 03:06:25 com_github_MitjaNemec_ReplicateLayout.replicate_layout 1337:Track group: , src group:
02-13 03:06:25 com_github_MitjaNemec_ReplicateLayout.replicate_layout 1337:Track group: , src group:
02-13 03:06:25 com_github_MitjaNemec_ReplicateLayout.replicate_layout 1337:Track group: , src group:
02-13 03:06:25 com_github_MitjaNemec_ReplicateLayout.replicate_layout 1337:Track group: , src group:
02-13 03:06:25 com_github_MitjaNemec_ReplicateLayout.replicate_layout 1337:Track group: , src group:
02-13 03:06:25 com_github_MitjaNemec_ReplicateLayout.replicate_layout 1337:Track group: , src group:
02-13 03:06:25 com_github_MitjaNemec_ReplicateLayout.replicate_layout 1337:Track group: , src group:
02-13 03:06:25 com_github_MitjaNemec_ReplicateLayout.replicate_layout 1337:Track group: , src group:
02-13 03:06:25 com_github_MitjaNemec_ReplicateLayout.replicate_layout 1337:Track group: , src group:
02-13 03:06:25 com_github_MitjaNemec_ReplicateLayout.replicate_layout 1337:Track group: , src group:
02-13 03:06:25 com_github_MitjaNemec_ReplicateLayout.replicate_layout 1337:Track group: , src group:
02-13 03:06:25 com_github_MitjaNemec_ReplicateLayout.replicate_layout 1337:Track group: , src group:
02-13 03:06:25 com_github_MitjaNemec_ReplicateLayout.replicate_layout 1337:Track group: , src group:
02-13 03:06:25 com_github_MitjaNemec_ReplicateLayout.replicate_layout 1337:Track group: , src group:
02-13 03:06:25 com_github_MitjaNemec_ReplicateLayout.replicate_layout 1337:Track group: , src group:
02-13 03:06:25 com_github_MitjaNemec_ReplicateLayout.replicate_layout 1337:Track group: , src group:
02-13 03:06:25 com_github_MitjaNemec_ReplicateLayout.replicate_layout 1337:Track group: , src group:
02-13 03:06:25 com_github_MitjaNemec_ReplicateLayout.replicate_layout 1337:Track group: , src group:
02-13 03:06:25 com_github_MitjaNemec_ReplicateLayout.replicate_layout 1337:Track group: , src group:
02-13 03:06:25 com_github_MitjaNemec_ReplicateLayout.replicate_layout 1337:Track group: , src group:
02-13 03:06:25 com_github_MitjaNemec_ReplicateLayout.replicate_layout 1337:Track group: , src group:
02-13 03:06:25 com_github_MitjaNemec_ReplicateLayout.replicate_layout 1337:Track group: , src group:
02-13 03:06:25 com_github_MitjaNemec_ReplicateLayout.replicate_layout 1337:Track group: , src group:
02-13 03:06:25 com_github_MitjaNemec_ReplicateLayout.replicate_layout 1337:Track group: , src group:
02-13 03:06:25 com_github_MitjaNemec_ReplicateLayout.replicate_layout 1337:Track group: , src group:
02-13 03:06:25 com_github_MitjaNemec_ReplicateLayout.replicate_layout 1337:Track group: , src group:
02-13 03:06:25 com_github_MitjaNemec_ReplicateLayout.replicate_layout 1337:Track group: , src group:
02-13 03:06:25 com_github_MitjaNemec_ReplicateLayout.replicate_layout 1337:Track group: , src group:
02-13 03:06:25 com_github_MitjaNemec_ReplicateLayout.replicate_layout 1337:Track group: , src group:
02-13 03:06:25 com_github_MitjaNemec_ReplicateLayout.replicate_layout 1337:Track group: , src group:
02-13 03:06:25 com_github_MitjaNemec_ReplicateLayout.replicate_layout 1337:Track group: , src group:
02-13 03:06:25 com_github_MitjaNemec_ReplicateLayout.replicate_layout 1337:Track group: , src group:
02-13 03:06:25 com_github_MitjaNemec_ReplicateLayout.replicate_layout 1337:Track group: , src group:
02-13 03:06:25 com_github_MitjaNemec_ReplicateLayout.replicate_layout 379:Getting source zones
02-13 03:06:25 root 337:updating GUI with: 50
02-13 03:06:25 com_github_MitjaNemec_ReplicateLayout.replicate_layout 383:Getting source text items
02-13 03:06:25 com_github_MitjaNemec_ReplicateLayout.replicate_layout 387:Getting source drawing items
02-13 03:06:25 root 332:updating GUI message: 'Replicating footprints'
02-13 03:06:25 root 337:updating GUI with: 0
02-13 03:06:25 com_github_MitjaNemec_ReplicateLayout.replicate_layout 861:Replicating footprints
02-13 03:06:25 root 337:updating GUI with: 0
02-13 03:06:25 com_github_MitjaNemec_ReplicateLayout.replicate_layout 868:Replicating footprints on sheet ['tprobe_mux2']
02-13 03:06:25 com_github_MitjaNemec_ReplicateLayout.replicate_layout 985:Src text UUid:4d0217db-4c06-4668-9b97-45aad268f835
02-13 03:06:25 com_github_MitjaNemec_ReplicateLayout.replicate_layout 986:Dst text UUid:ae07db6c-868f-4dee-b7ca-293d2c406d3e
02-13 03:06:25 com_github_MitjaNemec_ReplicateLayout.replicate_layout 985:Src text UUid:4204db23-41de-4ef1-bc2f-5d0bbad699ce
02-13 03:06:25 com_github_MitjaNemec_ReplicateLayout.replicate_layout 986:Dst text UUid:a89b5fd8-c5a4-449a-abcd-3ef011d38a8f
02-13 03:06:25 com_github_MitjaNemec_ReplicateLayout.replicate_layout 985:Src text UUid:a90acae4-68fa-4dc1-b509-e4e4092be741
02-13 03:06:25 com_github_MitjaNemec_ReplicateLayout.replicate_layout 986:Dst text UUid:d7683b40-0e56-40c2-9895-f3282c4a38d7
02-13 03:06:25 com_github_MitjaNemec_ReplicateLayout.replicate_layout 985:Src text UUid:405b92f8-f9b9-430a-883b-fac167b1abb9
02-13 03:06:25 com_github_MitjaNemec_ReplicateLayout.replicate_layout 986:Dst text UUid:f9da86de-57a8-468a-9331-2dae95a0651f
02-13 03:06:25 com_github_MitjaNemec_ReplicateLayout.replicate_layout 985:Src text UUid:7ca45b41-310f-45f4-9c68-99b15622c93b
02-13 03:06:25 com_github_MitjaNemec_ReplicateLayout.replicate_layout 986:Dst text UUid:b0ec3065-2cc4-4c34-8222-6292fd6b6fdc
02-13 03:06:25 com_github_MitjaNemec_ReplicateLayout.replicate_layout 985:Src text UUid:bbe86d06-438c-437f-934f-acf9a00b00ba
02-13 03:06:25 com_github_MitjaNemec_ReplicateLayout.replicate_layout 986:Dst text UUid:f61744bf-a4b5-4e93-b348-7f65f9728fe8
02-13 03:06:25 com_github_MitjaNemec_ReplicateLayout.replicate_layout 985:Src text UUid:f66e8b26-63e7-4990-82c4-071deefd357a
02-13 03:06:25 com_github_MitjaNemec_ReplicateLayout.replicate_layout 986:Dst text UUid:32b24b7c-33c9-4962-8228-3a11780b6bd1
02-13 03:06:25 com_github_MitjaNemec_ReplicateLayout.replicate_layout 985:Src text UUid:1d8b85a0-98e1-47aa-af5d-5fb6ce573a88
02-13 03:06:25 com_github_MitjaNemec_ReplicateLayout.replicate_layout 986:Dst text UUid:1a265cc2-7cc6-4568-9dcd-6dc68b800eda
02-13 03:06:25 com_github_MitjaNemec_ReplicateLayout.replicate_layout 985:Src text UUid:c009c850-2592-42c8-9dfb-944c1714cf18
02-13 03:06:25 com_github_MitjaNemec_ReplicateLayout.replicate_layout 986:Dst text UUid:1eaadcbd-b8ad-4415-9603-99ebae71b8b7
02-13 03:06:25 com_github_MitjaNemec_ReplicateLayout.replicate_layout 985:Src text UUid:d04df479-9334-42b0-8fc5-abf175f473d9
02-13 03:06:25 com_github_MitjaNemec_ReplicateLayout.replicate_layout 986:Dst text UUid:7391645c-de67-4e4e-aa30-090694ee35a0
02-13 03:06:25 com_github_MitjaNemec_ReplicateLayout.replicate_layout 985:Src text UUid:fea5a735-2b19-4829-8e7c-03c0646ee801
02-13 03:06:25 com_github_MitjaNemec_ReplicateLayout.replicate_layout 986:Dst text UUid:ebe8b55c-d64b-44d0-a421-1f52df61a362
02-13 03:06:25 com_github_MitjaNemec_ReplicateLayout.replicate_layout 985:Src text UUid:4c5c1839-eec6-4f93-aa79-a9396bae0c68
02-13 03:06:25 com_github_MitjaNemec_ReplicateLayout.replicate_layout 986:Dst text UUid:653ab58d-0224-4230-8c86-2d6d6f4555e0
02-13 03:06:25 com_github_MitjaNemec_ReplicateLayout.replicate_layout 985:Src text UUid:9cc568cf-d689-4bad-912c-94192a52192c
02-13 03:06:25 com_github_MitjaNemec_ReplicateLayout.replicate_layout 986:Dst text UUid:2123be48-6d19-4418-bc6f-599516b531ac
02-13 03:06:25 com_github_MitjaNemec_ReplicateLayout.replicate_layout 985:Src text UUid:d1111e45-d57f-42d9-8921-3ea3da02b970
02-13 03:06:25 com_github_MitjaNemec_ReplicateLayout.replicate_layout 986:Dst text UUid:90c5e8ca-7cac-4836-8920-16cf9dc8015f
02-13 03:06:25 com_github_MitjaNemec_ReplicateLayout.replicate_layout 985:Src text UUid:abc707ec-9dbd-4e46-bfa0-ef2db73aaec3
02-13 03:06:25 com_github_MitjaNemec_ReplicateLayout.replicate_layout 986:Dst text UUid:2a0b6e91-0b4a-4afe-a5d3-7edcad45f181
02-13 03:06:25 com_github_MitjaNemec_ReplicateLayout.replicate_layout 985:Src text UUid:02a951a6-1c54-4e49-9ccc-498931166ff2
02-13 03:06:25 com_github_MitjaNemec_ReplicateLayout.replicate_layout 986:Dst text UUid:48bad8b1-0c45-4817-a3b1-65a42cd89e5f
02-13 03:06:25 com_github_MitjaNemec_ReplicateLayout.replicate_layout 985:Src text UUid:4773c476-78c2-43a5-afff-02bc939ef764
02-13 03:06:25 com_github_MitjaNemec_ReplicateLayout.replicate_layout 986:Dst text UUid:b2af049b-c80e-459e-bd82-e5ab2f0cbc3a
02-13 03:06:25 com_github_MitjaNemec_ReplicateLayout.replicate_layout 985:Src text UUid:40d5fe2b-5c2a-41f7-a77f-4d2b957dbaa0
02-13 03:06:25 com_github_MitjaNemec_ReplicateLayout.replicate_layout 986:Dst text UUid:87dc9442-c99d-493f-b004-f5e6ed40dbe6
02-13 03:06:25 com_github_MitjaNemec_ReplicateLayout.replicate_layout 985:Src text UUid:994ea3c8-4d7b-41df-b2b0-d29c6779935a
02-13 03:06:25 com_github_MitjaNemec_ReplicateLayout.replicate_layout 986:Dst text UUid:47151587-8a8f-4dbc-9255-eed3ec33d766
02-13 03:06:25 com_github_MitjaNemec_ReplicateLayout.replicate_layout 985:Src text UUid:a4195ad3-096c-461a-a35c-bb7b37fb4e54
02-13 03:06:25 com_github_MitjaNemec_ReplicateLayout.replicate_layout 986:Dst text UUid:a958f06f-7fa9-40d0-baa0-208782427a59
02-13 03:06:25 com_github_MitjaNemec_ReplicateLayout.replicate_layout 985:Src text UUid:e185902e-ee6b-4f74-a5ee-d4123b6522c9
02-13 03:06:25 com_github_MitjaNemec_ReplicateLayout.replicate_layout 986:Dst text UUid:d3432ae7-d7a4-4328-ab71-7c813a7ce889
02-13 03:06:25 com_github_MitjaNemec_ReplicateLayout.replicate_layout 985:Src text UUid:3504b75c-2fea-4d7b-a351-f46fc0e67f45
02-13 03:06:25 com_github_MitjaNemec_ReplicateLayout.replicate_layout 986:Dst text UUid:bb7caea2-29c7-4b5d-b641-e5475cb44190
02-13 03:06:25 com_github_MitjaNemec_ReplicateLayout.replicate_layout 985:Src text UUid:5131686a-2290-425e-abd7-e739aa61aa16
02-13 03:06:25 com_github_MitjaNemec_ReplicateLayout.replicate_layout 986:Dst text UUid:f5f7c938-bd12-4d48-b39b-4d6bc970cb15
02-13 03:06:25 com_github_MitjaNemec_ReplicateLayout.replicate_layout 985:Src text UUid:b9b5662b-898e-476b-aede-d0de95f6d472
02-13 03:06:25 com_github_MitjaNemec_ReplicateLayout.replicate_layout 986:Dst text UUid:cd818641-e6b5-497b-86ea-36f5e38c8031
02-13 03:06:25 com_github_MitjaNemec_ReplicateLayout.replicate_layout 985:Src text UUid:1a63e265-35f5-45d5-9be5-9522a6d38d3f
02-13 03:06:25 com_github_MitjaNemec_ReplicateLayout.replicate_layout 986:Dst text UUid:3ea19b38-b9c2-4295-9027-7fb03800bc9c
02-13 03:06:25 com_github_MitjaNemec_ReplicateLayout.replicate_layout 985:Src text UUid:61520bde-dd22-48c1-b9c0-16e2d1d23e66
02-13 03:06:25 com_github_MitjaNemec_ReplicateLayout.replicate_layout 986:Dst text UUid:e0c5e30b-e0c7-4868-a960-594d0d4775db
02-13 03:06:25 com_github_MitjaNemec_ReplicateLayout.replicate_layout 985:Src text UUid:1af0c5b2-c01d-401b-9b68-af1570d16916
02-13 03:06:25 com_github_MitjaNemec_ReplicateLayout.replicate_layout 986:Dst text UUid:281388a4-18ae-486a-98d4-cce2da3ea02a
02-13 03:06:25 com_github_MitjaNemec_ReplicateLayout.replicate_layout 985:Src text UUid:8339cf59-67a6-4a8c-92d4-54958aad8690
02-13 03:06:25 com_github_MitjaNemec_ReplicateLayout.replicate_layout 986:Dst text UUid:66c1b857-936c-4270-a61f-558d04b1afa4
02-13 03:06:25 com_github_MitjaNemec_ReplicateLayout.replicate_layout 985:Src text UUid:da399f4e-dc92-4cea-99ed-9255f6a3def5
02-13 03:06:25 com_github_MitjaNemec_ReplicateLayout.replicate_layout 986:Dst text UUid:f899b213-365a-4ad4-bafc-9d0dcfa516de
02-13 03:06:25 com_github_MitjaNemec_ReplicateLayout.replicate_layout 985:Src text UUid:781fa7c0-8afe-450d-8723-537f49d4c23e
02-13 03:06:25 com_github_MitjaNemec_ReplicateLayout.replicate_layout 986:Dst text UUid:538bdd55-52f4-4bf7-9db6-1a21ab370fdb
02-13 03:06:25 com_github_MitjaNemec_ReplicateLayout.replicate_layout 985:Src text UUid:929178e0-ce57-4cef-ac3e-0505219c874c
02-13 03:06:25 com_github_MitjaNemec_ReplicateLayout.replicate_layout 986:Dst text UUid:a3ebb107-9752-4bd9-b642-e9562d9b8585
02-13 03:06:25 com_github_MitjaNemec_ReplicateLayout.replicate_layout 985:Src text UUid:de07dbf8-b503-440b-90c6-4a866e3319b5
02-13 03:06:25 com_github_MitjaNemec_ReplicateLayout.replicate_layout 986:Dst text UUid:1b6e7c26-b8de-4383-a368-64a03f7124d7
02-13 03:06:25 com_github_MitjaNemec_ReplicateLayout.replicate_layout 985:Src text UUid:3f0415eb-c11b-4c44-bc3c-30a06b4c35d9
02-13 03:06:25 com_github_MitjaNemec_ReplicateLayout.replicate_layout 986:Dst text UUid:aee7731c-57cb-4627-bf93-c9e16dceefe6
02-13 03:06:25 com_github_MitjaNemec_ReplicateLayout.replicate_layout 868:Replicating footprints on sheet ['tprobe_mux3']
02-13 03:06:25 com_github_MitjaNemec_ReplicateLayout.replicate_layout 985:Src text UUid:4d0217db-4c06-4668-9b97-45aad268f835
02-13 03:06:25 com_github_MitjaNemec_ReplicateLayout.replicate_layout 986:Dst text UUid:2628a124-4a5d-49bd-9443-60446825b176
02-13 03:06:25 com_github_MitjaNemec_ReplicateLayout.replicate_layout 985:Src text UUid:4204db23-41de-4ef1-bc2f-5d0bbad699ce
02-13 03:06:25 com_github_MitjaNemec_ReplicateLayout.replicate_layout 986:Dst text UUid:efd6c1fc-6d0f-47f8-8129-6a8ff3c6fa61
02-13 03:06:25 com_github_MitjaNemec_ReplicateLayout.replicate_layout 985:Src text UUid:a90acae4-68fa-4dc1-b509-e4e4092be741
02-13 03:06:25 com_github_MitjaNemec_ReplicateLayout.replicate_layout 986:Dst text UUid:8b919bf2-a3d6-4ea6-9fa0-ca65acf1e8db
02-13 03:06:25 com_github_MitjaNemec_ReplicateLayout.replicate_layout 985:Src text UUid:405b92f8-f9b9-430a-883b-fac167b1abb9
02-13 03:06:25 com_github_MitjaNemec_ReplicateLayout.replicate_layout 986:Dst text UUid:e7a27e12-2239-40cf-8ad4-101e99b81dfd
02-13 03:06:25 com_github_MitjaNemec_ReplicateLayout.replicate_layout 985:Src text UUid:7ca45b41-310f-45f4-9c68-99b15622c93b
02-13 03:06:25 com_github_MitjaNemec_ReplicateLayout.replicate_layout 986:Dst text UUid:455d8096-3e27-4b4a-8809-94d7c6c85203
02-13 03:06:25 com_github_MitjaNemec_ReplicateLayout.replicate_layout 985:Src text UUid:bbe86d06-438c-437f-934f-acf9a00b00ba
02-13 03:06:25 com_github_MitjaNemec_ReplicateLayout.replicate_layout 986:Dst text UUid:20666b3f-03d5-40de-880f-efd7e263d5bd
02-13 03:06:25 com_github_MitjaNemec_ReplicateLayout.replicate_layout 985:Src text UUid:f66e8b26-63e7-4990-82c4-071deefd357a
02-13 03:06:25 com_github_MitjaNemec_ReplicateLayout.replicate_layout 986:Dst text UUid:db03787f-8685-471c-8f1a-5207c110e7e0
02-13 03:06:25 com_github_MitjaNemec_ReplicateLayout.replicate_layout 985:Src text UUid:1d8b85a0-98e1-47aa-af5d-5fb6ce573a88
02-13 03:06:25 com_github_MitjaNemec_ReplicateLayout.replicate_layout 986:Dst text UUid:da692ae0-3b44-4cd8-a4bf-876260e547ab
02-13 03:06:25 com_github_MitjaNemec_ReplicateLayout.replicate_layout 985:Src text UUid:c009c850-2592-42c8-9dfb-944c1714cf18
02-13 03:06:25 com_github_MitjaNemec_ReplicateLayout.replicate_layout 986:Dst text UUid:99fd85ba-1bdb-4d5e-a687-df16763e31b0
02-13 03:06:25 com_github_MitjaNemec_ReplicateLayout.replicate_layout 985:Src text UUid:d04df479-9334-42b0-8fc5-abf175f473d9
02-13 03:06:25 com_github_MitjaNemec_ReplicateLayout.replicate_layout 986:Dst text UUid:41ea939e-423e-4c28-9d01-e0f3416a20a7
02-13 03:06:25 com_github_MitjaNemec_ReplicateLayout.replicate_layout 985:Src text UUid:fea5a735-2b19-4829-8e7c-03c0646ee801
02-13 03:06:25 com_github_MitjaNemec_ReplicateLayout.replicate_layout 986:Dst text UUid:601e4aa6-45d4-4ec2-82a0-aa10312cf598
02-13 03:06:25 com_github_MitjaNemec_ReplicateLayout.replicate_layout 985:Src text UUid:4c5c1839-eec6-4f93-aa79-a9396bae0c68
02-13 03:06:25 com_github_MitjaNemec_ReplicateLayout.replicate_layout 986:Dst text UUid:a0eb1bac-77f3-43e9-a8d8-a2194072deca
02-13 03:06:25 com_github_MitjaNemec_ReplicateLayout.replicate_layout 985:Src text UUid:9cc568cf-d689-4bad-912c-94192a52192c
02-13 03:06:25 com_github_MitjaNemec_ReplicateLayout.replicate_layout 986:Dst text UUid:725e7e47-d373-4a9c-aa18-818633e70115
02-13 03:06:25 com_github_MitjaNemec_ReplicateLayout.replicate_layout 985:Src text UUid:d1111e45-d57f-42d9-8921-3ea3da02b970
02-13 03:06:25 com_github_MitjaNemec_ReplicateLayout.replicate_layout 986:Dst text UUid:bd634ec6-eda9-488f-b592-e2b35574a8d3
02-13 03:06:25 com_github_MitjaNemec_ReplicateLayout.replicate_layout 985:Src text UUid:abc707ec-9dbd-4e46-bfa0-ef2db73aaec3
02-13 03:06:25 com_github_MitjaNemec_ReplicateLayout.replicate_layout 986:Dst text UUid:a6c42d87-0bd7-405c-b5ef-89b2f3995b0b
02-13 03:06:25 com_github_MitjaNemec_ReplicateLayout.replicate_layout 985:Src text UUid:02a951a6-1c54-4e49-9ccc-498931166ff2
02-13 03:06:25 com_github_MitjaNemec_ReplicateLayout.replicate_layout 986:Dst text UUid:3f392b6b-9326-47eb-a123-91945fa14c8f
02-13 03:06:25 com_github_MitjaNemec_ReplicateLayout.replicate_layout 985:Src text UUid:4773c476-78c2-43a5-afff-02bc939ef764
02-13 03:06:25 com_github_MitjaNemec_ReplicateLayout.replicate_layout 986:Dst text UUid:af743f99-df98-4b0c-b5dd-706bab0ddcf9
02-13 03:06:25 com_github_MitjaNemec_ReplicateLayout.replicate_layout 985:Src text UUid:40d5fe2b-5c2a-41f7-a77f-4d2b957dbaa0
02-13 03:06:25 com_github_MitjaNemec_ReplicateLayout.replicate_layout 986:Dst text UUid:ab237d2e-fa3c-4a13-81b6-9427d0dd15f5
02-13 03:06:25 com_github_MitjaNemec_ReplicateLayout.replicate_layout 985:Src text UUid:994ea3c8-4d7b-41df-b2b0-d29c6779935a
02-13 03:06:25 com_github_MitjaNemec_ReplicateLayout.replicate_layout 986:Dst text UUid:23d3c969-641d-4d30-87d6-5960a9315915
02-13 03:06:25 com_github_MitjaNemec_ReplicateLayout.replicate_layout 985:Src text UUid:a4195ad3-096c-461a-a35c-bb7b37fb4e54
02-13 03:06:25 com_github_MitjaNemec_ReplicateLayout.replicate_layout 986:Dst text UUid:589fbb77-cbe6-43c8-8c42-f7dbedfe3ee6
02-13 03:06:25 com_github_MitjaNemec_ReplicateLayout.replicate_layout 985:Src text UUid:e185902e-ee6b-4f74-a5ee-d4123b6522c9
02-13 03:06:25 com_github_MitjaNemec_ReplicateLayout.replicate_layout 986:Dst text UUid:8e8094ed-4449-4e11-b197-9377a937315d
02-13 03:06:25 com_github_MitjaNemec_ReplicateLayout.replicate_layout 985:Src text UUid:3504b75c-2fea-4d7b-a351-f46fc0e67f45
02-13 03:06:25 com_github_MitjaNemec_ReplicateLayout.replicate_layout 986:Dst text UUid:13b3e7a9-ddfa-404b-bc8c-61af7b7b913e
02-13 03:06:25 com_github_MitjaNemec_ReplicateLayout.replicate_layout 985:Src text UUid:5131686a-2290-425e-abd7-e739aa61aa16
02-13 03:06:25 com_github_MitjaNemec_ReplicateLayout.replicate_layout 986:Dst text UUid:7b138fe4-7a45-45d2-8caf-dd51429a3444
02-13 03:06:25 com_github_MitjaNemec_ReplicateLayout.replicate_layout 985:Src text UUid:b9b5662b-898e-476b-aede-d0de95f6d472
02-13 03:06:25 com_github_MitjaNemec_ReplicateLayout.replicate_layout 986:Dst text UUid:1100dedf-25b7-43b0-a2ef-05b41c6160e5
02-13 03:06:25 com_github_MitjaNemec_ReplicateLayout.replicate_layout 985:Src text UUid:1a63e265-35f5-45d5-9be5-9522a6d38d3f
02-13 03:06:25 com_github_MitjaNemec_ReplicateLayout.replicate_layout 986:Dst text UUid:fe13661e-0c5f-43cc-a8ac-1b180c04e44f
02-13 03:06:25 com_github_MitjaNemec_ReplicateLayout.replicate_layout 985:Src text UUid:61520bde-dd22-48c1-b9c0-16e2d1d23e66
02-13 03:06:25 com_github_MitjaNemec_ReplicateLayout.replicate_layout 986:Dst text UUid:92a73c41-24bc-4d4b-b5c8-71cce69e5edb
02-13 03:06:25 com_github_MitjaNemec_ReplicateLayout.replicate_layout 985:Src text UUid:1af0c5b2-c01d-401b-9b68-af1570d16916
02-13 03:06:25 com_github_MitjaNemec_ReplicateLayout.replicate_layout 986:Dst text UUid:ef25d058-5dda-4370-8934-f0afd3460d01
02-13 03:06:25 com_github_MitjaNemec_ReplicateLayout.replicate_layout 985:Src text UUid:8339cf59-67a6-4a8c-92d4-54958aad8690
02-13 03:06:25 com_github_MitjaNemec_ReplicateLayout.replicate_layout 986:Dst text UUid:b2401632-93ad-47a3-bc9e-36996a0ef9db
02-13 03:06:25 com_github_MitjaNemec_ReplicateLayout.replicate_layout 985:Src text UUid:da399f4e-dc92-4cea-99ed-9255f6a3def5
02-13 03:06:25 com_github_MitjaNemec_ReplicateLayout.replicate_layout 986:Dst text UUid:b9c73474-a018-439d-b5e7-70675b0b8224
02-13 03:06:25 com_github_MitjaNemec_ReplicateLayout.replicate_layout 985:Src text UUid:781fa7c0-8afe-450d-8723-537f49d4c23e
02-13 03:06:25 com_github_MitjaNemec_ReplicateLayout.replicate_layout 986:Dst text UUid:b0362121-8d2a-4596-ab30-dbc74e38b368
02-13 03:06:25 com_github_MitjaNemec_ReplicateLayout.replicate_layout 985:Src text UUid:929178e0-ce57-4cef-ac3e-0505219c874c
02-13 03:06:25 com_github_MitjaNemec_ReplicateLayout.replicate_layout 986:Dst text UUid:829b4c58-996c-4431-a0ce-3e8331c9a64c
02-13 03:06:25 com_github_MitjaNemec_ReplicateLayout.replicate_layout 985:Src text UUid:de07dbf8-b503-440b-90c6-4a866e3319b5
02-13 03:06:25 com_github_MitjaNemec_ReplicateLayout.replicate_layout 986:Dst text UUid:027f3fdf-f0cf-498f-9972-3f622fe7bc74
02-13 03:06:25 com_github_MitjaNemec_ReplicateLayout.replicate_layout 985:Src text UUid:3f0415eb-c11b-4c44-bc3c-30a06b4c35d9
02-13 03:06:25 com_github_MitjaNemec_ReplicateLayout.replicate_layout 986:Dst text UUid:2b84c5ff-1268-434b-9682-412aea98550e
02-13 03:06:25 com_github_MitjaNemec_ReplicateLayout.replicate_layout 868:Replicating footprints on sheet ['tprobe_mux4']
02-13 03:06:25 com_github_MitjaNemec_ReplicateLayout.replicate_layout 985:Src text UUid:4d0217db-4c06-4668-9b97-45aad268f835
02-13 03:06:25 com_github_MitjaNemec_ReplicateLayout.replicate_layout 986:Dst text UUid:da1cca3a-78ab-4913-a657-069d9b954760
02-13 03:06:25 com_github_MitjaNemec_ReplicateLayout.replicate_layout 985:Src text UUid:4204db23-41de-4ef1-bc2f-5d0bbad699ce
02-13 03:06:25 com_github_MitjaNemec_ReplicateLayout.replicate_layout 986:Dst text UUid:db24d30b-582b-4995-a630-ccb2a098754b
02-13 03:06:25 com_github_MitjaNemec_ReplicateLayout.replicate_layout 985:Src text UUid:a90acae4-68fa-4dc1-b509-e4e4092be741
02-13 03:06:25 com_github_MitjaNemec_ReplicateLayout.replicate_layout 986:Dst text UUid:464aabaf-30b9-4b09-9179-cee733670332
02-13 03:06:25 com_github_MitjaNemec_ReplicateLayout.replicate_layout 985:Src text UUid:405b92f8-f9b9-430a-883b-fac167b1abb9
02-13 03:06:25 com_github_MitjaNemec_ReplicateLayout.replicate_layout 986:Dst text UUid:ebcec549-fdbc-4cbb-9192-0cd5574f616d
02-13 03:06:25 com_github_MitjaNemec_ReplicateLayout.replicate_layout 985:Src text UUid:7ca45b41-310f-45f4-9c68-99b15622c93b
02-13 03:06:25 com_github_MitjaNemec_ReplicateLayout.replicate_layout 986:Dst text UUid:d0be3b7b-8df1-4b3d-aab0-f785009a98b6
02-13 03:06:25 com_github_MitjaNemec_ReplicateLayout.replicate_layout 985:Src text UUid:bbe86d06-438c-437f-934f-acf9a00b00ba
02-13 03:06:25 com_github_MitjaNemec_ReplicateLayout.replicate_layout 986:Dst text UUid:9c04497c-380a-4d27-95c7-ca5bb667ed76
02-13 03:06:25 com_github_MitjaNemec_ReplicateLayout.replicate_layout 985:Src text UUid:f66e8b26-63e7-4990-82c4-071deefd357a
02-13 03:06:25 com_github_MitjaNemec_ReplicateLayout.replicate_layout 986:Dst text UUid:921177cd-7de7-484d-9dc9-8bbbd58ca181
02-13 03:06:25 com_github_MitjaNemec_ReplicateLayout.replicate_layout 985:Src text UUid:1d8b85a0-98e1-47aa-af5d-5fb6ce573a88
02-13 03:06:25 com_github_MitjaNemec_ReplicateLayout.replicate_layout 986:Dst text UUid:9929c4a8-aa50-4635-9b23-7c47d2569562
02-13 03:06:25 com_github_MitjaNemec_ReplicateLayout.replicate_layout 985:Src text UUid:c009c850-2592-42c8-9dfb-944c1714cf18
02-13 03:06:25 com_github_MitjaNemec_ReplicateLayout.replicate_layout 986:Dst text UUid:ffcb5cee-2c46-4010-9d03-684fbcfcffa5
02-13 03:06:25 com_github_MitjaNemec_ReplicateLayout.replicate_layout 985:Src text UUid:d04df479-9334-42b0-8fc5-abf175f473d9
02-13 03:06:25 com_github_MitjaNemec_ReplicateLayout.replicate_layout 986:Dst text UUid:b37393fc-c234-4335-8421-281370bc4f5b
02-13 03:06:25 com_github_MitjaNemec_ReplicateLayout.replicate_layout 985:Src text UUid:fea5a735-2b19-4829-8e7c-03c0646ee801
02-13 03:06:25 com_github_MitjaNemec_ReplicateLayout.replicate_layout 986:Dst text UUid:1e492f8a-87f2-48eb-a572-a16666396ebf
02-13 03:06:25 com_github_MitjaNemec_ReplicateLayout.replicate_layout 985:Src text UUid:4c5c1839-eec6-4f93-aa79-a9396bae0c68
02-13 03:06:25 com_github_MitjaNemec_ReplicateLayout.replicate_layout 986:Dst text UUid:23898369-0d51-43a3-8d83-52f48f2b86d8
02-13 03:06:25 com_github_MitjaNemec_ReplicateLayout.replicate_layout 985:Src text UUid:9cc568cf-d689-4bad-912c-94192a52192c
02-13 03:06:25 com_github_MitjaNemec_ReplicateLayout.replicate_layout 986:Dst text UUid:d4c8a537-47ec-4763-8699-b31cdefaaa80
02-13 03:06:25 com_github_MitjaNemec_ReplicateLayout.replicate_layout 985:Src text UUid:d1111e45-d57f-42d9-8921-3ea3da02b970
02-13 03:06:25 com_github_MitjaNemec_ReplicateLayout.replicate_layout 986:Dst text UUid:2b954a72-42c3-486c-9b02-fc2445395bc0
02-13 03:06:25 com_github_MitjaNemec_ReplicateLayout.replicate_layout 985:Src text UUid:abc707ec-9dbd-4e46-bfa0-ef2db73aaec3
02-13 03:06:25 com_github_MitjaNemec_ReplicateLayout.replicate_layout 986:Dst text UUid:f1e20ec5-b8de-43e8-873b-f41add7cdcc8
02-13 03:06:25 com_github_MitjaNemec_ReplicateLayout.replicate_layout 985:Src text UUid:02a951a6-1c54-4e49-9ccc-498931166ff2
02-13 03:06:25 com_github_MitjaNemec_ReplicateLayout.replicate_layout 986:Dst text UUid:143fec55-e6f6-4981-a49f-8afcdb121f29
02-13 03:06:25 com_github_MitjaNemec_ReplicateLayout.replicate_layout 985:Src text UUid:4773c476-78c2-43a5-afff-02bc939ef764
02-13 03:06:25 com_github_MitjaNemec_ReplicateLayout.replicate_layout 986:Dst text UUid:f910b036-c3f0-491a-863b-0d04554bcd13
02-13 03:06:25 com_github_MitjaNemec_ReplicateLayout.replicate_layout 985:Src text UUid:40d5fe2b-5c2a-41f7-a77f-4d2b957dbaa0
02-13 03:06:25 com_github_MitjaNemec_ReplicateLayout.replicate_layout 986:Dst text UUid:a146c419-3c62-445a-9f57-0f22c27fddc0
02-13 03:06:25 root 337:updating GUI with: 87
02-13 03:06:25 com_github_MitjaNemec_ReplicateLayout.replicate_layout 985:Src text UUid:994ea3c8-4d7b-41df-b2b0-d29c6779935a
02-13 03:06:25 com_github_MitjaNemec_ReplicateLayout.replicate_layout 986:Dst text UUid:7c62fb04-ee58-4410-ba80-512ab55c689a
02-13 03:06:25 com_github_MitjaNemec_ReplicateLayout.replicate_layout 985:Src text UUid:a4195ad3-096c-461a-a35c-bb7b37fb4e54
02-13 03:06:25 com_github_MitjaNemec_ReplicateLayout.replicate_layout 986:Dst text UUid:84022a0a-5ac5-41d2-84b9-4963d22f810a
02-13 03:06:25 com_github_MitjaNemec_ReplicateLayout.replicate_layout 985:Src text UUid:e185902e-ee6b-4f74-a5ee-d4123b6522c9
02-13 03:06:25 com_github_MitjaNemec_ReplicateLayout.replicate_layout 986:Dst text UUid:a17ed964-ab28-42a3-9929-7436df1fd572
02-13 03:06:25 com_github_MitjaNemec_ReplicateLayout.replicate_layout 985:Src text UUid:3504b75c-2fea-4d7b-a351-f46fc0e67f45
02-13 03:06:25 com_github_MitjaNemec_ReplicateLayout.replicate_layout 986:Dst text UUid:d9721b58-7280-4cbc-a491-4773304ced60
02-13 03:06:25 com_github_MitjaNemec_ReplicateLayout.replicate_layout 985:Src text UUid:5131686a-2290-425e-abd7-e739aa61aa16
02-13 03:06:25 com_github_MitjaNemec_ReplicateLayout.replicate_layout 986:Dst text UUid:98b9e6cf-4048-45a6-accd-17a33c153f68
02-13 03:06:25 com_github_MitjaNemec_ReplicateLayout.replicate_layout 985:Src text UUid:b9b5662b-898e-476b-aede-d0de95f6d472
02-13 03:06:25 com_github_MitjaNemec_ReplicateLayout.replicate_layout 986:Dst text UUid:3a344dbf-692b-456a-b771-5a32188d3518
02-13 03:06:25 com_github_MitjaNemec_ReplicateLayout.replicate_layout 985:Src text UUid:1a63e265-35f5-45d5-9be5-9522a6d38d3f
02-13 03:06:25 com_github_MitjaNemec_ReplicateLayout.replicate_layout 986:Dst text UUid:935cf1ae-bf27-4e9f-8ad2-6cf4901f76b5
02-13 03:06:25 com_github_MitjaNemec_ReplicateLayout.replicate_layout 985:Src text UUid:61520bde-dd22-48c1-b9c0-16e2d1d23e66
02-13 03:06:25 com_github_MitjaNemec_ReplicateLayout.replicate_layout 986:Dst text UUid:036dea6d-d46d-4a75-ac39-29965db9d4a2
02-13 03:06:25 com_github_MitjaNemec_ReplicateLayout.replicate_layout 985:Src text UUid:1af0c5b2-c01d-401b-9b68-af1570d16916
02-13 03:06:25 com_github_MitjaNemec_ReplicateLayout.replicate_layout 986:Dst text UUid:157fd3f5-3796-45d8-8587-495a2573afc4
02-13 03:06:25 com_github_MitjaNemec_ReplicateLayout.replicate_layout 985:Src text UUid:8339cf59-67a6-4a8c-92d4-54958aad8690
02-13 03:06:25 com_github_MitjaNemec_ReplicateLayout.replicate_layout 986:Dst text UUid:ad22c375-85eb-4434-9146-a88209610945
02-13 03:06:25 com_github_MitjaNemec_ReplicateLayout.replicate_layout 985:Src text UUid:da399f4e-dc92-4cea-99ed-9255f6a3def5
02-13 03:06:25 com_github_MitjaNemec_ReplicateLayout.replicate_layout 986:Dst text UUid:2507e1f6-41fc-445b-86df-984e459228a3
02-13 03:06:25 com_github_MitjaNemec_ReplicateLayout.replicate_layout 985:Src text UUid:781fa7c0-8afe-450d-8723-537f49d4c23e
02-13 03:06:25 com_github_MitjaNemec_ReplicateLayout.replicate_layout 986:Dst text UUid:e2b7e1a0-e2f0-4de1-b4f4-f31f4fc92827
02-13 03:06:25 com_github_MitjaNemec_ReplicateLayout.replicate_layout 985:Src text UUid:929178e0-ce57-4cef-ac3e-0505219c874c
02-13 03:06:25 com_github_MitjaNemec_ReplicateLayout.replicate_layout 986:Dst text UUid:33d6d837-3438-4365-b246-43fc174d8723
02-13 03:06:25 com_github_MitjaNemec_ReplicateLayout.replicate_layout 985:Src text UUid:de07dbf8-b503-440b-90c6-4a866e3319b5
02-13 03:06:25 com_github_MitjaNemec_ReplicateLayout.replicate_layout 986:Dst text UUid:585892ba-f1e4-460f-9a21-c6df1bef22b7
02-13 03:06:25 com_github_MitjaNemec_ReplicateLayout.replicate_layout 985:Src text UUid:3f0415eb-c11b-4c44-bc3c-30a06b4c35d9
02-13 03:06:25 com_github_MitjaNemec_ReplicateLayout.replicate_layout 986:Dst text UUid:d507c657-7dbb-428c-8d68-77767741a810
02-13 03:06:25 root 332:updating GUI message: 'Replicating tracks'
02-13 03:06:25 com_github_MitjaNemec_ReplicateLayout.replicate_layout 1009:Replicating tracks
02-13 03:06:25 com_github_MitjaNemec_ReplicateLayout.replicate_layout 1015:Replicating tracks on sheet ['tprobe_mux2']
02-13 03:06:25 com_github_MitjaNemec_ReplicateLayout.replicate_layout 776:Significant difference between src net: ['', 'T12'] and dst net: ['', 'T8'], with src_net_depth=2, dst_net_depth=2, src_fp_depth=1, dst_fp_depth=1, match level 0.70
02-13 03:06:25 com_github_MitjaNemec_ReplicateLayout.replicate_layout 776:Significant difference between src net: ['', 'T30'] and dst net: ['', 'T26'], with src_net_depth=2, dst_net_depth=2, src_fp_depth=1, dst_fp_depth=1, match level 0.67
02-13 03:06:25 com_github_MitjaNemec_ReplicateLayout.replicate_layout 776:Significant difference between src net: ['', 'T31'] and dst net: ['', 'T27'], with src_net_depth=2, dst_net_depth=2, src_fp_depth=1, dst_fp_depth=1, match level 0.67
02-13 03:06:25 com_github_MitjaNemec_ReplicateLayout.replicate_layout 776:Significant difference between src net: ['', 'T13'] and dst net: ['', 'T9'], with src_net_depth=2, dst_net_depth=2, src_fp_depth=1, dst_fp_depth=1, match level 0.70
02-13 03:06:25 com_github_MitjaNemec_ReplicateLayout.replicate_layout 776:Significant difference between src net: ['', 'T13'] and dst net: ['', 'T9'], with src_net_depth=2, dst_net_depth=2, src_fp_depth=1, dst_fp_depth=1, match level 0.70
02-13 03:06:25 com_github_MitjaNemec_ReplicateLayout.replicate_layout 776:Significant difference between src net: ['', 'T12'] and dst net: ['', 'T8'], with src_net_depth=2, dst_net_depth=2, src_fp_depth=1, dst_fp_depth=1, match level 0.70
02-13 03:06:25 com_github_MitjaNemec_ReplicateLayout.replicate_layout 776:Significant difference between src net: ['', 'T30'] and dst net: ['', 'T26'], with src_net_depth=2, dst_net_depth=2, src_fp_depth=1, dst_fp_depth=1, match level 0.67
02-13 03:06:25 com_github_MitjaNemec_ReplicateLayout.replicate_layout 776:Significant difference between src net: ['', 'T31'] and dst net: ['', 'T27'], with src_net_depth=2, dst_net_depth=2, src_fp_depth=1, dst_fp_depth=1, match level 0.67
02-13 03:06:25 com_github_MitjaNemec_ReplicateLayout.replicate_layout 792:Net pairs for sheet ['tprobe_mux2'] :[('/T31', '/T27'), ('VREG', 'VREG'), ('/GPIO5', '/GPIO5'), ('/T30', '/T26'), ('/T12', '/T8'), ('/T15', '/T11'), ('/tprobe_mux1/OUT', '/tprobe_mux2/OUT'), ('/T29', '/T25'), ('/GPIO4', '/GPIO4'), ('Earth', 'Earth'), ('/GPIO3', '/GPIO3'), ('/T28', '/T24'), ('/T13', '/T9'), ('/VREF2', '/VREF2'), ('/T14', '/T10')]
02-13 03:06:25 root 337:updating GUI with: 2
02-13 03:06:25 root 337:updating GUI with: 4
02-13 03:06:25 root 337:updating GUI with: 4
02-13 03:06:25 root 337:updating GUI with: 8
02-13 03:06:25 root 337:updating GUI with: 11
02-13 03:06:25 root 337:updating GUI with: 14
02-13 03:06:25 root 337:updating GUI with: 16
02-13 03:06:25 root 337:updating GUI with: 18
02-13 03:06:25 root 337:updating GUI with: 21
02-13 03:06:25 root 337:updating GUI with: 21
02-13 03:06:25 root 337:updating GUI with: 22
02-13 03:06:25 root 337:updating GUI with: 22
02-13 03:06:25 root 337:updating GUI with: 24
02-13 03:06:25 root 337:updating GUI with: 25
02-13 03:06:25 root 337:updating GUI with: 27
02-13 03:06:25 root 337:updating GUI with: 30
02-13 03:06:25 root 337:updating GUI with: 33
02-13 03:06:25 com_github_MitjaNemec_ReplicateLayout.replicate_layout 1015:Replicating tracks on sheet ['tprobe_mux3']
02-13 03:06:25 com_github_MitjaNemec_ReplicateLayout.replicate_layout 776:Significant difference between src net: ['', 'T12'] and dst net: ['', 'T4'], with src_net_depth=2, dst_net_depth=2, src_fp_depth=1, dst_fp_depth=1, match level 0.70
02-13 03:06:25 com_github_MitjaNemec_ReplicateLayout.replicate_layout 776:Significant difference between src net: ['', 'T30'] and dst net: ['', 'T22'], with src_net_depth=2, dst_net_depth=2, src_fp_depth=1, dst_fp_depth=1, match level 0.67
02-13 03:06:25 com_github_MitjaNemec_ReplicateLayout.replicate_layout 776:Significant difference between src net: ['', 'T14'] and dst net: ['', 'T6'], with src_net_depth=2, dst_net_depth=2, src_fp_depth=1, dst_fp_depth=1, match level 0.70
02-13 03:06:25 com_github_MitjaNemec_ReplicateLayout.replicate_layout 776:Significant difference between src net: ['', 'T15'] and dst net: ['', 'T7'], with src_net_depth=2, dst_net_depth=2, src_fp_depth=1, dst_fp_depth=1, match level 0.70
02-13 03:06:25 com_github_MitjaNemec_ReplicateLayout.replicate_layout 776:Significant difference between src net: ['', 'T13'] and dst net: ['', 'T5'], with src_net_depth=2, dst_net_depth=2, src_fp_depth=1, dst_fp_depth=1, match level 0.70
02-13 03:06:25 com_github_MitjaNemec_ReplicateLayout.replicate_layout 776:Significant difference between src net: ['', 'T13'] and dst net: ['', 'T5'], with src_net_depth=2, dst_net_depth=2, src_fp_depth=1, dst_fp_depth=1, match level 0.70
02-13 03:06:25 com_github_MitjaNemec_ReplicateLayout.replicate_layout 776:Significant difference between src net: ['', 'T12'] and dst net: ['', 'T4'], with src_net_depth=2, dst_net_depth=2, src_fp_depth=1, dst_fp_depth=1, match level 0.70
02-13 03:06:25 com_github_MitjaNemec_ReplicateLayout.replicate_layout 776:Significant difference between src net: ['', 'T30'] and dst net: ['', 'T22'], with src_net_depth=2, dst_net_depth=2, src_fp_depth=1, dst_fp_depth=1, match level 0.67
02-13 03:06:25 com_github_MitjaNemec_ReplicateLayout.replicate_layout 776:Significant difference between src net: ['', 'T15'] and dst net: ['', 'T7'], with src_net_depth=2, dst_net_depth=2, src_fp_depth=1, dst_fp_depth=1, match level 0.70
02-13 03:06:25 com_github_MitjaNemec_ReplicateLayout.replicate_layout 776:Significant difference between src net: ['', 'T14'] and dst net: ['', 'T6'], with src_net_depth=2, dst_net_depth=2, src_fp_depth=1, dst_fp_depth=1, match level 0.70
02-13 03:06:25 com_github_MitjaNemec_ReplicateLayout.replicate_layout 792:Net pairs for sheet ['tprobe_mux3'] :[('/T29', '/T21'), ('/T14', '/T6'), ('VREG', 'VREG'), ('/T28', '/T20'), ('/tprobe_mux1/OUT', '/tprobe_mux3/OUT'), ('/GPIO5', '/GPIO5'), ('/GPIO4', '/GPIO4'), ('Earth', 'Earth'), ('/GPIO3', '/GPIO3'), ('/T31', '/T23'), ('/T12', '/T4'), ('/T13', '/T5'), ('/VREF2', '/VREF2'), ('/T15', '/T7'), ('/T30', '/T22')]
02-13 03:06:25 root 337:updating GUI with: 35
02-13 03:06:25 root 337:updating GUI with: 37
02-13 03:06:25 root 337:updating GUI with: 40
02-13 03:06:25 root 337:updating GUI with: 42
02-13 03:06:25 root 337:updating GUI with: 46
02-13 03:06:25 root 337:updating GUI with: 49
02-13 03:06:25 root 337:updating GUI with: 53
02-13 03:06:25 root 337:updating GUI with: 56
02-13 03:06:26 root 337:updating GUI with: 59
02-13 03:06:26 root 337:updating GUI with: 63
02-13 03:06:26 com_github_MitjaNemec_ReplicateLayout.replicate_layout 1015:Replicating tracks on sheet ['tprobe_mux4']
02-13 03:06:26 com_github_MitjaNemec_ReplicateLayout.replicate_layout 776:Significant difference between src net: ['', 'T12'] and dst net: ['', 'T0'], with src_net_depth=2, dst_net_depth=2, src_fp_depth=1, dst_fp_depth=1, match level 0.70
02-13 03:06:26 com_github_MitjaNemec_ReplicateLayout.replicate_layout 776:Significant difference between src net: ['', 'T30'] and dst net: ['', 'T18'], with src_net_depth=2, dst_net_depth=2, src_fp_depth=1, dst_fp_depth=1, match level 0.67
02-13 03:06:26 com_github_MitjaNemec_ReplicateLayout.replicate_layout 776:Significant difference between src net: ['', 'T14'] and dst net: ['', 'T2'], with src_net_depth=2, dst_net_depth=2, src_fp_depth=1, dst_fp_depth=1, match level 0.70
02-13 03:06:26 com_github_MitjaNemec_ReplicateLayout.replicate_layout 776:Significant difference between src net: ['', 'T15'] and dst net: ['', 'T3'], with src_net_depth=2, dst_net_depth=2, src_fp_depth=1, dst_fp_depth=1, match level 0.70
02-13 03:06:26 com_github_MitjaNemec_ReplicateLayout.replicate_layout 776:Significant difference between src net: ['', 'T28'] and dst net: ['', 'T16'], with src_net_depth=2, dst_net_depth=2, src_fp_depth=1, dst_fp_depth=1, match level 0.67
02-13 03:06:26 com_github_MitjaNemec_ReplicateLayout.replicate_layout 776:Significant difference between src net: ['', 'T29'] and dst net: ['', 'T17'], with src_net_depth=2, dst_net_depth=2, src_fp_depth=1, dst_fp_depth=1, match level 0.67
02-13 03:06:26 com_github_MitjaNemec_ReplicateLayout.replicate_layout 776:Significant difference between src net: ['', 'T28'] and dst net: ['', 'T16'], with src_net_depth=2, dst_net_depth=2, src_fp_depth=1, dst_fp_depth=1, match level 0.67
02-13 03:06:26 com_github_MitjaNemec_ReplicateLayout.replicate_layout 776:Significant difference between src net: ['', 'T29'] and dst net: ['', 'T17'], with src_net_depth=2, dst_net_depth=2, src_fp_depth=1, dst_fp_depth=1, match level 0.67
02-13 03:06:26 com_github_MitjaNemec_ReplicateLayout.replicate_layout 776:Significant difference between src net: ['', 'T12'] and dst net: ['', 'T0'], with src_net_depth=2, dst_net_depth=2, src_fp_depth=1, dst_fp_depth=1, match level 0.70
02-13 03:06:26 com_github_MitjaNemec_ReplicateLayout.replicate_layout 776:Significant difference between src net: ['', 'T30'] and dst net: ['', 'T18'], with src_net_depth=2, dst_net_depth=2, src_fp_depth=1, dst_fp_depth=1, match level 0.67
02-13 03:06:26 com_github_MitjaNemec_ReplicateLayout.replicate_layout 776:Significant difference between src net: ['', 'T15'] and dst net: ['', 'T3'], with src_net_depth=2, dst_net_depth=2, src_fp_depth=1, dst_fp_depth=1, match level 0.70
02-13 03:06:26 com_github_MitjaNemec_ReplicateLayout.replicate_layout 776:Significant difference between src net: ['', 'T14'] and dst net: ['', 'T2'], with src_net_depth=2, dst_net_depth=2, src_fp_depth=1, dst_fp_depth=1, match level 0.70
02-13 03:06:26 com_github_MitjaNemec_ReplicateLayout.replicate_layout 792:Net pairs for sheet ['tprobe_mux4'] :[('/T12', '/T0'), ('VREG', 'VREG'), ('/tprobe_mux1/OUT', '/tprobe_mux4/OUT'), ('/GPIO5', '/GPIO5'), ('/T29', '/T17'), ('/T31', '/T19'), ('/T15', '/T3'), ('/T13', '/T1'), ('/GPIO4', '/GPIO4'), ('Earth', 'Earth'), ('/GPIO3', '/GPIO3'), ('/VREF2', '/VREF2'), ('/T30', '/T18'), ('/T28', '/T16'), ('/T14', '/T2')]
02-13 03:06:26 root 337:updating GUI with: 67
02-13 03:06:26 root 337:updating GUI with: 70
02-13 03:06:26 root 337:updating GUI with: 73
02-13 03:06:26 root 337:updating GUI with: 75
02-13 03:06:26 root 337:updating GUI with: 77
02-13 03:06:26 root 337:updating GUI with: 78
02-13 03:06:26 root 337:updating GUI with: 78
02-13 03:06:26 root 337:updating GUI with: 78
02-13 03:06:26 root 337:updating GUI with: 79
02-13 03:06:26 root 337:updating GUI with: 80
02-13 03:06:26 root 337:updating GUI with: 82
02-13 03:06:26 root 337:updating GUI with: 85
02-13 03:06:26 root 337:updating GUI with: 87
02-13 03:06:26 root 337:updating GUI with: 90
02-13 03:06:26 root 337:updating GUI with: 92
02-13 03:06:26 root 337:updating GUI with: 95
02-13 03:06:26 root 337:updating GUI with: 99
02-13 03:06:26 root 332:updating GUI message: 'Replicating zones'
02-13 03:06:26 com_github_MitjaNemec_ReplicateLayout.replicate_layout 1079:Replicating zones
02-13 03:06:26 root 337:updating GUI with: 0
02-13 03:06:26 com_github_MitjaNemec_ReplicateLayout.replicate_layout 1086:Replicating zones on sheet ['tprobe_mux2']
02-13 03:06:26 com_github_MitjaNemec_ReplicateLayout.replicate_layout 776:Significant difference between src net: ['', 'T12'] and dst net: ['', 'T8'], with src_net_depth=2, dst_net_depth=2, src_fp_depth=1, dst_fp_depth=1, match level 0.70
02-13 03:06:26 com_github_MitjaNemec_ReplicateLayout.replicate_layout 776:Significant difference between src net: ['', 'T30'] and dst net: ['', 'T26'], with src_net_depth=2, dst_net_depth=2, src_fp_depth=1, dst_fp_depth=1, match level 0.67
02-13 03:06:26 com_github_MitjaNemec_ReplicateLayout.replicate_layout 776:Significant difference between src net: ['', 'T31'] and dst net: ['', 'T27'], with src_net_depth=2, dst_net_depth=2, src_fp_depth=1, dst_fp_depth=1, match level 0.67
02-13 03:06:26 com_github_MitjaNemec_ReplicateLayout.replicate_layout 776:Significant difference between src net: ['', 'T13'] and dst net: ['', 'T9'], with src_net_depth=2, dst_net_depth=2, src_fp_depth=1, dst_fp_depth=1, match level 0.70
02-13 03:06:26 com_github_MitjaNemec_ReplicateLayout.replicate_layout 776:Significant difference between src net: ['', 'T13'] and dst net: ['', 'T9'], with src_net_depth=2, dst_net_depth=2, src_fp_depth=1, dst_fp_depth=1, match level 0.70
02-13 03:06:26 com_github_MitjaNemec_ReplicateLayout.replicate_layout 776:Significant difference between src net: ['', 'T12'] and dst net: ['', 'T8'], with src_net_depth=2, dst_net_depth=2, src_fp_depth=1, dst_fp_depth=1, match level 0.70
02-13 03:06:26 com_github_MitjaNemec_ReplicateLayout.replicate_layout 776:Significant difference between src net: ['', 'T30'] and dst net: ['', 'T26'], with src_net_depth=2, dst_net_depth=2, src_fp_depth=1, dst_fp_depth=1, match level 0.67
02-13 03:06:26 com_github_MitjaNemec_ReplicateLayout.replicate_layout 776:Significant difference between src net: ['', 'T31'] and dst net: ['', 'T27'], with src_net_depth=2, dst_net_depth=2, src_fp_depth=1, dst_fp_depth=1, match level 0.67
02-13 03:06:26 com_github_MitjaNemec_ReplicateLayout.replicate_layout 792:Net pairs for sheet ['tprobe_mux2'] :[('/T31', '/T27'), ('VREG', 'VREG'), ('/GPIO5', '/GPIO5'), ('/T30', '/T26'), ('/T12', '/T8'), ('/T15', '/T11'), ('/tprobe_mux1/OUT', '/tprobe_mux2/OUT'), ('/T29', '/T25'), ('/GPIO4', '/GPIO4'), ('Earth', 'Earth'), ('/GPIO3', '/GPIO3'), ('/T28', '/T24'), ('/T13', '/T9'), ('/VREF2', '/VREF2'), ('/T14', '/T10')]
02-13 03:06:26 com_github_MitjaNemec_ReplicateLayout.replicate_layout 1086:Replicating zones on sheet ['tprobe_mux3']
02-13 03:06:26 com_github_MitjaNemec_ReplicateLayout.replicate_layout 776:Significant difference between src net: ['', 'T12'] and dst net: ['', 'T4'], with src_net_depth=2, dst_net_depth=2, src_fp_depth=1, dst_fp_depth=1, match level 0.70
02-13 03:06:26 com_github_MitjaNemec_ReplicateLayout.replicate_layout 776:Significant difference between src net: ['', 'T30'] and dst net: ['', 'T22'], with src_net_depth=2, dst_net_depth=2, src_fp_depth=1, dst_fp_depth=1, match level 0.67
02-13 03:06:26 com_github_MitjaNemec_ReplicateLayout.replicate_layout 776:Significant difference between src net: ['', 'T14'] and dst net: ['', 'T6'], with src_net_depth=2, dst_net_depth=2, src_fp_depth=1, dst_fp_depth=1, match level 0.70
02-13 03:06:26 com_github_MitjaNemec_ReplicateLayout.replicate_layout 776:Significant difference between src net: ['', 'T15'] and dst net: ['', 'T7'], with src_net_depth=2, dst_net_depth=2, src_fp_depth=1, dst_fp_depth=1, match level 0.70
02-13 03:06:26 com_github_MitjaNemec_ReplicateLayout.replicate_layout 776:Significant difference between src net: ['', 'T13'] and dst net: ['', 'T5'], with src_net_depth=2, dst_net_depth=2, src_fp_depth=1, dst_fp_depth=1, match level 0.70
02-13 03:06:26 com_github_MitjaNemec_ReplicateLayout.replicate_layout 776:Significant difference between src net: ['', 'T13'] and dst net: ['', 'T5'], with src_net_depth=2, dst_net_depth=2, src_fp_depth=1, dst_fp_depth=1, match level 0.70
02-13 03:06:26 com_github_MitjaNemec_ReplicateLayout.replicate_layout 776:Significant difference between src net: ['', 'T12'] and dst net: ['', 'T4'], with src_net_depth=2, dst_net_depth=2, src_fp_depth=1, dst_fp_depth=1, match level 0.70
02-13 03:06:26 com_github_MitjaNemec_ReplicateLayout.replicate_layout 776:Significant difference between src net: ['', 'T30'] and dst net: ['', 'T22'], with src_net_depth=2, dst_net_depth=2, src_fp_depth=1, dst_fp_depth=1, match level 0.67
02-13 03:06:26 com_github_MitjaNemec_ReplicateLayout.replicate_layout 776:Significant difference between src net: ['', 'T15'] and dst net: ['', 'T7'], with src_net_depth=2, dst_net_depth=2, src_fp_depth=1, dst_fp_depth=1, match level 0.70
02-13 03:06:26 com_github_MitjaNemec_ReplicateLayout.replicate_layout 776:Significant difference between src net: ['', 'T14'] and dst net: ['', 'T6'], with src_net_depth=2, dst_net_depth=2, src_fp_depth=1, dst_fp_depth=1, match level 0.70
02-13 03:06:26 com_github_MitjaNemec_ReplicateLayout.replicate_layout 792:Net pairs for sheet ['tprobe_mux3'] :[('/T29', '/T21'), ('/T14', '/T6'), ('VREG', 'VREG'), ('/T28', '/T20'), ('/tprobe_mux1/OUT', '/tprobe_mux3/OUT'), ('/GPIO5', '/GPIO5'), ('/GPIO4', '/GPIO4'), ('Earth', 'Earth'), ('/GPIO3', '/GPIO3'), ('/T31', '/T23'), ('/T12', '/T4'), ('/T13', '/T5'), ('/VREF2', '/VREF2'), ('/T15', '/T7'), ('/T30', '/T22')]
02-13 03:06:26 com_github_MitjaNemec_ReplicateLayout.replicate_layout 1086:Replicating zones on sheet ['tprobe_mux4']
02-13 03:06:26 com_github_MitjaNemec_ReplicateLayout.replicate_layout 776:Significant difference between src net: ['', 'T12'] and dst net: ['', 'T0'], with src_net_depth=2, dst_net_depth=2, src_fp_depth=1, dst_fp_depth=1, match level 0.70
02-13 03:06:26 com_github_MitjaNemec_ReplicateLayout.replicate_layout 776:Significant difference between src net: ['', 'T30'] and dst net: ['', 'T18'], with src_net_depth=2, dst_net_depth=2, src_fp_depth=1, dst_fp_depth=1, match level 0.67
02-13 03:06:26 com_github_MitjaNemec_ReplicateLayout.replicate_layout 776:Significant difference between src net: ['', 'T14'] and dst net: ['', 'T2'], with src_net_depth=2, dst_net_depth=2, src_fp_depth=1, dst_fp_depth=1, match level 0.70
02-13 03:06:26 com_github_MitjaNemec_ReplicateLayout.replicate_layout 776:Significant difference between src net: ['', 'T15'] and dst net: ['', 'T3'], with src_net_depth=2, dst_net_depth=2, src_fp_depth=1, dst_fp_depth=1, match level 0.70
02-13 03:06:26 com_github_MitjaNemec_ReplicateLayout.replicate_layout 776:Significant difference between src net: ['', 'T28'] and dst net: ['', 'T16'], with src_net_depth=2, dst_net_depth=2, src_fp_depth=1, dst_fp_depth=1, match level 0.67
02-13 03:06:26 com_github_MitjaNemec_ReplicateLayout.replicate_layout 776:Significant difference between src net: ['', 'T29'] and dst net: ['', 'T17'], with src_net_depth=2, dst_net_depth=2, src_fp_depth=1, dst_fp_depth=1, match level 0.67
02-13 03:06:26 com_github_MitjaNemec_ReplicateLayout.replicate_layout 776:Significant difference between src net: ['', 'T28'] and dst net: ['', 'T16'], with src_net_depth=2, dst_net_depth=2, src_fp_depth=1, dst_fp_depth=1, match level 0.67
02-13 03:06:26 com_github_MitjaNemec_ReplicateLayout.replicate_layout 776:Significant difference between src net: ['', 'T29'] and dst net: ['', 'T17'], with src_net_depth=2, dst_net_depth=2, src_fp_depth=1, dst_fp_depth=1, match level 0.67
02-13 03:06:26 com_github_MitjaNemec_ReplicateLayout.replicate_layout 776:Significant difference between src net: ['', 'T12'] and dst net: ['', 'T0'], with src_net_depth=2, dst_net_depth=2, src_fp_depth=1, dst_fp_depth=1, match level 0.70
02-13 03:06:26 com_github_MitjaNemec_ReplicateLayout.replicate_layout 776:Significant difference between src net: ['', 'T30'] and dst net: ['', 'T18'], with src_net_depth=2, dst_net_depth=2, src_fp_depth=1, dst_fp_depth=1, match level 0.67
02-13 03:06:26 com_github_MitjaNemec_ReplicateLayout.replicate_layout 776:Significant difference between src net: ['', 'T15'] and dst net: ['', 'T3'], with src_net_depth=2, dst_net_depth=2, src_fp_depth=1, dst_fp_depth=1, match level 0.70
02-13 03:06:26 com_github_MitjaNemec_ReplicateLayout.replicate_layout 776:Significant difference between src net: ['', 'T14'] and dst net: ['', 'T2'], with src_net_depth=2, dst_net_depth=2, src_fp_depth=1, dst_fp_depth=1, match level 0.70
02-13 03:06:26 com_github_MitjaNemec_ReplicateLayout.replicate_layout 792:Net pairs for sheet ['tprobe_mux4'] :[('/T12', '/T0'), ('VREG', 'VREG'), ('/tprobe_mux1/OUT', '/tprobe_mux4/OUT'), ('/GPIO5', '/GPIO5'), ('/T29', '/T17'), ('/T31', '/T19'), ('/T15', '/T3'), ('/T13', '/T1'), ('/GPIO4', '/GPIO4'), ('Earth', 'Earth'), ('/GPIO3', '/GPIO3'), ('/VREF2', '/VREF2'), ('/T30', '/T18'), ('/T28', '/T16'), ('/T14', '/T2')]
02-13 03:06:26 com_github_MitjaNemec_ReplicateLayout.action_replicate_layout 256:Replication complete
02-13 03:06:26 com_github_MitjaNemec_ReplicateLayout.action_replicate_layout 259:Letting the user know there are some issues with replicated design
02-13 03:06:26 com_github_MitjaNemec_ReplicateLayout.action_replicate_layout 263:Looks like the design has an exotic connectivity that the plugin might not handle properly
 Make sure that you check the connectivity around:
Footprint R150, pad 1
Footprint U5, pad 1
Footprint U5, pad 15
Footprint U4, pad 12
Footprint R133, pad 1
Footprint R142, pad 1
Footprint U6, pad 13
Footprint U5, pad 12
Footprint U6, pad 1
Footprint U6, pad 15
Footprint R138, pad 1
Footprint R137, pad 1
Footprint R148, pad 1
Footprint R146, pad 1
Footprint U4, pad 4
Footprint R149, pad 1
Footprint U6, pad 12
Footprint R145, pad 1
Footprint U5, pad 4
Footprint U6, pad 5
Footprint R141, pad 1
Footprint R140, pad 1
Footprint R131, pad 1
Footprint U6, pad 2
Footprint R152, pad 1
Footprint U4, pad 1
Footprint R134, pad 1
Footprint U5, pad 13
Footprint U4, pad 14
Footprint R151, pad 1

